running egg_info
creating ../../build/aqua_line/aqua_line.egg-info
writing ../../build/aqua_line/aqua_line.egg-info/PKG-INFO
writing dependency_links to ../../build/aqua_line/aqua_line.egg-info/dependency_links.txt
writing entry points to ../../build/aqua_line/aqua_line.egg-info/entry_points.txt
writing requirements to ../../build/aqua_line/aqua_line.egg-info/requires.txt
writing top-level names to ../../build/aqua_line/aqua_line.egg-info/top_level.txt
writing manifest file '../../build/aqua_line/aqua_line.egg-info/SOURCES.txt'
reading manifest file '../../build/aqua_line/aqua_line.egg-info/SOURCES.txt'
writing manifest file '../../build/aqua_line/aqua_line.egg-info/SOURCES.txt'
running build
running build_py
creating /home/ajbam/aquaLine/build/aqua_line/build
creating /home/ajbam/aquaLine/build/aqua_line/build/lib
creating /home/ajbam/aquaLine/build/aqua_line/build/lib/aqua_line
copying aqua_line/geometry.py -> /home/ajbam/aquaLine/build/aqua_line/build/lib/aqua_line
copying aqua_line/stabilize.py -> /home/ajbam/aquaLine/build/aqua_line/build/lib/aqua_line
copying aqua_line/goStraight.py -> /home/ajbam/aquaLine/build/aqua_line/build/lib/aqua_line
copying aqua_line/__init__.py -> /home/ajbam/aquaLine/build/aqua_line/build/lib/aqua_line
running install
running install_lib
creating /home/ajbam/aquaLine/install/aqua_line/lib/python3.8/site-packages/aqua_line
copying /home/ajbam/aquaLine/build/aqua_line/build/lib/aqua_line/geometry.py -> /home/ajbam/aquaLine/install/aqua_line/lib/python3.8/site-packages/aqua_line
copying /home/ajbam/aquaLine/build/aqua_line/build/lib/aqua_line/stabilize.py -> /home/ajbam/aquaLine/install/aqua_line/lib/python3.8/site-packages/aqua_line
copying /home/ajbam/aquaLine/build/aqua_line/build/lib/aqua_line/goStraight.py -> /home/ajbam/aquaLine/install/aqua_line/lib/python3.8/site-packages/aqua_line
copying /home/ajbam/aquaLine/build/aqua_line/build/lib/aqua_line/__init__.py -> /home/ajbam/aquaLine/install/aqua_line/lib/python3.8/site-packages/aqua_line
byte-compiling /home/ajbam/aquaLine/install/aqua_line/lib/python3.8/site-packages/aqua_line/geometry.py to geometry.cpython-38.pyc
byte-compiling /home/ajbam/aquaLine/install/aqua_line/lib/python3.8/site-packages/aqua_line/stabilize.py to stabilize.cpython-38.pyc
byte-compiling /home/ajbam/aquaLine/install/aqua_line/lib/python3.8/site-packages/aqua_line/goStraight.py to goStraight.cpython-38.pyc
byte-compiling /home/ajbam/aquaLine/install/aqua_line/lib/python3.8/site-packages/aqua_line/__init__.py to __init__.cpython-38.pyc
running install_data
creating /home/ajbam/aquaLine/install/aqua_line/share/ament_index
creating /home/ajbam/aquaLine/install/aqua_line/share/ament_index/resource_index
creating /home/ajbam/aquaLine/install/aqua_line/share/ament_index/resource_index/packages
