[  1%] Built target aqua2_simulation_interfaces__cpp
[ 12%] Built target aqua2_simulation_interfaces__rosidl_generator_c
[ 24%] Built target aqua2_simulation_interfaces__rosidl_typesupport_cpp
[ 44%] Built target aqua2_simulation_interfaces__rosidl_typesupport_introspection_c
[ 50%] Built target aqua2_simulation_interfaces__rosidl_typesupport_fastrtps_cpp
[ 58%] Built target aqua2_simulation_interfaces__rosidl_typesupport_introspection_cpp
[ 69%] Built target aqua2_simulation_interfaces__rosidl_typesupport_c
[ 81%] Built target aqua2_simulation_interfaces__rosidl_typesupport_fastrtps_c
[ 81%] Built target aqua2_simulation_interfaces
[ 82%] Built target aqua2_simulation_interfaces__py
[ 92%] Built target aqua2_simulation_interfaces__python
[100%] Built target aqua2_simulation_interfaces__rosidl_typesupport_introspection_c__pyext
[100%] Built target aqua2_simulation_interfaces__rosidl_typesupport_c__pyext
[100%] Built target aqua2_simulation_interfaces__rosidl_typesupport_fastrtps_c__pyext
-- Install configuration: ""
-- Up-to-date: /home/ajbam/aquaLine/install/aqua2_simulation_interfaces/share/ament_index/resource_index/rosidl_interfaces/aqua2_simulation_interfaces
-- Up-to-date: /home/ajbam/aquaLine/install/aqua2_simulation_interfaces/include/aqua2_simulation_interfaces
-- Up-to-date: /home/ajbam/aquaLine/install/aqua2_simulation_interfaces/include/aqua2_simulation_interfaces/srv
-- Up-to-date: /home/ajbam/aquaLine/install/aqua2_simulation_interfaces/include/aqua2_simulation_interfaces/srv/get_float.h
-- Up-to-date: /home/ajbam/aquaLine/install/aqua2_simulation_interfaces/include/aqua2_simulation_interfaces/srv/set_current.h
-- Up-to-date: /home/ajbam/aquaLine/install/aqua2_simulation_interfaces/include/aqua2_simulation_interfaces/srv/empty_workaround.h
-- Up-to-date: /home/ajbam/aquaLine/install/aqua2_simulation_interfaces/include/aqua2_simulation_interfaces/srv/get_position.h
-- Up-to-date: /home/ajbam/aquaLine/install/aqua2_simulation_interfaces/include/aqua2_simulation_interfaces/srv/set_position.h
-- Up-to-date: /home/ajbam/aquaLine/install/aqua2_simulation_interfaces/include/aqua2_simulation_interfaces/srv/set_float.h
-- Up-to-date: /home/ajbam/aquaLine/install/aqua2_simulation_interfaces/include/aqua2_simulation_interfaces/srv/set_leg_status.h
-- Up-to-date: /home/ajbam/aquaLine/install/aqua2_simulation_interfaces/include/aqua2_simulation_interfaces/srv/detail
-- Up-to-date: /home/ajbam/aquaLine/install/aqua2_simulation_interfaces/include/aqua2_simulation_interfaces/srv/detail/set_float__functions.c
-- Up-to-date: /home/ajbam/aquaLine/install/aqua2_simulation_interfaces/include/aqua2_simulation_interfaces/srv/detail/set_position__type_support.h
-- Up-to-date: /home/ajbam/aquaLine/install/aqua2_simulation_interfaces/include/aqua2_simulation_interfaces/srv/detail/set_current__type_support.h
-- Up-to-date: /home/ajbam/aquaLine/install/aqua2_simulation_interfaces/include/aqua2_simulation_interfaces/srv/detail/empty_workaround__type_support.h
-- Up-to-date: /home/ajbam/aquaLine/install/aqua2_simulation_interfaces/include/aqua2_simulation_interfaces/srv/detail/get_position__functions.h
-- Up-to-date: /home/ajbam/aquaLine/install/aqua2_simulation_interfaces/include/aqua2_simulation_interfaces/srv/detail/set_current__struct.h
-- Up-to-date: /home/ajbam/aquaLine/install/aqua2_simulation_interfaces/include/aqua2_simulation_interfaces/srv/detail/get_float__type_support.h
-- Up-to-date: /home/ajbam/aquaLine/install/aqua2_simulation_interfaces/include/aqua2_simulation_interfaces/srv/detail/set_position__functions.h
-- Up-to-date: /home/ajbam/aquaLine/install/aqua2_simulation_interfaces/include/aqua2_simulation_interfaces/srv/detail/set_position__functions.c
-- Up-to-date: /home/ajbam/aquaLine/install/aqua2_simulation_interfaces/include/aqua2_simulation_interfaces/srv/detail/empty_workaround__functions.c
-- Up-to-date: /home/ajbam/aquaLine/install/aqua2_simulation_interfaces/include/aqua2_simulation_interfaces/srv/detail/set_leg_status__type_support.h
-- Up-to-date: /home/ajbam/aquaLine/install/aqua2_simulation_interfaces/include/aqua2_simulation_interfaces/srv/detail/set_float__type_support.h
-- Up-to-date: /home/ajbam/aquaLine/install/aqua2_simulation_interfaces/include/aqua2_simulation_interfaces/srv/detail/get_float__functions.h
-- Up-to-date: /home/ajbam/aquaLine/install/aqua2_simulation_interfaces/include/aqua2_simulation_interfaces/srv/detail/set_leg_status__struct.h
-- Up-to-date: /home/ajbam/aquaLine/install/aqua2_simulation_interfaces/include/aqua2_simulation_interfaces/srv/detail/set_current__functions.c
-- Up-to-date: /home/ajbam/aquaLine/install/aqua2_simulation_interfaces/include/aqua2_simulation_interfaces/srv/detail/get_position__struct.h
-- Up-to-date: /home/ajbam/aquaLine/install/aqua2_simulation_interfaces/include/aqua2_simulation_interfaces/srv/detail/set_position__struct.h
-- Up-to-date: /home/ajbam/aquaLine/install/aqua2_simulation_interfaces/include/aqua2_simulation_interfaces/srv/detail/empty_workaround__functions.h
-- Up-to-date: /home/ajbam/aquaLine/install/aqua2_simulation_interfaces/include/aqua2_simulation_interfaces/srv/detail/set_current__functions.h
-- Up-to-date: /home/ajbam/aquaLine/install/aqua2_simulation_interfaces/include/aqua2_simulation_interfaces/srv/detail/get_float__functions.c
-- Up-to-date: /home/ajbam/aquaLine/install/aqua2_simulation_interfaces/include/aqua2_simulation_interfaces/srv/detail/set_leg_status__functions.h
-- Up-to-date: /home/ajbam/aquaLine/install/aqua2_simulation_interfaces/include/aqua2_simulation_interfaces/srv/detail/get_position__functions.c
-- Up-to-date: /home/ajbam/aquaLine/install/aqua2_simulation_interfaces/include/aqua2_simulation_interfaces/srv/detail/get_position__type_support.h
-- Up-to-date: /home/ajbam/aquaLine/install/aqua2_simulation_interfaces/include/aqua2_simulation_interfaces/srv/detail/empty_workaround__struct.h
-- Up-to-date: /home/ajbam/aquaLine/install/aqua2_simulation_interfaces/include/aqua2_simulation_interfaces/srv/detail/set_float__functions.h
-- Up-to-date: /home/ajbam/aquaLine/install/aqua2_simulation_interfaces/include/aqua2_simulation_interfaces/srv/detail/set_float__struct.h
-- Up-to-date: /home/ajbam/aquaLine/install/aqua2_simulation_interfaces/include/aqua2_simulation_interfaces/srv/detail/get_float__struct.h
-- Up-to-date: /home/ajbam/aquaLine/install/aqua2_simulation_interfaces/include/aqua2_simulation_interfaces/srv/detail/set_leg_status__functions.c
-- Up-to-date: /home/ajbam/aquaLine/install/aqua2_simulation_interfaces/include/aqua2_simulation_interfaces/msg
-- Up-to-date: /home/ajbam/aquaLine/install/aqua2_simulation_interfaces/include/aqua2_simulation_interfaces/msg/rosidl_generator_c__visibility_control.h
-- Up-to-date: /home/ajbam/aquaLine/install/aqua2_simulation_interfaces/share/aqua2_simulation_interfaces/environment/library_path.sh
-- Up-to-date: /home/ajbam/aquaLine/install/aqua2_simulation_interfaces/share/aqua2_simulation_interfaces/environment/library_path.dsv
-- Up-to-date: /home/ajbam/aquaLine/install/aqua2_simulation_interfaces/lib/libaqua2_simulation_interfaces__rosidl_generator_c.so
-- Up-to-date: /home/ajbam/aquaLine/install/aqua2_simulation_interfaces/include/aqua2_simulation_interfaces
-- Up-to-date: /home/ajbam/aquaLine/install/aqua2_simulation_interfaces/include/aqua2_simulation_interfaces/srv
-- Up-to-date: /home/ajbam/aquaLine/install/aqua2_simulation_interfaces/include/aqua2_simulation_interfaces/srv/detail
-- Up-to-date: /home/ajbam/aquaLine/install/aqua2_simulation_interfaces/include/aqua2_simulation_interfaces/srv/detail/empty_workaround__rosidl_typesupport_fastrtps_c.h
-- Up-to-date: /home/ajbam/aquaLine/install/aqua2_simulation_interfaces/include/aqua2_simulation_interfaces/srv/detail/get_float__rosidl_typesupport_fastrtps_c.h
-- Up-to-date: /home/ajbam/aquaLine/install/aqua2_simulation_interfaces/include/aqua2_simulation_interfaces/srv/detail/set_position__rosidl_typesupport_fastrtps_c.h
-- Up-to-date: /home/ajbam/aquaLine/install/aqua2_simulation_interfaces/include/aqua2_simulation_interfaces/srv/detail/set_current__rosidl_typesupport_fastrtps_c.h
-- Up-to-date: /home/ajbam/aquaLine/install/aqua2_simulation_interfaces/include/aqua2_simulation_interfaces/srv/detail/set_leg_status__rosidl_typesupport_fastrtps_c.h
-- Up-to-date: /home/ajbam/aquaLine/install/aqua2_simulation_interfaces/include/aqua2_simulation_interfaces/srv/detail/get_position__rosidl_typesupport_fastrtps_c.h
-- Up-to-date: /home/ajbam/aquaLine/install/aqua2_simulation_interfaces/include/aqua2_simulation_interfaces/srv/detail/set_float__rosidl_typesupport_fastrtps_c.h
-- Up-to-date: /home/ajbam/aquaLine/install/aqua2_simulation_interfaces/include/aqua2_simulation_interfaces/msg
-- Up-to-date: /home/ajbam/aquaLine/install/aqua2_simulation_interfaces/include/aqua2_simulation_interfaces/msg/rosidl_typesupport_fastrtps_c__visibility_control.h
-- Up-to-date: /home/ajbam/aquaLine/install/aqua2_simulation_interfaces/lib/libaqua2_simulation_interfaces__rosidl_typesupport_fastrtps_c.so
-- Up-to-date: /home/ajbam/aquaLine/install/aqua2_simulation_interfaces/include/aqua2_simulation_interfaces
-- Up-to-date: /home/ajbam/aquaLine/install/aqua2_simulation_interfaces/include/aqua2_simulation_interfaces/srv
-- Up-to-date: /home/ajbam/aquaLine/install/aqua2_simulation_interfaces/include/aqua2_simulation_interfaces/srv/detail
-- Up-to-date: /home/ajbam/aquaLine/install/aqua2_simulation_interfaces/include/aqua2_simulation_interfaces/srv/detail/empty_workaround__rosidl_typesupport_fastrtps_cpp.hpp
-- Up-to-date: /home/ajbam/aquaLine/install/aqua2_simulation_interfaces/include/aqua2_simulation_interfaces/srv/detail/get_position__rosidl_typesupport_fastrtps_cpp.hpp
-- Up-to-date: /home/ajbam/aquaLine/install/aqua2_simulation_interfaces/include/aqua2_simulation_interfaces/srv/detail/set_leg_status__rosidl_typesupport_fastrtps_cpp.hpp
-- Up-to-date: /home/ajbam/aquaLine/install/aqua2_simulation_interfaces/include/aqua2_simulation_interfaces/srv/detail/dds_fastrtps
-- Up-to-date: /home/ajbam/aquaLine/install/aqua2_simulation_interfaces/include/aqua2_simulation_interfaces/srv/detail/set_float__rosidl_typesupport_fastrtps_cpp.hpp
-- Up-to-date: /home/ajbam/aquaLine/install/aqua2_simulation_interfaces/include/aqua2_simulation_interfaces/srv/detail/set_current__rosidl_typesupport_fastrtps_cpp.hpp
-- Up-to-date: /home/ajbam/aquaLine/install/aqua2_simulation_interfaces/include/aqua2_simulation_interfaces/srv/detail/get_float__rosidl_typesupport_fastrtps_cpp.hpp
-- Up-to-date: /home/ajbam/aquaLine/install/aqua2_simulation_interfaces/include/aqua2_simulation_interfaces/srv/detail/set_position__rosidl_typesupport_fastrtps_cpp.hpp
-- Up-to-date: /home/ajbam/aquaLine/install/aqua2_simulation_interfaces/include/aqua2_simulation_interfaces/msg
-- Up-to-date: /home/ajbam/aquaLine/install/aqua2_simulation_interfaces/include/aqua2_simulation_interfaces/msg/rosidl_typesupport_fastrtps_cpp__visibility_control.h
-- Up-to-date: /home/ajbam/aquaLine/install/aqua2_simulation_interfaces/lib/libaqua2_simulation_interfaces__rosidl_typesupport_fastrtps_cpp.so
-- Up-to-date: /home/ajbam/aquaLine/install/aqua2_simulation_interfaces/include/aqua2_simulation_interfaces
-- Up-to-date: /home/ajbam/aquaLine/install/aqua2_simulation_interfaces/include/aqua2_simulation_interfaces/srv
-- Up-to-date: /home/ajbam/aquaLine/install/aqua2_simulation_interfaces/include/aqua2_simulation_interfaces/srv/detail
-- Up-to-date: /home/ajbam/aquaLine/install/aqua2_simulation_interfaces/include/aqua2_simulation_interfaces/srv/detail/set_current__type_support.c
-- Up-to-date: /home/ajbam/aquaLine/install/aqua2_simulation_interfaces/include/aqua2_simulation_interfaces/srv/detail/empty_workaround__type_support.c
-- Up-to-date: /home/ajbam/aquaLine/install/aqua2_simulation_interfaces/include/aqua2_simulation_interfaces/srv/detail/set_current__rosidl_typesupport_introspection_c.h
-- Up-to-date: /home/ajbam/aquaLine/install/aqua2_simulation_interfaces/include/aqua2_simulation_interfaces/srv/detail/get_float__type_support.c
-- Up-to-date: /home/ajbam/aquaLine/install/aqua2_simulation_interfaces/include/aqua2_simulation_interfaces/srv/detail/get_position__type_support.c
-- Up-to-date: /home/ajbam/aquaLine/install/aqua2_simulation_interfaces/include/aqua2_simulation_interfaces/srv/detail/set_leg_status__type_support.c
-- Up-to-date: /home/ajbam/aquaLine/install/aqua2_simulation_interfaces/include/aqua2_simulation_interfaces/srv/detail/set_float__type_support.c
-- Up-to-date: /home/ajbam/aquaLine/install/aqua2_simulation_interfaces/include/aqua2_simulation_interfaces/srv/detail/set_position__type_support.c
-- Up-to-date: /home/ajbam/aquaLine/install/aqua2_simulation_interfaces/include/aqua2_simulation_interfaces/srv/detail/set_float__rosidl_typesupport_introspection_c.h
-- Up-to-date: /home/ajbam/aquaLine/install/aqua2_simulation_interfaces/include/aqua2_simulation_interfaces/srv/detail/get_position__rosidl_typesupport_introspection_c.h
-- Up-to-date: /home/ajbam/aquaLine/install/aqua2_simulation_interfaces/include/aqua2_simulation_interfaces/srv/detail/empty_workaround__rosidl_typesupport_introspection_c.h
-- Up-to-date: /home/ajbam/aquaLine/install/aqua2_simulation_interfaces/include/aqua2_simulation_interfaces/srv/detail/set_leg_status__rosidl_typesupport_introspection_c.h
-- Up-to-date: /home/ajbam/aquaLine/install/aqua2_simulation_interfaces/include/aqua2_simulation_interfaces/srv/detail/set_position__rosidl_typesupport_introspection_c.h
-- Up-to-date: /home/ajbam/aquaLine/install/aqua2_simulation_interfaces/include/aqua2_simulation_interfaces/srv/detail/get_float__rosidl_typesupport_introspection_c.h
-- Up-to-date: /home/ajbam/aquaLine/install/aqua2_simulation_interfaces/include/aqua2_simulation_interfaces/msg
-- Up-to-date: /home/ajbam/aquaLine/install/aqua2_simulation_interfaces/include/aqua2_simulation_interfaces/msg/rosidl_typesupport_introspection_c__visibility_control.h
-- Up-to-date: /home/ajbam/aquaLine/install/aqua2_simulation_interfaces/lib/libaqua2_simulation_interfaces__rosidl_typesupport_introspection_c.so
-- Up-to-date: /home/ajbam/aquaLine/install/aqua2_simulation_interfaces/lib/libaqua2_simulation_interfaces__rosidl_typesupport_c.so
-- Up-to-date: /home/ajbam/aquaLine/install/aqua2_simulation_interfaces/include/aqua2_simulation_interfaces
-- Up-to-date: /home/ajbam/aquaLine/install/aqua2_simulation_interfaces/include/aqua2_simulation_interfaces/srv
-- Up-to-date: /home/ajbam/aquaLine/install/aqua2_simulation_interfaces/include/aqua2_simulation_interfaces/srv/empty_workaround.hpp
-- Up-to-date: /home/ajbam/aquaLine/install/aqua2_simulation_interfaces/include/aqua2_simulation_interfaces/srv/set_leg_status.hpp
-- Up-to-date: /home/ajbam/aquaLine/install/aqua2_simulation_interfaces/include/aqua2_simulation_interfaces/srv/get_position.hpp
-- Up-to-date: /home/ajbam/aquaLine/install/aqua2_simulation_interfaces/include/aqua2_simulation_interfaces/srv/set_float.hpp
-- Up-to-date: /home/ajbam/aquaLine/install/aqua2_simulation_interfaces/include/aqua2_simulation_interfaces/srv/set_current.hpp
-- Up-to-date: /home/ajbam/aquaLine/install/aqua2_simulation_interfaces/include/aqua2_simulation_interfaces/srv/set_position.hpp
-- Up-to-date: /home/ajbam/aquaLine/install/aqua2_simulation_interfaces/include/aqua2_simulation_interfaces/srv/get_float.hpp
-- Up-to-date: /home/ajbam/aquaLine/install/aqua2_simulation_interfaces/include/aqua2_simulation_interfaces/srv/detail
-- Up-to-date: /home/ajbam/aquaLine/install/aqua2_simulation_interfaces/include/aqua2_simulation_interfaces/srv/detail/set_current__builder.hpp
-- Up-to-date: /home/ajbam/aquaLine/install/aqua2_simulation_interfaces/include/aqua2_simulation_interfaces/srv/detail/empty_workaround__struct.hpp
-- Up-to-date: /home/ajbam/aquaLine/install/aqua2_simulation_interfaces/include/aqua2_simulation_interfaces/srv/detail/get_float__type_support.hpp
-- Up-to-date: /home/ajbam/aquaLine/install/aqua2_simulation_interfaces/include/aqua2_simulation_interfaces/srv/detail/set_float__struct.hpp
-- Up-to-date: /home/ajbam/aquaLine/install/aqua2_simulation_interfaces/include/aqua2_simulation_interfaces/srv/detail/set_current__traits.hpp
-- Up-to-date: /home/ajbam/aquaLine/install/aqua2_simulation_interfaces/include/aqua2_simulation_interfaces/srv/detail/set_leg_status__struct.hpp
-- Up-to-date: /home/ajbam/aquaLine/install/aqua2_simulation_interfaces/include/aqua2_simulation_interfaces/srv/detail/set_position__struct.hpp
-- Up-to-date: /home/ajbam/aquaLine/install/aqua2_simulation_interfaces/include/aqua2_simulation_interfaces/srv/detail/get_position__traits.hpp
-- Up-to-date: /home/ajbam/aquaLine/install/aqua2_simulation_interfaces/include/aqua2_simulation_interfaces/srv/detail/set_position__traits.hpp
-- Up-to-date: /home/ajbam/aquaLine/install/aqua2_simulation_interfaces/include/aqua2_simulation_interfaces/srv/detail/get_float__builder.hpp
-- Up-to-date: /home/ajbam/aquaLine/install/aqua2_simulation_interfaces/include/aqua2_simulation_interfaces/srv/detail/get_position__builder.hpp
-- Up-to-date: /home/ajbam/aquaLine/install/aqua2_simulation_interfaces/include/aqua2_simulation_interfaces/srv/detail/set_position__type_support.hpp
-- Up-to-date: /home/ajbam/aquaLine/install/aqua2_simulation_interfaces/include/aqua2_simulation_interfaces/srv/detail/set_leg_status__builder.hpp
-- Up-to-date: /home/ajbam/aquaLine/install/aqua2_simulation_interfaces/include/aqua2_simulation_interfaces/srv/detail/set_current__type_support.hpp
-- Up-to-date: /home/ajbam/aquaLine/install/aqua2_simulation_interfaces/include/aqua2_simulation_interfaces/srv/detail/get_float__traits.hpp
-- Up-to-date: /home/ajbam/aquaLine/install/aqua2_simulation_interfaces/include/aqua2_simulation_interfaces/srv/detail/set_current__struct.hpp
-- Up-to-date: /home/ajbam/aquaLine/install/aqua2_simulation_interfaces/include/aqua2_simulation_interfaces/srv/detail/set_leg_status__type_support.hpp
-- Up-to-date: /home/ajbam/aquaLine/install/aqua2_simulation_interfaces/include/aqua2_simulation_interfaces/srv/detail/set_leg_status__traits.hpp
-- Up-to-date: /home/ajbam/aquaLine/install/aqua2_simulation_interfaces/include/aqua2_simulation_interfaces/srv/detail/set_float__builder.hpp
-- Up-to-date: /home/ajbam/aquaLine/install/aqua2_simulation_interfaces/include/aqua2_simulation_interfaces/srv/detail/get_float__struct.hpp
-- Up-to-date: /home/ajbam/aquaLine/install/aqua2_simulation_interfaces/include/aqua2_simulation_interfaces/srv/detail/empty_workaround__type_support.hpp
-- Up-to-date: /home/ajbam/aquaLine/install/aqua2_simulation_interfaces/include/aqua2_simulation_interfaces/srv/detail/set_position__builder.hpp
-- Up-to-date: /home/ajbam/aquaLine/install/aqua2_simulation_interfaces/include/aqua2_simulation_interfaces/srv/detail/set_float__traits.hpp
-- Up-to-date: /home/ajbam/aquaLine/install/aqua2_simulation_interfaces/include/aqua2_simulation_interfaces/srv/detail/set_float__type_support.hpp
-- Up-to-date: /home/ajbam/aquaLine/install/aqua2_simulation_interfaces/include/aqua2_simulation_interfaces/srv/detail/empty_workaround__builder.hpp
-- Up-to-date: /home/ajbam/aquaLine/install/aqua2_simulation_interfaces/include/aqua2_simulation_interfaces/srv/detail/get_position__struct.hpp
-- Up-to-date: /home/ajbam/aquaLine/install/aqua2_simulation_interfaces/include/aqua2_simulation_interfaces/srv/detail/empty_workaround__traits.hpp
-- Up-to-date: /home/ajbam/aquaLine/install/aqua2_simulation_interfaces/include/aqua2_simulation_interfaces/srv/detail/get_position__type_support.hpp
-- Up-to-date: /home/ajbam/aquaLine/install/aqua2_simulation_interfaces/include/aqua2_simulation_interfaces/msg
-- Up-to-date: /home/ajbam/aquaLine/install/aqua2_simulation_interfaces/include/aqua2_simulation_interfaces/msg/rosidl_generator_cpp__visibility_control.hpp
-- Up-to-date: /home/ajbam/aquaLine/install/aqua2_simulation_interfaces/include/aqua2_simulation_interfaces
-- Up-to-date: /home/ajbam/aquaLine/install/aqua2_simulation_interfaces/include/aqua2_simulation_interfaces/srv
-- Up-to-date: /home/ajbam/aquaLine/install/aqua2_simulation_interfaces/include/aqua2_simulation_interfaces/srv/detail
-- Up-to-date: /home/ajbam/aquaLine/install/aqua2_simulation_interfaces/include/aqua2_simulation_interfaces/srv/detail/get_float__type_support.cpp
-- Up-to-date: /home/ajbam/aquaLine/install/aqua2_simulation_interfaces/include/aqua2_simulation_interfaces/srv/detail/empty_workaround__type_support.cpp
-- Up-to-date: /home/ajbam/aquaLine/install/aqua2_simulation_interfaces/include/aqua2_simulation_interfaces/srv/detail/set_position__type_support.cpp
-- Up-to-date: /home/ajbam/aquaLine/install/aqua2_simulation_interfaces/include/aqua2_simulation_interfaces/srv/detail/set_float__rosidl_typesupport_introspection_cpp.hpp
-- Up-to-date: /home/ajbam/aquaLine/install/aqua2_simulation_interfaces/include/aqua2_simulation_interfaces/srv/detail/empty_workaround__rosidl_typesupport_introspection_cpp.hpp
-- Up-to-date: /home/ajbam/aquaLine/install/aqua2_simulation_interfaces/include/aqua2_simulation_interfaces/srv/detail/set_position__rosidl_typesupport_introspection_cpp.hpp
-- Up-to-date: /home/ajbam/aquaLine/install/aqua2_simulation_interfaces/include/aqua2_simulation_interfaces/srv/detail/get_position__type_support.cpp
-- Up-to-date: /home/ajbam/aquaLine/install/aqua2_simulation_interfaces/include/aqua2_simulation_interfaces/srv/detail/set_leg_status__type_support.cpp
-- Up-to-date: /home/ajbam/aquaLine/install/aqua2_simulation_interfaces/include/aqua2_simulation_interfaces/srv/detail/set_leg_status__rosidl_typesupport_introspection_cpp.hpp
-- Up-to-date: /home/ajbam/aquaLine/install/aqua2_simulation_interfaces/include/aqua2_simulation_interfaces/srv/detail/get_position__rosidl_typesupport_introspection_cpp.hpp
-- Up-to-date: /home/ajbam/aquaLine/install/aqua2_simulation_interfaces/include/aqua2_simulation_interfaces/srv/detail/set_float__type_support.cpp
-- Up-to-date: /home/ajbam/aquaLine/install/aqua2_simulation_interfaces/include/aqua2_simulation_interfaces/srv/detail/get_float__rosidl_typesupport_introspection_cpp.hpp
-- Up-to-date: /home/ajbam/aquaLine/install/aqua2_simulation_interfaces/include/aqua2_simulation_interfaces/srv/detail/set_current__rosidl_typesupport_introspection_cpp.hpp
-- Up-to-date: /home/ajbam/aquaLine/install/aqua2_simulation_interfaces/include/aqua2_simulation_interfaces/srv/detail/set_current__type_support.cpp
-- Up-to-date: /home/ajbam/aquaLine/install/aqua2_simulation_interfaces/lib/libaqua2_simulation_interfaces__rosidl_typesupport_introspection_cpp.so
-- Up-to-date: /home/ajbam/aquaLine/install/aqua2_simulation_interfaces/lib/libaqua2_simulation_interfaces__rosidl_typesupport_cpp.so
-- Up-to-date: /home/ajbam/aquaLine/install/aqua2_simulation_interfaces/share/aqua2_simulation_interfaces/environment/pythonpath.sh
-- Up-to-date: /home/ajbam/aquaLine/install/aqua2_simulation_interfaces/share/aqua2_simulation_interfaces/environment/pythonpath.dsv
-- Up-to-date: /home/ajbam/aquaLine/install/aqua2_simulation_interfaces/lib/python3.8/site-packages/aqua2_simulation_interfaces/__init__.py
-- Up-to-date: /home/ajbam/aquaLine/install/aqua2_simulation_interfaces/lib/python3.8/site-packages/aqua2_simulation_interfaces/srv
-- Up-to-date: /home/ajbam/aquaLine/install/aqua2_simulation_interfaces/lib/python3.8/site-packages/aqua2_simulation_interfaces/srv/_empty_workaround.py
-- Up-to-date: /home/ajbam/aquaLine/install/aqua2_simulation_interfaces/lib/python3.8/site-packages/aqua2_simulation_interfaces/srv/_set_current.py
-- Up-to-date: /home/ajbam/aquaLine/install/aqua2_simulation_interfaces/lib/python3.8/site-packages/aqua2_simulation_interfaces/srv/_set_current_s.c
-- Up-to-date: /home/ajbam/aquaLine/install/aqua2_simulation_interfaces/lib/python3.8/site-packages/aqua2_simulation_interfaces/srv/_set_float.py
-- Up-to-date: /home/ajbam/aquaLine/install/aqua2_simulation_interfaces/lib/python3.8/site-packages/aqua2_simulation_interfaces/srv/_get_position.py
-- Up-to-date: /home/ajbam/aquaLine/install/aqua2_simulation_interfaces/lib/python3.8/site-packages/aqua2_simulation_interfaces/srv/_empty_workaround_s.c
-- Up-to-date: /home/ajbam/aquaLine/install/aqua2_simulation_interfaces/lib/python3.8/site-packages/aqua2_simulation_interfaces/srv/_get_float.py
-- Up-to-date: /home/ajbam/aquaLine/install/aqua2_simulation_interfaces/lib/python3.8/site-packages/aqua2_simulation_interfaces/srv/__init__.py
-- Up-to-date: /home/ajbam/aquaLine/install/aqua2_simulation_interfaces/lib/python3.8/site-packages/aqua2_simulation_interfaces/srv/_get_float_s.c
-- Up-to-date: /home/ajbam/aquaLine/install/aqua2_simulation_interfaces/lib/python3.8/site-packages/aqua2_simulation_interfaces/srv/_set_position.py
-- Up-to-date: /home/ajbam/aquaLine/install/aqua2_simulation_interfaces/lib/python3.8/site-packages/aqua2_simulation_interfaces/srv/_get_position_s.c
-- Up-to-date: /home/ajbam/aquaLine/install/aqua2_simulation_interfaces/lib/python3.8/site-packages/aqua2_simulation_interfaces/srv/_set_float_s.c
-- Up-to-date: /home/ajbam/aquaLine/install/aqua2_simulation_interfaces/lib/python3.8/site-packages/aqua2_simulation_interfaces/srv/_set_leg_status_s.c
-- Up-to-date: /home/ajbam/aquaLine/install/aqua2_simulation_interfaces/lib/python3.8/site-packages/aqua2_simulation_interfaces/srv/_set_leg_status.py
-- Up-to-date: /home/ajbam/aquaLine/install/aqua2_simulation_interfaces/lib/python3.8/site-packages/aqua2_simulation_interfaces/srv/_set_position_s.c
-- Up-to-date: /home/ajbam/aquaLine/install/aqua2_simulation_interfaces/lib/python3.8/site-packages/aqua2_simulation_interfaces/aqua2_simulation_interfaces_s__rosidl_typesupport_fastrtps_c.cpython-38-x86_64-linux-gnu.so
-- Up-to-date: /home/ajbam/aquaLine/install/aqua2_simulation_interfaces/lib/python3.8/site-packages/aqua2_simulation_interfaces/aqua2_simulation_interfaces_s__rosidl_typesupport_introspection_c.cpython-38-x86_64-linux-gnu.so
-- Up-to-date: /home/ajbam/aquaLine/install/aqua2_simulation_interfaces/lib/python3.8/site-packages/aqua2_simulation_interfaces/aqua2_simulation_interfaces_s__rosidl_typesupport_c.cpython-38-x86_64-linux-gnu.so
-- Up-to-date: /home/ajbam/aquaLine/install/aqua2_simulation_interfaces/lib/libaqua2_simulation_interfaces__python.so
-- Up-to-date: /home/ajbam/aquaLine/install/aqua2_simulation_interfaces/share/aqua2_simulation_interfaces/srv/GetFloat.idl
-- Up-to-date: /home/ajbam/aquaLine/install/aqua2_simulation_interfaces/share/aqua2_simulation_interfaces/srv/GetPosition.idl
-- Up-to-date: /home/ajbam/aquaLine/install/aqua2_simulation_interfaces/share/aqua2_simulation_interfaces/srv/SetCurrent.idl
-- Up-to-date: /home/ajbam/aquaLine/install/aqua2_simulation_interfaces/share/aqua2_simulation_interfaces/srv/SetFloat.idl
-- Up-to-date: /home/ajbam/aquaLine/install/aqua2_simulation_interfaces/share/aqua2_simulation_interfaces/srv/SetLegStatus.idl
-- Up-to-date: /home/ajbam/aquaLine/install/aqua2_simulation_interfaces/share/aqua2_simulation_interfaces/srv/SetPosition.idl
-- Up-to-date: /home/ajbam/aquaLine/install/aqua2_simulation_interfaces/share/aqua2_simulation_interfaces/srv/EmptyWorkaround.idl
-- Up-to-date: /home/ajbam/aquaLine/install/aqua2_simulation_interfaces/share/aqua2_simulation_interfaces/srv/GetFloat.srv
-- Up-to-date: /home/ajbam/aquaLine/install/aqua2_simulation_interfaces/share/aqua2_simulation_interfaces/srv/GetFloat_Request.msg
-- Up-to-date: /home/ajbam/aquaLine/install/aqua2_simulation_interfaces/share/aqua2_simulation_interfaces/srv/GetFloat_Response.msg
-- Up-to-date: /home/ajbam/aquaLine/install/aqua2_simulation_interfaces/share/aqua2_simulation_interfaces/srv/GetPosition.srv
-- Up-to-date: /home/ajbam/aquaLine/install/aqua2_simulation_interfaces/share/aqua2_simulation_interfaces/srv/GetPosition_Request.msg
-- Up-to-date: /home/ajbam/aquaLine/install/aqua2_simulation_interfaces/share/aqua2_simulation_interfaces/srv/GetPosition_Response.msg
-- Up-to-date: /home/ajbam/aquaLine/install/aqua2_simulation_interfaces/share/aqua2_simulation_interfaces/srv/SetCurrent.srv
-- Up-to-date: /home/ajbam/aquaLine/install/aqua2_simulation_interfaces/share/aqua2_simulation_interfaces/srv/SetCurrent_Request.msg
-- Up-to-date: /home/ajbam/aquaLine/install/aqua2_simulation_interfaces/share/aqua2_simulation_interfaces/srv/SetCurrent_Response.msg
-- Up-to-date: /home/ajbam/aquaLine/install/aqua2_simulation_interfaces/share/aqua2_simulation_interfaces/srv/SetFloat.srv
-- Up-to-date: /home/ajbam/aquaLine/install/aqua2_simulation_interfaces/share/aqua2_simulation_interfaces/srv/SetFloat_Request.msg
-- Up-to-date: /home/ajbam/aquaLine/install/aqua2_simulation_interfaces/share/aqua2_simulation_interfaces/srv/SetFloat_Response.msg
-- Up-to-date: /home/ajbam/aquaLine/install/aqua2_simulation_interfaces/share/aqua2_simulation_interfaces/srv/SetLegStatus.srv
-- Up-to-date: /home/ajbam/aquaLine/install/aqua2_simulation_interfaces/share/aqua2_simulation_interfaces/srv/SetLegStatus_Request.msg
-- Up-to-date: /home/ajbam/aquaLine/install/aqua2_simulation_interfaces/share/aqua2_simulation_interfaces/srv/SetLegStatus_Response.msg
-- Up-to-date: /home/ajbam/aquaLine/install/aqua2_simulation_interfaces/share/aqua2_simulation_interfaces/srv/SetPosition.srv
-- Up-to-date: /home/ajbam/aquaLine/install/aqua2_simulation_interfaces/share/aqua2_simulation_interfaces/srv/SetPosition_Request.msg
-- Up-to-date: /home/ajbam/aquaLine/install/aqua2_simulation_interfaces/share/aqua2_simulation_interfaces/srv/SetPosition_Response.msg
-- Up-to-date: /home/ajbam/aquaLine/install/aqua2_simulation_interfaces/share/aqua2_simulation_interfaces/srv/EmptyWorkaround.srv
-- Up-to-date: /home/ajbam/aquaLine/install/aqua2_simulation_interfaces/share/aqua2_simulation_interfaces/srv/EmptyWorkaround_Request.msg
-- Up-to-date: /home/ajbam/aquaLine/install/aqua2_simulation_interfaces/share/aqua2_simulation_interfaces/srv/EmptyWorkaround_Response.msg
-- Up-to-date: /home/ajbam/aquaLine/install/aqua2_simulation_interfaces/share/ament_index/resource_index/package_run_dependencies/aqua2_simulation_interfaces
-- Up-to-date: /home/ajbam/aquaLine/install/aqua2_simulation_interfaces/share/ament_index/resource_index/parent_prefix_path/aqua2_simulation_interfaces
-- Up-to-date: /home/ajbam/aquaLine/install/aqua2_simulation_interfaces/share/aqua2_simulation_interfaces/environment/ament_prefix_path.sh
-- Up-to-date: /home/ajbam/aquaLine/install/aqua2_simulation_interfaces/share/aqua2_simulation_interfaces/environment/ament_prefix_path.dsv
-- Up-to-date: /home/ajbam/aquaLine/install/aqua2_simulation_interfaces/share/aqua2_simulation_interfaces/environment/path.sh
-- Up-to-date: /home/ajbam/aquaLine/install/aqua2_simulation_interfaces/share/aqua2_simulation_interfaces/environment/path.dsv
-- Up-to-date: /home/ajbam/aquaLine/install/aqua2_simulation_interfaces/share/aqua2_simulation_interfaces/local_setup.bash
-- Up-to-date: /home/ajbam/aquaLine/install/aqua2_simulation_interfaces/share/aqua2_simulation_interfaces/local_setup.sh
-- Up-to-date: /home/ajbam/aquaLine/install/aqua2_simulation_interfaces/share/aqua2_simulation_interfaces/local_setup.zsh
-- Up-to-date: /home/ajbam/aquaLine/install/aqua2_simulation_interfaces/share/aqua2_simulation_interfaces/local_setup.dsv
-- Installing: /home/ajbam/aquaLine/install/aqua2_simulation_interfaces/share/aqua2_simulation_interfaces/package.dsv
-- Up-to-date: /home/ajbam/aquaLine/install/aqua2_simulation_interfaces/share/ament_index/resource_index/packages/aqua2_simulation_interfaces
-- Up-to-date: /home/ajbam/aquaLine/install/aqua2_simulation_interfaces/share/aqua2_simulation_interfaces/cmake/aqua2_simulation_interfaces__rosidl_generator_cExport.cmake
-- Up-to-date: /home/ajbam/aquaLine/install/aqua2_simulation_interfaces/share/aqua2_simulation_interfaces/cmake/aqua2_simulation_interfaces__rosidl_generator_cExport-noconfig.cmake
-- Up-to-date: /home/ajbam/aquaLine/install/aqua2_simulation_interfaces/share/aqua2_simulation_interfaces/cmake/aqua2_simulation_interfaces__rosidl_typesupport_introspection_cExport.cmake
-- Up-to-date: /home/ajbam/aquaLine/install/aqua2_simulation_interfaces/share/aqua2_simulation_interfaces/cmake/aqua2_simulation_interfaces__rosidl_typesupport_introspection_cExport-noconfig.cmake
-- Up-to-date: /home/ajbam/aquaLine/install/aqua2_simulation_interfaces/share/aqua2_simulation_interfaces/cmake/aqua2_simulation_interfaces__rosidl_typesupport_cExport.cmake
-- Up-to-date: /home/ajbam/aquaLine/install/aqua2_simulation_interfaces/share/aqua2_simulation_interfaces/cmake/aqua2_simulation_interfaces__rosidl_typesupport_cExport-noconfig.cmake
-- Up-to-date: /home/ajbam/aquaLine/install/aqua2_simulation_interfaces/share/aqua2_simulation_interfaces/cmake/aqua2_simulation_interfaces__rosidl_generator_cppExport.cmake
-- Up-to-date: /home/ajbam/aquaLine/install/aqua2_simulation_interfaces/share/aqua2_simulation_interfaces/cmake/aqua2_simulation_interfaces__rosidl_typesupport_introspection_cppExport.cmake
-- Up-to-date: /home/ajbam/aquaLine/install/aqua2_simulation_interfaces/share/aqua2_simulation_interfaces/cmake/aqua2_simulation_interfaces__rosidl_typesupport_introspection_cppExport-noconfig.cmake
-- Up-to-date: /home/ajbam/aquaLine/install/aqua2_simulation_interfaces/share/aqua2_simulation_interfaces/cmake/aqua2_simulation_interfaces__rosidl_typesupport_cppExport.cmake
-- Up-to-date: /home/ajbam/aquaLine/install/aqua2_simulation_interfaces/share/aqua2_simulation_interfaces/cmake/aqua2_simulation_interfaces__rosidl_typesupport_cppExport-noconfig.cmake
-- Up-to-date: /home/ajbam/aquaLine/install/aqua2_simulation_interfaces/share/aqua2_simulation_interfaces/cmake/rosidl_cmake-extras.cmake
-- Up-to-date: /home/ajbam/aquaLine/install/aqua2_simulation_interfaces/share/aqua2_simulation_interfaces/cmake/ament_cmake_export_dependencies-extras.cmake
-- Up-to-date: /home/ajbam/aquaLine/install/aqua2_simulation_interfaces/share/aqua2_simulation_interfaces/cmake/ament_cmake_export_libraries-extras.cmake
-- Up-to-date: /home/ajbam/aquaLine/install/aqua2_simulation_interfaces/share/aqua2_simulation_interfaces/cmake/ament_cmake_export_targets-extras.cmake
-- Up-to-date: /home/ajbam/aquaLine/install/aqua2_simulation_interfaces/share/aqua2_simulation_interfaces/cmake/ament_cmake_export_include_directories-extras.cmake
-- Up-to-date: /home/ajbam/aquaLine/install/aqua2_simulation_interfaces/share/aqua2_simulation_interfaces/cmake/rosidl_cmake_export_typesupport_libraries-extras.cmake
-- Up-to-date: /home/ajbam/aquaLine/install/aqua2_simulation_interfaces/share/aqua2_simulation_interfaces/cmake/rosidl_cmake_export_typesupport_targets-extras.cmake
-- Up-to-date: /home/ajbam/aquaLine/install/aqua2_simulation_interfaces/share/aqua2_simulation_interfaces/cmake/aqua2_simulation_interfacesConfig.cmake
-- Up-to-date: /home/ajbam/aquaLine/install/aqua2_simulation_interfaces/share/aqua2_simulation_interfaces/cmake/aqua2_simulation_interfacesConfig-version.cmake
-- Up-to-date: /home/ajbam/aquaLine/install/aqua2_simulation_interfaces/share/aqua2_simulation_interfaces/package.xml
