[  0%] Built target aqua2_interfaces__cpp
[ 12%] Built target aqua2_interfaces__rosidl_generator_c
[ 25%] Built target aqua2_interfaces__rosidl_typesupport_cpp
[ 37%] Built target aqua2_interfaces__rosidl_typesupport_introspection_cpp
[ 50%] Built target aqua2_interfaces__rosidl_typesupport_introspection_c
[ 62%] Built target aqua2_interfaces__rosidl_typesupport_c
[ 74%] Built target aqua2_interfaces__rosidl_typesupport_fastrtps_cpp
[ 86%] Built target aqua2_interfaces__rosidl_typesupport_fastrtps_c
[ 86%] Built target aqua2_interfaces
[ 86%] Built target aqua2_interfaces__py
[ 98%] Built target aqua2_interfaces__python
[ 99%] Built target aqua2_interfaces__rosidl_typesupport_introspection_c__pyext
[ 99%] Built target aqua2_interfaces__rosidl_typesupport_c__pyext
[100%] Built target aqua2_interfaces__rosidl_typesupport_fastrtps_c__pyext
-- Install configuration: ""
-- Up-to-date: /home/ajbam/aquaLine/install/aqua2_interfaces/share/ament_index/resource_index/rosidl_interfaces/aqua2_interfaces
-- Up-to-date: /home/ajbam/aquaLine/install/aqua2_interfaces/include/aqua2_interfaces
-- Up-to-date: /home/ajbam/aquaLine/install/aqua2_interfaces/include/aqua2_interfaces/srv
-- Up-to-date: /home/ajbam/aquaLine/install/aqua2_interfaces/include/aqua2_interfaces/srv/set_named_float.h
-- Up-to-date: /home/ajbam/aquaLine/install/aqua2_interfaces/include/aqua2_interfaces/srv/get_named_float.h
-- Up-to-date: /home/ajbam/aquaLine/install/aqua2_interfaces/include/aqua2_interfaces/srv/mission_update.h
-- Up-to-date: /home/ajbam/aquaLine/install/aqua2_interfaces/include/aqua2_interfaces/srv/get_autopilot_state.h
-- Up-to-date: /home/ajbam/aquaLine/install/aqua2_interfaces/include/aqua2_interfaces/srv/get_string.h
-- Up-to-date: /home/ajbam/aquaLine/install/aqua2_interfaces/include/aqua2_interfaces/srv/set_leg_params.h
-- Up-to-date: /home/ajbam/aquaLine/install/aqua2_interfaces/include/aqua2_interfaces/srv/get_named_int.h
-- Up-to-date: /home/ajbam/aquaLine/install/aqua2_interfaces/include/aqua2_interfaces/srv/get_bool.h
-- Up-to-date: /home/ajbam/aquaLine/install/aqua2_interfaces/include/aqua2_interfaces/srv/set_autopilot_mode.h
-- Up-to-date: /home/ajbam/aquaLine/install/aqua2_interfaces/include/aqua2_interfaces/srv/get_named_bool.h
-- Up-to-date: /home/ajbam/aquaLine/install/aqua2_interfaces/include/aqua2_interfaces/srv/set_float.h
-- Up-to-date: /home/ajbam/aquaLine/install/aqua2_interfaces/include/aqua2_interfaces/srv/set_bool.h
-- Up-to-date: /home/ajbam/aquaLine/install/aqua2_interfaces/include/aqua2_interfaces/srv/set_int.h
-- Up-to-date: /home/ajbam/aquaLine/install/aqua2_interfaces/include/aqua2_interfaces/srv/set_string.h
-- Up-to-date: /home/ajbam/aquaLine/install/aqua2_interfaces/include/aqua2_interfaces/srv/detail
-- Up-to-date: /home/ajbam/aquaLine/install/aqua2_interfaces/include/aqua2_interfaces/srv/detail/set_leg_params__functions.c
-- Up-to-date: /home/ajbam/aquaLine/install/aqua2_interfaces/include/aqua2_interfaces/srv/detail/get_string__struct.h
-- Up-to-date: /home/ajbam/aquaLine/install/aqua2_interfaces/include/aqua2_interfaces/srv/detail/mission_update__functions.h
-- Up-to-date: /home/ajbam/aquaLine/install/aqua2_interfaces/include/aqua2_interfaces/srv/detail/get_named_int__type_support.h
-- Up-to-date: /home/ajbam/aquaLine/install/aqua2_interfaces/include/aqua2_interfaces/srv/detail/set_string__functions.c
-- Up-to-date: /home/ajbam/aquaLine/install/aqua2_interfaces/include/aqua2_interfaces/srv/detail/get_named_bool__functions.h
-- Up-to-date: /home/ajbam/aquaLine/install/aqua2_interfaces/include/aqua2_interfaces/srv/detail/set_named_float__functions.c
-- Up-to-date: /home/ajbam/aquaLine/install/aqua2_interfaces/include/aqua2_interfaces/srv/detail/get_named_float__struct.h
-- Up-to-date: /home/ajbam/aquaLine/install/aqua2_interfaces/include/aqua2_interfaces/srv/detail/set_float__functions.c
-- Up-to-date: /home/ajbam/aquaLine/install/aqua2_interfaces/include/aqua2_interfaces/srv/detail/get_autopilot_state__struct.h
-- Up-to-date: /home/ajbam/aquaLine/install/aqua2_interfaces/include/aqua2_interfaces/srv/detail/set_int__struct.h
-- Up-to-date: /home/ajbam/aquaLine/install/aqua2_interfaces/include/aqua2_interfaces/srv/detail/set_string__struct.h
-- Up-to-date: /home/ajbam/aquaLine/install/aqua2_interfaces/include/aqua2_interfaces/srv/detail/get_named_float__functions.h
-- Up-to-date: /home/ajbam/aquaLine/install/aqua2_interfaces/include/aqua2_interfaces/srv/detail/get_string__type_support.h
-- Up-to-date: /home/ajbam/aquaLine/install/aqua2_interfaces/include/aqua2_interfaces/srv/detail/set_autopilot_mode__functions.c
-- Up-to-date: /home/ajbam/aquaLine/install/aqua2_interfaces/include/aqua2_interfaces/srv/detail/set_named_float__type_support.h
-- Up-to-date: /home/ajbam/aquaLine/install/aqua2_interfaces/include/aqua2_interfaces/srv/detail/set_leg_params__type_support.h
-- Up-to-date: /home/ajbam/aquaLine/install/aqua2_interfaces/include/aqua2_interfaces/srv/detail/get_bool__struct.h
-- Up-to-date: /home/ajbam/aquaLine/install/aqua2_interfaces/include/aqua2_interfaces/srv/detail/get_autopilot_state__functions.h
-- Up-to-date: /home/ajbam/aquaLine/install/aqua2_interfaces/include/aqua2_interfaces/srv/detail/get_named_float__functions.c
-- Up-to-date: /home/ajbam/aquaLine/install/aqua2_interfaces/include/aqua2_interfaces/srv/detail/get_named_bool__struct.h
-- Up-to-date: /home/ajbam/aquaLine/install/aqua2_interfaces/include/aqua2_interfaces/srv/detail/set_float__type_support.h
-- Up-to-date: /home/ajbam/aquaLine/install/aqua2_interfaces/include/aqua2_interfaces/srv/detail/get_string__functions.c
-- Up-to-date: /home/ajbam/aquaLine/install/aqua2_interfaces/include/aqua2_interfaces/srv/detail/get_bool__type_support.h
-- Up-to-date: /home/ajbam/aquaLine/install/aqua2_interfaces/include/aqua2_interfaces/srv/detail/set_autopilot_mode__functions.h
-- Up-to-date: /home/ajbam/aquaLine/install/aqua2_interfaces/include/aqua2_interfaces/srv/detail/set_autopilot_mode__struct.h
-- Up-to-date: /home/ajbam/aquaLine/install/aqua2_interfaces/include/aqua2_interfaces/srv/detail/mission_update__struct.h
-- Up-to-date: /home/ajbam/aquaLine/install/aqua2_interfaces/include/aqua2_interfaces/srv/detail/set_autopilot_mode__type_support.h
-- Up-to-date: /home/ajbam/aquaLine/install/aqua2_interfaces/include/aqua2_interfaces/srv/detail/set_string__functions.h
-- Up-to-date: /home/ajbam/aquaLine/install/aqua2_interfaces/include/aqua2_interfaces/srv/detail/set_named_float__struct.h
-- Up-to-date: /home/ajbam/aquaLine/install/aqua2_interfaces/include/aqua2_interfaces/srv/detail/get_named_int__functions.c
-- Up-to-date: /home/ajbam/aquaLine/install/aqua2_interfaces/include/aqua2_interfaces/srv/detail/set_string__type_support.h
-- Up-to-date: /home/ajbam/aquaLine/install/aqua2_interfaces/include/aqua2_interfaces/srv/detail/get_named_bool__type_support.h
-- Up-to-date: /home/ajbam/aquaLine/install/aqua2_interfaces/include/aqua2_interfaces/srv/detail/set_bool__functions.c
-- Up-to-date: /home/ajbam/aquaLine/install/aqua2_interfaces/include/aqua2_interfaces/srv/detail/set_leg_params__functions.h
-- Up-to-date: /home/ajbam/aquaLine/install/aqua2_interfaces/include/aqua2_interfaces/srv/detail/get_named_int__functions.h
-- Up-to-date: /home/ajbam/aquaLine/install/aqua2_interfaces/include/aqua2_interfaces/srv/detail/get_bool__functions.c
-- Up-to-date: /home/ajbam/aquaLine/install/aqua2_interfaces/include/aqua2_interfaces/srv/detail/set_bool__type_support.h
-- Up-to-date: /home/ajbam/aquaLine/install/aqua2_interfaces/include/aqua2_interfaces/srv/detail/set_leg_params__struct.h
-- Up-to-date: /home/ajbam/aquaLine/install/aqua2_interfaces/include/aqua2_interfaces/srv/detail/mission_update__functions.c
-- Up-to-date: /home/ajbam/aquaLine/install/aqua2_interfaces/include/aqua2_interfaces/srv/detail/set_bool__functions.h
-- Up-to-date: /home/ajbam/aquaLine/install/aqua2_interfaces/include/aqua2_interfaces/srv/detail/get_bool__functions.h
-- Up-to-date: /home/ajbam/aquaLine/install/aqua2_interfaces/include/aqua2_interfaces/srv/detail/get_string__functions.h
-- Up-to-date: /home/ajbam/aquaLine/install/aqua2_interfaces/include/aqua2_interfaces/srv/detail/get_autopilot_state__type_support.h
-- Up-to-date: /home/ajbam/aquaLine/install/aqua2_interfaces/include/aqua2_interfaces/srv/detail/set_float__functions.h
-- Up-to-date: /home/ajbam/aquaLine/install/aqua2_interfaces/include/aqua2_interfaces/srv/detail/set_named_float__functions.h
-- Up-to-date: /home/ajbam/aquaLine/install/aqua2_interfaces/include/aqua2_interfaces/srv/detail/set_bool__struct.h
-- Up-to-date: /home/ajbam/aquaLine/install/aqua2_interfaces/include/aqua2_interfaces/srv/detail/mission_update__type_support.h
-- Up-to-date: /home/ajbam/aquaLine/install/aqua2_interfaces/include/aqua2_interfaces/srv/detail/set_int__functions.c
-- Up-to-date: /home/ajbam/aquaLine/install/aqua2_interfaces/include/aqua2_interfaces/srv/detail/set_int__type_support.h
-- Up-to-date: /home/ajbam/aquaLine/install/aqua2_interfaces/include/aqua2_interfaces/srv/detail/get_named_float__type_support.h
-- Up-to-date: /home/ajbam/aquaLine/install/aqua2_interfaces/include/aqua2_interfaces/srv/detail/set_int__functions.h
-- Up-to-date: /home/ajbam/aquaLine/install/aqua2_interfaces/include/aqua2_interfaces/srv/detail/get_named_int__struct.h
-- Up-to-date: /home/ajbam/aquaLine/install/aqua2_interfaces/include/aqua2_interfaces/srv/detail/get_autopilot_state__functions.c
-- Up-to-date: /home/ajbam/aquaLine/install/aqua2_interfaces/include/aqua2_interfaces/srv/detail/get_named_bool__functions.c
-- Up-to-date: /home/ajbam/aquaLine/install/aqua2_interfaces/include/aqua2_interfaces/srv/detail/set_float__struct.h
-- Up-to-date: /home/ajbam/aquaLine/install/aqua2_interfaces/include/aqua2_interfaces/msg
-- Up-to-date: /home/ajbam/aquaLine/install/aqua2_interfaces/include/aqua2_interfaces/msg/autopilot_pid_components.h
-- Up-to-date: /home/ajbam/aquaLine/install/aqua2_interfaces/include/aqua2_interfaces/msg/waypoint.h
-- Up-to-date: /home/ajbam/aquaLine/install/aqua2_interfaces/include/aqua2_interfaces/msg/command.h
-- Up-to-date: /home/ajbam/aquaLine/install/aqua2_interfaces/include/aqua2_interfaces/msg/rosidl_generator_c__visibility_control.h
-- Up-to-date: /home/ajbam/aquaLine/install/aqua2_interfaces/include/aqua2_interfaces/msg/autopilot_command.h
-- Up-to-date: /home/ajbam/aquaLine/install/aqua2_interfaces/include/aqua2_interfaces/msg/b_box.h
-- Up-to-date: /home/ajbam/aquaLine/install/aqua2_interfaces/include/aqua2_interfaces/msg/robodevel_state.h
-- Up-to-date: /home/ajbam/aquaLine/install/aqua2_interfaces/include/aqua2_interfaces/msg/periodic_leg_command.h
-- Up-to-date: /home/ajbam/aquaLine/install/aqua2_interfaces/include/aqua2_interfaces/msg/health.h
-- Up-to-date: /home/ajbam/aquaLine/install/aqua2_interfaces/include/aqua2_interfaces/msg/autopilot_output.h
-- Up-to-date: /home/ajbam/aquaLine/install/aqua2_interfaces/include/aqua2_interfaces/msg/status_indicator.h
-- Up-to-date: /home/ajbam/aquaLine/install/aqua2_interfaces/include/aqua2_interfaces/msg/tag_feedback.h
-- Up-to-date: /home/ajbam/aquaLine/install/aqua2_interfaces/include/aqua2_interfaces/msg/autopilot_targets.h
-- Up-to-date: /home/ajbam/aquaLine/install/aqua2_interfaces/include/aqua2_interfaces/msg/leg_state.h
-- Up-to-date: /home/ajbam/aquaLine/install/aqua2_interfaces/include/aqua2_interfaces/msg/detail
-- Up-to-date: /home/ajbam/aquaLine/install/aqua2_interfaces/include/aqua2_interfaces/msg/detail/waypoint__functions.h
-- Up-to-date: /home/ajbam/aquaLine/install/aqua2_interfaces/include/aqua2_interfaces/msg/detail/autopilot_command__functions.h
-- Up-to-date: /home/ajbam/aquaLine/install/aqua2_interfaces/include/aqua2_interfaces/msg/detail/status_indicator__type_support.h
-- Up-to-date: /home/ajbam/aquaLine/install/aqua2_interfaces/include/aqua2_interfaces/msg/detail/autopilot_pid_components__struct.h
-- Up-to-date: /home/ajbam/aquaLine/install/aqua2_interfaces/include/aqua2_interfaces/msg/detail/leg_state__type_support.h
-- Up-to-date: /home/ajbam/aquaLine/install/aqua2_interfaces/include/aqua2_interfaces/msg/detail/autopilot_targets__functions.h
-- Up-to-date: /home/ajbam/aquaLine/install/aqua2_interfaces/include/aqua2_interfaces/msg/detail/autopilot_targets__functions.c
-- Up-to-date: /home/ajbam/aquaLine/install/aqua2_interfaces/include/aqua2_interfaces/msg/detail/periodic_leg_command__functions.c
-- Up-to-date: /home/ajbam/aquaLine/install/aqua2_interfaces/include/aqua2_interfaces/msg/detail/autopilot_targets__struct.h
-- Up-to-date: /home/ajbam/aquaLine/install/aqua2_interfaces/include/aqua2_interfaces/msg/detail/robodevel_state__functions.h
-- Up-to-date: /home/ajbam/aquaLine/install/aqua2_interfaces/include/aqua2_interfaces/msg/detail/b_box__functions.h
-- Up-to-date: /home/ajbam/aquaLine/install/aqua2_interfaces/include/aqua2_interfaces/msg/detail/robodevel_state__functions.c
-- Up-to-date: /home/ajbam/aquaLine/install/aqua2_interfaces/include/aqua2_interfaces/msg/detail/health__struct.h
-- Up-to-date: /home/ajbam/aquaLine/install/aqua2_interfaces/include/aqua2_interfaces/msg/detail/b_box__struct.h
-- Up-to-date: /home/ajbam/aquaLine/install/aqua2_interfaces/include/aqua2_interfaces/msg/detail/tag_feedback__struct.h
-- Up-to-date: /home/ajbam/aquaLine/install/aqua2_interfaces/include/aqua2_interfaces/msg/detail/b_box__type_support.h
-- Up-to-date: /home/ajbam/aquaLine/install/aqua2_interfaces/include/aqua2_interfaces/msg/detail/autopilot_pid_components__functions.h
-- Up-to-date: /home/ajbam/aquaLine/install/aqua2_interfaces/include/aqua2_interfaces/msg/detail/robodevel_state__struct.h
-- Up-to-date: /home/ajbam/aquaLine/install/aqua2_interfaces/include/aqua2_interfaces/msg/detail/health__functions.c
-- Up-to-date: /home/ajbam/aquaLine/install/aqua2_interfaces/include/aqua2_interfaces/msg/detail/status_indicator__functions.h
-- Up-to-date: /home/ajbam/aquaLine/install/aqua2_interfaces/include/aqua2_interfaces/msg/detail/command__struct.h
-- Up-to-date: /home/ajbam/aquaLine/install/aqua2_interfaces/include/aqua2_interfaces/msg/detail/autopilot_pid_components__functions.c
-- Up-to-date: /home/ajbam/aquaLine/install/aqua2_interfaces/include/aqua2_interfaces/msg/detail/health__type_support.h
-- Up-to-date: /home/ajbam/aquaLine/install/aqua2_interfaces/include/aqua2_interfaces/msg/detail/tag_feedback__type_support.h
-- Up-to-date: /home/ajbam/aquaLine/install/aqua2_interfaces/include/aqua2_interfaces/msg/detail/leg_state__functions.h
-- Up-to-date: /home/ajbam/aquaLine/install/aqua2_interfaces/include/aqua2_interfaces/msg/detail/waypoint__type_support.h
-- Up-to-date: /home/ajbam/aquaLine/install/aqua2_interfaces/include/aqua2_interfaces/msg/detail/autopilot_command__struct.h
-- Up-to-date: /home/ajbam/aquaLine/install/aqua2_interfaces/include/aqua2_interfaces/msg/detail/autopilot_output__functions.c
-- Up-to-date: /home/ajbam/aquaLine/install/aqua2_interfaces/include/aqua2_interfaces/msg/detail/waypoint__functions.c
-- Up-to-date: /home/ajbam/aquaLine/install/aqua2_interfaces/include/aqua2_interfaces/msg/detail/periodic_leg_command__functions.h
-- Up-to-date: /home/ajbam/aquaLine/install/aqua2_interfaces/include/aqua2_interfaces/msg/detail/autopilot_output__functions.h
-- Up-to-date: /home/ajbam/aquaLine/install/aqua2_interfaces/include/aqua2_interfaces/msg/detail/leg_state__functions.c
-- Up-to-date: /home/ajbam/aquaLine/install/aqua2_interfaces/include/aqua2_interfaces/msg/detail/autopilot_command__type_support.h
-- Up-to-date: /home/ajbam/aquaLine/install/aqua2_interfaces/include/aqua2_interfaces/msg/detail/tag_feedback__functions.c
-- Up-to-date: /home/ajbam/aquaLine/install/aqua2_interfaces/include/aqua2_interfaces/msg/detail/command__functions.h
-- Up-to-date: /home/ajbam/aquaLine/install/aqua2_interfaces/include/aqua2_interfaces/msg/detail/leg_state__struct.h
-- Up-to-date: /home/ajbam/aquaLine/install/aqua2_interfaces/include/aqua2_interfaces/msg/detail/periodic_leg_command__type_support.h
-- Up-to-date: /home/ajbam/aquaLine/install/aqua2_interfaces/include/aqua2_interfaces/msg/detail/autopilot_output__type_support.h
-- Up-to-date: /home/ajbam/aquaLine/install/aqua2_interfaces/include/aqua2_interfaces/msg/detail/command__functions.c
-- Up-to-date: /home/ajbam/aquaLine/install/aqua2_interfaces/include/aqua2_interfaces/msg/detail/health__functions.h
-- Up-to-date: /home/ajbam/aquaLine/install/aqua2_interfaces/include/aqua2_interfaces/msg/detail/autopilot_output__struct.h
-- Up-to-date: /home/ajbam/aquaLine/install/aqua2_interfaces/include/aqua2_interfaces/msg/detail/periodic_leg_command__struct.h
-- Up-to-date: /home/ajbam/aquaLine/install/aqua2_interfaces/include/aqua2_interfaces/msg/detail/command__type_support.h
-- Up-to-date: /home/ajbam/aquaLine/install/aqua2_interfaces/include/aqua2_interfaces/msg/detail/b_box__functions.c
-- Up-to-date: /home/ajbam/aquaLine/install/aqua2_interfaces/include/aqua2_interfaces/msg/detail/tag_feedback__functions.h
-- Up-to-date: /home/ajbam/aquaLine/install/aqua2_interfaces/include/aqua2_interfaces/msg/detail/status_indicator__functions.c
-- Up-to-date: /home/ajbam/aquaLine/install/aqua2_interfaces/include/aqua2_interfaces/msg/detail/robodevel_state__type_support.h
-- Up-to-date: /home/ajbam/aquaLine/install/aqua2_interfaces/include/aqua2_interfaces/msg/detail/status_indicator__struct.h
-- Up-to-date: /home/ajbam/aquaLine/install/aqua2_interfaces/include/aqua2_interfaces/msg/detail/autopilot_command__functions.c
-- Up-to-date: /home/ajbam/aquaLine/install/aqua2_interfaces/include/aqua2_interfaces/msg/detail/waypoint__struct.h
-- Up-to-date: /home/ajbam/aquaLine/install/aqua2_interfaces/include/aqua2_interfaces/msg/detail/autopilot_targets__type_support.h
-- Up-to-date: /home/ajbam/aquaLine/install/aqua2_interfaces/include/aqua2_interfaces/msg/detail/autopilot_pid_components__type_support.h
-- Up-to-date: /home/ajbam/aquaLine/install/aqua2_interfaces/share/aqua2_interfaces/environment/library_path.sh
-- Up-to-date: /home/ajbam/aquaLine/install/aqua2_interfaces/share/aqua2_interfaces/environment/library_path.dsv
-- Up-to-date: /home/ajbam/aquaLine/install/aqua2_interfaces/lib/libaqua2_interfaces__rosidl_generator_c.so
-- Up-to-date: /home/ajbam/aquaLine/install/aqua2_interfaces/include/aqua2_interfaces
-- Up-to-date: /home/ajbam/aquaLine/install/aqua2_interfaces/include/aqua2_interfaces/srv
-- Up-to-date: /home/ajbam/aquaLine/install/aqua2_interfaces/include/aqua2_interfaces/srv/detail
-- Up-to-date: /home/ajbam/aquaLine/install/aqua2_interfaces/include/aqua2_interfaces/srv/detail/set_named_float__rosidl_typesupport_fastrtps_c.h
-- Up-to-date: /home/ajbam/aquaLine/install/aqua2_interfaces/include/aqua2_interfaces/srv/detail/get_bool__rosidl_typesupport_fastrtps_c.h
-- Up-to-date: /home/ajbam/aquaLine/install/aqua2_interfaces/include/aqua2_interfaces/srv/detail/mission_update__rosidl_typesupport_fastrtps_c.h
-- Up-to-date: /home/ajbam/aquaLine/install/aqua2_interfaces/include/aqua2_interfaces/srv/detail/set_bool__rosidl_typesupport_fastrtps_c.h
-- Up-to-date: /home/ajbam/aquaLine/install/aqua2_interfaces/include/aqua2_interfaces/srv/detail/set_leg_params__rosidl_typesupport_fastrtps_c.h
-- Up-to-date: /home/ajbam/aquaLine/install/aqua2_interfaces/include/aqua2_interfaces/srv/detail/set_string__rosidl_typesupport_fastrtps_c.h
-- Up-to-date: /home/ajbam/aquaLine/install/aqua2_interfaces/include/aqua2_interfaces/srv/detail/get_named_bool__rosidl_typesupport_fastrtps_c.h
-- Up-to-date: /home/ajbam/aquaLine/install/aqua2_interfaces/include/aqua2_interfaces/srv/detail/set_autopilot_mode__rosidl_typesupport_fastrtps_c.h
-- Up-to-date: /home/ajbam/aquaLine/install/aqua2_interfaces/include/aqua2_interfaces/srv/detail/set_int__rosidl_typesupport_fastrtps_c.h
-- Up-to-date: /home/ajbam/aquaLine/install/aqua2_interfaces/include/aqua2_interfaces/srv/detail/get_string__rosidl_typesupport_fastrtps_c.h
-- Up-to-date: /home/ajbam/aquaLine/install/aqua2_interfaces/include/aqua2_interfaces/srv/detail/get_named_float__rosidl_typesupport_fastrtps_c.h
-- Up-to-date: /home/ajbam/aquaLine/install/aqua2_interfaces/include/aqua2_interfaces/srv/detail/get_autopilot_state__rosidl_typesupport_fastrtps_c.h
-- Up-to-date: /home/ajbam/aquaLine/install/aqua2_interfaces/include/aqua2_interfaces/srv/detail/set_float__rosidl_typesupport_fastrtps_c.h
-- Up-to-date: /home/ajbam/aquaLine/install/aqua2_interfaces/include/aqua2_interfaces/srv/detail/get_named_int__rosidl_typesupport_fastrtps_c.h
-- Up-to-date: /home/ajbam/aquaLine/install/aqua2_interfaces/include/aqua2_interfaces/msg
-- Up-to-date: /home/ajbam/aquaLine/install/aqua2_interfaces/include/aqua2_interfaces/msg/rosidl_typesupport_fastrtps_c__visibility_control.h
-- Up-to-date: /home/ajbam/aquaLine/install/aqua2_interfaces/include/aqua2_interfaces/msg/detail
-- Up-to-date: /home/ajbam/aquaLine/install/aqua2_interfaces/include/aqua2_interfaces/msg/detail/status_indicator__rosidl_typesupport_fastrtps_c.h
-- Up-to-date: /home/ajbam/aquaLine/install/aqua2_interfaces/include/aqua2_interfaces/msg/detail/autopilot_pid_components__rosidl_typesupport_fastrtps_c.h
-- Up-to-date: /home/ajbam/aquaLine/install/aqua2_interfaces/include/aqua2_interfaces/msg/detail/b_box__rosidl_typesupport_fastrtps_c.h
-- Up-to-date: /home/ajbam/aquaLine/install/aqua2_interfaces/include/aqua2_interfaces/msg/detail/command__rosidl_typesupport_fastrtps_c.h
-- Up-to-date: /home/ajbam/aquaLine/install/aqua2_interfaces/include/aqua2_interfaces/msg/detail/autopilot_targets__rosidl_typesupport_fastrtps_c.h
-- Up-to-date: /home/ajbam/aquaLine/install/aqua2_interfaces/include/aqua2_interfaces/msg/detail/periodic_leg_command__rosidl_typesupport_fastrtps_c.h
-- Up-to-date: /home/ajbam/aquaLine/install/aqua2_interfaces/include/aqua2_interfaces/msg/detail/autopilot_command__rosidl_typesupport_fastrtps_c.h
-- Up-to-date: /home/ajbam/aquaLine/install/aqua2_interfaces/include/aqua2_interfaces/msg/detail/robodevel_state__rosidl_typesupport_fastrtps_c.h
-- Up-to-date: /home/ajbam/aquaLine/install/aqua2_interfaces/include/aqua2_interfaces/msg/detail/autopilot_output__rosidl_typesupport_fastrtps_c.h
-- Up-to-date: /home/ajbam/aquaLine/install/aqua2_interfaces/include/aqua2_interfaces/msg/detail/leg_state__rosidl_typesupport_fastrtps_c.h
-- Up-to-date: /home/ajbam/aquaLine/install/aqua2_interfaces/include/aqua2_interfaces/msg/detail/waypoint__rosidl_typesupport_fastrtps_c.h
-- Up-to-date: /home/ajbam/aquaLine/install/aqua2_interfaces/include/aqua2_interfaces/msg/detail/health__rosidl_typesupport_fastrtps_c.h
-- Up-to-date: /home/ajbam/aquaLine/install/aqua2_interfaces/include/aqua2_interfaces/msg/detail/tag_feedback__rosidl_typesupport_fastrtps_c.h
-- Up-to-date: /home/ajbam/aquaLine/install/aqua2_interfaces/lib/libaqua2_interfaces__rosidl_typesupport_fastrtps_c.so
-- Up-to-date: /home/ajbam/aquaLine/install/aqua2_interfaces/include/aqua2_interfaces
-- Up-to-date: /home/ajbam/aquaLine/install/aqua2_interfaces/include/aqua2_interfaces/srv
-- Up-to-date: /home/ajbam/aquaLine/install/aqua2_interfaces/include/aqua2_interfaces/srv/detail
-- Up-to-date: /home/ajbam/aquaLine/install/aqua2_interfaces/include/aqua2_interfaces/srv/detail/get_named_bool__rosidl_typesupport_fastrtps_cpp.hpp
-- Up-to-date: /home/ajbam/aquaLine/install/aqua2_interfaces/include/aqua2_interfaces/srv/detail/set_bool__rosidl_typesupport_fastrtps_cpp.hpp
-- Up-to-date: /home/ajbam/aquaLine/install/aqua2_interfaces/include/aqua2_interfaces/srv/detail/dds_fastrtps
-- Up-to-date: /home/ajbam/aquaLine/install/aqua2_interfaces/include/aqua2_interfaces/srv/detail/get_string__rosidl_typesupport_fastrtps_cpp.hpp
-- Up-to-date: /home/ajbam/aquaLine/install/aqua2_interfaces/include/aqua2_interfaces/srv/detail/set_string__rosidl_typesupport_fastrtps_cpp.hpp
-- Up-to-date: /home/ajbam/aquaLine/install/aqua2_interfaces/include/aqua2_interfaces/srv/detail/get_named_float__rosidl_typesupport_fastrtps_cpp.hpp
-- Up-to-date: /home/ajbam/aquaLine/install/aqua2_interfaces/include/aqua2_interfaces/srv/detail/set_autopilot_mode__rosidl_typesupport_fastrtps_cpp.hpp
-- Up-to-date: /home/ajbam/aquaLine/install/aqua2_interfaces/include/aqua2_interfaces/srv/detail/get_named_int__rosidl_typesupport_fastrtps_cpp.hpp
-- Up-to-date: /home/ajbam/aquaLine/install/aqua2_interfaces/include/aqua2_interfaces/srv/detail/set_named_float__rosidl_typesupport_fastrtps_cpp.hpp
-- Up-to-date: /home/ajbam/aquaLine/install/aqua2_interfaces/include/aqua2_interfaces/srv/detail/set_float__rosidl_typesupport_fastrtps_cpp.hpp
-- Up-to-date: /home/ajbam/aquaLine/install/aqua2_interfaces/include/aqua2_interfaces/srv/detail/get_bool__rosidl_typesupport_fastrtps_cpp.hpp
-- Up-to-date: /home/ajbam/aquaLine/install/aqua2_interfaces/include/aqua2_interfaces/srv/detail/set_int__rosidl_typesupport_fastrtps_cpp.hpp
-- Up-to-date: /home/ajbam/aquaLine/install/aqua2_interfaces/include/aqua2_interfaces/srv/detail/mission_update__rosidl_typesupport_fastrtps_cpp.hpp
-- Up-to-date: /home/ajbam/aquaLine/install/aqua2_interfaces/include/aqua2_interfaces/srv/detail/set_leg_params__rosidl_typesupport_fastrtps_cpp.hpp
-- Up-to-date: /home/ajbam/aquaLine/install/aqua2_interfaces/include/aqua2_interfaces/srv/detail/get_autopilot_state__rosidl_typesupport_fastrtps_cpp.hpp
-- Up-to-date: /home/ajbam/aquaLine/install/aqua2_interfaces/include/aqua2_interfaces/msg
-- Up-to-date: /home/ajbam/aquaLine/install/aqua2_interfaces/include/aqua2_interfaces/msg/rosidl_typesupport_fastrtps_cpp__visibility_control.h
-- Up-to-date: /home/ajbam/aquaLine/install/aqua2_interfaces/include/aqua2_interfaces/msg/detail
-- Up-to-date: /home/ajbam/aquaLine/install/aqua2_interfaces/include/aqua2_interfaces/msg/detail/health__rosidl_typesupport_fastrtps_cpp.hpp
-- Up-to-date: /home/ajbam/aquaLine/install/aqua2_interfaces/include/aqua2_interfaces/msg/detail/robodevel_state__rosidl_typesupport_fastrtps_cpp.hpp
-- Up-to-date: /home/ajbam/aquaLine/install/aqua2_interfaces/include/aqua2_interfaces/msg/detail/waypoint__rosidl_typesupport_fastrtps_cpp.hpp
-- Up-to-date: /home/ajbam/aquaLine/install/aqua2_interfaces/include/aqua2_interfaces/msg/detail/autopilot_output__rosidl_typesupport_fastrtps_cpp.hpp
-- Up-to-date: /home/ajbam/aquaLine/install/aqua2_interfaces/include/aqua2_interfaces/msg/detail/autopilot_targets__rosidl_typesupport_fastrtps_cpp.hpp
-- Up-to-date: /home/ajbam/aquaLine/install/aqua2_interfaces/include/aqua2_interfaces/msg/detail/dds_fastrtps
-- Up-to-date: /home/ajbam/aquaLine/install/aqua2_interfaces/include/aqua2_interfaces/msg/detail/autopilot_command__rosidl_typesupport_fastrtps_cpp.hpp
-- Up-to-date: /home/ajbam/aquaLine/install/aqua2_interfaces/include/aqua2_interfaces/msg/detail/leg_state__rosidl_typesupport_fastrtps_cpp.hpp
-- Up-to-date: /home/ajbam/aquaLine/install/aqua2_interfaces/include/aqua2_interfaces/msg/detail/periodic_leg_command__rosidl_typesupport_fastrtps_cpp.hpp
-- Up-to-date: /home/ajbam/aquaLine/install/aqua2_interfaces/include/aqua2_interfaces/msg/detail/autopilot_pid_components__rosidl_typesupport_fastrtps_cpp.hpp
-- Up-to-date: /home/ajbam/aquaLine/install/aqua2_interfaces/include/aqua2_interfaces/msg/detail/status_indicator__rosidl_typesupport_fastrtps_cpp.hpp
-- Up-to-date: /home/ajbam/aquaLine/install/aqua2_interfaces/include/aqua2_interfaces/msg/detail/b_box__rosidl_typesupport_fastrtps_cpp.hpp
-- Up-to-date: /home/ajbam/aquaLine/install/aqua2_interfaces/include/aqua2_interfaces/msg/detail/tag_feedback__rosidl_typesupport_fastrtps_cpp.hpp
-- Up-to-date: /home/ajbam/aquaLine/install/aqua2_interfaces/include/aqua2_interfaces/msg/detail/command__rosidl_typesupport_fastrtps_cpp.hpp
-- Up-to-date: /home/ajbam/aquaLine/install/aqua2_interfaces/lib/libaqua2_interfaces__rosidl_typesupport_fastrtps_cpp.so
-- Up-to-date: /home/ajbam/aquaLine/install/aqua2_interfaces/include/aqua2_interfaces
-- Up-to-date: /home/ajbam/aquaLine/install/aqua2_interfaces/include/aqua2_interfaces/srv
-- Up-to-date: /home/ajbam/aquaLine/install/aqua2_interfaces/include/aqua2_interfaces/srv/detail
-- Up-to-date: /home/ajbam/aquaLine/install/aqua2_interfaces/include/aqua2_interfaces/srv/detail/set_named_float__type_support.c
-- Up-to-date: /home/ajbam/aquaLine/install/aqua2_interfaces/include/aqua2_interfaces/srv/detail/set_string__rosidl_typesupport_introspection_c.h
-- Up-to-date: /home/ajbam/aquaLine/install/aqua2_interfaces/include/aqua2_interfaces/srv/detail/mission_update__type_support.c
-- Up-to-date: /home/ajbam/aquaLine/install/aqua2_interfaces/include/aqua2_interfaces/srv/detail/mission_update__rosidl_typesupport_introspection_c.h
-- Up-to-date: /home/ajbam/aquaLine/install/aqua2_interfaces/include/aqua2_interfaces/srv/detail/set_bool__type_support.c
-- Up-to-date: /home/ajbam/aquaLine/install/aqua2_interfaces/include/aqua2_interfaces/srv/detail/get_named_bool__type_support.c
-- Up-to-date: /home/ajbam/aquaLine/install/aqua2_interfaces/include/aqua2_interfaces/srv/detail/set_bool__rosidl_typesupport_introspection_c.h
-- Up-to-date: /home/ajbam/aquaLine/install/aqua2_interfaces/include/aqua2_interfaces/srv/detail/get_bool__rosidl_typesupport_introspection_c.h
-- Up-to-date: /home/ajbam/aquaLine/install/aqua2_interfaces/include/aqua2_interfaces/srv/detail/set_int__rosidl_typesupport_introspection_c.h
-- Up-to-date: /home/ajbam/aquaLine/install/aqua2_interfaces/include/aqua2_interfaces/srv/detail/get_named_int__rosidl_typesupport_introspection_c.h
-- Up-to-date: /home/ajbam/aquaLine/install/aqua2_interfaces/include/aqua2_interfaces/srv/detail/set_leg_params__type_support.c
-- Up-to-date: /home/ajbam/aquaLine/install/aqua2_interfaces/include/aqua2_interfaces/srv/detail/get_named_int__type_support.c
-- Up-to-date: /home/ajbam/aquaLine/install/aqua2_interfaces/include/aqua2_interfaces/srv/detail/set_autopilot_mode__type_support.c
-- Up-to-date: /home/ajbam/aquaLine/install/aqua2_interfaces/include/aqua2_interfaces/srv/detail/get_string__type_support.c
-- Up-to-date: /home/ajbam/aquaLine/install/aqua2_interfaces/include/aqua2_interfaces/srv/detail/get_autopilot_state__rosidl_typesupport_introspection_c.h
-- Up-to-date: /home/ajbam/aquaLine/install/aqua2_interfaces/include/aqua2_interfaces/srv/detail/get_named_float__type_support.c
-- Up-to-date: /home/ajbam/aquaLine/install/aqua2_interfaces/include/aqua2_interfaces/srv/detail/get_bool__type_support.c
-- Up-to-date: /home/ajbam/aquaLine/install/aqua2_interfaces/include/aqua2_interfaces/srv/detail/get_named_bool__rosidl_typesupport_introspection_c.h
-- Up-to-date: /home/ajbam/aquaLine/install/aqua2_interfaces/include/aqua2_interfaces/srv/detail/set_int__type_support.c
-- Up-to-date: /home/ajbam/aquaLine/install/aqua2_interfaces/include/aqua2_interfaces/srv/detail/set_float__type_support.c
-- Up-to-date: /home/ajbam/aquaLine/install/aqua2_interfaces/include/aqua2_interfaces/srv/detail/get_autopilot_state__type_support.c
-- Up-to-date: /home/ajbam/aquaLine/install/aqua2_interfaces/include/aqua2_interfaces/srv/detail/set_string__type_support.c
-- Up-to-date: /home/ajbam/aquaLine/install/aqua2_interfaces/include/aqua2_interfaces/srv/detail/get_named_float__rosidl_typesupport_introspection_c.h
-- Up-to-date: /home/ajbam/aquaLine/install/aqua2_interfaces/include/aqua2_interfaces/srv/detail/set_named_float__rosidl_typesupport_introspection_c.h
-- Up-to-date: /home/ajbam/aquaLine/install/aqua2_interfaces/include/aqua2_interfaces/srv/detail/set_leg_params__rosidl_typesupport_introspection_c.h
-- Up-to-date: /home/ajbam/aquaLine/install/aqua2_interfaces/include/aqua2_interfaces/srv/detail/set_float__rosidl_typesupport_introspection_c.h
-- Up-to-date: /home/ajbam/aquaLine/install/aqua2_interfaces/include/aqua2_interfaces/srv/detail/set_autopilot_mode__rosidl_typesupport_introspection_c.h
-- Up-to-date: /home/ajbam/aquaLine/install/aqua2_interfaces/include/aqua2_interfaces/srv/detail/get_string__rosidl_typesupport_introspection_c.h
-- Up-to-date: /home/ajbam/aquaLine/install/aqua2_interfaces/include/aqua2_interfaces/msg
-- Up-to-date: /home/ajbam/aquaLine/install/aqua2_interfaces/include/aqua2_interfaces/msg/rosidl_typesupport_introspection_c__visibility_control.h
-- Up-to-date: /home/ajbam/aquaLine/install/aqua2_interfaces/include/aqua2_interfaces/msg/detail
-- Up-to-date: /home/ajbam/aquaLine/install/aqua2_interfaces/include/aqua2_interfaces/msg/detail/waypoint__rosidl_typesupport_introspection_c.h
-- Up-to-date: /home/ajbam/aquaLine/install/aqua2_interfaces/include/aqua2_interfaces/msg/detail/autopilot_targets__rosidl_typesupport_introspection_c.h
-- Up-to-date: /home/ajbam/aquaLine/install/aqua2_interfaces/include/aqua2_interfaces/msg/detail/robodevel_state__type_support.c
-- Up-to-date: /home/ajbam/aquaLine/install/aqua2_interfaces/include/aqua2_interfaces/msg/detail/tag_feedback__type_support.c
-- Up-to-date: /home/ajbam/aquaLine/install/aqua2_interfaces/include/aqua2_interfaces/msg/detail/leg_state__rosidl_typesupport_introspection_c.h
-- Up-to-date: /home/ajbam/aquaLine/install/aqua2_interfaces/include/aqua2_interfaces/msg/detail/status_indicator__rosidl_typesupport_introspection_c.h
-- Up-to-date: /home/ajbam/aquaLine/install/aqua2_interfaces/include/aqua2_interfaces/msg/detail/periodic_leg_command__rosidl_typesupport_introspection_c.h
-- Up-to-date: /home/ajbam/aquaLine/install/aqua2_interfaces/include/aqua2_interfaces/msg/detail/periodic_leg_command__type_support.c
-- Up-to-date: /home/ajbam/aquaLine/install/aqua2_interfaces/include/aqua2_interfaces/msg/detail/status_indicator__type_support.c
-- Up-to-date: /home/ajbam/aquaLine/install/aqua2_interfaces/include/aqua2_interfaces/msg/detail/autopilot_pid_components__type_support.c
-- Up-to-date: /home/ajbam/aquaLine/install/aqua2_interfaces/include/aqua2_interfaces/msg/detail/tag_feedback__rosidl_typesupport_introspection_c.h
-- Up-to-date: /home/ajbam/aquaLine/install/aqua2_interfaces/include/aqua2_interfaces/msg/detail/autopilot_command__rosidl_typesupport_introspection_c.h
-- Up-to-date: /home/ajbam/aquaLine/install/aqua2_interfaces/include/aqua2_interfaces/msg/detail/command__rosidl_typesupport_introspection_c.h
-- Up-to-date: /home/ajbam/aquaLine/install/aqua2_interfaces/include/aqua2_interfaces/msg/detail/command__type_support.c
-- Up-to-date: /home/ajbam/aquaLine/install/aqua2_interfaces/include/aqua2_interfaces/msg/detail/health__type_support.c
-- Up-to-date: /home/ajbam/aquaLine/install/aqua2_interfaces/include/aqua2_interfaces/msg/detail/autopilot_command__type_support.c
-- Up-to-date: /home/ajbam/aquaLine/install/aqua2_interfaces/include/aqua2_interfaces/msg/detail/autopilot_output__type_support.c
-- Up-to-date: /home/ajbam/aquaLine/install/aqua2_interfaces/include/aqua2_interfaces/msg/detail/b_box__type_support.c
-- Up-to-date: /home/ajbam/aquaLine/install/aqua2_interfaces/include/aqua2_interfaces/msg/detail/health__rosidl_typesupport_introspection_c.h
-- Up-to-date: /home/ajbam/aquaLine/install/aqua2_interfaces/include/aqua2_interfaces/msg/detail/leg_state__type_support.c
-- Up-to-date: /home/ajbam/aquaLine/install/aqua2_interfaces/include/aqua2_interfaces/msg/detail/autopilot_targets__type_support.c
-- Up-to-date: /home/ajbam/aquaLine/install/aqua2_interfaces/include/aqua2_interfaces/msg/detail/autopilot_output__rosidl_typesupport_introspection_c.h
-- Up-to-date: /home/ajbam/aquaLine/install/aqua2_interfaces/include/aqua2_interfaces/msg/detail/robodevel_state__rosidl_typesupport_introspection_c.h
-- Up-to-date: /home/ajbam/aquaLine/install/aqua2_interfaces/include/aqua2_interfaces/msg/detail/b_box__rosidl_typesupport_introspection_c.h
-- Up-to-date: /home/ajbam/aquaLine/install/aqua2_interfaces/include/aqua2_interfaces/msg/detail/waypoint__type_support.c
-- Up-to-date: /home/ajbam/aquaLine/install/aqua2_interfaces/include/aqua2_interfaces/msg/detail/autopilot_pid_components__rosidl_typesupport_introspection_c.h
-- Up-to-date: /home/ajbam/aquaLine/install/aqua2_interfaces/lib/libaqua2_interfaces__rosidl_typesupport_introspection_c.so
-- Up-to-date: /home/ajbam/aquaLine/install/aqua2_interfaces/lib/libaqua2_interfaces__rosidl_typesupport_c.so
-- Up-to-date: /home/ajbam/aquaLine/install/aqua2_interfaces/include/aqua2_interfaces
-- Up-to-date: /home/ajbam/aquaLine/install/aqua2_interfaces/include/aqua2_interfaces/srv
-- Up-to-date: /home/ajbam/aquaLine/install/aqua2_interfaces/include/aqua2_interfaces/srv/get_named_bool.hpp
-- Up-to-date: /home/ajbam/aquaLine/install/aqua2_interfaces/include/aqua2_interfaces/srv/get_bool.hpp
-- Up-to-date: /home/ajbam/aquaLine/install/aqua2_interfaces/include/aqua2_interfaces/srv/set_int.hpp
-- Up-to-date: /home/ajbam/aquaLine/install/aqua2_interfaces/include/aqua2_interfaces/srv/set_autopilot_mode.hpp
-- Up-to-date: /home/ajbam/aquaLine/install/aqua2_interfaces/include/aqua2_interfaces/srv/set_float.hpp
-- Up-to-date: /home/ajbam/aquaLine/install/aqua2_interfaces/include/aqua2_interfaces/srv/set_named_float.hpp
-- Up-to-date: /home/ajbam/aquaLine/install/aqua2_interfaces/include/aqua2_interfaces/srv/mission_update.hpp
-- Up-to-date: /home/ajbam/aquaLine/install/aqua2_interfaces/include/aqua2_interfaces/srv/set_bool.hpp
-- Up-to-date: /home/ajbam/aquaLine/install/aqua2_interfaces/include/aqua2_interfaces/srv/get_string.hpp
-- Up-to-date: /home/ajbam/aquaLine/install/aqua2_interfaces/include/aqua2_interfaces/srv/get_autopilot_state.hpp
-- Up-to-date: /home/ajbam/aquaLine/install/aqua2_interfaces/include/aqua2_interfaces/srv/get_named_float.hpp
-- Up-to-date: /home/ajbam/aquaLine/install/aqua2_interfaces/include/aqua2_interfaces/srv/detail
-- Up-to-date: /home/ajbam/aquaLine/install/aqua2_interfaces/include/aqua2_interfaces/srv/detail/set_autopilot_mode__type_support.hpp
-- Up-to-date: /home/ajbam/aquaLine/install/aqua2_interfaces/include/aqua2_interfaces/srv/detail/set_autopilot_mode__struct.hpp
-- Up-to-date: /home/ajbam/aquaLine/install/aqua2_interfaces/include/aqua2_interfaces/srv/detail/get_named_int__builder.hpp
-- Up-to-date: /home/ajbam/aquaLine/install/aqua2_interfaces/include/aqua2_interfaces/srv/detail/set_named_float__struct.hpp
-- Up-to-date: /home/ajbam/aquaLine/install/aqua2_interfaces/include/aqua2_interfaces/srv/detail/set_leg_params__traits.hpp
-- Up-to-date: /home/ajbam/aquaLine/install/aqua2_interfaces/include/aqua2_interfaces/srv/detail/get_bool__traits.hpp
-- Up-to-date: /home/ajbam/aquaLine/install/aqua2_interfaces/include/aqua2_interfaces/srv/detail/mission_update__traits.hpp
-- Up-to-date: /home/ajbam/aquaLine/install/aqua2_interfaces/include/aqua2_interfaces/srv/detail/get_named_int__type_support.hpp
-- Up-to-date: /home/ajbam/aquaLine/install/aqua2_interfaces/include/aqua2_interfaces/srv/detail/get_named_bool__builder.hpp
-- Up-to-date: /home/ajbam/aquaLine/install/aqua2_interfaces/include/aqua2_interfaces/srv/detail/get_named_bool__traits.hpp
-- Up-to-date: /home/ajbam/aquaLine/install/aqua2_interfaces/include/aqua2_interfaces/srv/detail/get_named_bool__type_support.hpp
-- Up-to-date: /home/ajbam/aquaLine/install/aqua2_interfaces/include/aqua2_interfaces/srv/detail/set_string__builder.hpp
-- Up-to-date: /home/ajbam/aquaLine/install/aqua2_interfaces/include/aqua2_interfaces/srv/detail/set_bool__builder.hpp
-- Up-to-date: /home/ajbam/aquaLine/install/aqua2_interfaces/include/aqua2_interfaces/srv/detail/set_float__struct.hpp
-- Up-to-date: /home/ajbam/aquaLine/install/aqua2_interfaces/include/aqua2_interfaces/srv/detail/set_leg_params__type_support.hpp
-- Up-to-date: /home/ajbam/aquaLine/install/aqua2_interfaces/include/aqua2_interfaces/srv/detail/get_autopilot_state__struct.hpp
-- Up-to-date: /home/ajbam/aquaLine/install/aqua2_interfaces/include/aqua2_interfaces/srv/detail/mission_update__type_support.hpp
-- Up-to-date: /home/ajbam/aquaLine/install/aqua2_interfaces/include/aqua2_interfaces/srv/detail/set_int__type_support.hpp
-- Up-to-date: /home/ajbam/aquaLine/install/aqua2_interfaces/include/aqua2_interfaces/srv/detail/get_named_float__struct.hpp
-- Up-to-date: /home/ajbam/aquaLine/install/aqua2_interfaces/include/aqua2_interfaces/srv/detail/set_int__struct.hpp
-- Up-to-date: /home/ajbam/aquaLine/install/aqua2_interfaces/include/aqua2_interfaces/srv/detail/get_named_float__type_support.hpp
-- Up-to-date: /home/ajbam/aquaLine/install/aqua2_interfaces/include/aqua2_interfaces/srv/detail/set_named_float__traits.hpp
-- Up-to-date: /home/ajbam/aquaLine/install/aqua2_interfaces/include/aqua2_interfaces/srv/detail/get_named_int__struct.hpp
-- Up-to-date: /home/ajbam/aquaLine/install/aqua2_interfaces/include/aqua2_interfaces/srv/detail/set_autopilot_mode__builder.hpp
-- Up-to-date: /home/ajbam/aquaLine/install/aqua2_interfaces/include/aqua2_interfaces/srv/detail/get_string__builder.hpp
-- Up-to-date: /home/ajbam/aquaLine/install/aqua2_interfaces/include/aqua2_interfaces/srv/detail/set_bool__traits.hpp
-- Up-to-date: /home/ajbam/aquaLine/install/aqua2_interfaces/include/aqua2_interfaces/srv/detail/set_int__traits.hpp
-- Up-to-date: /home/ajbam/aquaLine/install/aqua2_interfaces/include/aqua2_interfaces/srv/detail/get_string__type_support.hpp
-- Up-to-date: /home/ajbam/aquaLine/install/aqua2_interfaces/include/aqua2_interfaces/srv/detail/get_string__traits.hpp
-- Up-to-date: /home/ajbam/aquaLine/install/aqua2_interfaces/include/aqua2_interfaces/srv/detail/set_string__type_support.hpp
-- Up-to-date: /home/ajbam/aquaLine/install/aqua2_interfaces/include/aqua2_interfaces/srv/detail/set_int__builder.hpp
-- Up-to-date: /home/ajbam/aquaLine/install/aqua2_interfaces/include/aqua2_interfaces/srv/detail/set_string__traits.hpp
-- Up-to-date: /home/ajbam/aquaLine/install/aqua2_interfaces/include/aqua2_interfaces/srv/detail/mission_update__builder.hpp
-- Up-to-date: /home/ajbam/aquaLine/install/aqua2_interfaces/include/aqua2_interfaces/srv/detail/get_named_float__traits.hpp
-- Up-to-date: /home/ajbam/aquaLine/install/aqua2_interfaces/include/aqua2_interfaces/srv/detail/get_autopilot_state__type_support.hpp
-- Up-to-date: /home/ajbam/aquaLine/install/aqua2_interfaces/include/aqua2_interfaces/srv/detail/get_named_float__builder.hpp
-- Up-to-date: /home/ajbam/aquaLine/install/aqua2_interfaces/include/aqua2_interfaces/srv/detail/get_autopilot_state__traits.hpp
-- Up-to-date: /home/ajbam/aquaLine/install/aqua2_interfaces/include/aqua2_interfaces/srv/detail/set_float__builder.hpp
-- Up-to-date: /home/ajbam/aquaLine/install/aqua2_interfaces/include/aqua2_interfaces/srv/detail/set_bool__type_support.hpp
-- Up-to-date: /home/ajbam/aquaLine/install/aqua2_interfaces/include/aqua2_interfaces/srv/detail/get_autopilot_state__builder.hpp
-- Up-to-date: /home/ajbam/aquaLine/install/aqua2_interfaces/include/aqua2_interfaces/srv/detail/get_bool__builder.hpp
-- Up-to-date: /home/ajbam/aquaLine/install/aqua2_interfaces/include/aqua2_interfaces/srv/detail/get_bool__type_support.hpp
-- Up-to-date: /home/ajbam/aquaLine/install/aqua2_interfaces/include/aqua2_interfaces/srv/detail/set_float__traits.hpp
-- Up-to-date: /home/ajbam/aquaLine/install/aqua2_interfaces/include/aqua2_interfaces/srv/detail/set_float__type_support.hpp
-- Up-to-date: /home/ajbam/aquaLine/install/aqua2_interfaces/include/aqua2_interfaces/srv/detail/set_bool__struct.hpp
-- Up-to-date: /home/ajbam/aquaLine/install/aqua2_interfaces/include/aqua2_interfaces/srv/detail/set_leg_params__struct.hpp
-- Up-to-date: /home/ajbam/aquaLine/install/aqua2_interfaces/include/aqua2_interfaces/srv/detail/get_named_bool__struct.hpp
-- Up-to-date: /home/ajbam/aquaLine/install/aqua2_interfaces/include/aqua2_interfaces/srv/detail/set_autopilot_mode__traits.hpp
-- Up-to-date: /home/ajbam/aquaLine/install/aqua2_interfaces/include/aqua2_interfaces/srv/detail/set_named_float__type_support.hpp
-- Up-to-date: /home/ajbam/aquaLine/install/aqua2_interfaces/include/aqua2_interfaces/srv/detail/get_string__struct.hpp
-- Up-to-date: /home/ajbam/aquaLine/install/aqua2_interfaces/include/aqua2_interfaces/srv/detail/set_named_float__builder.hpp
-- Up-to-date: /home/ajbam/aquaLine/install/aqua2_interfaces/include/aqua2_interfaces/srv/detail/set_leg_params__builder.hpp
-- Up-to-date: /home/ajbam/aquaLine/install/aqua2_interfaces/include/aqua2_interfaces/srv/detail/set_string__struct.hpp
-- Up-to-date: /home/ajbam/aquaLine/install/aqua2_interfaces/include/aqua2_interfaces/srv/detail/get_bool__struct.hpp
-- Up-to-date: /home/ajbam/aquaLine/install/aqua2_interfaces/include/aqua2_interfaces/srv/detail/mission_update__struct.hpp
-- Up-to-date: /home/ajbam/aquaLine/install/aqua2_interfaces/include/aqua2_interfaces/srv/detail/get_named_int__traits.hpp
-- Up-to-date: /home/ajbam/aquaLine/install/aqua2_interfaces/include/aqua2_interfaces/srv/set_leg_params.hpp
-- Up-to-date: /home/ajbam/aquaLine/install/aqua2_interfaces/include/aqua2_interfaces/srv/set_string.hpp
-- Up-to-date: /home/ajbam/aquaLine/install/aqua2_interfaces/include/aqua2_interfaces/srv/get_named_int.hpp
-- Up-to-date: /home/ajbam/aquaLine/install/aqua2_interfaces/include/aqua2_interfaces/msg
-- Up-to-date: /home/ajbam/aquaLine/install/aqua2_interfaces/include/aqua2_interfaces/msg/status_indicator.hpp
-- Up-to-date: /home/ajbam/aquaLine/install/aqua2_interfaces/include/aqua2_interfaces/msg/b_box.hpp
-- Up-to-date: /home/ajbam/aquaLine/install/aqua2_interfaces/include/aqua2_interfaces/msg/robodevel_state.hpp
-- Up-to-date: /home/ajbam/aquaLine/install/aqua2_interfaces/include/aqua2_interfaces/msg/leg_state.hpp
-- Up-to-date: /home/ajbam/aquaLine/install/aqua2_interfaces/include/aqua2_interfaces/msg/rosidl_generator_cpp__visibility_control.hpp
-- Up-to-date: /home/ajbam/aquaLine/install/aqua2_interfaces/include/aqua2_interfaces/msg/autopilot_command.hpp
-- Up-to-date: /home/ajbam/aquaLine/install/aqua2_interfaces/include/aqua2_interfaces/msg/waypoint.hpp
-- Up-to-date: /home/ajbam/aquaLine/install/aqua2_interfaces/include/aqua2_interfaces/msg/autopilot_targets.hpp
-- Up-to-date: /home/ajbam/aquaLine/install/aqua2_interfaces/include/aqua2_interfaces/msg/tag_feedback.hpp
-- Up-to-date: /home/ajbam/aquaLine/install/aqua2_interfaces/include/aqua2_interfaces/msg/command.hpp
-- Up-to-date: /home/ajbam/aquaLine/install/aqua2_interfaces/include/aqua2_interfaces/msg/periodic_leg_command.hpp
-- Up-to-date: /home/ajbam/aquaLine/install/aqua2_interfaces/include/aqua2_interfaces/msg/autopilot_pid_components.hpp
-- Up-to-date: /home/ajbam/aquaLine/install/aqua2_interfaces/include/aqua2_interfaces/msg/health.hpp
-- Up-to-date: /home/ajbam/aquaLine/install/aqua2_interfaces/include/aqua2_interfaces/msg/detail
-- Up-to-date: /home/ajbam/aquaLine/install/aqua2_interfaces/include/aqua2_interfaces/msg/detail/leg_state__type_support.hpp
-- Up-to-date: /home/ajbam/aquaLine/install/aqua2_interfaces/include/aqua2_interfaces/msg/detail/autopilot_output__builder.hpp
-- Up-to-date: /home/ajbam/aquaLine/install/aqua2_interfaces/include/aqua2_interfaces/msg/detail/robodevel_state__builder.hpp
-- Up-to-date: /home/ajbam/aquaLine/install/aqua2_interfaces/include/aqua2_interfaces/msg/detail/status_indicator__struct.hpp
-- Up-to-date: /home/ajbam/aquaLine/install/aqua2_interfaces/include/aqua2_interfaces/msg/detail/periodic_leg_command__builder.hpp
-- Up-to-date: /home/ajbam/aquaLine/install/aqua2_interfaces/include/aqua2_interfaces/msg/detail/command__struct.hpp
-- Up-to-date: /home/ajbam/aquaLine/install/aqua2_interfaces/include/aqua2_interfaces/msg/detail/b_box__builder.hpp
-- Up-to-date: /home/ajbam/aquaLine/install/aqua2_interfaces/include/aqua2_interfaces/msg/detail/b_box__traits.hpp
-- Up-to-date: /home/ajbam/aquaLine/install/aqua2_interfaces/include/aqua2_interfaces/msg/detail/status_indicator__type_support.hpp
-- Up-to-date: /home/ajbam/aquaLine/install/aqua2_interfaces/include/aqua2_interfaces/msg/detail/status_indicator__builder.hpp
-- Up-to-date: /home/ajbam/aquaLine/install/aqua2_interfaces/include/aqua2_interfaces/msg/detail/health__builder.hpp
-- Up-to-date: /home/ajbam/aquaLine/install/aqua2_interfaces/include/aqua2_interfaces/msg/detail/tag_feedback__type_support.hpp
-- Up-to-date: /home/ajbam/aquaLine/install/aqua2_interfaces/include/aqua2_interfaces/msg/detail/autopilot_output__struct.hpp
-- Up-to-date: /home/ajbam/aquaLine/install/aqua2_interfaces/include/aqua2_interfaces/msg/detail/leg_state__builder.hpp
-- Up-to-date: /home/ajbam/aquaLine/install/aqua2_interfaces/include/aqua2_interfaces/msg/detail/health__struct.hpp
-- Up-to-date: /home/ajbam/aquaLine/install/aqua2_interfaces/include/aqua2_interfaces/msg/detail/b_box__type_support.hpp
-- Up-to-date: /home/ajbam/aquaLine/install/aqua2_interfaces/include/aqua2_interfaces/msg/detail/waypoint__traits.hpp
-- Up-to-date: /home/ajbam/aquaLine/install/aqua2_interfaces/include/aqua2_interfaces/msg/detail/robodevel_state__traits.hpp
-- Up-to-date: /home/ajbam/aquaLine/install/aqua2_interfaces/include/aqua2_interfaces/msg/detail/status_indicator__traits.hpp
-- Up-to-date: /home/ajbam/aquaLine/install/aqua2_interfaces/include/aqua2_interfaces/msg/detail/periodic_leg_command__traits.hpp
-- Up-to-date: /home/ajbam/aquaLine/install/aqua2_interfaces/include/aqua2_interfaces/msg/detail/command__type_support.hpp
-- Up-to-date: /home/ajbam/aquaLine/install/aqua2_interfaces/include/aqua2_interfaces/msg/detail/autopilot_targets__struct.hpp
-- Up-to-date: /home/ajbam/aquaLine/install/aqua2_interfaces/include/aqua2_interfaces/msg/detail/autopilot_pid_components__type_support.hpp
-- Up-to-date: /home/ajbam/aquaLine/install/aqua2_interfaces/include/aqua2_interfaces/msg/detail/leg_state__struct.hpp
-- Up-to-date: /home/ajbam/aquaLine/install/aqua2_interfaces/include/aqua2_interfaces/msg/detail/robodevel_state__type_support.hpp
-- Up-to-date: /home/ajbam/aquaLine/install/aqua2_interfaces/include/aqua2_interfaces/msg/detail/autopilot_pid_components__struct.hpp
-- Up-to-date: /home/ajbam/aquaLine/install/aqua2_interfaces/include/aqua2_interfaces/msg/detail/autopilot_output__type_support.hpp
-- Up-to-date: /home/ajbam/aquaLine/install/aqua2_interfaces/include/aqua2_interfaces/msg/detail/periodic_leg_command__type_support.hpp
-- Up-to-date: /home/ajbam/aquaLine/install/aqua2_interfaces/include/aqua2_interfaces/msg/detail/autopilot_pid_components__builder.hpp
-- Up-to-date: /home/ajbam/aquaLine/install/aqua2_interfaces/include/aqua2_interfaces/msg/detail/tag_feedback__traits.hpp
-- Up-to-date: /home/ajbam/aquaLine/install/aqua2_interfaces/include/aqua2_interfaces/msg/detail/autopilot_pid_components__traits.hpp
-- Up-to-date: /home/ajbam/aquaLine/install/aqua2_interfaces/include/aqua2_interfaces/msg/detail/health__traits.hpp
-- Up-to-date: /home/ajbam/aquaLine/install/aqua2_interfaces/include/aqua2_interfaces/msg/detail/periodic_leg_command__struct.hpp
-- Up-to-date: /home/ajbam/aquaLine/install/aqua2_interfaces/include/aqua2_interfaces/msg/detail/autopilot_targets__builder.hpp
-- Up-to-date: /home/ajbam/aquaLine/install/aqua2_interfaces/include/aqua2_interfaces/msg/detail/autopilot_command__type_support.hpp
-- Up-to-date: /home/ajbam/aquaLine/install/aqua2_interfaces/include/aqua2_interfaces/msg/detail/command__builder.hpp
-- Up-to-date: /home/ajbam/aquaLine/install/aqua2_interfaces/include/aqua2_interfaces/msg/detail/autopilot_command__traits.hpp
-- Up-to-date: /home/ajbam/aquaLine/install/aqua2_interfaces/include/aqua2_interfaces/msg/detail/tag_feedback__struct.hpp
-- Up-to-date: /home/ajbam/aquaLine/install/aqua2_interfaces/include/aqua2_interfaces/msg/detail/robodevel_state__struct.hpp
-- Up-to-date: /home/ajbam/aquaLine/install/aqua2_interfaces/include/aqua2_interfaces/msg/detail/waypoint__type_support.hpp
-- Up-to-date: /home/ajbam/aquaLine/install/aqua2_interfaces/include/aqua2_interfaces/msg/detail/command__traits.hpp
-- Up-to-date: /home/ajbam/aquaLine/install/aqua2_interfaces/include/aqua2_interfaces/msg/detail/autopilot_targets__type_support.hpp
-- Up-to-date: /home/ajbam/aquaLine/install/aqua2_interfaces/include/aqua2_interfaces/msg/detail/health__type_support.hpp
-- Up-to-date: /home/ajbam/aquaLine/install/aqua2_interfaces/include/aqua2_interfaces/msg/detail/autopilot_command__struct.hpp
-- Up-to-date: /home/ajbam/aquaLine/install/aqua2_interfaces/include/aqua2_interfaces/msg/detail/autopilot_command__builder.hpp
-- Up-to-date: /home/ajbam/aquaLine/install/aqua2_interfaces/include/aqua2_interfaces/msg/detail/waypoint__builder.hpp
-- Up-to-date: /home/ajbam/aquaLine/install/aqua2_interfaces/include/aqua2_interfaces/msg/detail/waypoint__struct.hpp
-- Up-to-date: /home/ajbam/aquaLine/install/aqua2_interfaces/include/aqua2_interfaces/msg/detail/autopilot_targets__traits.hpp
-- Up-to-date: /home/ajbam/aquaLine/install/aqua2_interfaces/include/aqua2_interfaces/msg/detail/leg_state__traits.hpp
-- Up-to-date: /home/ajbam/aquaLine/install/aqua2_interfaces/include/aqua2_interfaces/msg/detail/b_box__struct.hpp
-- Up-to-date: /home/ajbam/aquaLine/install/aqua2_interfaces/include/aqua2_interfaces/msg/detail/autopilot_output__traits.hpp
-- Up-to-date: /home/ajbam/aquaLine/install/aqua2_interfaces/include/aqua2_interfaces/msg/detail/tag_feedback__builder.hpp
-- Up-to-date: /home/ajbam/aquaLine/install/aqua2_interfaces/include/aqua2_interfaces/msg/autopilot_output.hpp
-- Up-to-date: /home/ajbam/aquaLine/install/aqua2_interfaces/include/aqua2_interfaces
-- Up-to-date: /home/ajbam/aquaLine/install/aqua2_interfaces/include/aqua2_interfaces/srv
-- Up-to-date: /home/ajbam/aquaLine/install/aqua2_interfaces/include/aqua2_interfaces/srv/detail
-- Up-to-date: /home/ajbam/aquaLine/install/aqua2_interfaces/include/aqua2_interfaces/srv/detail/get_named_int__type_support.cpp
-- Up-to-date: /home/ajbam/aquaLine/install/aqua2_interfaces/include/aqua2_interfaces/srv/detail/set_int__rosidl_typesupport_introspection_cpp.hpp
-- Up-to-date: /home/ajbam/aquaLine/install/aqua2_interfaces/include/aqua2_interfaces/srv/detail/get_named_int__rosidl_typesupport_introspection_cpp.hpp
-- Up-to-date: /home/ajbam/aquaLine/install/aqua2_interfaces/include/aqua2_interfaces/srv/detail/get_named_bool__type_support.cpp
-- Up-to-date: /home/ajbam/aquaLine/install/aqua2_interfaces/include/aqua2_interfaces/srv/detail/get_bool__rosidl_typesupport_introspection_cpp.hpp
-- Up-to-date: /home/ajbam/aquaLine/install/aqua2_interfaces/include/aqua2_interfaces/srv/detail/mission_update__rosidl_typesupport_introspection_cpp.hpp
-- Up-to-date: /home/ajbam/aquaLine/install/aqua2_interfaces/include/aqua2_interfaces/srv/detail/set_float__rosidl_typesupport_introspection_cpp.hpp
-- Up-to-date: /home/ajbam/aquaLine/install/aqua2_interfaces/include/aqua2_interfaces/srv/detail/get_autopilot_state__rosidl_typesupport_introspection_cpp.hpp
-- Up-to-date: /home/ajbam/aquaLine/install/aqua2_interfaces/include/aqua2_interfaces/srv/detail/set_bool__type_support.cpp
-- Up-to-date: /home/ajbam/aquaLine/install/aqua2_interfaces/include/aqua2_interfaces/srv/detail/get_named_float__rosidl_typesupport_introspection_cpp.hpp
-- Up-to-date: /home/ajbam/aquaLine/install/aqua2_interfaces/include/aqua2_interfaces/srv/detail/set_string__type_support.cpp
-- Up-to-date: /home/ajbam/aquaLine/install/aqua2_interfaces/include/aqua2_interfaces/srv/detail/set_autopilot_mode__type_support.cpp
-- Up-to-date: /home/ajbam/aquaLine/install/aqua2_interfaces/include/aqua2_interfaces/srv/detail/set_leg_params__type_support.cpp
-- Up-to-date: /home/ajbam/aquaLine/install/aqua2_interfaces/include/aqua2_interfaces/srv/detail/get_string__rosidl_typesupport_introspection_cpp.hpp
-- Up-to-date: /home/ajbam/aquaLine/install/aqua2_interfaces/include/aqua2_interfaces/srv/detail/get_bool__type_support.cpp
-- Up-to-date: /home/ajbam/aquaLine/install/aqua2_interfaces/include/aqua2_interfaces/srv/detail/get_autopilot_state__type_support.cpp
-- Up-to-date: /home/ajbam/aquaLine/install/aqua2_interfaces/include/aqua2_interfaces/srv/detail/set_named_float__rosidl_typesupport_introspection_cpp.hpp
-- Up-to-date: /home/ajbam/aquaLine/install/aqua2_interfaces/include/aqua2_interfaces/srv/detail/mission_update__type_support.cpp
-- Up-to-date: /home/ajbam/aquaLine/install/aqua2_interfaces/include/aqua2_interfaces/srv/detail/set_bool__rosidl_typesupport_introspection_cpp.hpp
-- Up-to-date: /home/ajbam/aquaLine/install/aqua2_interfaces/include/aqua2_interfaces/srv/detail/set_float__type_support.cpp
-- Up-to-date: /home/ajbam/aquaLine/install/aqua2_interfaces/include/aqua2_interfaces/srv/detail/set_autopilot_mode__rosidl_typesupport_introspection_cpp.hpp
-- Up-to-date: /home/ajbam/aquaLine/install/aqua2_interfaces/include/aqua2_interfaces/srv/detail/set_named_float__type_support.cpp
-- Up-to-date: /home/ajbam/aquaLine/install/aqua2_interfaces/include/aqua2_interfaces/srv/detail/get_named_bool__rosidl_typesupport_introspection_cpp.hpp
-- Up-to-date: /home/ajbam/aquaLine/install/aqua2_interfaces/include/aqua2_interfaces/srv/detail/get_string__type_support.cpp
-- Up-to-date: /home/ajbam/aquaLine/install/aqua2_interfaces/include/aqua2_interfaces/srv/detail/set_leg_params__rosidl_typesupport_introspection_cpp.hpp
-- Up-to-date: /home/ajbam/aquaLine/install/aqua2_interfaces/include/aqua2_interfaces/srv/detail/set_string__rosidl_typesupport_introspection_cpp.hpp
-- Up-to-date: /home/ajbam/aquaLine/install/aqua2_interfaces/include/aqua2_interfaces/srv/detail/get_named_float__type_support.cpp
-- Up-to-date: /home/ajbam/aquaLine/install/aqua2_interfaces/include/aqua2_interfaces/srv/detail/set_int__type_support.cpp
-- Up-to-date: /home/ajbam/aquaLine/install/aqua2_interfaces/include/aqua2_interfaces/msg
-- Up-to-date: /home/ajbam/aquaLine/install/aqua2_interfaces/include/aqua2_interfaces/msg/detail
-- Up-to-date: /home/ajbam/aquaLine/install/aqua2_interfaces/include/aqua2_interfaces/msg/detail/autopilot_pid_components__rosidl_typesupport_introspection_cpp.hpp
-- Up-to-date: /home/ajbam/aquaLine/install/aqua2_interfaces/include/aqua2_interfaces/msg/detail/robodevel_state__rosidl_typesupport_introspection_cpp.hpp
-- Up-to-date: /home/ajbam/aquaLine/install/aqua2_interfaces/include/aqua2_interfaces/msg/detail/command__rosidl_typesupport_introspection_cpp.hpp
-- Up-to-date: /home/ajbam/aquaLine/install/aqua2_interfaces/include/aqua2_interfaces/msg/detail/command__type_support.cpp
-- Up-to-date: /home/ajbam/aquaLine/install/aqua2_interfaces/include/aqua2_interfaces/msg/detail/b_box__rosidl_typesupport_introspection_cpp.hpp
-- Up-to-date: /home/ajbam/aquaLine/install/aqua2_interfaces/include/aqua2_interfaces/msg/detail/status_indicator__type_support.cpp
-- Up-to-date: /home/ajbam/aquaLine/install/aqua2_interfaces/include/aqua2_interfaces/msg/detail/status_indicator__rosidl_typesupport_introspection_cpp.hpp
-- Up-to-date: /home/ajbam/aquaLine/install/aqua2_interfaces/include/aqua2_interfaces/msg/detail/health__rosidl_typesupport_introspection_cpp.hpp
-- Up-to-date: /home/ajbam/aquaLine/install/aqua2_interfaces/include/aqua2_interfaces/msg/detail/autopilot_output__rosidl_typesupport_introspection_cpp.hpp
-- Up-to-date: /home/ajbam/aquaLine/install/aqua2_interfaces/include/aqua2_interfaces/msg/detail/b_box__type_support.cpp
-- Up-to-date: /home/ajbam/aquaLine/install/aqua2_interfaces/include/aqua2_interfaces/msg/detail/autopilot_targets__type_support.cpp
-- Up-to-date: /home/ajbam/aquaLine/install/aqua2_interfaces/include/aqua2_interfaces/msg/detail/tag_feedback__type_support.cpp
-- Up-to-date: /home/ajbam/aquaLine/install/aqua2_interfaces/include/aqua2_interfaces/msg/detail/autopilot_pid_components__type_support.cpp
-- Up-to-date: /home/ajbam/aquaLine/install/aqua2_interfaces/include/aqua2_interfaces/msg/detail/autopilot_command__rosidl_typesupport_introspection_cpp.hpp
-- Up-to-date: /home/ajbam/aquaLine/install/aqua2_interfaces/include/aqua2_interfaces/msg/detail/leg_state__rosidl_typesupport_introspection_cpp.hpp
-- Up-to-date: /home/ajbam/aquaLine/install/aqua2_interfaces/include/aqua2_interfaces/msg/detail/autopilot_output__type_support.cpp
-- Up-to-date: /home/ajbam/aquaLine/install/aqua2_interfaces/include/aqua2_interfaces/msg/detail/tag_feedback__rosidl_typesupport_introspection_cpp.hpp
-- Up-to-date: /home/ajbam/aquaLine/install/aqua2_interfaces/include/aqua2_interfaces/msg/detail/waypoint__rosidl_typesupport_introspection_cpp.hpp
-- Up-to-date: /home/ajbam/aquaLine/install/aqua2_interfaces/include/aqua2_interfaces/msg/detail/health__type_support.cpp
-- Up-to-date: /home/ajbam/aquaLine/install/aqua2_interfaces/include/aqua2_interfaces/msg/detail/robodevel_state__type_support.cpp
-- Up-to-date: /home/ajbam/aquaLine/install/aqua2_interfaces/include/aqua2_interfaces/msg/detail/autopilot_targets__rosidl_typesupport_introspection_cpp.hpp
-- Up-to-date: /home/ajbam/aquaLine/install/aqua2_interfaces/include/aqua2_interfaces/msg/detail/periodic_leg_command__rosidl_typesupport_introspection_cpp.hpp
-- Up-to-date: /home/ajbam/aquaLine/install/aqua2_interfaces/include/aqua2_interfaces/msg/detail/periodic_leg_command__type_support.cpp
-- Up-to-date: /home/ajbam/aquaLine/install/aqua2_interfaces/include/aqua2_interfaces/msg/detail/leg_state__type_support.cpp
-- Up-to-date: /home/ajbam/aquaLine/install/aqua2_interfaces/include/aqua2_interfaces/msg/detail/waypoint__type_support.cpp
-- Up-to-date: /home/ajbam/aquaLine/install/aqua2_interfaces/include/aqua2_interfaces/msg/detail/autopilot_command__type_support.cpp
-- Up-to-date: /home/ajbam/aquaLine/install/aqua2_interfaces/lib/libaqua2_interfaces__rosidl_typesupport_introspection_cpp.so
-- Up-to-date: /home/ajbam/aquaLine/install/aqua2_interfaces/lib/libaqua2_interfaces__rosidl_typesupport_cpp.so
-- Up-to-date: /home/ajbam/aquaLine/install/aqua2_interfaces/share/aqua2_interfaces/environment/pythonpath.sh
-- Up-to-date: /home/ajbam/aquaLine/install/aqua2_interfaces/share/aqua2_interfaces/environment/pythonpath.dsv
-- Up-to-date: /home/ajbam/aquaLine/install/aqua2_interfaces/lib/python3.8/site-packages/aqua2_interfaces/__init__.py
-- Up-to-date: /home/ajbam/aquaLine/install/aqua2_interfaces/lib/python3.8/site-packages/aqua2_interfaces/msg
-- Up-to-date: /home/ajbam/aquaLine/install/aqua2_interfaces/lib/python3.8/site-packages/aqua2_interfaces/msg/_health.py
-- Up-to-date: /home/ajbam/aquaLine/install/aqua2_interfaces/lib/python3.8/site-packages/aqua2_interfaces/msg/_autopilot_output.py
-- Up-to-date: /home/ajbam/aquaLine/install/aqua2_interfaces/lib/python3.8/site-packages/aqua2_interfaces/msg/_b_box_s.c
-- Up-to-date: /home/ajbam/aquaLine/install/aqua2_interfaces/lib/python3.8/site-packages/aqua2_interfaces/msg/_health_s.c
-- Up-to-date: /home/ajbam/aquaLine/install/aqua2_interfaces/lib/python3.8/site-packages/aqua2_interfaces/msg/_autopilot_targets_s.c
-- Up-to-date: /home/ajbam/aquaLine/install/aqua2_interfaces/lib/python3.8/site-packages/aqua2_interfaces/msg/_command_s.c
-- Up-to-date: /home/ajbam/aquaLine/install/aqua2_interfaces/lib/python3.8/site-packages/aqua2_interfaces/msg/_autopilot_command.py
-- Up-to-date: /home/ajbam/aquaLine/install/aqua2_interfaces/lib/python3.8/site-packages/aqua2_interfaces/msg/_leg_state.py
-- Up-to-date: /home/ajbam/aquaLine/install/aqua2_interfaces/lib/python3.8/site-packages/aqua2_interfaces/msg/_command.py
-- Up-to-date: /home/ajbam/aquaLine/install/aqua2_interfaces/lib/python3.8/site-packages/aqua2_interfaces/msg/_periodic_leg_command_s.c
-- Up-to-date: /home/ajbam/aquaLine/install/aqua2_interfaces/lib/python3.8/site-packages/aqua2_interfaces/msg/_robodevel_state_s.c
-- Up-to-date: /home/ajbam/aquaLine/install/aqua2_interfaces/lib/python3.8/site-packages/aqua2_interfaces/msg/_status_indicator.py
-- Up-to-date: /home/ajbam/aquaLine/install/aqua2_interfaces/lib/python3.8/site-packages/aqua2_interfaces/msg/_tag_feedback.py
-- Up-to-date: /home/ajbam/aquaLine/install/aqua2_interfaces/lib/python3.8/site-packages/aqua2_interfaces/msg/_status_indicator_s.c
-- Up-to-date: /home/ajbam/aquaLine/install/aqua2_interfaces/lib/python3.8/site-packages/aqua2_interfaces/msg/_autopilot_pid_components_s.c
-- Up-to-date: /home/ajbam/aquaLine/install/aqua2_interfaces/lib/python3.8/site-packages/aqua2_interfaces/msg/_autopilot_targets.py
-- Up-to-date: /home/ajbam/aquaLine/install/aqua2_interfaces/lib/python3.8/site-packages/aqua2_interfaces/msg/_autopilot_output_s.c
-- Up-to-date: /home/ajbam/aquaLine/install/aqua2_interfaces/lib/python3.8/site-packages/aqua2_interfaces/msg/_periodic_leg_command.py
-- Up-to-date: /home/ajbam/aquaLine/install/aqua2_interfaces/lib/python3.8/site-packages/aqua2_interfaces/msg/_autopilot_pid_components.py
-- Up-to-date: /home/ajbam/aquaLine/install/aqua2_interfaces/lib/python3.8/site-packages/aqua2_interfaces/msg/_waypoint_s.c
-- Up-to-date: /home/ajbam/aquaLine/install/aqua2_interfaces/lib/python3.8/site-packages/aqua2_interfaces/msg/_robodevel_state.py
-- Up-to-date: /home/ajbam/aquaLine/install/aqua2_interfaces/lib/python3.8/site-packages/aqua2_interfaces/msg/_autopilot_command_s.c
-- Up-to-date: /home/ajbam/aquaLine/install/aqua2_interfaces/lib/python3.8/site-packages/aqua2_interfaces/msg/__init__.py
-- Up-to-date: /home/ajbam/aquaLine/install/aqua2_interfaces/lib/python3.8/site-packages/aqua2_interfaces/msg/_tag_feedback_s.c
-- Up-to-date: /home/ajbam/aquaLine/install/aqua2_interfaces/lib/python3.8/site-packages/aqua2_interfaces/msg/_leg_state_s.c
-- Up-to-date: /home/ajbam/aquaLine/install/aqua2_interfaces/lib/python3.8/site-packages/aqua2_interfaces/msg/_waypoint.py
-- Up-to-date: /home/ajbam/aquaLine/install/aqua2_interfaces/lib/python3.8/site-packages/aqua2_interfaces/msg/_b_box.py
-- Up-to-date: /home/ajbam/aquaLine/install/aqua2_interfaces/lib/python3.8/site-packages/aqua2_interfaces/srv
-- Up-to-date: /home/ajbam/aquaLine/install/aqua2_interfaces/lib/python3.8/site-packages/aqua2_interfaces/srv/_get_autopilot_state.py
-- Up-to-date: /home/ajbam/aquaLine/install/aqua2_interfaces/lib/python3.8/site-packages/aqua2_interfaces/srv/_mission_update.py
-- Up-to-date: /home/ajbam/aquaLine/install/aqua2_interfaces/lib/python3.8/site-packages/aqua2_interfaces/srv/_get_autopilot_state_s.c
-- Up-to-date: /home/ajbam/aquaLine/install/aqua2_interfaces/lib/python3.8/site-packages/aqua2_interfaces/srv/_get_named_int.py
-- Up-to-date: /home/ajbam/aquaLine/install/aqua2_interfaces/lib/python3.8/site-packages/aqua2_interfaces/srv/_set_leg_params_s.c
-- Up-to-date: /home/ajbam/aquaLine/install/aqua2_interfaces/lib/python3.8/site-packages/aqua2_interfaces/srv/_get_named_int_s.c
-- Up-to-date: /home/ajbam/aquaLine/install/aqua2_interfaces/lib/python3.8/site-packages/aqua2_interfaces/srv/_set_string_s.c
-- Up-to-date: /home/ajbam/aquaLine/install/aqua2_interfaces/lib/python3.8/site-packages/aqua2_interfaces/srv/_set_bool_s.c
-- Up-to-date: /home/ajbam/aquaLine/install/aqua2_interfaces/lib/python3.8/site-packages/aqua2_interfaces/srv/_get_named_bool_s.c
-- Up-to-date: /home/ajbam/aquaLine/install/aqua2_interfaces/lib/python3.8/site-packages/aqua2_interfaces/srv/_set_int_s.c
-- Up-to-date: /home/ajbam/aquaLine/install/aqua2_interfaces/lib/python3.8/site-packages/aqua2_interfaces/srv/_set_autopilot_mode_s.c
-- Up-to-date: /home/ajbam/aquaLine/install/aqua2_interfaces/lib/python3.8/site-packages/aqua2_interfaces/srv/_get_named_float_s.c
-- Up-to-date: /home/ajbam/aquaLine/install/aqua2_interfaces/lib/python3.8/site-packages/aqua2_interfaces/srv/_set_float.py
-- Up-to-date: /home/ajbam/aquaLine/install/aqua2_interfaces/lib/python3.8/site-packages/aqua2_interfaces/srv/_set_string.py
-- Up-to-date: /home/ajbam/aquaLine/install/aqua2_interfaces/lib/python3.8/site-packages/aqua2_interfaces/srv/_set_autopilot_mode.py
-- Up-to-date: /home/ajbam/aquaLine/install/aqua2_interfaces/lib/python3.8/site-packages/aqua2_interfaces/srv/_set_leg_params.py
-- Up-to-date: /home/ajbam/aquaLine/install/aqua2_interfaces/lib/python3.8/site-packages/aqua2_interfaces/srv/_get_named_float.py
-- Up-to-date: /home/ajbam/aquaLine/install/aqua2_interfaces/lib/python3.8/site-packages/aqua2_interfaces/srv/_get_bool_s.c
-- Up-to-date: /home/ajbam/aquaLine/install/aqua2_interfaces/lib/python3.8/site-packages/aqua2_interfaces/srv/_get_named_bool.py
-- Up-to-date: /home/ajbam/aquaLine/install/aqua2_interfaces/lib/python3.8/site-packages/aqua2_interfaces/srv/__init__.py
-- Up-to-date: /home/ajbam/aquaLine/install/aqua2_interfaces/lib/python3.8/site-packages/aqua2_interfaces/srv/_get_string_s.c
-- Up-to-date: /home/ajbam/aquaLine/install/aqua2_interfaces/lib/python3.8/site-packages/aqua2_interfaces/srv/_set_float_s.c
-- Up-to-date: /home/ajbam/aquaLine/install/aqua2_interfaces/lib/python3.8/site-packages/aqua2_interfaces/srv/_set_named_float_s.c
-- Up-to-date: /home/ajbam/aquaLine/install/aqua2_interfaces/lib/python3.8/site-packages/aqua2_interfaces/srv/_mission_update_s.c
-- Up-to-date: /home/ajbam/aquaLine/install/aqua2_interfaces/lib/python3.8/site-packages/aqua2_interfaces/srv/_get_bool.py
-- Up-to-date: /home/ajbam/aquaLine/install/aqua2_interfaces/lib/python3.8/site-packages/aqua2_interfaces/srv/_get_string.py
-- Up-to-date: /home/ajbam/aquaLine/install/aqua2_interfaces/lib/python3.8/site-packages/aqua2_interfaces/srv/_set_bool.py
-- Up-to-date: /home/ajbam/aquaLine/install/aqua2_interfaces/lib/python3.8/site-packages/aqua2_interfaces/srv/_set_named_float.py
-- Up-to-date: /home/ajbam/aquaLine/install/aqua2_interfaces/lib/python3.8/site-packages/aqua2_interfaces/srv/_set_int.py
-- Up-to-date: /home/ajbam/aquaLine/install/aqua2_interfaces/lib/python3.8/site-packages/aqua2_interfaces/aqua2_interfaces_s__rosidl_typesupport_fastrtps_c.cpython-38-x86_64-linux-gnu.so
-- Up-to-date: /home/ajbam/aquaLine/install/aqua2_interfaces/lib/python3.8/site-packages/aqua2_interfaces/aqua2_interfaces_s__rosidl_typesupport_introspection_c.cpython-38-x86_64-linux-gnu.so
-- Up-to-date: /home/ajbam/aquaLine/install/aqua2_interfaces/lib/python3.8/site-packages/aqua2_interfaces/aqua2_interfaces_s__rosidl_typesupport_c.cpython-38-x86_64-linux-gnu.so
-- Up-to-date: /home/ajbam/aquaLine/install/aqua2_interfaces/lib/libaqua2_interfaces__python.so
-- Up-to-date: /home/ajbam/aquaLine/install/aqua2_interfaces/share/aqua2_interfaces/msg/StatusIndicator.idl
-- Up-to-date: /home/ajbam/aquaLine/install/aqua2_interfaces/share/aqua2_interfaces/msg/Command.idl
-- Up-to-date: /home/ajbam/aquaLine/install/aqua2_interfaces/share/aqua2_interfaces/msg/Health.idl
-- Up-to-date: /home/ajbam/aquaLine/install/aqua2_interfaces/share/aqua2_interfaces/msg/AutopilotCommand.idl
-- Up-to-date: /home/ajbam/aquaLine/install/aqua2_interfaces/share/aqua2_interfaces/msg/AutopilotTargets.idl
-- Up-to-date: /home/ajbam/aquaLine/install/aqua2_interfaces/share/aqua2_interfaces/msg/AutopilotOutput.idl
-- Up-to-date: /home/ajbam/aquaLine/install/aqua2_interfaces/share/aqua2_interfaces/msg/AutopilotPIDComponents.idl
-- Up-to-date: /home/ajbam/aquaLine/install/aqua2_interfaces/share/aqua2_interfaces/msg/PeriodicLegCommand.idl
-- Up-to-date: /home/ajbam/aquaLine/install/aqua2_interfaces/share/aqua2_interfaces/msg/LegState.idl
-- Up-to-date: /home/ajbam/aquaLine/install/aqua2_interfaces/share/aqua2_interfaces/msg/Waypoint.idl
-- Up-to-date: /home/ajbam/aquaLine/install/aqua2_interfaces/share/aqua2_interfaces/msg/RobodevelState.idl
-- Up-to-date: /home/ajbam/aquaLine/install/aqua2_interfaces/share/aqua2_interfaces/msg/BBox.idl
-- Up-to-date: /home/ajbam/aquaLine/install/aqua2_interfaces/share/aqua2_interfaces/msg/TagFeedback.idl
-- Up-to-date: /home/ajbam/aquaLine/install/aqua2_interfaces/share/aqua2_interfaces/srv/GetAutopilotState.idl
-- Up-to-date: /home/ajbam/aquaLine/install/aqua2_interfaces/share/aqua2_interfaces/srv/GetBool.idl
-- Up-to-date: /home/ajbam/aquaLine/install/aqua2_interfaces/share/aqua2_interfaces/srv/GetNamedBool.idl
-- Up-to-date: /home/ajbam/aquaLine/install/aqua2_interfaces/share/aqua2_interfaces/srv/GetNamedFloat.idl
-- Up-to-date: /home/ajbam/aquaLine/install/aqua2_interfaces/share/aqua2_interfaces/srv/GetNamedInt.idl
-- Up-to-date: /home/ajbam/aquaLine/install/aqua2_interfaces/share/aqua2_interfaces/srv/GetString.idl
-- Up-to-date: /home/ajbam/aquaLine/install/aqua2_interfaces/share/aqua2_interfaces/srv/MissionUpdate.idl
-- Up-to-date: /home/ajbam/aquaLine/install/aqua2_interfaces/share/aqua2_interfaces/srv/SetAutopilotMode.idl
-- Up-to-date: /home/ajbam/aquaLine/install/aqua2_interfaces/share/aqua2_interfaces/srv/SetBool.idl
-- Up-to-date: /home/ajbam/aquaLine/install/aqua2_interfaces/share/aqua2_interfaces/srv/SetFloat.idl
-- Up-to-date: /home/ajbam/aquaLine/install/aqua2_interfaces/share/aqua2_interfaces/srv/SetInt.idl
-- Up-to-date: /home/ajbam/aquaLine/install/aqua2_interfaces/share/aqua2_interfaces/srv/SetLegParams.idl
-- Up-to-date: /home/ajbam/aquaLine/install/aqua2_interfaces/share/aqua2_interfaces/srv/SetNamedFloat.idl
-- Up-to-date: /home/ajbam/aquaLine/install/aqua2_interfaces/share/aqua2_interfaces/srv/SetString.idl
-- Up-to-date: /home/ajbam/aquaLine/install/aqua2_interfaces/share/aqua2_interfaces/msg/StatusIndicator.msg
-- Up-to-date: /home/ajbam/aquaLine/install/aqua2_interfaces/share/aqua2_interfaces/msg/Command.msg
-- Up-to-date: /home/ajbam/aquaLine/install/aqua2_interfaces/share/aqua2_interfaces/msg/Health.msg
-- Up-to-date: /home/ajbam/aquaLine/install/aqua2_interfaces/share/aqua2_interfaces/msg/AutopilotCommand.msg
-- Up-to-date: /home/ajbam/aquaLine/install/aqua2_interfaces/share/aqua2_interfaces/msg/AutopilotTargets.msg
-- Up-to-date: /home/ajbam/aquaLine/install/aqua2_interfaces/share/aqua2_interfaces/msg/AutopilotOutput.msg
-- Up-to-date: /home/ajbam/aquaLine/install/aqua2_interfaces/share/aqua2_interfaces/msg/AutopilotPIDComponents.msg
-- Up-to-date: /home/ajbam/aquaLine/install/aqua2_interfaces/share/aqua2_interfaces/msg/PeriodicLegCommand.msg
-- Up-to-date: /home/ajbam/aquaLine/install/aqua2_interfaces/share/aqua2_interfaces/msg/LegState.msg
-- Up-to-date: /home/ajbam/aquaLine/install/aqua2_interfaces/share/aqua2_interfaces/msg/Waypoint.msg
-- Up-to-date: /home/ajbam/aquaLine/install/aqua2_interfaces/share/aqua2_interfaces/msg/RobodevelState.msg
-- Up-to-date: /home/ajbam/aquaLine/install/aqua2_interfaces/share/aqua2_interfaces/msg/BBox.msg
-- Up-to-date: /home/ajbam/aquaLine/install/aqua2_interfaces/share/aqua2_interfaces/msg/TagFeedback.msg
-- Up-to-date: /home/ajbam/aquaLine/install/aqua2_interfaces/share/aqua2_interfaces/srv/GetAutopilotState.srv
-- Up-to-date: /home/ajbam/aquaLine/install/aqua2_interfaces/share/aqua2_interfaces/srv/GetAutopilotState_Request.msg
-- Up-to-date: /home/ajbam/aquaLine/install/aqua2_interfaces/share/aqua2_interfaces/srv/GetAutopilotState_Response.msg
-- Up-to-date: /home/ajbam/aquaLine/install/aqua2_interfaces/share/aqua2_interfaces/srv/GetBool.srv
-- Up-to-date: /home/ajbam/aquaLine/install/aqua2_interfaces/share/aqua2_interfaces/srv/GetBool_Request.msg
-- Up-to-date: /home/ajbam/aquaLine/install/aqua2_interfaces/share/aqua2_interfaces/srv/GetBool_Response.msg
-- Up-to-date: /home/ajbam/aquaLine/install/aqua2_interfaces/share/aqua2_interfaces/srv/GetNamedBool.srv
-- Up-to-date: /home/ajbam/aquaLine/install/aqua2_interfaces/share/aqua2_interfaces/srv/GetNamedBool_Request.msg
-- Up-to-date: /home/ajbam/aquaLine/install/aqua2_interfaces/share/aqua2_interfaces/srv/GetNamedBool_Response.msg
-- Up-to-date: /home/ajbam/aquaLine/install/aqua2_interfaces/share/aqua2_interfaces/srv/GetNamedFloat.srv
-- Up-to-date: /home/ajbam/aquaLine/install/aqua2_interfaces/share/aqua2_interfaces/srv/GetNamedFloat_Request.msg
-- Up-to-date: /home/ajbam/aquaLine/install/aqua2_interfaces/share/aqua2_interfaces/srv/GetNamedFloat_Response.msg
-- Up-to-date: /home/ajbam/aquaLine/install/aqua2_interfaces/share/aqua2_interfaces/srv/GetNamedInt.srv
-- Up-to-date: /home/ajbam/aquaLine/install/aqua2_interfaces/share/aqua2_interfaces/srv/GetNamedInt_Request.msg
-- Up-to-date: /home/ajbam/aquaLine/install/aqua2_interfaces/share/aqua2_interfaces/srv/GetNamedInt_Response.msg
-- Up-to-date: /home/ajbam/aquaLine/install/aqua2_interfaces/share/aqua2_interfaces/srv/GetString.srv
-- Up-to-date: /home/ajbam/aquaLine/install/aqua2_interfaces/share/aqua2_interfaces/srv/GetString_Request.msg
-- Up-to-date: /home/ajbam/aquaLine/install/aqua2_interfaces/share/aqua2_interfaces/srv/GetString_Response.msg
-- Up-to-date: /home/ajbam/aquaLine/install/aqua2_interfaces/share/aqua2_interfaces/srv/MissionUpdate.srv
-- Up-to-date: /home/ajbam/aquaLine/install/aqua2_interfaces/share/aqua2_interfaces/srv/MissionUpdate_Request.msg
-- Up-to-date: /home/ajbam/aquaLine/install/aqua2_interfaces/share/aqua2_interfaces/srv/MissionUpdate_Response.msg
-- Up-to-date: /home/ajbam/aquaLine/install/aqua2_interfaces/share/aqua2_interfaces/srv/SetAutopilotMode.srv
-- Up-to-date: /home/ajbam/aquaLine/install/aqua2_interfaces/share/aqua2_interfaces/srv/SetAutopilotMode_Request.msg
-- Up-to-date: /home/ajbam/aquaLine/install/aqua2_interfaces/share/aqua2_interfaces/srv/SetAutopilotMode_Response.msg
-- Up-to-date: /home/ajbam/aquaLine/install/aqua2_interfaces/share/aqua2_interfaces/srv/SetBool.srv
-- Up-to-date: /home/ajbam/aquaLine/install/aqua2_interfaces/share/aqua2_interfaces/srv/SetBool_Request.msg
-- Up-to-date: /home/ajbam/aquaLine/install/aqua2_interfaces/share/aqua2_interfaces/srv/SetBool_Response.msg
-- Up-to-date: /home/ajbam/aquaLine/install/aqua2_interfaces/share/aqua2_interfaces/srv/SetFloat.srv
-- Up-to-date: /home/ajbam/aquaLine/install/aqua2_interfaces/share/aqua2_interfaces/srv/SetFloat_Request.msg
-- Up-to-date: /home/ajbam/aquaLine/install/aqua2_interfaces/share/aqua2_interfaces/srv/SetFloat_Response.msg
-- Up-to-date: /home/ajbam/aquaLine/install/aqua2_interfaces/share/aqua2_interfaces/srv/SetInt.srv
-- Up-to-date: /home/ajbam/aquaLine/install/aqua2_interfaces/share/aqua2_interfaces/srv/SetInt_Request.msg
-- Up-to-date: /home/ajbam/aquaLine/install/aqua2_interfaces/share/aqua2_interfaces/srv/SetInt_Response.msg
-- Up-to-date: /home/ajbam/aquaLine/install/aqua2_interfaces/share/aqua2_interfaces/srv/SetLegParams.srv
-- Up-to-date: /home/ajbam/aquaLine/install/aqua2_interfaces/share/aqua2_interfaces/srv/SetLegParams_Request.msg
-- Up-to-date: /home/ajbam/aquaLine/install/aqua2_interfaces/share/aqua2_interfaces/srv/SetLegParams_Response.msg
-- Up-to-date: /home/ajbam/aquaLine/install/aqua2_interfaces/share/aqua2_interfaces/srv/SetNamedFloat.srv
-- Up-to-date: /home/ajbam/aquaLine/install/aqua2_interfaces/share/aqua2_interfaces/srv/SetNamedFloat_Request.msg
-- Up-to-date: /home/ajbam/aquaLine/install/aqua2_interfaces/share/aqua2_interfaces/srv/SetNamedFloat_Response.msg
-- Up-to-date: /home/ajbam/aquaLine/install/aqua2_interfaces/share/aqua2_interfaces/srv/SetString.srv
-- Up-to-date: /home/ajbam/aquaLine/install/aqua2_interfaces/share/aqua2_interfaces/srv/SetString_Request.msg
-- Up-to-date: /home/ajbam/aquaLine/install/aqua2_interfaces/share/aqua2_interfaces/srv/SetString_Response.msg
-- Up-to-date: /home/ajbam/aquaLine/install/aqua2_interfaces/share/ament_index/resource_index/package_run_dependencies/aqua2_interfaces
-- Up-to-date: /home/ajbam/aquaLine/install/aqua2_interfaces/share/ament_index/resource_index/parent_prefix_path/aqua2_interfaces
-- Up-to-date: /home/ajbam/aquaLine/install/aqua2_interfaces/share/aqua2_interfaces/environment/ament_prefix_path.sh
-- Up-to-date: /home/ajbam/aquaLine/install/aqua2_interfaces/share/aqua2_interfaces/environment/ament_prefix_path.dsv
-- Up-to-date: /home/ajbam/aquaLine/install/aqua2_interfaces/share/aqua2_interfaces/environment/path.sh
-- Up-to-date: /home/ajbam/aquaLine/install/aqua2_interfaces/share/aqua2_interfaces/environment/path.dsv
-- Up-to-date: /home/ajbam/aquaLine/install/aqua2_interfaces/share/aqua2_interfaces/local_setup.bash
-- Up-to-date: /home/ajbam/aquaLine/install/aqua2_interfaces/share/aqua2_interfaces/local_setup.sh
-- Up-to-date: /home/ajbam/aquaLine/install/aqua2_interfaces/share/aqua2_interfaces/local_setup.zsh
-- Up-to-date: /home/ajbam/aquaLine/install/aqua2_interfaces/share/aqua2_interfaces/local_setup.dsv
-- Up-to-date: /home/ajbam/aquaLine/install/aqua2_interfaces/share/aqua2_interfaces/package.dsv
-- Up-to-date: /home/ajbam/aquaLine/install/aqua2_interfaces/share/ament_index/resource_index/packages/aqua2_interfaces
-- Up-to-date: /home/ajbam/aquaLine/install/aqua2_interfaces/share/aqua2_interfaces/cmake/aqua2_interfaces__rosidl_generator_cExport.cmake
-- Up-to-date: /home/ajbam/aquaLine/install/aqua2_interfaces/share/aqua2_interfaces/cmake/aqua2_interfaces__rosidl_generator_cExport-noconfig.cmake
-- Up-to-date: /home/ajbam/aquaLine/install/aqua2_interfaces/share/aqua2_interfaces/cmake/aqua2_interfaces__rosidl_typesupport_introspection_cExport.cmake
-- Up-to-date: /home/ajbam/aquaLine/install/aqua2_interfaces/share/aqua2_interfaces/cmake/aqua2_interfaces__rosidl_typesupport_introspection_cExport-noconfig.cmake
-- Up-to-date: /home/ajbam/aquaLine/install/aqua2_interfaces/share/aqua2_interfaces/cmake/aqua2_interfaces__rosidl_typesupport_cExport.cmake
-- Up-to-date: /home/ajbam/aquaLine/install/aqua2_interfaces/share/aqua2_interfaces/cmake/aqua2_interfaces__rosidl_typesupport_cExport-noconfig.cmake
-- Up-to-date: /home/ajbam/aquaLine/install/aqua2_interfaces/share/aqua2_interfaces/cmake/aqua2_interfaces__rosidl_generator_cppExport.cmake
-- Up-to-date: /home/ajbam/aquaLine/install/aqua2_interfaces/share/aqua2_interfaces/cmake/aqua2_interfaces__rosidl_typesupport_introspection_cppExport.cmake
-- Up-to-date: /home/ajbam/aquaLine/install/aqua2_interfaces/share/aqua2_interfaces/cmake/aqua2_interfaces__rosidl_typesupport_introspection_cppExport-noconfig.cmake
-- Up-to-date: /home/ajbam/aquaLine/install/aqua2_interfaces/share/aqua2_interfaces/cmake/aqua2_interfaces__rosidl_typesupport_cppExport.cmake
-- Up-to-date: /home/ajbam/aquaLine/install/aqua2_interfaces/share/aqua2_interfaces/cmake/aqua2_interfaces__rosidl_typesupport_cppExport-noconfig.cmake
-- Up-to-date: /home/ajbam/aquaLine/install/aqua2_interfaces/share/aqua2_interfaces/cmake/rosidl_cmake-extras.cmake
-- Up-to-date: /home/ajbam/aquaLine/install/aqua2_interfaces/share/aqua2_interfaces/cmake/ament_cmake_export_dependencies-extras.cmake
-- Up-to-date: /home/ajbam/aquaLine/install/aqua2_interfaces/share/aqua2_interfaces/cmake/ament_cmake_export_libraries-extras.cmake
-- Up-to-date: /home/ajbam/aquaLine/install/aqua2_interfaces/share/aqua2_interfaces/cmake/ament_cmake_export_targets-extras.cmake
-- Up-to-date: /home/ajbam/aquaLine/install/aqua2_interfaces/share/aqua2_interfaces/cmake/ament_cmake_export_include_directories-extras.cmake
-- Up-to-date: /home/ajbam/aquaLine/install/aqua2_interfaces/share/aqua2_interfaces/cmake/rosidl_cmake_export_typesupport_libraries-extras.cmake
-- Up-to-date: /home/ajbam/aquaLine/install/aqua2_interfaces/share/aqua2_interfaces/cmake/rosidl_cmake_export_typesupport_targets-extras.cmake
-- Up-to-date: /home/ajbam/aquaLine/install/aqua2_interfaces/share/aqua2_interfaces/cmake/aqua2_interfacesConfig.cmake
-- Up-to-date: /home/ajbam/aquaLine/install/aqua2_interfaces/share/aqua2_interfaces/cmake/aqua2_interfacesConfig-version.cmake
-- Up-to-date: /home/ajbam/aquaLine/install/aqua2_interfaces/share/aqua2_interfaces/package.xml
