[0.126s] Invoking command in '/home/ajbam/aquaLine/src/build/aqua2_simulation_interfaces': CMAKE_PREFIX_PATH=/opt/ros/foxy /usr/bin/cmake --build /home/ajbam/aquaLine/src/build/aqua2_simulation_interfaces -- -j32 -l32
[0.144s] [35m[1mScanning dependencies of target aqua2_simulation_interfaces__cpp[0m
[0.144s] [  1%] [34m[1mGenerating C code for ROS interfaces[0m
[0.148s] [  2%] [34m[1mGenerating C++ code for ROS interfaces[0m
[0.422s] [  2%] Built target aqua2_simulation_interfaces__cpp
[0.428s] [  3%] [34m[1mGenerating C++ type support dispatch for ROS interfaces[0m
[0.429s] [  5%] [34m[1mGenerating C++ type support for eProsima Fast-RTPS[0m
[0.430s] [  6%] [34m[1mGenerating C++ introspection for ROS interfaces[0m
[0.439s] [35m[1mScanning dependencies of target aqua2_simulation_interfaces__rosidl_generator_c[0m
[0.449s] [  8%] [32mBuilding C object CMakeFiles/aqua2_simulation_interfaces__rosidl_generator_c.dir/rosidl_generator_c/aqua2_simulation_interfaces/srv/detail/get_position__functions.c.o[0m
[0.449s] [  8%] [32mBuilding C object CMakeFiles/aqua2_simulation_interfaces__rosidl_generator_c.dir/rosidl_generator_c/aqua2_simulation_interfaces/srv/detail/get_float__functions.c.o[0m
[0.450s] [ 10%] [32mBuilding C object CMakeFiles/aqua2_simulation_interfaces__rosidl_generator_c.dir/rosidl_generator_c/aqua2_simulation_interfaces/srv/detail/set_float__functions.c.o[0m
[0.451s] [ 11%] [32mBuilding C object CMakeFiles/aqua2_simulation_interfaces__rosidl_generator_c.dir/rosidl_generator_c/aqua2_simulation_interfaces/srv/detail/set_current__functions.c.o[0m
[0.451s] [ 13%] [32mBuilding C object CMakeFiles/aqua2_simulation_interfaces__rosidl_generator_c.dir/rosidl_generator_c/aqua2_simulation_interfaces/srv/detail/set_leg_status__functions.c.o[0m
[0.451s] [ 13%] [32mBuilding C object CMakeFiles/aqua2_simulation_interfaces__rosidl_generator_c.dir/rosidl_generator_c/aqua2_simulation_interfaces/srv/detail/set_position__functions.c.o[0m
[0.452s] [ 15%] [32mBuilding C object CMakeFiles/aqua2_simulation_interfaces__rosidl_generator_c.dir/rosidl_generator_c/aqua2_simulation_interfaces/srv/detail/empty_workaround__functions.c.o[0m
[0.489s] [ 16%] [32m[1mLinking C shared library libaqua2_simulation_interfaces__rosidl_generator_c.so[0m
[0.511s] [ 16%] Built target aqua2_simulation_interfaces__rosidl_generator_c
[0.516s] [ 17%] [34m[1mGenerating C introspection for ROS interfaces[0m
[0.516s] [ 18%] [34m[1mGenerating C type support dispatch for ROS interfaces[0m
[0.613s] [35m[1mScanning dependencies of target aqua2_simulation_interfaces__rosidl_typesupport_cpp[0m
[0.623s] [ 20%] [32mBuilding CXX object CMakeFiles/aqua2_simulation_interfaces__rosidl_typesupport_cpp.dir/rosidl_typesupport_cpp/aqua2_simulation_interfaces/srv/get_float__type_support.cpp.o[0m
[0.623s] [ 21%] [32mBuilding CXX object CMakeFiles/aqua2_simulation_interfaces__rosidl_typesupport_cpp.dir/rosidl_typesupport_cpp/aqua2_simulation_interfaces/srv/get_position__type_support.cpp.o[0m
[0.624s] [ 22%] [32mBuilding CXX object CMakeFiles/aqua2_simulation_interfaces__rosidl_typesupport_cpp.dir/rosidl_typesupport_cpp/aqua2_simulation_interfaces/srv/set_current__type_support.cpp.o[0m
[0.624s] [ 24%] [32mBuilding CXX object CMakeFiles/aqua2_simulation_interfaces__rosidl_typesupport_cpp.dir/rosidl_typesupport_cpp/aqua2_simulation_interfaces/srv/set_float__type_support.cpp.o[0m
[0.624s] [ 25%] [32mBuilding CXX object CMakeFiles/aqua2_simulation_interfaces__rosidl_typesupport_cpp.dir/rosidl_typesupport_cpp/aqua2_simulation_interfaces/srv/set_leg_status__type_support.cpp.o[0m
[0.625s] [ 26%] [32mBuilding CXX object CMakeFiles/aqua2_simulation_interfaces__rosidl_typesupport_cpp.dir/rosidl_typesupport_cpp/aqua2_simulation_interfaces/srv/set_position__type_support.cpp.o[0m
[0.625s] [ 27%] [32mBuilding CXX object CMakeFiles/aqua2_simulation_interfaces__rosidl_typesupport_cpp.dir/rosidl_typesupport_cpp/aqua2_simulation_interfaces/srv/empty_workaround__type_support.cpp.o[0m
[0.650s] [35m[1mScanning dependencies of target aqua2_simulation_interfaces__rosidl_typesupport_introspection_cpp[0m
[0.658s] [ 29%] [32mBuilding CXX object CMakeFiles/aqua2_simulation_interfaces__rosidl_typesupport_introspection_cpp.dir/rosidl_typesupport_introspection_cpp/aqua2_simulation_interfaces/srv/detail/get_position__type_support.cpp.o[0m
[0.658s] [ 30%] [32mBuilding CXX object CMakeFiles/aqua2_simulation_interfaces__rosidl_typesupport_introspection_cpp.dir/rosidl_typesupport_introspection_cpp/aqua2_simulation_interfaces/srv/detail/set_current__type_support.cpp.o[0m
[0.659s] [ 31%] [32mBuilding CXX object CMakeFiles/aqua2_simulation_interfaces__rosidl_typesupport_introspection_cpp.dir/rosidl_typesupport_introspection_cpp/aqua2_simulation_interfaces/srv/detail/get_float__type_support.cpp.o[0m
[0.659s] [ 32%] [32mBuilding CXX object CMakeFiles/aqua2_simulation_interfaces__rosidl_typesupport_introspection_cpp.dir/rosidl_typesupport_introspection_cpp/aqua2_simulation_interfaces/srv/detail/empty_workaround__type_support.cpp.o[0m
[0.660s] [ 35%] [32mBuilding CXX object CMakeFiles/aqua2_simulation_interfaces__rosidl_typesupport_introspection_cpp.dir/rosidl_typesupport_introspection_cpp/aqua2_simulation_interfaces/srv/detail/set_float__type_support.cpp.o[0m
[0.661s] [ 35%] [32mBuilding CXX object CMakeFiles/aqua2_simulation_interfaces__rosidl_typesupport_introspection_cpp.dir/rosidl_typesupport_introspection_cpp/aqua2_simulation_interfaces/srv/detail/set_leg_status__type_support.cpp.o[0m
[0.661s] [ 36%] [32mBuilding CXX object CMakeFiles/aqua2_simulation_interfaces__rosidl_typesupport_introspection_cpp.dir/rosidl_typesupport_introspection_cpp/aqua2_simulation_interfaces/srv/detail/set_position__type_support.cpp.o[0m
[0.683s] [35m[1mScanning dependencies of target aqua2_simulation_interfaces__rosidl_typesupport_fastrtps_cpp[0m
[0.701s] [ 37%] [32mBuilding CXX object CMakeFiles/aqua2_simulation_interfaces__rosidl_typesupport_fastrtps_cpp.dir/rosidl_typesupport_fastrtps_cpp/aqua2_simulation_interfaces/srv/detail/dds_fastrtps/get_float__type_support.cpp.o[0m
[0.701s] [ 39%] [32mBuilding CXX object CMakeFiles/aqua2_simulation_interfaces__rosidl_typesupport_fastrtps_cpp.dir/rosidl_typesupport_fastrtps_cpp/aqua2_simulation_interfaces/srv/detail/dds_fastrtps/get_position__type_support.cpp.o[0m
[0.701s] [ 40%] [32mBuilding CXX object CMakeFiles/aqua2_simulation_interfaces__rosidl_typesupport_fastrtps_cpp.dir/rosidl_typesupport_fastrtps_cpp/aqua2_simulation_interfaces/srv/detail/dds_fastrtps/set_leg_status__type_support.cpp.o[0m
[0.701s] [ 41%] [32mBuilding CXX object CMakeFiles/aqua2_simulation_interfaces__rosidl_typesupport_fastrtps_cpp.dir/rosidl_typesupport_fastrtps_cpp/aqua2_simulation_interfaces/srv/detail/dds_fastrtps/set_current__type_support.cpp.o[0m
[0.701s] [ 43%] [32mBuilding CXX object CMakeFiles/aqua2_simulation_interfaces__rosidl_typesupport_fastrtps_cpp.dir/rosidl_typesupport_fastrtps_cpp/aqua2_simulation_interfaces/srv/detail/dds_fastrtps/set_position__type_support.cpp.o[0m
[0.702s] [ 44%] [32mBuilding CXX object CMakeFiles/aqua2_simulation_interfaces__rosidl_typesupport_fastrtps_cpp.dir/rosidl_typesupport_fastrtps_cpp/aqua2_simulation_interfaces/srv/detail/dds_fastrtps/set_float__type_support.cpp.o[0m
[0.702s] [ 45%] [32mBuilding CXX object CMakeFiles/aqua2_simulation_interfaces__rosidl_typesupport_fastrtps_cpp.dir/rosidl_typesupport_fastrtps_cpp/aqua2_simulation_interfaces/srv/detail/dds_fastrtps/empty_workaround__type_support.cpp.o[0m
[0.704s] [35m[1mScanning dependencies of target aqua2_simulation_interfaces__rosidl_typesupport_c[0m
[0.716s] [ 49%] [32mBuilding CXX object CMakeFiles/aqua2_simulation_interfaces__rosidl_typesupport_c.dir/rosidl_typesupport_c/aqua2_simulation_interfaces/srv/set_float__type_support.cpp.o[0m
[0.716s] [ 49%] [32mBuilding CXX object CMakeFiles/aqua2_simulation_interfaces__rosidl_typesupport_c.dir/rosidl_typesupport_c/aqua2_simulation_interfaces/srv/get_float__type_support.cpp.o[0m
[0.716s] [ 49%] [32mBuilding CXX object CMakeFiles/aqua2_simulation_interfaces__rosidl_typesupport_c.dir/rosidl_typesupport_c/aqua2_simulation_interfaces/srv/get_position__type_support.cpp.o[0m
[0.716s] [ 50%] [32mBuilding CXX object CMakeFiles/aqua2_simulation_interfaces__rosidl_typesupport_c.dir/rosidl_typesupport_c/aqua2_simulation_interfaces/srv/empty_workaround__type_support.cpp.o[0m
[0.716s] [ 51%] [32mBuilding CXX object CMakeFiles/aqua2_simulation_interfaces__rosidl_typesupport_c.dir/rosidl_typesupport_c/aqua2_simulation_interfaces/srv/set_current__type_support.cpp.o[0m
[0.716s] [ 53%] [32mBuilding CXX object CMakeFiles/aqua2_simulation_interfaces__rosidl_typesupport_c.dir/rosidl_typesupport_c/aqua2_simulation_interfaces/srv/set_position__type_support.cpp.o[0m
[0.731s] [ 54%] [32mBuilding CXX object CMakeFiles/aqua2_simulation_interfaces__rosidl_typesupport_c.dir/rosidl_typesupport_c/aqua2_simulation_interfaces/srv/set_leg_status__type_support.cpp.o[0m
[0.757s] [ 55%] [32m[1mLinking CXX shared library libaqua2_simulation_interfaces__rosidl_typesupport_c.so[0m
[0.774s] [35m[1mScanning dependencies of target aqua2_simulation_interfaces__rosidl_typesupport_introspection_c[0m
[0.785s] [ 59%] [32mBuilding C object CMakeFiles/aqua2_simulation_interfaces__rosidl_typesupport_introspection_c.dir/rosidl_typesupport_introspection_c/aqua2_simulation_interfaces/srv/detail/get_float__type_support.c.o[0m
[0.785s] [ 59%] [32mBuilding C object CMakeFiles/aqua2_simulation_interfaces__rosidl_typesupport_introspection_c.dir/rosidl_typesupport_introspection_c/aqua2_simulation_interfaces/srv/detail/set_position__type_support.c.o[0m
[0.785s] [ 59%] [32mBuilding C object CMakeFiles/aqua2_simulation_interfaces__rosidl_typesupport_introspection_c.dir/rosidl_typesupport_introspection_c/aqua2_simulation_interfaces/srv/detail/get_position__type_support.c.o[0m
[0.785s] [ 63%] [32mBuilding C object CMakeFiles/aqua2_simulation_interfaces__rosidl_typesupport_introspection_c.dir/rosidl_typesupport_introspection_c/aqua2_simulation_interfaces/srv/detail/set_float__type_support.c.o[0m
[0.785s] [ 63%] [32mBuilding C object CMakeFiles/aqua2_simulation_interfaces__rosidl_typesupport_introspection_c.dir/rosidl_typesupport_introspection_c/aqua2_simulation_interfaces/srv/detail/set_leg_status__type_support.c.o[0m
[0.785s] [ 63%] [32mBuilding C object CMakeFiles/aqua2_simulation_interfaces__rosidl_typesupport_introspection_c.dir/rosidl_typesupport_introspection_c/aqua2_simulation_interfaces/srv/detail/set_current__type_support.c.o[0m
[0.788s] [ 63%] Built target aqua2_simulation_interfaces__rosidl_typesupport_c
[0.790s] [ 64%] [32mBuilding C object CMakeFiles/aqua2_simulation_interfaces__rosidl_typesupport_introspection_c.dir/rosidl_typesupport_introspection_c/aqua2_simulation_interfaces/srv/detail/empty_workaround__type_support.c.o[0m
[0.810s] [ 65%] [32m[1mLinking C shared library libaqua2_simulation_interfaces__rosidl_typesupport_introspection_c.so[0m
[0.828s] [ 65%] Built target aqua2_simulation_interfaces__rosidl_typesupport_introspection_c
[0.867s] [ 67%] [32m[1mLinking CXX shared library libaqua2_simulation_interfaces__rosidl_typesupport_cpp.so[0m
[0.888s] [ 67%] Built target aqua2_simulation_interfaces__rosidl_typesupport_cpp
[0.892s] [ 68%] [32m[1mLinking CXX shared library libaqua2_simulation_interfaces__rosidl_typesupport_introspection_cpp.so[0m
[0.923s] [ 68%] Built target aqua2_simulation_interfaces__rosidl_typesupport_introspection_cpp
[0.964s] [ 69%] [32m[1mLinking CXX shared library libaqua2_simulation_interfaces__rosidl_typesupport_fastrtps_cpp.so[0m
[1.007s] [ 69%] Built target aqua2_simulation_interfaces__rosidl_typesupport_fastrtps_cpp
[1.012s] [ 70%] [34m[1mGenerating C type support for eProsima Fast-RTPS[0m
[1.260s] [35m[1mScanning dependencies of target aqua2_simulation_interfaces__rosidl_typesupport_fastrtps_c[0m
[1.275s] [ 75%] [32mBuilding CXX object CMakeFiles/aqua2_simulation_interfaces__rosidl_typesupport_fastrtps_c.dir/rosidl_typesupport_fastrtps_c/aqua2_simulation_interfaces/srv/detail/set_float__type_support_c.cpp.o[0m
[1.275s] [ 75%] [32mBuilding CXX object CMakeFiles/aqua2_simulation_interfaces__rosidl_typesupport_fastrtps_c.dir/rosidl_typesupport_fastrtps_c/aqua2_simulation_interfaces/srv/detail/get_position__type_support_c.cpp.o[0m
[1.275s] [ 75%] [32mBuilding CXX object CMakeFiles/aqua2_simulation_interfaces__rosidl_typesupport_fastrtps_c.dir/rosidl_typesupport_fastrtps_c/aqua2_simulation_interfaces/srv/detail/get_float__type_support_c.cpp.o[0m
[1.275s] [ 75%] [32mBuilding CXX object CMakeFiles/aqua2_simulation_interfaces__rosidl_typesupport_fastrtps_c.dir/rosidl_typesupport_fastrtps_c/aqua2_simulation_interfaces/srv/detail/set_current__type_support_c.cpp.o[0m
[1.277s] [ 77%] [32mBuilding CXX object CMakeFiles/aqua2_simulation_interfaces__rosidl_typesupport_fastrtps_c.dir/rosidl_typesupport_fastrtps_c/aqua2_simulation_interfaces/srv/detail/set_leg_status__type_support_c.cpp.o[0m
[1.277s] [ 78%] [32mBuilding CXX object CMakeFiles/aqua2_simulation_interfaces__rosidl_typesupport_fastrtps_c.dir/rosidl_typesupport_fastrtps_c/aqua2_simulation_interfaces/srv/detail/set_position__type_support_c.cpp.o[0m
[1.277s] [ 79%] [32mBuilding CXX object CMakeFiles/aqua2_simulation_interfaces__rosidl_typesupport_fastrtps_c.dir/rosidl_typesupport_fastrtps_c/aqua2_simulation_interfaces/srv/detail/empty_workaround__type_support_c.cpp.o[0m
[1.484s] [ 81%] [32m[1mLinking CXX shared library libaqua2_simulation_interfaces__rosidl_typesupport_fastrtps_c.so[0m
[1.525s] [ 81%] Built target aqua2_simulation_interfaces__rosidl_typesupport_fastrtps_c
[1.530s] [35m[1mScanning dependencies of target aqua2_simulation_interfaces[0m
[1.534s] [ 81%] Built target aqua2_simulation_interfaces
[1.539s] [35m[1mScanning dependencies of target aqua2_simulation_interfaces__py[0m
[1.543s] [ 82%] [34m[1mGenerating Python code for ROS interfaces[0m
[2.107s] [ 82%] Built target aqua2_simulation_interfaces__py
[2.112s] [35m[1mScanning dependencies of target aqua2_simulation_interfaces__python[0m
[2.130s] [ 84%] [32mBuilding C object CMakeFiles/aqua2_simulation_interfaces__python.dir/rosidl_generator_py/aqua2_simulation_interfaces/srv/_get_float_s.c.o[0m
[2.130s] [ 84%] [32mBuilding C object CMakeFiles/aqua2_simulation_interfaces__python.dir/rosidl_generator_py/aqua2_simulation_interfaces/srv/_get_position_s.c.o[0m
[2.130s] [ 86%] [32mBuilding C object CMakeFiles/aqua2_simulation_interfaces__python.dir/rosidl_generator_py/aqua2_simulation_interfaces/srv/_set_current_s.c.o[0m
[2.132s] [ 88%] [32mBuilding C object CMakeFiles/aqua2_simulation_interfaces__python.dir/rosidl_generator_py/aqua2_simulation_interfaces/srv/_set_float_s.c.o[0m
[2.132s] [ 88%] [32mBuilding C object CMakeFiles/aqua2_simulation_interfaces__python.dir/rosidl_generator_py/aqua2_simulation_interfaces/srv/_set_leg_status_s.c.o[0m
[2.132s] [ 89%] [32mBuilding C object CMakeFiles/aqua2_simulation_interfaces__python.dir/rosidl_generator_py/aqua2_simulation_interfaces/srv/_set_position_s.c.o[0m
[2.132s] [ 91%] [32mBuilding C object CMakeFiles/aqua2_simulation_interfaces__python.dir/rosidl_generator_py/aqua2_simulation_interfaces/srv/_empty_workaround_s.c.o[0m
[2.193s] [ 92%] [32m[1mLinking C shared library rosidl_generator_py/aqua2_simulation_interfaces/libaqua2_simulation_interfaces__python.so[0m
[2.216s] [ 92%] Built target aqua2_simulation_interfaces__python
[2.220s] [35m[1mScanning dependencies of target aqua2_simulation_interfaces__rosidl_typesupport_introspection_c__pyext[0m
[2.220s] [35m[1mScanning dependencies of target aqua2_simulation_interfaces__rosidl_typesupport_c__pyext[0m
[2.222s] [35m[1mScanning dependencies of target aqua2_simulation_interfaces__rosidl_typesupport_fastrtps_c__pyext[0m
[2.230s] [ 94%] [32mBuilding C object CMakeFiles/aqua2_simulation_interfaces__rosidl_typesupport_introspection_c__pyext.dir/rosidl_generator_py/aqua2_simulation_interfaces/_aqua2_simulation_interfaces_s.ep.rosidl_typesupport_introspection_c.c.o[0m
[2.230s] [ 94%] [32mBuilding C object CMakeFiles/aqua2_simulation_interfaces__rosidl_typesupport_c__pyext.dir/rosidl_generator_py/aqua2_simulation_interfaces/_aqua2_simulation_interfaces_s.ep.rosidl_typesupport_c.c.o[0m
[2.233s] [ 96%] [32mBuilding C object CMakeFiles/aqua2_simulation_interfaces__rosidl_typesupport_fastrtps_c__pyext.dir/rosidl_generator_py/aqua2_simulation_interfaces/_aqua2_simulation_interfaces_s.ep.rosidl_typesupport_fastrtps_c.c.o[0m
[2.287s] [ 97%] [32m[1mLinking C shared library rosidl_generator_py/aqua2_simulation_interfaces/aqua2_simulation_interfaces_s__rosidl_typesupport_c.cpython-38-x86_64-linux-gnu.so[0m
[2.289s] [ 98%] [32m[1mLinking CXX shared library rosidl_generator_py/aqua2_simulation_interfaces/aqua2_simulation_interfaces_s__rosidl_typesupport_fastrtps_c.cpython-38-x86_64-linux-gnu.so[0m
[2.303s] [100%] [32m[1mLinking C shared library rosidl_generator_py/aqua2_simulation_interfaces/aqua2_simulation_interfaces_s__rosidl_typesupport_introspection_c.cpython-38-x86_64-linux-gnu.so[0m
[2.304s] [100%] Built target aqua2_simulation_interfaces__rosidl_typesupport_c__pyext
[2.320s] [100%] Built target aqua2_simulation_interfaces__rosidl_typesupport_introspection_c__pyext
[2.327s] [100%] Built target aqua2_simulation_interfaces__rosidl_typesupport_fastrtps_c__pyext
[2.334s] Invoked command in '/home/ajbam/aquaLine/src/build/aqua2_simulation_interfaces' returned '0': CMAKE_PREFIX_PATH=/opt/ros/foxy /usr/bin/cmake --build /home/ajbam/aquaLine/src/build/aqua2_simulation_interfaces -- -j32 -l32
[2.385s] Invoking command in '/home/ajbam/aquaLine/src/build/aqua2_simulation_interfaces': CMAKE_PREFIX_PATH=/opt/ros/foxy /usr/bin/cmake --install /home/ajbam/aquaLine/src/build/aqua2_simulation_interfaces
[2.389s] -- Install configuration: ""
[2.389s] -- Installing: /home/ajbam/aquaLine/src/install/aqua2_simulation_interfaces/share/ament_index/resource_index/rosidl_interfaces/aqua2_simulation_interfaces
[2.389s] -- Installing: /home/ajbam/aquaLine/src/install/aqua2_simulation_interfaces/include/aqua2_simulation_interfaces
[2.389s] -- Installing: /home/ajbam/aquaLine/src/install/aqua2_simulation_interfaces/include/aqua2_simulation_interfaces/srv
[2.389s] -- Installing: /home/ajbam/aquaLine/src/install/aqua2_simulation_interfaces/include/aqua2_simulation_interfaces/srv/get_float.h
[2.389s] -- Installing: /home/ajbam/aquaLine/src/install/aqua2_simulation_interfaces/include/aqua2_simulation_interfaces/srv/set_current.h
[2.389s] -- Installing: /home/ajbam/aquaLine/src/install/aqua2_simulation_interfaces/include/aqua2_simulation_interfaces/srv/empty_workaround.h
[2.389s] -- Installing: /home/ajbam/aquaLine/src/install/aqua2_simulation_interfaces/include/aqua2_simulation_interfaces/srv/get_position.h
[2.389s] -- Installing: /home/ajbam/aquaLine/src/install/aqua2_simulation_interfaces/include/aqua2_simulation_interfaces/srv/set_position.h
[2.389s] -- Installing: /home/ajbam/aquaLine/src/install/aqua2_simulation_interfaces/include/aqua2_simulation_interfaces/srv/set_float.h
[2.389s] -- Installing: /home/ajbam/aquaLine/src/install/aqua2_simulation_interfaces/include/aqua2_simulation_interfaces/srv/set_leg_status.h
[2.389s] -- Installing: /home/ajbam/aquaLine/src/install/aqua2_simulation_interfaces/include/aqua2_simulation_interfaces/srv/detail
[2.389s] -- Installing: /home/ajbam/aquaLine/src/install/aqua2_simulation_interfaces/include/aqua2_simulation_interfaces/srv/detail/set_float__functions.c
[2.389s] -- Installing: /home/ajbam/aquaLine/src/install/aqua2_simulation_interfaces/include/aqua2_simulation_interfaces/srv/detail/set_position__type_support.h
[2.390s] -- Installing: /home/ajbam/aquaLine/src/install/aqua2_simulation_interfaces/include/aqua2_simulation_interfaces/srv/detail/set_current__type_support.h
[2.390s] -- Installing: /home/ajbam/aquaLine/src/install/aqua2_simulation_interfaces/include/aqua2_simulation_interfaces/srv/detail/empty_workaround__type_support.h
[2.390s] -- Installing: /home/ajbam/aquaLine/src/install/aqua2_simulation_interfaces/include/aqua2_simulation_interfaces/srv/detail/get_position__functions.h
[2.390s] -- Installing: /home/ajbam/aquaLine/src/install/aqua2_simulation_interfaces/include/aqua2_simulation_interfaces/srv/detail/set_current__struct.h
[2.390s] -- Installing: /home/ajbam/aquaLine/src/install/aqua2_simulation_interfaces/include/aqua2_simulation_interfaces/srv/detail/get_float__type_support.h
[2.390s] -- Installing: /home/ajbam/aquaLine/src/install/aqua2_simulation_interfaces/include/aqua2_simulation_interfaces/srv/detail/set_position__functions.h
[2.390s] -- Installing: /home/ajbam/aquaLine/src/install/aqua2_simulation_interfaces/include/aqua2_simulation_interfaces/srv/detail/set_position__functions.c
[2.390s] -- Installing: /home/ajbam/aquaLine/src/install/aqua2_simulation_interfaces/include/aqua2_simulation_interfaces/srv/detail/empty_workaround__functions.c
[2.390s] -- Installing: /home/ajbam/aquaLine/src/install/aqua2_simulation_interfaces/include/aqua2_simulation_interfaces/srv/detail/set_leg_status__type_support.h
[2.390s] -- Installing: /home/ajbam/aquaLine/src/install/aqua2_simulation_interfaces/include/aqua2_simulation_interfaces/srv/detail/set_float__type_support.h
[2.390s] -- Installing: /home/ajbam/aquaLine/src/install/aqua2_simulation_interfaces/include/aqua2_simulation_interfaces/srv/detail/get_float__functions.h
[2.390s] -- Installing: /home/ajbam/aquaLine/src/install/aqua2_simulation_interfaces/include/aqua2_simulation_interfaces/srv/detail/set_leg_status__struct.h
[2.390s] -- Installing: /home/ajbam/aquaLine/src/install/aqua2_simulation_interfaces/include/aqua2_simulation_interfaces/srv/detail/set_current__functions.c
[2.390s] -- Installing: /home/ajbam/aquaLine/src/install/aqua2_simulation_interfaces/include/aqua2_simulation_interfaces/srv/detail/get_position__struct.h
[2.390s] -- Installing: /home/ajbam/aquaLine/src/install/aqua2_simulation_interfaces/include/aqua2_simulation_interfaces/srv/detail/set_position__struct.h
[2.390s] -- Installing: /home/ajbam/aquaLine/src/install/aqua2_simulation_interfaces/include/aqua2_simulation_interfaces/srv/detail/empty_workaround__functions.h
[2.390s] -- Installing: /home/ajbam/aquaLine/src/install/aqua2_simulation_interfaces/include/aqua2_simulation_interfaces/srv/detail/set_current__functions.h
[2.390s] -- Installing: /home/ajbam/aquaLine/src/install/aqua2_simulation_interfaces/include/aqua2_simulation_interfaces/srv/detail/get_float__functions.c
[2.390s] -- Installing: /home/ajbam/aquaLine/src/install/aqua2_simulation_interfaces/include/aqua2_simulation_interfaces/srv/detail/set_leg_status__functions.h
[2.390s] -- Installing: /home/ajbam/aquaLine/src/install/aqua2_simulation_interfaces/include/aqua2_simulation_interfaces/srv/detail/get_position__functions.c
[2.390s] -- Installing: /home/ajbam/aquaLine/src/install/aqua2_simulation_interfaces/include/aqua2_simulation_interfaces/srv/detail/get_position__type_support.h
[2.390s] -- Installing: /home/ajbam/aquaLine/src/install/aqua2_simulation_interfaces/include/aqua2_simulation_interfaces/srv/detail/empty_workaround__struct.h
[2.390s] -- Installing: /home/ajbam/aquaLine/src/install/aqua2_simulation_interfaces/include/aqua2_simulation_interfaces/srv/detail/set_float__functions.h
[2.390s] -- Installing: /home/ajbam/aquaLine/src/install/aqua2_simulation_interfaces/include/aqua2_simulation_interfaces/srv/detail/set_float__struct.h
[2.390s] -- Installing: /home/ajbam/aquaLine/src/install/aqua2_simulation_interfaces/include/aqua2_simulation_interfaces/srv/detail/get_float__struct.h
[2.391s] -- Installing: /home/ajbam/aquaLine/src/install/aqua2_simulation_interfaces/include/aqua2_simulation_interfaces/srv/detail/set_leg_status__functions.c
[2.391s] -- Installing: /home/ajbam/aquaLine/src/install/aqua2_simulation_interfaces/include/aqua2_simulation_interfaces/msg
[2.391s] -- Installing: /home/ajbam/aquaLine/src/install/aqua2_simulation_interfaces/include/aqua2_simulation_interfaces/msg/rosidl_generator_c__visibility_control.h
[2.391s] -- Installing: /home/ajbam/aquaLine/src/install/aqua2_simulation_interfaces/share/aqua2_simulation_interfaces/environment/library_path.sh
[2.391s] -- Installing: /home/ajbam/aquaLine/src/install/aqua2_simulation_interfaces/share/aqua2_simulation_interfaces/environment/library_path.dsv
[2.391s] -- Installing: /home/ajbam/aquaLine/src/install/aqua2_simulation_interfaces/lib/libaqua2_simulation_interfaces__rosidl_generator_c.so
[2.391s] -- Set runtime path of "/home/ajbam/aquaLine/src/install/aqua2_simulation_interfaces/lib/libaqua2_simulation_interfaces__rosidl_generator_c.so" to ""
[2.391s] -- Up-to-date: /home/ajbam/aquaLine/src/install/aqua2_simulation_interfaces/include/aqua2_simulation_interfaces
[2.391s] -- Up-to-date: /home/ajbam/aquaLine/src/install/aqua2_simulation_interfaces/include/aqua2_simulation_interfaces/srv
[2.391s] -- Up-to-date: /home/ajbam/aquaLine/src/install/aqua2_simulation_interfaces/include/aqua2_simulation_interfaces/srv/detail
[2.391s] -- Installing: /home/ajbam/aquaLine/src/install/aqua2_simulation_interfaces/include/aqua2_simulation_interfaces/srv/detail/empty_workaround__rosidl_typesupport_fastrtps_c.h
[2.391s] -- Installing: /home/ajbam/aquaLine/src/install/aqua2_simulation_interfaces/include/aqua2_simulation_interfaces/srv/detail/get_float__rosidl_typesupport_fastrtps_c.h
[2.391s] -- Installing: /home/ajbam/aquaLine/src/install/aqua2_simulation_interfaces/include/aqua2_simulation_interfaces/srv/detail/set_position__rosidl_typesupport_fastrtps_c.h
[2.391s] -- Installing: /home/ajbam/aquaLine/src/install/aqua2_simulation_interfaces/include/aqua2_simulation_interfaces/srv/detail/set_current__rosidl_typesupport_fastrtps_c.h
[2.391s] -- Installing: /home/ajbam/aquaLine/src/install/aqua2_simulation_interfaces/include/aqua2_simulation_interfaces/srv/detail/set_leg_status__rosidl_typesupport_fastrtps_c.h
[2.391s] -- Installing: /home/ajbam/aquaLine/src/install/aqua2_simulation_interfaces/include/aqua2_simulation_interfaces/srv/detail/get_position__rosidl_typesupport_fastrtps_c.h
[2.391s] -- Installing: /home/ajbam/aquaLine/src/install/aqua2_simulation_interfaces/include/aqua2_simulation_interfaces/srv/detail/set_float__rosidl_typesupport_fastrtps_c.h
[2.391s] -- Up-to-date: /home/ajbam/aquaLine/src/install/aqua2_simulation_interfaces/include/aqua2_simulation_interfaces/msg
[2.392s] -- Installing: /home/ajbam/aquaLine/src/install/aqua2_simulation_interfaces/include/aqua2_simulation_interfaces/msg/rosidl_typesupport_fastrtps_c__visibility_control.h
[2.392s] -- Installing: /home/ajbam/aquaLine/src/install/aqua2_simulation_interfaces/lib/libaqua2_simulation_interfaces__rosidl_typesupport_fastrtps_c.so
[2.392s] -- Set runtime path of "/home/ajbam/aquaLine/src/install/aqua2_simulation_interfaces/lib/libaqua2_simulation_interfaces__rosidl_typesupport_fastrtps_c.so" to ""
[2.392s] -- Up-to-date: /home/ajbam/aquaLine/src/install/aqua2_simulation_interfaces/include/aqua2_simulation_interfaces
[2.392s] -- Up-to-date: /home/ajbam/aquaLine/src/install/aqua2_simulation_interfaces/include/aqua2_simulation_interfaces/srv
[2.392s] -- Up-to-date: /home/ajbam/aquaLine/src/install/aqua2_simulation_interfaces/include/aqua2_simulation_interfaces/srv/detail
[2.392s] -- Installing: /home/ajbam/aquaLine/src/install/aqua2_simulation_interfaces/include/aqua2_simulation_interfaces/srv/detail/empty_workaround__rosidl_typesupport_fastrtps_cpp.hpp
[2.392s] -- Installing: /home/ajbam/aquaLine/src/install/aqua2_simulation_interfaces/include/aqua2_simulation_interfaces/srv/detail/get_position__rosidl_typesupport_fastrtps_cpp.hpp
[2.392s] -- Installing: /home/ajbam/aquaLine/src/install/aqua2_simulation_interfaces/include/aqua2_simulation_interfaces/srv/detail/set_leg_status__rosidl_typesupport_fastrtps_cpp.hpp
[2.392s] -- Installing: /home/ajbam/aquaLine/src/install/aqua2_simulation_interfaces/include/aqua2_simulation_interfaces/srv/detail/dds_fastrtps
[2.392s] -- Installing: /home/ajbam/aquaLine/src/install/aqua2_simulation_interfaces/include/aqua2_simulation_interfaces/srv/detail/set_float__rosidl_typesupport_fastrtps_cpp.hpp
[2.392s] -- Installing: /home/ajbam/aquaLine/src/install/aqua2_simulation_interfaces/include/aqua2_simulation_interfaces/srv/detail/set_current__rosidl_typesupport_fastrtps_cpp.hpp
[2.392s] -- Installing: /home/ajbam/aquaLine/src/install/aqua2_simulation_interfaces/include/aqua2_simulation_interfaces/srv/detail/get_float__rosidl_typesupport_fastrtps_cpp.hpp
[2.392s] -- Installing: /home/ajbam/aquaLine/src/install/aqua2_simulation_interfaces/include/aqua2_simulation_interfaces/srv/detail/set_position__rosidl_typesupport_fastrtps_cpp.hpp
[2.392s] -- Up-to-date: /home/ajbam/aquaLine/src/install/aqua2_simulation_interfaces/include/aqua2_simulation_interfaces/msg
[2.392s] -- Installing: /home/ajbam/aquaLine/src/install/aqua2_simulation_interfaces/include/aqua2_simulation_interfaces/msg/rosidl_typesupport_fastrtps_cpp__visibility_control.h
[2.392s] -- Installing: /home/ajbam/aquaLine/src/install/aqua2_simulation_interfaces/lib/libaqua2_simulation_interfaces__rosidl_typesupport_fastrtps_cpp.so
[2.392s] -- Set runtime path of "/home/ajbam/aquaLine/src/install/aqua2_simulation_interfaces/lib/libaqua2_simulation_interfaces__rosidl_typesupport_fastrtps_cpp.so" to ""
[2.392s] -- Up-to-date: /home/ajbam/aquaLine/src/install/aqua2_simulation_interfaces/include/aqua2_simulation_interfaces
[2.393s] -- Up-to-date: /home/ajbam/aquaLine/src/install/aqua2_simulation_interfaces/include/aqua2_simulation_interfaces/srv
[2.393s] -- Up-to-date: /home/ajbam/aquaLine/src/install/aqua2_simulation_interfaces/include/aqua2_simulation_interfaces/srv/detail
[2.393s] -- Installing: /home/ajbam/aquaLine/src/install/aqua2_simulation_interfaces/include/aqua2_simulation_interfaces/srv/detail/set_current__type_support.c
[2.393s] -- Installing: /home/ajbam/aquaLine/src/install/aqua2_simulation_interfaces/include/aqua2_simulation_interfaces/srv/detail/empty_workaround__type_support.c
[2.393s] -- Installing: /home/ajbam/aquaLine/src/install/aqua2_simulation_interfaces/include/aqua2_simulation_interfaces/srv/detail/set_current__rosidl_typesupport_introspection_c.h
[2.393s] -- Installing: /home/ajbam/aquaLine/src/install/aqua2_simulation_interfaces/include/aqua2_simulation_interfaces/srv/detail/get_float__type_support.c
[2.393s] -- Installing: /home/ajbam/aquaLine/src/install/aqua2_simulation_interfaces/include/aqua2_simulation_interfaces/srv/detail/get_position__type_support.c
[2.393s] -- Installing: /home/ajbam/aquaLine/src/install/aqua2_simulation_interfaces/include/aqua2_simulation_interfaces/srv/detail/set_leg_status__type_support.c
[2.393s] -- Installing: /home/ajbam/aquaLine/src/install/aqua2_simulation_interfaces/include/aqua2_simulation_interfaces/srv/detail/set_float__type_support.c
[2.393s] -- Installing: /home/ajbam/aquaLine/src/install/aqua2_simulation_interfaces/include/aqua2_simulation_interfaces/srv/detail/set_position__type_support.c
[2.393s] -- Installing: /home/ajbam/aquaLine/src/install/aqua2_simulation_interfaces/include/aqua2_simulation_interfaces/srv/detail/set_float__rosidl_typesupport_introspection_c.h
[2.393s] -- Installing: /home/ajbam/aquaLine/src/install/aqua2_simulation_interfaces/include/aqua2_simulation_interfaces/srv/detail/get_position__rosidl_typesupport_introspection_c.h
[2.394s] -- Installing: /home/ajbam/aquaLine/src/install/aqua2_simulation_interfaces/include/aqua2_simulation_interfaces/srv/detail/empty_workaround__rosidl_typesupport_introspection_c.h
[2.394s] -- Installing: /home/ajbam/aquaLine/src/install/aqua2_simulation_interfaces/include/aqua2_simulation_interfaces/srv/detail/set_leg_status__rosidl_typesupport_introspection_c.h
[2.394s] -- Installing: /home/ajbam/aquaLine/src/install/aqua2_simulation_interfaces/include/aqua2_simulation_interfaces/srv/detail/set_position__rosidl_typesupport_introspection_c.h
[2.394s] -- Installing: /home/ajbam/aquaLine/src/install/aqua2_simulation_interfaces/include/aqua2_simulation_interfaces/srv/detail/get_float__rosidl_typesupport_introspection_c.h
[2.394s] -- Up-to-date: /home/ajbam/aquaLine/src/install/aqua2_simulation_interfaces/include/aqua2_simulation_interfaces/msg
[2.394s] -- Installing: /home/ajbam/aquaLine/src/install/aqua2_simulation_interfaces/include/aqua2_simulation_interfaces/msg/rosidl_typesupport_introspection_c__visibility_control.h
[2.395s] -- Installing: /home/ajbam/aquaLine/src/install/aqua2_simulation_interfaces/lib/libaqua2_simulation_interfaces__rosidl_typesupport_introspection_c.so
[2.395s] -- Set runtime path of "/home/ajbam/aquaLine/src/install/aqua2_simulation_interfaces/lib/libaqua2_simulation_interfaces__rosidl_typesupport_introspection_c.so" to ""
[2.396s] -- Installing: /home/ajbam/aquaLine/src/install/aqua2_simulation_interfaces/lib/libaqua2_simulation_interfaces__rosidl_typesupport_c.so
[2.396s] -- Set runtime path of "/home/ajbam/aquaLine/src/install/aqua2_simulation_interfaces/lib/libaqua2_simulation_interfaces__rosidl_typesupport_c.so" to ""
[2.396s] -- Up-to-date: /home/ajbam/aquaLine/src/install/aqua2_simulation_interfaces/include/aqua2_simulation_interfaces
[2.396s] -- Up-to-date: /home/ajbam/aquaLine/src/install/aqua2_simulation_interfaces/include/aqua2_simulation_interfaces/srv
[2.396s] -- Installing: /home/ajbam/aquaLine/src/install/aqua2_simulation_interfaces/include/aqua2_simulation_interfaces/srv/empty_workaround.hpp
[2.396s] -- Installing: /home/ajbam/aquaLine/src/install/aqua2_simulation_interfaces/include/aqua2_simulation_interfaces/srv/set_leg_status.hpp
[2.396s] -- Installing: /home/ajbam/aquaLine/src/install/aqua2_simulation_interfaces/include/aqua2_simulation_interfaces/srv/get_position.hpp
[2.396s] -- Installing: /home/ajbam/aquaLine/src/install/aqua2_simulation_interfaces/include/aqua2_simulation_interfaces/srv/set_float.hpp
[2.397s] -- Installing: /home/ajbam/aquaLine/src/install/aqua2_simulation_interfaces/include/aqua2_simulation_interfaces/srv/set_current.hpp
[2.397s] -- Installing: /home/ajbam/aquaLine/src/install/aqua2_simulation_interfaces/include/aqua2_simulation_interfaces/srv/set_position.hpp
[2.397s] -- Installing: /home/ajbam/aquaLine/src/install/aqua2_simulation_interfaces/include/aqua2_simulation_interfaces/srv/get_float.hpp
[2.397s] -- Up-to-date: /home/ajbam/aquaLine/src/install/aqua2_simulation_interfaces/include/aqua2_simulation_interfaces/srv/detail
[2.397s] -- Installing: /home/ajbam/aquaLine/src/install/aqua2_simulation_interfaces/include/aqua2_simulation_interfaces/srv/detail/set_current__builder.hpp
[2.397s] -- Installing: /home/ajbam/aquaLine/src/install/aqua2_simulation_interfaces/include/aqua2_simulation_interfaces/srv/detail/empty_workaround__struct.hpp
[2.397s] -- Installing: /home/ajbam/aquaLine/src/install/aqua2_simulation_interfaces/include/aqua2_simulation_interfaces/srv/detail/get_float__type_support.hpp
[2.397s] -- Installing: /home/ajbam/aquaLine/src/install/aqua2_simulation_interfaces/include/aqua2_simulation_interfaces/srv/detail/set_float__struct.hpp
[2.397s] -- Installing: /home/ajbam/aquaLine/src/install/aqua2_simulation_interfaces/include/aqua2_simulation_interfaces/srv/detail/set_current__traits.hpp
[2.397s] -- Installing: /home/ajbam/aquaLine/src/install/aqua2_simulation_interfaces/include/aqua2_simulation_interfaces/srv/detail/set_leg_status__struct.hpp
[2.397s] -- Installing: /home/ajbam/aquaLine/src/install/aqua2_simulation_interfaces/include/aqua2_simulation_interfaces/srv/detail/set_position__struct.hpp
[2.397s] -- Installing: /home/ajbam/aquaLine/src/install/aqua2_simulation_interfaces/include/aqua2_simulation_interfaces/srv/detail/get_position__traits.hpp
[2.397s] -- Installing: /home/ajbam/aquaLine/src/install/aqua2_simulation_interfaces/include/aqua2_simulation_interfaces/srv/detail/set_position__traits.hpp
[2.397s] -- Installing: /home/ajbam/aquaLine/src/install/aqua2_simulation_interfaces/include/aqua2_simulation_interfaces/srv/detail/get_float__builder.hpp
[2.397s] -- Installing: /home/ajbam/aquaLine/src/install/aqua2_simulation_interfaces/include/aqua2_simulation_interfaces/srv/detail/get_position__builder.hpp
[2.397s] -- Installing: /home/ajbam/aquaLine/src/install/aqua2_simulation_interfaces/include/aqua2_simulation_interfaces/srv/detail/set_position__type_support.hpp
[2.397s] -- Installing: /home/ajbam/aquaLine/src/install/aqua2_simulation_interfaces/include/aqua2_simulation_interfaces/srv/detail/set_leg_status__builder.hpp
[2.397s] -- Installing: /home/ajbam/aquaLine/src/install/aqua2_simulation_interfaces/include/aqua2_simulation_interfaces/srv/detail/set_current__type_support.hpp
[2.397s] -- Installing: /home/ajbam/aquaLine/src/install/aqua2_simulation_interfaces/include/aqua2_simulation_interfaces/srv/detail/get_float__traits.hpp
[2.398s] -- Installing: /home/ajbam/aquaLine/src/install/aqua2_simulation_interfaces/include/aqua2_simulation_interfaces/srv/detail/set_current__struct.hpp
[2.398s] -- Installing: /home/ajbam/aquaLine/src/install/aqua2_simulation_interfaces/include/aqua2_simulation_interfaces/srv/detail/set_leg_status__type_support.hpp
[2.398s] -- Installing: /home/ajbam/aquaLine/src/install/aqua2_simulation_interfaces/include/aqua2_simulation_interfaces/srv/detail/set_leg_status__traits.hpp
[2.398s] -- Installing: /home/ajbam/aquaLine/src/install/aqua2_simulation_interfaces/include/aqua2_simulation_interfaces/srv/detail/set_float__builder.hpp
[2.398s] -- Installing: /home/ajbam/aquaLine/src/install/aqua2_simulation_interfaces/include/aqua2_simulation_interfaces/srv/detail/get_float__struct.hpp
[2.398s] -- Installing: /home/ajbam/aquaLine/src/install/aqua2_simulation_interfaces/include/aqua2_simulation_interfaces/srv/detail/empty_workaround__type_support.hpp
[2.398s] -- Installing: /home/ajbam/aquaLine/src/install/aqua2_simulation_interfaces/include/aqua2_simulation_interfaces/srv/detail/set_position__builder.hpp
[2.398s] -- Installing: /home/ajbam/aquaLine/src/install/aqua2_simulation_interfaces/include/aqua2_simulation_interfaces/srv/detail/set_float__traits.hpp
[2.398s] -- Installing: /home/ajbam/aquaLine/src/install/aqua2_simulation_interfaces/include/aqua2_simulation_interfaces/srv/detail/set_float__type_support.hpp
[2.398s] -- Installing: /home/ajbam/aquaLine/src/install/aqua2_simulation_interfaces/include/aqua2_simulation_interfaces/srv/detail/empty_workaround__builder.hpp
[2.398s] -- Installing: /home/ajbam/aquaLine/src/install/aqua2_simulation_interfaces/include/aqua2_simulation_interfaces/srv/detail/get_position__struct.hpp
[2.398s] -- Installing: /home/ajbam/aquaLine/src/install/aqua2_simulation_interfaces/include/aqua2_simulation_interfaces/srv/detail/empty_workaround__traits.hpp
[2.398s] -- Installing: /home/ajbam/aquaLine/src/install/aqua2_simulation_interfaces/include/aqua2_simulation_interfaces/srv/detail/get_position__type_support.hpp
[2.398s] -- Up-to-date: /home/ajbam/aquaLine/src/install/aqua2_simulation_interfaces/include/aqua2_simulation_interfaces/msg
[2.398s] -- Installing: /home/ajbam/aquaLine/src/install/aqua2_simulation_interfaces/include/aqua2_simulation_interfaces/msg/rosidl_generator_cpp__visibility_control.hpp
[2.398s] -- Up-to-date: /home/ajbam/aquaLine/src/install/aqua2_simulation_interfaces/include/aqua2_simulation_interfaces
[2.398s] -- Up-to-date: /home/ajbam/aquaLine/src/install/aqua2_simulation_interfaces/include/aqua2_simulation_interfaces/srv
[2.398s] -- Up-to-date: /home/ajbam/aquaLine/src/install/aqua2_simulation_interfaces/include/aqua2_simulation_interfaces/srv/detail
[2.398s] -- Installing: /home/ajbam/aquaLine/src/install/aqua2_simulation_interfaces/include/aqua2_simulation_interfaces/srv/detail/get_float__type_support.cpp
[2.399s] -- Installing: /home/ajbam/aquaLine/src/install/aqua2_simulation_interfaces/include/aqua2_simulation_interfaces/srv/detail/empty_workaround__type_support.cpp
[2.399s] -- Installing: /home/ajbam/aquaLine/src/install/aqua2_simulation_interfaces/include/aqua2_simulation_interfaces/srv/detail/set_position__type_support.cpp
[2.399s] -- Installing: /home/ajbam/aquaLine/src/install/aqua2_simulation_interfaces/include/aqua2_simulation_interfaces/srv/detail/set_float__rosidl_typesupport_introspection_cpp.hpp
[2.399s] -- Installing: /home/ajbam/aquaLine/src/install/aqua2_simulation_interfaces/include/aqua2_simulation_interfaces/srv/detail/empty_workaround__rosidl_typesupport_introspection_cpp.hpp
[2.399s] -- Installing: /home/ajbam/aquaLine/src/install/aqua2_simulation_interfaces/include/aqua2_simulation_interfaces/srv/detail/set_position__rosidl_typesupport_introspection_cpp.hpp
[2.399s] -- Installing: /home/ajbam/aquaLine/src/install/aqua2_simulation_interfaces/include/aqua2_simulation_interfaces/srv/detail/get_position__type_support.cpp
[2.399s] -- Installing: /home/ajbam/aquaLine/src/install/aqua2_simulation_interfaces/include/aqua2_simulation_interfaces/srv/detail/set_leg_status__type_support.cpp
[2.399s] -- Installing: /home/ajbam/aquaLine/src/install/aqua2_simulation_interfaces/include/aqua2_simulation_interfaces/srv/detail/set_leg_status__rosidl_typesupport_introspection_cpp.hpp
[2.399s] -- Installing: /home/ajbam/aquaLine/src/install/aqua2_simulation_interfaces/include/aqua2_simulation_interfaces/srv/detail/get_position__rosidl_typesupport_introspection_cpp.hpp
[2.399s] -- Installing: /home/ajbam/aquaLine/src/install/aqua2_simulation_interfaces/include/aqua2_simulation_interfaces/srv/detail/set_float__type_support.cpp
[2.399s] -- Installing: /home/ajbam/aquaLine/src/install/aqua2_simulation_interfaces/include/aqua2_simulation_interfaces/srv/detail/get_float__rosidl_typesupport_introspection_cpp.hpp
[2.399s] -- Installing: /home/ajbam/aquaLine/src/install/aqua2_simulation_interfaces/include/aqua2_simulation_interfaces/srv/detail/set_current__rosidl_typesupport_introspection_cpp.hpp
[2.399s] -- Installing: /home/ajbam/aquaLine/src/install/aqua2_simulation_interfaces/include/aqua2_simulation_interfaces/srv/detail/set_current__type_support.cpp
[2.399s] -- Installing: /home/ajbam/aquaLine/src/install/aqua2_simulation_interfaces/lib/libaqua2_simulation_interfaces__rosidl_typesupport_introspection_cpp.so
[2.399s] -- Set runtime path of "/home/ajbam/aquaLine/src/install/aqua2_simulation_interfaces/lib/libaqua2_simulation_interfaces__rosidl_typesupport_introspection_cpp.so" to ""
[2.399s] -- Installing: /home/ajbam/aquaLine/src/install/aqua2_simulation_interfaces/lib/libaqua2_simulation_interfaces__rosidl_typesupport_cpp.so
[2.399s] -- Set runtime path of "/home/ajbam/aquaLine/src/install/aqua2_simulation_interfaces/lib/libaqua2_simulation_interfaces__rosidl_typesupport_cpp.so" to ""
[2.399s] -- Installing: /home/ajbam/aquaLine/src/install/aqua2_simulation_interfaces/share/aqua2_simulation_interfaces/environment/pythonpath.sh
[2.399s] -- Installing: /home/ajbam/aquaLine/src/install/aqua2_simulation_interfaces/share/aqua2_simulation_interfaces/environment/pythonpath.dsv
[2.399s] -- Installing: /home/ajbam/aquaLine/src/install/aqua2_simulation_interfaces/lib/python3.8/site-packages/aqua2_simulation_interfaces/__init__.py
[2.418s] Compiling '/home/ajbam/aquaLine/src/install/aqua2_simulation_interfaces/lib/python3.8/site-packages/aqua2_simulation_interfaces/__init__.py'...
[2.422s] -- Installing: /home/ajbam/aquaLine/src/install/aqua2_simulation_interfaces/lib/python3.8/site-packages/aqua2_simulation_interfaces/srv
[2.423s] -- Installing: /home/ajbam/aquaLine/src/install/aqua2_simulation_interfaces/lib/python3.8/site-packages/aqua2_simulation_interfaces/srv/_empty_workaround.py
[2.423s] -- Installing: /home/ajbam/aquaLine/src/install/aqua2_simulation_interfaces/lib/python3.8/site-packages/aqua2_simulation_interfaces/srv/_set_current.py
[2.423s] -- Installing: /home/ajbam/aquaLine/src/install/aqua2_simulation_interfaces/lib/python3.8/site-packages/aqua2_simulation_interfaces/srv/_set_current_s.c
[2.423s] -- Installing: /home/ajbam/aquaLine/src/install/aqua2_simulation_interfaces/lib/python3.8/site-packages/aqua2_simulation_interfaces/srv/_set_float.py
[2.424s] -- Installing: /home/ajbam/aquaLine/src/install/aqua2_simulation_interfaces/lib/python3.8/site-packages/aqua2_simulation_interfaces/srv/_get_position.py
[2.424s] -- Installing: /home/ajbam/aquaLine/src/install/aqua2_simulation_interfaces/lib/python3.8/site-packages/aqua2_simulation_interfaces/srv/_empty_workaround_s.c
[2.424s] -- Installing: /home/ajbam/aquaLine/src/install/aqua2_simulation_interfaces/lib/python3.8/site-packages/aqua2_simulation_interfaces/srv/_get_float.py
[2.424s] -- Installing: /home/ajbam/aquaLine/src/install/aqua2_simulation_interfaces/lib/python3.8/site-packages/aqua2_simulation_interfaces/srv/__init__.py
[2.425s] -- Installing: /home/ajbam/aquaLine/src/install/aqua2_simulation_interfaces/lib/python3.8/site-packages/aqua2_simulation_interfaces/srv/_get_float_s.c
[2.425s] -- Installing: /home/ajbam/aquaLine/src/install/aqua2_simulation_interfaces/lib/python3.8/site-packages/aqua2_simulation_interfaces/srv/_set_position.py
[2.425s] -- Installing: /home/ajbam/aquaLine/src/install/aqua2_simulation_interfaces/lib/python3.8/site-packages/aqua2_simulation_interfaces/srv/_get_position_s.c
[2.425s] -- Installing: /home/ajbam/aquaLine/src/install/aqua2_simulation_interfaces/lib/python3.8/site-packages/aqua2_simulation_interfaces/srv/_set_float_s.c
[2.425s] -- Installing: /home/ajbam/aquaLine/src/install/aqua2_simulation_interfaces/lib/python3.8/site-packages/aqua2_simulation_interfaces/srv/_set_leg_status_s.c
[2.425s] -- Installing: /home/ajbam/aquaLine/src/install/aqua2_simulation_interfaces/lib/python3.8/site-packages/aqua2_simulation_interfaces/srv/_set_leg_status.py
[2.426s] -- Installing: /home/ajbam/aquaLine/src/install/aqua2_simulation_interfaces/lib/python3.8/site-packages/aqua2_simulation_interfaces/srv/_set_position_s.c
[2.426s] -- Installing: /home/ajbam/aquaLine/src/install/aqua2_simulation_interfaces/lib/python3.8/site-packages/aqua2_simulation_interfaces/aqua2_simulation_interfaces_s__rosidl_typesupport_fastrtps_c.cpython-38-x86_64-linux-gnu.so
[2.427s] -- Set runtime path of "/home/ajbam/aquaLine/src/install/aqua2_simulation_interfaces/lib/python3.8/site-packages/aqua2_simulation_interfaces/aqua2_simulation_interfaces_s__rosidl_typesupport_fastrtps_c.cpython-38-x86_64-linux-gnu.so" to ""
[2.427s] -- Installing: /home/ajbam/aquaLine/src/install/aqua2_simulation_interfaces/lib/python3.8/site-packages/aqua2_simulation_interfaces/aqua2_simulation_interfaces_s__rosidl_typesupport_introspection_c.cpython-38-x86_64-linux-gnu.so
[2.428s] -- Set runtime path of "/home/ajbam/aquaLine/src/install/aqua2_simulation_interfaces/lib/python3.8/site-packages/aqua2_simulation_interfaces/aqua2_simulation_interfaces_s__rosidl_typesupport_introspection_c.cpython-38-x86_64-linux-gnu.so" to ""
[2.428s] -- Installing: /home/ajbam/aquaLine/src/install/aqua2_simulation_interfaces/lib/python3.8/site-packages/aqua2_simulation_interfaces/aqua2_simulation_interfaces_s__rosidl_typesupport_c.cpython-38-x86_64-linux-gnu.so
[2.429s] -- Set runtime path of "/home/ajbam/aquaLine/src/install/aqua2_simulation_interfaces/lib/python3.8/site-packages/aqua2_simulation_interfaces/aqua2_simulation_interfaces_s__rosidl_typesupport_c.cpython-38-x86_64-linux-gnu.so" to ""
[2.429s] -- Installing: /home/ajbam/aquaLine/src/install/aqua2_simulation_interfaces/lib/libaqua2_simulation_interfaces__python.so
[2.429s] -- Set runtime path of "/home/ajbam/aquaLine/src/install/aqua2_simulation_interfaces/lib/libaqua2_simulation_interfaces__python.so" to ""
[2.429s] -- Installing: /home/ajbam/aquaLine/src/install/aqua2_simulation_interfaces/share/aqua2_simulation_interfaces/srv/GetFloat.idl
[2.430s] -- Installing: /home/ajbam/aquaLine/src/install/aqua2_simulation_interfaces/share/aqua2_simulation_interfaces/srv/GetPosition.idl
[2.430s] -- Installing: /home/ajbam/aquaLine/src/install/aqua2_simulation_interfaces/share/aqua2_simulation_interfaces/srv/SetCurrent.idl
[2.430s] -- Installing: /home/ajbam/aquaLine/src/install/aqua2_simulation_interfaces/share/aqua2_simulation_interfaces/srv/SetFloat.idl
[2.430s] -- Installing: /home/ajbam/aquaLine/src/install/aqua2_simulation_interfaces/share/aqua2_simulation_interfaces/srv/SetLegStatus.idl
[2.430s] -- Installing: /home/ajbam/aquaLine/src/install/aqua2_simulation_interfaces/share/aqua2_simulation_interfaces/srv/SetPosition.idl
[2.431s] -- Installing: /home/ajbam/aquaLine/src/install/aqua2_simulation_interfaces/share/aqua2_simulation_interfaces/srv/EmptyWorkaround.idl
[2.431s] -- Installing: /home/ajbam/aquaLine/src/install/aqua2_simulation_interfaces/share/aqua2_simulation_interfaces/srv/GetFloat.srv
[2.431s] -- Installing: /home/ajbam/aquaLine/src/install/aqua2_simulation_interfaces/share/aqua2_simulation_interfaces/srv/GetFloat_Request.msg
[2.431s] -- Installing: /home/ajbam/aquaLine/src/install/aqua2_simulation_interfaces/share/aqua2_simulation_interfaces/srv/GetFloat_Response.msg
[2.432s] -- Installing: /home/ajbam/aquaLine/src/install/aqua2_simulation_interfaces/share/aqua2_simulation_interfaces/srv/GetPosition.srv
[2.432s] -- Installing: /home/ajbam/aquaLine/src/install/aqua2_simulation_interfaces/share/aqua2_simulation_interfaces/srv/GetPosition_Request.msg
[2.432s] -- Installing: /home/ajbam/aquaLine/src/install/aqua2_simulation_interfaces/share/aqua2_simulation_interfaces/srv/GetPosition_Response.msg
[2.432s] -- Installing: /home/ajbam/aquaLine/src/install/aqua2_simulation_interfaces/share/aqua2_simulation_interfaces/srv/SetCurrent.srv
[2.432s] -- Installing: /home/ajbam/aquaLine/src/install/aqua2_simulation_interfaces/share/aqua2_simulation_interfaces/srv/SetCurrent_Request.msg
[2.433s] -- Installing: /home/ajbam/aquaLine/src/install/aqua2_simulation_interfaces/share/aqua2_simulation_interfaces/srv/SetCurrent_Response.msg
[2.433s] -- Installing: /home/ajbam/aquaLine/src/install/aqua2_simulation_interfaces/share/aqua2_simulation_interfaces/srv/SetFloat.srv
[2.433s] -- Installing: /home/ajbam/aquaLine/src/install/aqua2_simulation_interfaces/share/aqua2_simulation_interfaces/srv/SetFloat_Request.msg
[2.433s] -- Installing: /home/ajbam/aquaLine/src/install/aqua2_simulation_interfaces/share/aqua2_simulation_interfaces/srv/SetFloat_Response.msg
[2.433s] -- Installing: /home/ajbam/aquaLine/src/install/aqua2_simulation_interfaces/share/aqua2_simulation_interfaces/srv/SetLegStatus.srv
[2.434s] -- Installing: /home/ajbam/aquaLine/src/install/aqua2_simulation_interfaces/share/aqua2_simulation_interfaces/srv/SetLegStatus_Request.msg
[2.434s] -- Installing: /home/ajbam/aquaLine/src/install/aqua2_simulation_interfaces/share/aqua2_simulation_interfaces/srv/SetLegStatus_Response.msg
[2.434s] -- Installing: /home/ajbam/aquaLine/src/install/aqua2_simulation_interfaces/share/aqua2_simulation_interfaces/srv/SetPosition.srv
[2.434s] -- Installing: /home/ajbam/aquaLine/src/install/aqua2_simulation_interfaces/share/aqua2_simulation_interfaces/srv/SetPosition_Request.msg
[2.435s] -- Installing: /home/ajbam/aquaLine/src/install/aqua2_simulation_interfaces/share/aqua2_simulation_interfaces/srv/SetPosition_Response.msg
[2.435s] -- Installing: /home/ajbam/aquaLine/src/install/aqua2_simulation_interfaces/share/aqua2_simulation_interfaces/srv/EmptyWorkaround.srv
[2.435s] -- Installing: /home/ajbam/aquaLine/src/install/aqua2_simulation_interfaces/share/aqua2_simulation_interfaces/srv/EmptyWorkaround_Request.msg
[2.435s] -- Installing: /home/ajbam/aquaLine/src/install/aqua2_simulation_interfaces/share/aqua2_simulation_interfaces/srv/EmptyWorkaround_Response.msg
[2.436s] -- Installing: /home/ajbam/aquaLine/src/install/aqua2_simulation_interfaces/share/ament_index/resource_index/package_run_dependencies/aqua2_simulation_interfaces
[2.436s] -- Installing: /home/ajbam/aquaLine/src/install/aqua2_simulation_interfaces/share/ament_index/resource_index/parent_prefix_path/aqua2_simulation_interfaces
[2.436s] -- Installing: /home/ajbam/aquaLine/src/install/aqua2_simulation_interfaces/share/aqua2_simulation_interfaces/environment/ament_prefix_path.sh
[2.436s] -- Installing: /home/ajbam/aquaLine/src/install/aqua2_simulation_interfaces/share/aqua2_simulation_interfaces/environment/ament_prefix_path.dsv
[2.437s] -- Installing: /home/ajbam/aquaLine/src/install/aqua2_simulation_interfaces/share/aqua2_simulation_interfaces/environment/path.sh
[2.437s] -- Installing: /home/ajbam/aquaLine/src/install/aqua2_simulation_interfaces/share/aqua2_simulation_interfaces/environment/path.dsv
[2.437s] -- Installing: /home/ajbam/aquaLine/src/install/aqua2_simulation_interfaces/share/aqua2_simulation_interfaces/local_setup.bash
[2.437s] -- Installing: /home/ajbam/aquaLine/src/install/aqua2_simulation_interfaces/share/aqua2_simulation_interfaces/local_setup.sh
[2.437s] -- Installing: /home/ajbam/aquaLine/src/install/aqua2_simulation_interfaces/share/aqua2_simulation_interfaces/local_setup.zsh
[2.438s] -- Installing: /home/ajbam/aquaLine/src/install/aqua2_simulation_interfaces/share/aqua2_simulation_interfaces/local_setup.dsv
[2.438s] -- Installing: /home/ajbam/aquaLine/src/install/aqua2_simulation_interfaces/share/aqua2_simulation_interfaces/package.dsv
[2.438s] -- Installing: /home/ajbam/aquaLine/src/install/aqua2_simulation_interfaces/share/ament_index/resource_index/packages/aqua2_simulation_interfaces
[2.438s] -- Installing: /home/ajbam/aquaLine/src/install/aqua2_simulation_interfaces/share/aqua2_simulation_interfaces/cmake/aqua2_simulation_interfaces__rosidl_generator_cExport.cmake
[2.439s] -- Installing: /home/ajbam/aquaLine/src/install/aqua2_simulation_interfaces/share/aqua2_simulation_interfaces/cmake/aqua2_simulation_interfaces__rosidl_generator_cExport-noconfig.cmake
[2.439s] -- Installing: /home/ajbam/aquaLine/src/install/aqua2_simulation_interfaces/share/aqua2_simulation_interfaces/cmake/aqua2_simulation_interfaces__rosidl_typesupport_introspection_cExport.cmake
[2.439s] -- Installing: /home/ajbam/aquaLine/src/install/aqua2_simulation_interfaces/share/aqua2_simulation_interfaces/cmake/aqua2_simulation_interfaces__rosidl_typesupport_introspection_cExport-noconfig.cmake
[2.439s] -- Installing: /home/ajbam/aquaLine/src/install/aqua2_simulation_interfaces/share/aqua2_simulation_interfaces/cmake/aqua2_simulation_interfaces__rosidl_typesupport_cExport.cmake
[2.440s] -- Installing: /home/ajbam/aquaLine/src/install/aqua2_simulation_interfaces/share/aqua2_simulation_interfaces/cmake/aqua2_simulation_interfaces__rosidl_typesupport_cExport-noconfig.cmake
[2.440s] -- Installing: /home/ajbam/aquaLine/src/install/aqua2_simulation_interfaces/share/aqua2_simulation_interfaces/cmake/aqua2_simulation_interfaces__rosidl_generator_cppExport.cmake
[2.440s] -- Installing: /home/ajbam/aquaLine/src/install/aqua2_simulation_interfaces/share/aqua2_simulation_interfaces/cmake/aqua2_simulation_interfaces__rosidl_typesupport_introspection_cppExport.cmake
[2.440s] -- Installing: /home/ajbam/aquaLine/src/install/aqua2_simulation_interfaces/share/aqua2_simulation_interfaces/cmake/aqua2_simulation_interfaces__rosidl_typesupport_introspection_cppExport-noconfig.cmake
[2.441s] -- Installing: /home/ajbam/aquaLine/src/install/aqua2_simulation_interfaces/share/aqua2_simulation_interfaces/cmake/aqua2_simulation_interfaces__rosidl_typesupport_cppExport.cmake
[2.441s] -- Installing: /home/ajbam/aquaLine/src/install/aqua2_simulation_interfaces/share/aqua2_simulation_interfaces/cmake/aqua2_simulation_interfaces__rosidl_typesupport_cppExport-noconfig.cmake
[2.441s] -- Installing: /home/ajbam/aquaLine/src/install/aqua2_simulation_interfaces/share/aqua2_simulation_interfaces/cmake/rosidl_cmake-extras.cmake
[2.441s] -- Installing: /home/ajbam/aquaLine/src/install/aqua2_simulation_interfaces/share/aqua2_simulation_interfaces/cmake/ament_cmake_export_dependencies-extras.cmake
[2.442s] -- Installing: /home/ajbam/aquaLine/src/install/aqua2_simulation_interfaces/share/aqua2_simulation_interfaces/cmake/ament_cmake_export_libraries-extras.cmake
[2.442s] -- Installing: /home/ajbam/aquaLine/src/install/aqua2_simulation_interfaces/share/aqua2_simulation_interfaces/cmake/ament_cmake_export_targets-extras.cmake
[2.442s] -- Installing: /home/ajbam/aquaLine/src/install/aqua2_simulation_interfaces/share/aqua2_simulation_interfaces/cmake/ament_cmake_export_include_directories-extras.cmake
[2.442s] -- Installing: /home/ajbam/aquaLine/src/install/aqua2_simulation_interfaces/share/aqua2_simulation_interfaces/cmake/rosidl_cmake_export_typesupport_libraries-extras.cmake
[2.443s] -- Installing: /home/ajbam/aquaLine/src/install/aqua2_simulation_interfaces/share/aqua2_simulation_interfaces/cmake/rosidl_cmake_export_typesupport_targets-extras.cmake
[2.443s] -- Installing: /home/ajbam/aquaLine/src/install/aqua2_simulation_interfaces/share/aqua2_simulation_interfaces/cmake/aqua2_simulation_interfacesConfig.cmake
[2.443s] -- Installing: /home/ajbam/aquaLine/src/install/aqua2_simulation_interfaces/share/aqua2_simulation_interfaces/cmake/aqua2_simulation_interfacesConfig-version.cmake
[2.443s] -- Installing: /home/ajbam/aquaLine/src/install/aqua2_simulation_interfaces/share/aqua2_simulation_interfaces/package.xml
[2.449s] Invoked command in '/home/ajbam/aquaLine/src/build/aqua2_simulation_interfaces' returned '0': CMAKE_PREFIX_PATH=/opt/ros/foxy /usr/bin/cmake --install /home/ajbam/aquaLine/src/build/aqua2_simulation_interfaces
