[35m[1mScanning dependencies of target aqua2_simulation_interfaces__cpp[0m
[  1%] [34m[1mGenerating C code for ROS interfaces[0m
[  2%] [34m[1mGenerating C++ code for ROS interfaces[0m
[  2%] Built target aqua2_simulation_interfaces__cpp
[  3%] [34m[1mGenerating C++ type support dispatch for ROS interfaces[0m
[  5%] [34m[1mGenerating C++ type support for eProsima Fast-RTPS[0m
[  6%] [34m[1mGenerating C++ introspection for ROS interfaces[0m
[35m[1mScanning dependencies of target aqua2_simulation_interfaces__rosidl_generator_c[0m
[  7%] [32mBuilding C object CMakeFiles/aqua2_simulation_interfaces__rosidl_generator_c.dir/rosidl_generator_c/aqua2_simulation_interfaces/srv/detail/get_float__functions.c.o[0m
[  8%] [32mBuilding C object CMakeFiles/aqua2_simulation_interfaces__rosidl_generator_c.dir/rosidl_generator_c/aqua2_simulation_interfaces/srv/detail/get_position__functions.c.o[0m
[ 10%] [32mBuilding C object CMakeFiles/aqua2_simulation_interfaces__rosidl_generator_c.dir/rosidl_generator_c/aqua2_simulation_interfaces/srv/detail/set_leg_status__functions.c.o[0m
[ 11%] [32mBuilding C object CMakeFiles/aqua2_simulation_interfaces__rosidl_generator_c.dir/rosidl_generator_c/aqua2_simulation_interfaces/srv/detail/set_current__functions.c.o[0m
[ 15%] [32mBuilding C object CMakeFiles/aqua2_simulation_interfaces__rosidl_generator_c.dir/rosidl_generator_c/aqua2_simulation_interfaces/srv/detail/set_float__functions.c.o[0m
[ 15%] [32mBuilding C object CMakeFiles/aqua2_simulation_interfaces__rosidl_generator_c.dir/rosidl_generator_c/aqua2_simulation_interfaces/srv/detail/empty_workaround__functions.c.o[0m
[ 15%] [32mBuilding C object CMakeFiles/aqua2_simulation_interfaces__rosidl_generator_c.dir/rosidl_generator_c/aqua2_simulation_interfaces/srv/detail/set_position__functions.c.o[0m
[ 16%] [32m[1mLinking C shared library libaqua2_simulation_interfaces__rosidl_generator_c.so[0m
[ 16%] Built target aqua2_simulation_interfaces__rosidl_generator_c
[ 18%] [34m[1mGenerating C introspection for ROS interfaces[0m
[ 18%] [34m[1mGenerating C type support dispatch for ROS interfaces[0m
[35m[1mScanning dependencies of target aqua2_simulation_interfaces__rosidl_typesupport_cpp[0m
[ 20%] [32mBuilding CXX object CMakeFiles/aqua2_simulation_interfaces__rosidl_typesupport_cpp.dir/rosidl_typesupport_cpp/aqua2_simulation_interfaces/srv/get_float__type_support.cpp.o[0m
[ 21%] [32mBuilding CXX object CMakeFiles/aqua2_simulation_interfaces__rosidl_typesupport_cpp.dir/rosidl_typesupport_cpp/aqua2_simulation_interfaces/srv/set_float__type_support.cpp.o[0m
[ 22%] [32mBuilding CXX object CMakeFiles/aqua2_simulation_interfaces__rosidl_typesupport_cpp.dir/rosidl_typesupport_cpp/aqua2_simulation_interfaces/srv/get_position__type_support.cpp.o[0m
[ 24%] [32mBuilding CXX object CMakeFiles/aqua2_simulation_interfaces__rosidl_typesupport_cpp.dir/rosidl_typesupport_cpp/aqua2_simulation_interfaces/srv/set_current__type_support.cpp.o[0m
[ 25%] [32mBuilding CXX object CMakeFiles/aqua2_simulation_interfaces__rosidl_typesupport_cpp.dir/rosidl_typesupport_cpp/aqua2_simulation_interfaces/srv/set_leg_status__type_support.cpp.o[0m
[ 27%] [32mBuilding CXX object CMakeFiles/aqua2_simulation_interfaces__rosidl_typesupport_cpp.dir/rosidl_typesupport_cpp/aqua2_simulation_interfaces/srv/set_position__type_support.cpp.o[0m
[ 27%] [32mBuilding CXX object CMakeFiles/aqua2_simulation_interfaces__rosidl_typesupport_cpp.dir/rosidl_typesupport_cpp/aqua2_simulation_interfaces/srv/empty_workaround__type_support.cpp.o[0m
[35m[1mScanning dependencies of target aqua2_simulation_interfaces__rosidl_typesupport_introspection_cpp[0m
[ 29%] [32mBuilding CXX object CMakeFiles/aqua2_simulation_interfaces__rosidl_typesupport_introspection_cpp.dir/rosidl_typesupport_introspection_cpp/aqua2_simulation_interfaces/srv/detail/get_position__type_support.cpp.o[0m
[ 32%] [32mBuilding CXX object CMakeFiles/aqua2_simulation_interfaces__rosidl_typesupport_introspection_cpp.dir/rosidl_typesupport_introspection_cpp/aqua2_simulation_interfaces/srv/detail/set_float__type_support.cpp.o[0m
[ 32%] [32mBuilding CXX object CMakeFiles/aqua2_simulation_interfaces__rosidl_typesupport_introspection_cpp.dir/rosidl_typesupport_introspection_cpp/aqua2_simulation_interfaces/srv/detail/get_float__type_support.cpp.o[0m
[ 32%] [32mBuilding CXX object CMakeFiles/aqua2_simulation_interfaces__rosidl_typesupport_introspection_cpp.dir/rosidl_typesupport_introspection_cpp/aqua2_simulation_interfaces/srv/detail/set_current__type_support.cpp.o[0m
[ 34%] [32mBuilding CXX object CMakeFiles/aqua2_simulation_interfaces__rosidl_typesupport_introspection_cpp.dir/rosidl_typesupport_introspection_cpp/aqua2_simulation_interfaces/srv/detail/set_leg_status__type_support.cpp.o[0m
[ 35%] [32mBuilding CXX object CMakeFiles/aqua2_simulation_interfaces__rosidl_typesupport_introspection_cpp.dir/rosidl_typesupport_introspection_cpp/aqua2_simulation_interfaces/srv/detail/set_position__type_support.cpp.o[0m
[ 36%] [32mBuilding CXX object CMakeFiles/aqua2_simulation_interfaces__rosidl_typesupport_introspection_cpp.dir/rosidl_typesupport_introspection_cpp/aqua2_simulation_interfaces/srv/detail/empty_workaround__type_support.cpp.o[0m
[35m[1mScanning dependencies of target aqua2_simulation_interfaces__rosidl_typesupport_fastrtps_cpp[0m
[35m[1mScanning dependencies of target aqua2_simulation_interfaces__rosidl_typesupport_c[0m
[ 37%] [32mBuilding CXX object CMakeFiles/aqua2_simulation_interfaces__rosidl_typesupport_c.dir/rosidl_typesupport_c/aqua2_simulation_interfaces/srv/get_float__type_support.cpp.o[0m
[ 40%] [32mBuilding CXX object CMakeFiles/aqua2_simulation_interfaces__rosidl_typesupport_fastrtps_cpp.dir/rosidl_typesupport_fastrtps_cpp/aqua2_simulation_interfaces/srv/detail/dds_fastrtps/get_position__type_support.cpp.o[0m
[ 40%] [32mBuilding CXX object CMakeFiles/aqua2_simulation_interfaces__rosidl_typesupport_c.dir/rosidl_typesupport_c/aqua2_simulation_interfaces/srv/get_position__type_support.cpp.o[0m
[ 43%] [32mBuilding CXX object CMakeFiles/aqua2_simulation_interfaces__rosidl_typesupport_c.dir/rosidl_typesupport_c/aqua2_simulation_interfaces/srv/set_float__type_support.cpp.o[0m
[ 43%] [32mBuilding CXX object CMakeFiles/aqua2_simulation_interfaces__rosidl_typesupport_fastrtps_cpp.dir/rosidl_typesupport_fastrtps_cpp/aqua2_simulation_interfaces/srv/detail/dds_fastrtps/get_float__type_support.cpp.o[0m
[ 44%] [32mBuilding CXX object CMakeFiles/aqua2_simulation_interfaces__rosidl_typesupport_fastrtps_cpp.dir/rosidl_typesupport_fastrtps_cpp/aqua2_simulation_interfaces/srv/detail/dds_fastrtps/set_current__type_support.cpp.o[0m
[ 48%] [32mBuilding CXX object CMakeFiles/aqua2_simulation_interfaces__rosidl_typesupport_fastrtps_cpp.dir/rosidl_typesupport_fastrtps_cpp/aqua2_simulation_interfaces/srv/detail/dds_fastrtps/set_float__type_support.cpp.o[0m
[ 48%] [32mBuilding CXX object CMakeFiles/aqua2_simulation_interfaces__rosidl_typesupport_c.dir/rosidl_typesupport_c/aqua2_simulation_interfaces/srv/set_current__type_support.cpp.o[0m
[ 48%] [32mBuilding CXX object CMakeFiles/aqua2_simulation_interfaces__rosidl_typesupport_c.dir/rosidl_typesupport_c/aqua2_simulation_interfaces/srv/set_position__type_support.cpp.o[0m
[ 49%] [32mBuilding CXX object CMakeFiles/aqua2_simulation_interfaces__rosidl_typesupport_fastrtps_cpp.dir/rosidl_typesupport_fastrtps_cpp/aqua2_simulation_interfaces/srv/detail/dds_fastrtps/set_leg_status__type_support.cpp.o[0m
[ 51%] [32mBuilding CXX object CMakeFiles/aqua2_simulation_interfaces__rosidl_typesupport_c.dir/rosidl_typesupport_c/aqua2_simulation_interfaces/srv/set_leg_status__type_support.cpp.o[0m
[ 51%] [32mBuilding CXX object CMakeFiles/aqua2_simulation_interfaces__rosidl_typesupport_c.dir/rosidl_typesupport_c/aqua2_simulation_interfaces/srv/empty_workaround__type_support.cpp.o[0m
[ 53%] [32mBuilding CXX object CMakeFiles/aqua2_simulation_interfaces__rosidl_typesupport_fastrtps_cpp.dir/rosidl_typesupport_fastrtps_cpp/aqua2_simulation_interfaces/srv/detail/dds_fastrtps/set_position__type_support.cpp.o[0m
[ 54%] [32mBuilding CXX object CMakeFiles/aqua2_simulation_interfaces__rosidl_typesupport_fastrtps_cpp.dir/rosidl_typesupport_fastrtps_cpp/aqua2_simulation_interfaces/srv/detail/dds_fastrtps/empty_workaround__type_support.cpp.o[0m
[ 55%] [32m[1mLinking CXX shared library libaqua2_simulation_interfaces__rosidl_typesupport_c.so[0m
[ 55%] Built target aqua2_simulation_interfaces__rosidl_typesupport_c
[35m[1mScanning dependencies of target aqua2_simulation_interfaces__rosidl_typesupport_introspection_c[0m
[ 56%] [32mBuilding C object CMakeFiles/aqua2_simulation_interfaces__rosidl_typesupport_introspection_c.dir/rosidl_typesupport_introspection_c/aqua2_simulation_interfaces/srv/detail/get_float__type_support.c.o[0m
[ 58%] [32mBuilding C object CMakeFiles/aqua2_simulation_interfaces__rosidl_typesupport_introspection_c.dir/rosidl_typesupport_introspection_c/aqua2_simulation_interfaces/srv/detail/empty_workaround__type_support.c.o[0m
[ 59%] [32mBuilding C object CMakeFiles/aqua2_simulation_interfaces__rosidl_typesupport_introspection_c.dir/rosidl_typesupport_introspection_c/aqua2_simulation_interfaces/srv/detail/set_leg_status__type_support.c.o[0m
[ 60%] [32mBuilding C object CMakeFiles/aqua2_simulation_interfaces__rosidl_typesupport_introspection_c.dir/rosidl_typesupport_introspection_c/aqua2_simulation_interfaces/srv/detail/get_position__type_support.c.o[0m
[ 62%] [32mBuilding C object CMakeFiles/aqua2_simulation_interfaces__rosidl_typesupport_introspection_c.dir/rosidl_typesupport_introspection_c/aqua2_simulation_interfaces/srv/detail/set_float__type_support.c.o[0m
[ 63%] [32mBuilding C object CMakeFiles/aqua2_simulation_interfaces__rosidl_typesupport_introspection_c.dir/rosidl_typesupport_introspection_c/aqua2_simulation_interfaces/srv/detail/set_position__type_support.c.o[0m
[ 64%] [32mBuilding C object CMakeFiles/aqua2_simulation_interfaces__rosidl_typesupport_introspection_c.dir/rosidl_typesupport_introspection_c/aqua2_simulation_interfaces/srv/detail/set_current__type_support.c.o[0m
[ 65%] [32m[1mLinking C shared library libaqua2_simulation_interfaces__rosidl_typesupport_introspection_c.so[0m
[ 65%] Built target aqua2_simulation_interfaces__rosidl_typesupport_introspection_c
[ 67%] [32m[1mLinking CXX shared library libaqua2_simulation_interfaces__rosidl_typesupport_cpp.so[0m
[ 67%] Built target aqua2_simulation_interfaces__rosidl_typesupport_cpp
[ 68%] [32m[1mLinking CXX shared library libaqua2_simulation_interfaces__rosidl_typesupport_introspection_cpp.so[0m
[ 68%] Built target aqua2_simulation_interfaces__rosidl_typesupport_introspection_cpp
[ 69%] [32m[1mLinking CXX shared library libaqua2_simulation_interfaces__rosidl_typesupport_fastrtps_cpp.so[0m
[ 69%] Built target aqua2_simulation_interfaces__rosidl_typesupport_fastrtps_cpp
[ 70%] [34m[1mGenerating C type support for eProsima Fast-RTPS[0m
[35m[1mScanning dependencies of target aqua2_simulation_interfaces__rosidl_typesupport_fastrtps_c[0m
[ 72%] [32mBuilding CXX object CMakeFiles/aqua2_simulation_interfaces__rosidl_typesupport_fastrtps_c.dir/rosidl_typesupport_fastrtps_c/aqua2_simulation_interfaces/srv/detail/get_float__type_support_c.cpp.o[0m
[ 73%] [32mBuilding CXX object CMakeFiles/aqua2_simulation_interfaces__rosidl_typesupport_fastrtps_c.dir/rosidl_typesupport_fastrtps_c/aqua2_simulation_interfaces/srv/detail/get_position__type_support_c.cpp.o[0m
[ 74%] [32mBuilding CXX object CMakeFiles/aqua2_simulation_interfaces__rosidl_typesupport_fastrtps_c.dir/rosidl_typesupport_fastrtps_c/aqua2_simulation_interfaces/srv/detail/set_current__type_support_c.cpp.o[0m
[ 75%] [32mBuilding CXX object CMakeFiles/aqua2_simulation_interfaces__rosidl_typesupport_fastrtps_c.dir/rosidl_typesupport_fastrtps_c/aqua2_simulation_interfaces/srv/detail/set_float__type_support_c.cpp.o[0m
[ 77%] [32mBuilding CXX object CMakeFiles/aqua2_simulation_interfaces__rosidl_typesupport_fastrtps_c.dir/rosidl_typesupport_fastrtps_c/aqua2_simulation_interfaces/srv/detail/set_leg_status__type_support_c.cpp.o[0m
[ 78%] [32mBuilding CXX object CMakeFiles/aqua2_simulation_interfaces__rosidl_typesupport_fastrtps_c.dir/rosidl_typesupport_fastrtps_c/aqua2_simulation_interfaces/srv/detail/set_position__type_support_c.cpp.o[0m
[ 79%] [32mBuilding CXX object CMakeFiles/aqua2_simulation_interfaces__rosidl_typesupport_fastrtps_c.dir/rosidl_typesupport_fastrtps_c/aqua2_simulation_interfaces/srv/detail/empty_workaround__type_support_c.cpp.o[0m
[ 81%] [32m[1mLinking CXX shared library libaqua2_simulation_interfaces__rosidl_typesupport_fastrtps_c.so[0m
[ 81%] Built target aqua2_simulation_interfaces__rosidl_typesupport_fastrtps_c
[35m[1mScanning dependencies of target aqua2_simulation_interfaces[0m
[ 81%] Built target aqua2_simulation_interfaces
[35m[1mScanning dependencies of target aqua2_simulation_interfaces__py[0m
[ 82%] [34m[1mGenerating Python code for ROS interfaces[0m
[ 82%] Built target aqua2_simulation_interfaces__py
[35m[1mScanning dependencies of target aqua2_simulation_interfaces__python[0m
[ 83%] [32mBuilding C object CMakeFiles/aqua2_simulation_interfaces__python.dir/rosidl_generator_py/aqua2_simulation_interfaces/srv/_get_float_s.c.o[0m
[ 84%] [32mBuilding C object CMakeFiles/aqua2_simulation_interfaces__python.dir/rosidl_generator_py/aqua2_simulation_interfaces/srv/_get_position_s.c.o[0m
[ 86%] [32mBuilding C object CMakeFiles/aqua2_simulation_interfaces__python.dir/rosidl_generator_py/aqua2_simulation_interfaces/srv/_set_current_s.c.o[0m
[ 87%] [32mBuilding C object CMakeFiles/aqua2_simulation_interfaces__python.dir/rosidl_generator_py/aqua2_simulation_interfaces/srv/_set_float_s.c.o[0m
[ 89%] [32mBuilding C object CMakeFiles/aqua2_simulation_interfaces__python.dir/rosidl_generator_py/aqua2_simulation_interfaces/srv/_set_leg_status_s.c.o[0m
[ 89%] [32mBuilding C object CMakeFiles/aqua2_simulation_interfaces__python.dir/rosidl_generator_py/aqua2_simulation_interfaces/srv/_set_position_s.c.o[0m
[ 91%] [32mBuilding C object CMakeFiles/aqua2_simulation_interfaces__python.dir/rosidl_generator_py/aqua2_simulation_interfaces/srv/_empty_workaround_s.c.o[0m
[ 92%] [32m[1mLinking C shared library rosidl_generator_py/aqua2_simulation_interfaces/libaqua2_simulation_interfaces__python.so[0m
[ 92%] Built target aqua2_simulation_interfaces__python
[35m[1mScanning dependencies of target aqua2_simulation_interfaces__rosidl_typesupport_c__pyext[0m
[35m[1mScanning dependencies of target aqua2_simulation_interfaces__rosidl_typesupport_introspection_c__pyext[0m
[35m[1mScanning dependencies of target aqua2_simulation_interfaces__rosidl_typesupport_fastrtps_c__pyext[0m
[ 96%] [32mBuilding C object CMakeFiles/aqua2_simulation_interfaces__rosidl_typesupport_c__pyext.dir/rosidl_generator_py/aqua2_simulation_interfaces/_aqua2_simulation_interfaces_s.ep.rosidl_typesupport_c.c.o[0m
[ 96%] [32mBuilding C object CMakeFiles/aqua2_simulation_interfaces__rosidl_typesupport_fastrtps_c__pyext.dir/rosidl_generator_py/aqua2_simulation_interfaces/_aqua2_simulation_interfaces_s.ep.rosidl_typesupport_fastrtps_c.c.o[0m
[ 96%] [32mBuilding C object CMakeFiles/aqua2_simulation_interfaces__rosidl_typesupport_introspection_c__pyext.dir/rosidl_generator_py/aqua2_simulation_interfaces/_aqua2_simulation_interfaces_s.ep.rosidl_typesupport_introspection_c.c.o[0m
[100%] [32m[1mLinking C shared library rosidl_generator_py/aqua2_simulation_interfaces/aqua2_simulation_interfaces_s__rosidl_typesupport_introspection_c.cpython-38-x86_64-linux-gnu.so[0m
[100%] [32m[1mLinking CXX shared library rosidl_generator_py/aqua2_simulation_interfaces/aqua2_simulation_interfaces_s__rosidl_typesupport_fastrtps_c.cpython-38-x86_64-linux-gnu.so[0m
[100%] [32m[1mLinking C shared library rosidl_generator_py/aqua2_simulation_interfaces/aqua2_simulation_interfaces_s__rosidl_typesupport_c.cpython-38-x86_64-linux-gnu.so[0m
[100%] Built target aqua2_simulation_interfaces__rosidl_typesupport_c__pyext
[100%] Built target aqua2_simulation_interfaces__rosidl_typesupport_introspection_c__pyext
[100%] Built target aqua2_simulation_interfaces__rosidl_typesupport_fastrtps_c__pyext
-- Install configuration: ""
-- Installing: /home/ajbam/aquaLine/install/aqua2_simulation_interfaces/share/ament_index/resource_index/rosidl_interfaces/aqua2_simulation_interfaces
-- Installing: /home/ajbam/aquaLine/install/aqua2_simulation_interfaces/include/aqua2_simulation_interfaces
-- Installing: /home/ajbam/aquaLine/install/aqua2_simulation_interfaces/include/aqua2_simulation_interfaces/srv
-- Installing: /home/ajbam/aquaLine/install/aqua2_simulation_interfaces/include/aqua2_simulation_interfaces/srv/get_float.h
-- Installing: /home/ajbam/aquaLine/install/aqua2_simulation_interfaces/include/aqua2_simulation_interfaces/srv/set_current.h
-- Installing: /home/ajbam/aquaLine/install/aqua2_simulation_interfaces/include/aqua2_simulation_interfaces/srv/empty_workaround.h
-- Installing: /home/ajbam/aquaLine/install/aqua2_simulation_interfaces/include/aqua2_simulation_interfaces/srv/get_position.h
-- Installing: /home/ajbam/aquaLine/install/aqua2_simulation_interfaces/include/aqua2_simulation_interfaces/srv/set_position.h
-- Installing: /home/ajbam/aquaLine/install/aqua2_simulation_interfaces/include/aqua2_simulation_interfaces/srv/set_float.h
-- Installing: /home/ajbam/aquaLine/install/aqua2_simulation_interfaces/include/aqua2_simulation_interfaces/srv/set_leg_status.h
-- Installing: /home/ajbam/aquaLine/install/aqua2_simulation_interfaces/include/aqua2_simulation_interfaces/srv/detail
-- Installing: /home/ajbam/aquaLine/install/aqua2_simulation_interfaces/include/aqua2_simulation_interfaces/srv/detail/set_float__functions.c
-- Installing: /home/ajbam/aquaLine/install/aqua2_simulation_interfaces/include/aqua2_simulation_interfaces/srv/detail/set_position__type_support.h
-- Installing: /home/ajbam/aquaLine/install/aqua2_simulation_interfaces/include/aqua2_simulation_interfaces/srv/detail/set_current__type_support.h
-- Installing: /home/ajbam/aquaLine/install/aqua2_simulation_interfaces/include/aqua2_simulation_interfaces/srv/detail/empty_workaround__type_support.h
-- Installing: /home/ajbam/aquaLine/install/aqua2_simulation_interfaces/include/aqua2_simulation_interfaces/srv/detail/get_position__functions.h
-- Installing: /home/ajbam/aquaLine/install/aqua2_simulation_interfaces/include/aqua2_simulation_interfaces/srv/detail/set_current__struct.h
-- Installing: /home/ajbam/aquaLine/install/aqua2_simulation_interfaces/include/aqua2_simulation_interfaces/srv/detail/get_float__type_support.h
-- Installing: /home/ajbam/aquaLine/install/aqua2_simulation_interfaces/include/aqua2_simulation_interfaces/srv/detail/set_position__functions.h
-- Installing: /home/ajbam/aquaLine/install/aqua2_simulation_interfaces/include/aqua2_simulation_interfaces/srv/detail/set_position__functions.c
-- Installing: /home/ajbam/aquaLine/install/aqua2_simulation_interfaces/include/aqua2_simulation_interfaces/srv/detail/empty_workaround__functions.c
-- Installing: /home/ajbam/aquaLine/install/aqua2_simulation_interfaces/include/aqua2_simulation_interfaces/srv/detail/set_leg_status__type_support.h
-- Installing: /home/ajbam/aquaLine/install/aqua2_simulation_interfaces/include/aqua2_simulation_interfaces/srv/detail/set_float__type_support.h
-- Installing: /home/ajbam/aquaLine/install/aqua2_simulation_interfaces/include/aqua2_simulation_interfaces/srv/detail/get_float__functions.h
-- Installing: /home/ajbam/aquaLine/install/aqua2_simulation_interfaces/include/aqua2_simulation_interfaces/srv/detail/set_leg_status__struct.h
-- Installing: /home/ajbam/aquaLine/install/aqua2_simulation_interfaces/include/aqua2_simulation_interfaces/srv/detail/set_current__functions.c
-- Installing: /home/ajbam/aquaLine/install/aqua2_simulation_interfaces/include/aqua2_simulation_interfaces/srv/detail/get_position__struct.h
-- Installing: /home/ajbam/aquaLine/install/aqua2_simulation_interfaces/include/aqua2_simulation_interfaces/srv/detail/set_position__struct.h
-- Installing: /home/ajbam/aquaLine/install/aqua2_simulation_interfaces/include/aqua2_simulation_interfaces/srv/detail/empty_workaround__functions.h
-- Installing: /home/ajbam/aquaLine/install/aqua2_simulation_interfaces/include/aqua2_simulation_interfaces/srv/detail/set_current__functions.h
-- Installing: /home/ajbam/aquaLine/install/aqua2_simulation_interfaces/include/aqua2_simulation_interfaces/srv/detail/get_float__functions.c
-- Installing: /home/ajbam/aquaLine/install/aqua2_simulation_interfaces/include/aqua2_simulation_interfaces/srv/detail/set_leg_status__functions.h
-- Installing: /home/ajbam/aquaLine/install/aqua2_simulation_interfaces/include/aqua2_simulation_interfaces/srv/detail/get_position__functions.c
-- Installing: /home/ajbam/aquaLine/install/aqua2_simulation_interfaces/include/aqua2_simulation_interfaces/srv/detail/get_position__type_support.h
-- Installing: /home/ajbam/aquaLine/install/aqua2_simulation_interfaces/include/aqua2_simulation_interfaces/srv/detail/empty_workaround__struct.h
-- Installing: /home/ajbam/aquaLine/install/aqua2_simulation_interfaces/include/aqua2_simulation_interfaces/srv/detail/set_float__functions.h
-- Installing: /home/ajbam/aquaLine/install/aqua2_simulation_interfaces/include/aqua2_simulation_interfaces/srv/detail/set_float__struct.h
-- Installing: /home/ajbam/aquaLine/install/aqua2_simulation_interfaces/include/aqua2_simulation_interfaces/srv/detail/get_float__struct.h
-- Installing: /home/ajbam/aquaLine/install/aqua2_simulation_interfaces/include/aqua2_simulation_interfaces/srv/detail/set_leg_status__functions.c
-- Installing: /home/ajbam/aquaLine/install/aqua2_simulation_interfaces/include/aqua2_simulation_interfaces/msg
-- Installing: /home/ajbam/aquaLine/install/aqua2_simulation_interfaces/include/aqua2_simulation_interfaces/msg/rosidl_generator_c__visibility_control.h
-- Installing: /home/ajbam/aquaLine/install/aqua2_simulation_interfaces/share/aqua2_simulation_interfaces/environment/library_path.sh
-- Installing: /home/ajbam/aquaLine/install/aqua2_simulation_interfaces/share/aqua2_simulation_interfaces/environment/library_path.dsv
-- Installing: /home/ajbam/aquaLine/install/aqua2_simulation_interfaces/lib/libaqua2_simulation_interfaces__rosidl_generator_c.so
-- Set runtime path of "/home/ajbam/aquaLine/install/aqua2_simulation_interfaces/lib/libaqua2_simulation_interfaces__rosidl_generator_c.so" to ""
-- Up-to-date: /home/ajbam/aquaLine/install/aqua2_simulation_interfaces/include/aqua2_simulation_interfaces
-- Up-to-date: /home/ajbam/aquaLine/install/aqua2_simulation_interfaces/include/aqua2_simulation_interfaces/srv
-- Up-to-date: /home/ajbam/aquaLine/install/aqua2_simulation_interfaces/include/aqua2_simulation_interfaces/srv/detail
-- Installing: /home/ajbam/aquaLine/install/aqua2_simulation_interfaces/include/aqua2_simulation_interfaces/srv/detail/empty_workaround__rosidl_typesupport_fastrtps_c.h
-- Installing: /home/ajbam/aquaLine/install/aqua2_simulation_interfaces/include/aqua2_simulation_interfaces/srv/detail/get_float__rosidl_typesupport_fastrtps_c.h
-- Installing: /home/ajbam/aquaLine/install/aqua2_simulation_interfaces/include/aqua2_simulation_interfaces/srv/detail/set_position__rosidl_typesupport_fastrtps_c.h
-- Installing: /home/ajbam/aquaLine/install/aqua2_simulation_interfaces/include/aqua2_simulation_interfaces/srv/detail/set_current__rosidl_typesupport_fastrtps_c.h
-- Installing: /home/ajbam/aquaLine/install/aqua2_simulation_interfaces/include/aqua2_simulation_interfaces/srv/detail/set_leg_status__rosidl_typesupport_fastrtps_c.h
-- Installing: /home/ajbam/aquaLine/install/aqua2_simulation_interfaces/include/aqua2_simulation_interfaces/srv/detail/get_position__rosidl_typesupport_fastrtps_c.h
-- Installing: /home/ajbam/aquaLine/install/aqua2_simulation_interfaces/include/aqua2_simulation_interfaces/srv/detail/set_float__rosidl_typesupport_fastrtps_c.h
-- Up-to-date: /home/ajbam/aquaLine/install/aqua2_simulation_interfaces/include/aqua2_simulation_interfaces/msg
-- Installing: /home/ajbam/aquaLine/install/aqua2_simulation_interfaces/include/aqua2_simulation_interfaces/msg/rosidl_typesupport_fastrtps_c__visibility_control.h
-- Installing: /home/ajbam/aquaLine/install/aqua2_simulation_interfaces/lib/libaqua2_simulation_interfaces__rosidl_typesupport_fastrtps_c.so
-- Set runtime path of "/home/ajbam/aquaLine/install/aqua2_simulation_interfaces/lib/libaqua2_simulation_interfaces__rosidl_typesupport_fastrtps_c.so" to ""
-- Up-to-date: /home/ajbam/aquaLine/install/aqua2_simulation_interfaces/include/aqua2_simulation_interfaces
-- Up-to-date: /home/ajbam/aquaLine/install/aqua2_simulation_interfaces/include/aqua2_simulation_interfaces/srv
-- Up-to-date: /home/ajbam/aquaLine/install/aqua2_simulation_interfaces/include/aqua2_simulation_interfaces/srv/detail
-- Installing: /home/ajbam/aquaLine/install/aqua2_simulation_interfaces/include/aqua2_simulation_interfaces/srv/detail/empty_workaround__rosidl_typesupport_fastrtps_cpp.hpp
-- Installing: /home/ajbam/aquaLine/install/aqua2_simulation_interfaces/include/aqua2_simulation_interfaces/srv/detail/get_position__rosidl_typesupport_fastrtps_cpp.hpp
-- Installing: /home/ajbam/aquaLine/install/aqua2_simulation_interfaces/include/aqua2_simulation_interfaces/srv/detail/set_leg_status__rosidl_typesupport_fastrtps_cpp.hpp
-- Installing: /home/ajbam/aquaLine/install/aqua2_simulation_interfaces/include/aqua2_simulation_interfaces/srv/detail/dds_fastrtps
-- Installing: /home/ajbam/aquaLine/install/aqua2_simulation_interfaces/include/aqua2_simulation_interfaces/srv/detail/set_float__rosidl_typesupport_fastrtps_cpp.hpp
-- Installing: /home/ajbam/aquaLine/install/aqua2_simulation_interfaces/include/aqua2_simulation_interfaces/srv/detail/set_current__rosidl_typesupport_fastrtps_cpp.hpp
-- Installing: /home/ajbam/aquaLine/install/aqua2_simulation_interfaces/include/aqua2_simulation_interfaces/srv/detail/get_float__rosidl_typesupport_fastrtps_cpp.hpp
-- Installing: /home/ajbam/aquaLine/install/aqua2_simulation_interfaces/include/aqua2_simulation_interfaces/srv/detail/set_position__rosidl_typesupport_fastrtps_cpp.hpp
-- Up-to-date: /home/ajbam/aquaLine/install/aqua2_simulation_interfaces/include/aqua2_simulation_interfaces/msg
-- Installing: /home/ajbam/aquaLine/install/aqua2_simulation_interfaces/include/aqua2_simulation_interfaces/msg/rosidl_typesupport_fastrtps_cpp__visibility_control.h
-- Installing: /home/ajbam/aquaLine/install/aqua2_simulation_interfaces/lib/libaqua2_simulation_interfaces__rosidl_typesupport_fastrtps_cpp.so
-- Set runtime path of "/home/ajbam/aquaLine/install/aqua2_simulation_interfaces/lib/libaqua2_simulation_interfaces__rosidl_typesupport_fastrtps_cpp.so" to ""
-- Up-to-date: /home/ajbam/aquaLine/install/aqua2_simulation_interfaces/include/aqua2_simulation_interfaces
-- Up-to-date: /home/ajbam/aquaLine/install/aqua2_simulation_interfaces/include/aqua2_simulation_interfaces/srv
-- Up-to-date: /home/ajbam/aquaLine/install/aqua2_simulation_interfaces/include/aqua2_simulation_interfaces/srv/detail
-- Installing: /home/ajbam/aquaLine/install/aqua2_simulation_interfaces/include/aqua2_simulation_interfaces/srv/detail/set_current__type_support.c
-- Installing: /home/ajbam/aquaLine/install/aqua2_simulation_interfaces/include/aqua2_simulation_interfaces/srv/detail/empty_workaround__type_support.c
-- Installing: /home/ajbam/aquaLine/install/aqua2_simulation_interfaces/include/aqua2_simulation_interfaces/srv/detail/set_current__rosidl_typesupport_introspection_c.h
-- Installing: /home/ajbam/aquaLine/install/aqua2_simulation_interfaces/include/aqua2_simulation_interfaces/srv/detail/get_float__type_support.c
-- Installing: /home/ajbam/aquaLine/install/aqua2_simulation_interfaces/include/aqua2_simulation_interfaces/srv/detail/get_position__type_support.c
-- Installing: /home/ajbam/aquaLine/install/aqua2_simulation_interfaces/include/aqua2_simulation_interfaces/srv/detail/set_leg_status__type_support.c
-- Installing: /home/ajbam/aquaLine/install/aqua2_simulation_interfaces/include/aqua2_simulation_interfaces/srv/detail/set_float__type_support.c
-- Installing: /home/ajbam/aquaLine/install/aqua2_simulation_interfaces/include/aqua2_simulation_interfaces/srv/detail/set_position__type_support.c
-- Installing: /home/ajbam/aquaLine/install/aqua2_simulation_interfaces/include/aqua2_simulation_interfaces/srv/detail/set_float__rosidl_typesupport_introspection_c.h
-- Installing: /home/ajbam/aquaLine/install/aqua2_simulation_interfaces/include/aqua2_simulation_interfaces/srv/detail/get_position__rosidl_typesupport_introspection_c.h
-- Installing: /home/ajbam/aquaLine/install/aqua2_simulation_interfaces/include/aqua2_simulation_interfaces/srv/detail/empty_workaround__rosidl_typesupport_introspection_c.h
-- Installing: /home/ajbam/aquaLine/install/aqua2_simulation_interfaces/include/aqua2_simulation_interfaces/srv/detail/set_leg_status__rosidl_typesupport_introspection_c.h
-- Installing: /home/ajbam/aquaLine/install/aqua2_simulation_interfaces/include/aqua2_simulation_interfaces/srv/detail/set_position__rosidl_typesupport_introspection_c.h
-- Installing: /home/ajbam/aquaLine/install/aqua2_simulation_interfaces/include/aqua2_simulation_interfaces/srv/detail/get_float__rosidl_typesupport_introspection_c.h
-- Up-to-date: /home/ajbam/aquaLine/install/aqua2_simulation_interfaces/include/aqua2_simulation_interfaces/msg
-- Installing: /home/ajbam/aquaLine/install/aqua2_simulation_interfaces/include/aqua2_simulation_interfaces/msg/rosidl_typesupport_introspection_c__visibility_control.h
-- Installing: /home/ajbam/aquaLine/install/aqua2_simulation_interfaces/lib/libaqua2_simulation_interfaces__rosidl_typesupport_introspection_c.so
-- Set runtime path of "/home/ajbam/aquaLine/install/aqua2_simulation_interfaces/lib/libaqua2_simulation_interfaces__rosidl_typesupport_introspection_c.so" to ""
-- Installing: /home/ajbam/aquaLine/install/aqua2_simulation_interfaces/lib/libaqua2_simulation_interfaces__rosidl_typesupport_c.so
-- Set runtime path of "/home/ajbam/aquaLine/install/aqua2_simulation_interfaces/lib/libaqua2_simulation_interfaces__rosidl_typesupport_c.so" to ""
-- Up-to-date: /home/ajbam/aquaLine/install/aqua2_simulation_interfaces/include/aqua2_simulation_interfaces
-- Up-to-date: /home/ajbam/aquaLine/install/aqua2_simulation_interfaces/include/aqua2_simulation_interfaces/srv
-- Installing: /home/ajbam/aquaLine/install/aqua2_simulation_interfaces/include/aqua2_simulation_interfaces/srv/empty_workaround.hpp
-- Installing: /home/ajbam/aquaLine/install/aqua2_simulation_interfaces/include/aqua2_simulation_interfaces/srv/set_leg_status.hpp
-- Installing: /home/ajbam/aquaLine/install/aqua2_simulation_interfaces/include/aqua2_simulation_interfaces/srv/get_position.hpp
-- Installing: /home/ajbam/aquaLine/install/aqua2_simulation_interfaces/include/aqua2_simulation_interfaces/srv/set_float.hpp
-- Installing: /home/ajbam/aquaLine/install/aqua2_simulation_interfaces/include/aqua2_simulation_interfaces/srv/set_current.hpp
-- Installing: /home/ajbam/aquaLine/install/aqua2_simulation_interfaces/include/aqua2_simulation_interfaces/srv/set_position.hpp
-- Installing: /home/ajbam/aquaLine/install/aqua2_simulation_interfaces/include/aqua2_simulation_interfaces/srv/get_float.hpp
-- Up-to-date: /home/ajbam/aquaLine/install/aqua2_simulation_interfaces/include/aqua2_simulation_interfaces/srv/detail
-- Installing: /home/ajbam/aquaLine/install/aqua2_simulation_interfaces/include/aqua2_simulation_interfaces/srv/detail/set_current__builder.hpp
-- Installing: /home/ajbam/aquaLine/install/aqua2_simulation_interfaces/include/aqua2_simulation_interfaces/srv/detail/empty_workaround__struct.hpp
-- Installing: /home/ajbam/aquaLine/install/aqua2_simulation_interfaces/include/aqua2_simulation_interfaces/srv/detail/get_float__type_support.hpp
-- Installing: /home/ajbam/aquaLine/install/aqua2_simulation_interfaces/include/aqua2_simulation_interfaces/srv/detail/set_float__struct.hpp
-- Installing: /home/ajbam/aquaLine/install/aqua2_simulation_interfaces/include/aqua2_simulation_interfaces/srv/detail/set_current__traits.hpp
-- Installing: /home/ajbam/aquaLine/install/aqua2_simulation_interfaces/include/aqua2_simulation_interfaces/srv/detail/set_leg_status__struct.hpp
-- Installing: /home/ajbam/aquaLine/install/aqua2_simulation_interfaces/include/aqua2_simulation_interfaces/srv/detail/set_position__struct.hpp
-- Installing: /home/ajbam/aquaLine/install/aqua2_simulation_interfaces/include/aqua2_simulation_interfaces/srv/detail/get_position__traits.hpp
-- Installing: /home/ajbam/aquaLine/install/aqua2_simulation_interfaces/include/aqua2_simulation_interfaces/srv/detail/set_position__traits.hpp
-- Installing: /home/ajbam/aquaLine/install/aqua2_simulation_interfaces/include/aqua2_simulation_interfaces/srv/detail/get_float__builder.hpp
-- Installing: /home/ajbam/aquaLine/install/aqua2_simulation_interfaces/include/aqua2_simulation_interfaces/srv/detail/get_position__builder.hpp
-- Installing: /home/ajbam/aquaLine/install/aqua2_simulation_interfaces/include/aqua2_simulation_interfaces/srv/detail/set_position__type_support.hpp
-- Installing: /home/ajbam/aquaLine/install/aqua2_simulation_interfaces/include/aqua2_simulation_interfaces/srv/detail/set_leg_status__builder.hpp
-- Installing: /home/ajbam/aquaLine/install/aqua2_simulation_interfaces/include/aqua2_simulation_interfaces/srv/detail/set_current__type_support.hpp
-- Installing: /home/ajbam/aquaLine/install/aqua2_simulation_interfaces/include/aqua2_simulation_interfaces/srv/detail/get_float__traits.hpp
-- Installing: /home/ajbam/aquaLine/install/aqua2_simulation_interfaces/include/aqua2_simulation_interfaces/srv/detail/set_current__struct.hpp
-- Installing: /home/ajbam/aquaLine/install/aqua2_simulation_interfaces/include/aqua2_simulation_interfaces/srv/detail/set_leg_status__type_support.hpp
-- Installing: /home/ajbam/aquaLine/install/aqua2_simulation_interfaces/include/aqua2_simulation_interfaces/srv/detail/set_leg_status__traits.hpp
-- Installing: /home/ajbam/aquaLine/install/aqua2_simulation_interfaces/include/aqua2_simulation_interfaces/srv/detail/set_float__builder.hpp
-- Installing: /home/ajbam/aquaLine/install/aqua2_simulation_interfaces/include/aqua2_simulation_interfaces/srv/detail/get_float__struct.hpp
-- Installing: /home/ajbam/aquaLine/install/aqua2_simulation_interfaces/include/aqua2_simulation_interfaces/srv/detail/empty_workaround__type_support.hpp
-- Installing: /home/ajbam/aquaLine/install/aqua2_simulation_interfaces/include/aqua2_simulation_interfaces/srv/detail/set_position__builder.hpp
-- Installing: /home/ajbam/aquaLine/install/aqua2_simulation_interfaces/include/aqua2_simulation_interfaces/srv/detail/set_float__traits.hpp
-- Installing: /home/ajbam/aquaLine/install/aqua2_simulation_interfaces/include/aqua2_simulation_interfaces/srv/detail/set_float__type_support.hpp
-- Installing: /home/ajbam/aquaLine/install/aqua2_simulation_interfaces/include/aqua2_simulation_interfaces/srv/detail/empty_workaround__builder.hpp
-- Installing: /home/ajbam/aquaLine/install/aqua2_simulation_interfaces/include/aqua2_simulation_interfaces/srv/detail/get_position__struct.hpp
-- Installing: /home/ajbam/aquaLine/install/aqua2_simulation_interfaces/include/aqua2_simulation_interfaces/srv/detail/empty_workaround__traits.hpp
-- Installing: /home/ajbam/aquaLine/install/aqua2_simulation_interfaces/include/aqua2_simulation_interfaces/srv/detail/get_position__type_support.hpp
-- Up-to-date: /home/ajbam/aquaLine/install/aqua2_simulation_interfaces/include/aqua2_simulation_interfaces/msg
-- Installing: /home/ajbam/aquaLine/install/aqua2_simulation_interfaces/include/aqua2_simulation_interfaces/msg/rosidl_generator_cpp__visibility_control.hpp
-- Up-to-date: /home/ajbam/aquaLine/install/aqua2_simulation_interfaces/include/aqua2_simulation_interfaces
-- Up-to-date: /home/ajbam/aquaLine/install/aqua2_simulation_interfaces/include/aqua2_simulation_interfaces/srv
-- Up-to-date: /home/ajbam/aquaLine/install/aqua2_simulation_interfaces/include/aqua2_simulation_interfaces/srv/detail
-- Installing: /home/ajbam/aquaLine/install/aqua2_simulation_interfaces/include/aqua2_simulation_interfaces/srv/detail/get_float__type_support.cpp
-- Installing: /home/ajbam/aquaLine/install/aqua2_simulation_interfaces/include/aqua2_simulation_interfaces/srv/detail/empty_workaround__type_support.cpp
-- Installing: /home/ajbam/aquaLine/install/aqua2_simulation_interfaces/include/aqua2_simulation_interfaces/srv/detail/set_position__type_support.cpp
-- Installing: /home/ajbam/aquaLine/install/aqua2_simulation_interfaces/include/aqua2_simulation_interfaces/srv/detail/set_float__rosidl_typesupport_introspection_cpp.hpp
-- Installing: /home/ajbam/aquaLine/install/aqua2_simulation_interfaces/include/aqua2_simulation_interfaces/srv/detail/empty_workaround__rosidl_typesupport_introspection_cpp.hpp
-- Installing: /home/ajbam/aquaLine/install/aqua2_simulation_interfaces/include/aqua2_simulation_interfaces/srv/detail/set_position__rosidl_typesupport_introspection_cpp.hpp
-- Installing: /home/ajbam/aquaLine/install/aqua2_simulation_interfaces/include/aqua2_simulation_interfaces/srv/detail/get_position__type_support.cpp
-- Installing: /home/ajbam/aquaLine/install/aqua2_simulation_interfaces/include/aqua2_simulation_interfaces/srv/detail/set_leg_status__type_support.cpp
-- Installing: /home/ajbam/aquaLine/install/aqua2_simulation_interfaces/include/aqua2_simulation_interfaces/srv/detail/set_leg_status__rosidl_typesupport_introspection_cpp.hpp
-- Installing: /home/ajbam/aquaLine/install/aqua2_simulation_interfaces/include/aqua2_simulation_interfaces/srv/detail/get_position__rosidl_typesupport_introspection_cpp.hpp
-- Installing: /home/ajbam/aquaLine/install/aqua2_simulation_interfaces/include/aqua2_simulation_interfaces/srv/detail/set_float__type_support.cpp
-- Installing: /home/ajbam/aquaLine/install/aqua2_simulation_interfaces/include/aqua2_simulation_interfaces/srv/detail/get_float__rosidl_typesupport_introspection_cpp.hpp
-- Installing: /home/ajbam/aquaLine/install/aqua2_simulation_interfaces/include/aqua2_simulation_interfaces/srv/detail/set_current__rosidl_typesupport_introspection_cpp.hpp
-- Installing: /home/ajbam/aquaLine/install/aqua2_simulation_interfaces/include/aqua2_simulation_interfaces/srv/detail/set_current__type_support.cpp
-- Installing: /home/ajbam/aquaLine/install/aqua2_simulation_interfaces/lib/libaqua2_simulation_interfaces__rosidl_typesupport_introspection_cpp.so
-- Set runtime path of "/home/ajbam/aquaLine/install/aqua2_simulation_interfaces/lib/libaqua2_simulation_interfaces__rosidl_typesupport_introspection_cpp.so" to ""
-- Installing: /home/ajbam/aquaLine/install/aqua2_simulation_interfaces/lib/libaqua2_simulation_interfaces__rosidl_typesupport_cpp.so
-- Set runtime path of "/home/ajbam/aquaLine/install/aqua2_simulation_interfaces/lib/libaqua2_simulation_interfaces__rosidl_typesupport_cpp.so" to ""
-- Installing: /home/ajbam/aquaLine/install/aqua2_simulation_interfaces/share/aqua2_simulation_interfaces/environment/pythonpath.sh
-- Installing: /home/ajbam/aquaLine/install/aqua2_simulation_interfaces/share/aqua2_simulation_interfaces/environment/pythonpath.dsv
-- Installing: /home/ajbam/aquaLine/install/aqua2_simulation_interfaces/lib/python3.8/site-packages/aqua2_simulation_interfaces/__init__.py
Compiling '/home/ajbam/aquaLine/install/aqua2_simulation_interfaces/lib/python3.8/site-packages/aqua2_simulation_interfaces/__init__.py'...
-- Installing: /home/ajbam/aquaLine/install/aqua2_simulation_interfaces/lib/python3.8/site-packages/aqua2_simulation_interfaces/srv
-- Installing: /home/ajbam/aquaLine/install/aqua2_simulation_interfaces/lib/python3.8/site-packages/aqua2_simulation_interfaces/srv/_empty_workaround.py
-- Installing: /home/ajbam/aquaLine/install/aqua2_simulation_interfaces/lib/python3.8/site-packages/aqua2_simulation_interfaces/srv/_set_current.py
-- Installing: /home/ajbam/aquaLine/install/aqua2_simulation_interfaces/lib/python3.8/site-packages/aqua2_simulation_interfaces/srv/_set_current_s.c
-- Installing: /home/ajbam/aquaLine/install/aqua2_simulation_interfaces/lib/python3.8/site-packages/aqua2_simulation_interfaces/srv/_set_float.py
-- Installing: /home/ajbam/aquaLine/install/aqua2_simulation_interfaces/lib/python3.8/site-packages/aqua2_simulation_interfaces/srv/_get_position.py
-- Installing: /home/ajbam/aquaLine/install/aqua2_simulation_interfaces/lib/python3.8/site-packages/aqua2_simulation_interfaces/srv/_empty_workaround_s.c
-- Installing: /home/ajbam/aquaLine/install/aqua2_simulation_interfaces/lib/python3.8/site-packages/aqua2_simulation_interfaces/srv/_get_float.py
-- Installing: /home/ajbam/aquaLine/install/aqua2_simulation_interfaces/lib/python3.8/site-packages/aqua2_simulation_interfaces/srv/__init__.py
-- Installing: /home/ajbam/aquaLine/install/aqua2_simulation_interfaces/lib/python3.8/site-packages/aqua2_simulation_interfaces/srv/_get_float_s.c
-- Installing: /home/ajbam/aquaLine/install/aqua2_simulation_interfaces/lib/python3.8/site-packages/aqua2_simulation_interfaces/srv/_set_position.py
-- Installing: /home/ajbam/aquaLine/install/aqua2_simulation_interfaces/lib/python3.8/site-packages/aqua2_simulation_interfaces/srv/_get_position_s.c
-- Installing: /home/ajbam/aquaLine/install/aqua2_simulation_interfaces/lib/python3.8/site-packages/aqua2_simulation_interfaces/srv/_set_float_s.c
-- Installing: /home/ajbam/aquaLine/install/aqua2_simulation_interfaces/lib/python3.8/site-packages/aqua2_simulation_interfaces/srv/_set_leg_status_s.c
-- Installing: /home/ajbam/aquaLine/install/aqua2_simulation_interfaces/lib/python3.8/site-packages/aqua2_simulation_interfaces/srv/_set_leg_status.py
-- Installing: /home/ajbam/aquaLine/install/aqua2_simulation_interfaces/lib/python3.8/site-packages/aqua2_simulation_interfaces/srv/_set_position_s.c
-- Installing: /home/ajbam/aquaLine/install/aqua2_simulation_interfaces/lib/python3.8/site-packages/aqua2_simulation_interfaces/aqua2_simulation_interfaces_s__rosidl_typesupport_fastrtps_c.cpython-38-x86_64-linux-gnu.so
-- Set runtime path of "/home/ajbam/aquaLine/install/aqua2_simulation_interfaces/lib/python3.8/site-packages/aqua2_simulation_interfaces/aqua2_simulation_interfaces_s__rosidl_typesupport_fastrtps_c.cpython-38-x86_64-linux-gnu.so" to ""
-- Installing: /home/ajbam/aquaLine/install/aqua2_simulation_interfaces/lib/python3.8/site-packages/aqua2_simulation_interfaces/aqua2_simulation_interfaces_s__rosidl_typesupport_introspection_c.cpython-38-x86_64-linux-gnu.so
-- Set runtime path of "/home/ajbam/aquaLine/install/aqua2_simulation_interfaces/lib/python3.8/site-packages/aqua2_simulation_interfaces/aqua2_simulation_interfaces_s__rosidl_typesupport_introspection_c.cpython-38-x86_64-linux-gnu.so" to ""
-- Installing: /home/ajbam/aquaLine/install/aqua2_simulation_interfaces/lib/python3.8/site-packages/aqua2_simulation_interfaces/aqua2_simulation_interfaces_s__rosidl_typesupport_c.cpython-38-x86_64-linux-gnu.so
-- Set runtime path of "/home/ajbam/aquaLine/install/aqua2_simulation_interfaces/lib/python3.8/site-packages/aqua2_simulation_interfaces/aqua2_simulation_interfaces_s__rosidl_typesupport_c.cpython-38-x86_64-linux-gnu.so" to ""
-- Installing: /home/ajbam/aquaLine/install/aqua2_simulation_interfaces/lib/libaqua2_simulation_interfaces__python.so
-- Set runtime path of "/home/ajbam/aquaLine/install/aqua2_simulation_interfaces/lib/libaqua2_simulation_interfaces__python.so" to ""
-- Installing: /home/ajbam/aquaLine/install/aqua2_simulation_interfaces/share/aqua2_simulation_interfaces/srv/GetFloat.idl
-- Installing: /home/ajbam/aquaLine/install/aqua2_simulation_interfaces/share/aqua2_simulation_interfaces/srv/GetPosition.idl
-- Installing: /home/ajbam/aquaLine/install/aqua2_simulation_interfaces/share/aqua2_simulation_interfaces/srv/SetCurrent.idl
-- Installing: /home/ajbam/aquaLine/install/aqua2_simulation_interfaces/share/aqua2_simulation_interfaces/srv/SetFloat.idl
-- Installing: /home/ajbam/aquaLine/install/aqua2_simulation_interfaces/share/aqua2_simulation_interfaces/srv/SetLegStatus.idl
-- Installing: /home/ajbam/aquaLine/install/aqua2_simulation_interfaces/share/aqua2_simulation_interfaces/srv/SetPosition.idl
-- Installing: /home/ajbam/aquaLine/install/aqua2_simulation_interfaces/share/aqua2_simulation_interfaces/srv/EmptyWorkaround.idl
-- Installing: /home/ajbam/aquaLine/install/aqua2_simulation_interfaces/share/aqua2_simulation_interfaces/srv/GetFloat.srv
-- Installing: /home/ajbam/aquaLine/install/aqua2_simulation_interfaces/share/aqua2_simulation_interfaces/srv/GetFloat_Request.msg
-- Installing: /home/ajbam/aquaLine/install/aqua2_simulation_interfaces/share/aqua2_simulation_interfaces/srv/GetFloat_Response.msg
-- Installing: /home/ajbam/aquaLine/install/aqua2_simulation_interfaces/share/aqua2_simulation_interfaces/srv/GetPosition.srv
-- Installing: /home/ajbam/aquaLine/install/aqua2_simulation_interfaces/share/aqua2_simulation_interfaces/srv/GetPosition_Request.msg
-- Installing: /home/ajbam/aquaLine/install/aqua2_simulation_interfaces/share/aqua2_simulation_interfaces/srv/GetPosition_Response.msg
-- Installing: /home/ajbam/aquaLine/install/aqua2_simulation_interfaces/share/aqua2_simulation_interfaces/srv/SetCurrent.srv
-- Installing: /home/ajbam/aquaLine/install/aqua2_simulation_interfaces/share/aqua2_simulation_interfaces/srv/SetCurrent_Request.msg
-- Installing: /home/ajbam/aquaLine/install/aqua2_simulation_interfaces/share/aqua2_simulation_interfaces/srv/SetCurrent_Response.msg
-- Installing: /home/ajbam/aquaLine/install/aqua2_simulation_interfaces/share/aqua2_simulation_interfaces/srv/SetFloat.srv
-- Installing: /home/ajbam/aquaLine/install/aqua2_simulation_interfaces/share/aqua2_simulation_interfaces/srv/SetFloat_Request.msg
-- Installing: /home/ajbam/aquaLine/install/aqua2_simulation_interfaces/share/aqua2_simulation_interfaces/srv/SetFloat_Response.msg
-- Installing: /home/ajbam/aquaLine/install/aqua2_simulation_interfaces/share/aqua2_simulation_interfaces/srv/SetLegStatus.srv
-- Installing: /home/ajbam/aquaLine/install/aqua2_simulation_interfaces/share/aqua2_simulation_interfaces/srv/SetLegStatus_Request.msg
-- Installing: /home/ajbam/aquaLine/install/aqua2_simulation_interfaces/share/aqua2_simulation_interfaces/srv/SetLegStatus_Response.msg
-- Installing: /home/ajbam/aquaLine/install/aqua2_simulation_interfaces/share/aqua2_simulation_interfaces/srv/SetPosition.srv
-- Installing: /home/ajbam/aquaLine/install/aqua2_simulation_interfaces/share/aqua2_simulation_interfaces/srv/SetPosition_Request.msg
-- Installing: /home/ajbam/aquaLine/install/aqua2_simulation_interfaces/share/aqua2_simulation_interfaces/srv/SetPosition_Response.msg
-- Installing: /home/ajbam/aquaLine/install/aqua2_simulation_interfaces/share/aqua2_simulation_interfaces/srv/EmptyWorkaround.srv
-- Installing: /home/ajbam/aquaLine/install/aqua2_simulation_interfaces/share/aqua2_simulation_interfaces/srv/EmptyWorkaround_Request.msg
-- Installing: /home/ajbam/aquaLine/install/aqua2_simulation_interfaces/share/aqua2_simulation_interfaces/srv/EmptyWorkaround_Response.msg
-- Installing: /home/ajbam/aquaLine/install/aqua2_simulation_interfaces/share/ament_index/resource_index/package_run_dependencies/aqua2_simulation_interfaces
-- Installing: /home/ajbam/aquaLine/install/aqua2_simulation_interfaces/share/ament_index/resource_index/parent_prefix_path/aqua2_simulation_interfaces
-- Installing: /home/ajbam/aquaLine/install/aqua2_simulation_interfaces/share/aqua2_simulation_interfaces/environment/ament_prefix_path.sh
-- Installing: /home/ajbam/aquaLine/install/aqua2_simulation_interfaces/share/aqua2_simulation_interfaces/environment/ament_prefix_path.dsv
-- Installing: /home/ajbam/aquaLine/install/aqua2_simulation_interfaces/share/aqua2_simulation_interfaces/environment/path.sh
-- Installing: /home/ajbam/aquaLine/install/aqua2_simulation_interfaces/share/aqua2_simulation_interfaces/environment/path.dsv
-- Installing: /home/ajbam/aquaLine/install/aqua2_simulation_interfaces/share/aqua2_simulation_interfaces/local_setup.bash
-- Installing: /home/ajbam/aquaLine/install/aqua2_simulation_interfaces/share/aqua2_simulation_interfaces/local_setup.sh
-- Installing: /home/ajbam/aquaLine/install/aqua2_simulation_interfaces/share/aqua2_simulation_interfaces/local_setup.zsh
-- Installing: /home/ajbam/aquaLine/install/aqua2_simulation_interfaces/share/aqua2_simulation_interfaces/local_setup.dsv
-- Installing: /home/ajbam/aquaLine/install/aqua2_simulation_interfaces/share/aqua2_simulation_interfaces/package.dsv
-- Installing: /home/ajbam/aquaLine/install/aqua2_simulation_interfaces/share/ament_index/resource_index/packages/aqua2_simulation_interfaces
-- Installing: /home/ajbam/aquaLine/install/aqua2_simulation_interfaces/share/aqua2_simulation_interfaces/cmake/aqua2_simulation_interfaces__rosidl_generator_cExport.cmake
-- Installing: /home/ajbam/aquaLine/install/aqua2_simulation_interfaces/share/aqua2_simulation_interfaces/cmake/aqua2_simulation_interfaces__rosidl_generator_cExport-noconfig.cmake
-- Installing: /home/ajbam/aquaLine/install/aqua2_simulation_interfaces/share/aqua2_simulation_interfaces/cmake/aqua2_simulation_interfaces__rosidl_typesupport_introspection_cExport.cmake
-- Installing: /home/ajbam/aquaLine/install/aqua2_simulation_interfaces/share/aqua2_simulation_interfaces/cmake/aqua2_simulation_interfaces__rosidl_typesupport_introspection_cExport-noconfig.cmake
-- Installing: /home/ajbam/aquaLine/install/aqua2_simulation_interfaces/share/aqua2_simulation_interfaces/cmake/aqua2_simulation_interfaces__rosidl_typesupport_cExport.cmake
-- Installing: /home/ajbam/aquaLine/install/aqua2_simulation_interfaces/share/aqua2_simulation_interfaces/cmake/aqua2_simulation_interfaces__rosidl_typesupport_cExport-noconfig.cmake
-- Installing: /home/ajbam/aquaLine/install/aqua2_simulation_interfaces/share/aqua2_simulation_interfaces/cmake/aqua2_simulation_interfaces__rosidl_generator_cppExport.cmake
-- Installing: /home/ajbam/aquaLine/install/aqua2_simulation_interfaces/share/aqua2_simulation_interfaces/cmake/aqua2_simulation_interfaces__rosidl_typesupport_introspection_cppExport.cmake
-- Installing: /home/ajbam/aquaLine/install/aqua2_simulation_interfaces/share/aqua2_simulation_interfaces/cmake/aqua2_simulation_interfaces__rosidl_typesupport_introspection_cppExport-noconfig.cmake
-- Installing: /home/ajbam/aquaLine/install/aqua2_simulation_interfaces/share/aqua2_simulation_interfaces/cmake/aqua2_simulation_interfaces__rosidl_typesupport_cppExport.cmake
-- Installing: /home/ajbam/aquaLine/install/aqua2_simulation_interfaces/share/aqua2_simulation_interfaces/cmake/aqua2_simulation_interfaces__rosidl_typesupport_cppExport-noconfig.cmake
-- Installing: /home/ajbam/aquaLine/install/aqua2_simulation_interfaces/share/aqua2_simulation_interfaces/cmake/rosidl_cmake-extras.cmake
-- Installing: /home/ajbam/aquaLine/install/aqua2_simulation_interfaces/share/aqua2_simulation_interfaces/cmake/ament_cmake_export_dependencies-extras.cmake
-- Installing: /home/ajbam/aquaLine/install/aqua2_simulation_interfaces/share/aqua2_simulation_interfaces/cmake/ament_cmake_export_libraries-extras.cmake
-- Installing: /home/ajbam/aquaLine/install/aqua2_simulation_interfaces/share/aqua2_simulation_interfaces/cmake/ament_cmake_export_targets-extras.cmake
-- Installing: /home/ajbam/aquaLine/install/aqua2_simulation_interfaces/share/aqua2_simulation_interfaces/cmake/ament_cmake_export_include_directories-extras.cmake
-- Installing: /home/ajbam/aquaLine/install/aqua2_simulation_interfaces/share/aqua2_simulation_interfaces/cmake/rosidl_cmake_export_typesupport_libraries-extras.cmake
-- Installing: /home/ajbam/aquaLine/install/aqua2_simulation_interfaces/share/aqua2_simulation_interfaces/cmake/rosidl_cmake_export_typesupport_targets-extras.cmake
-- Installing: /home/ajbam/aquaLine/install/aqua2_simulation_interfaces/share/aqua2_simulation_interfaces/cmake/aqua2_simulation_interfacesConfig.cmake
-- Installing: /home/ajbam/aquaLine/install/aqua2_simulation_interfaces/share/aqua2_simulation_interfaces/cmake/aqua2_simulation_interfacesConfig-version.cmake
-- Installing: /home/ajbam/aquaLine/install/aqua2_simulation_interfaces/share/aqua2_simulation_interfaces/package.xml
