running egg_info
writing ../build/aquaLine/aquaLine.egg-info/PKG-INFO
writing dependency_links to ../build/aquaLine/aquaLine.egg-info/dependency_links.txt
writing entry points to ../build/aquaLine/aquaLine.egg-info/entry_points.txt
writing requirements to ../build/aquaLine/aquaLine.egg-info/requires.txt
writing top-level names to ../build/aquaLine/aquaLine.egg-info/top_level.txt
reading manifest file '../build/aquaLine/aquaLine.egg-info/SOURCES.txt'
writing manifest file '../build/aquaLine/aquaLine.egg-info/SOURCES.txt'
running build
running build_py
copying aquaLine/geometry.py -> /home/ajbam/aquaLine/src/build/aquaLine/build/lib/aquaLine
copying aquaLine/stabilize.py -> /home/ajbam/aquaLine/src/build/aquaLine/build/lib/aquaLine
copying aquaLine/goStraight.py -> /home/ajbam/aquaLine/src/build/aquaLine/build/lib/aquaLine
running install
running install_lib
copying /home/ajbam/aquaLine/src/build/aquaLine/build/lib/aquaLine/geometry.py -> /home/ajbam/aquaLine/src/install/aquaLine/lib/python3.8/site-packages/aquaLine
copying /home/ajbam/aquaLine/src/build/aquaLine/build/lib/aquaLine/stabilize.py -> /home/ajbam/aquaLine/src/install/aquaLine/lib/python3.8/site-packages/aquaLine
copying /home/ajbam/aquaLine/src/build/aquaLine/build/lib/aquaLine/goStraight.py -> /home/ajbam/aquaLine/src/install/aquaLine/lib/python3.8/site-packages/aquaLine
byte-compiling /home/ajbam/aquaLine/src/install/aquaLine/lib/python3.8/site-packages/aquaLine/geometry.py to geometry.cpython-38.pyc
byte-compiling /home/ajbam/aquaLine/src/install/aquaLine/lib/python3.8/site-packages/aquaLine/stabilize.py to stabilize.cpython-38.pyc
byte-compiling /home/ajbam/aquaLine/src/install/aquaLine/lib/python3.8/site-packages/aquaLine/goStraight.py to goStraight.cpython-38.pyc
running install_data
running install_egg_info
removing '/home/ajbam/aquaLine/src/install/aquaLine/lib/python3.8/site-packages/aquaLine-0.0.0-py3.8.egg-info' (and everything under it)
Copying ../build/aquaLine/aquaLine.egg-info to /home/ajbam/aquaLine/src/install/aquaLine/lib/python3.8/site-packages/aquaLine-0.0.0-py3.8.egg-info
running install_scripts
writing list of installed files to '/home/ajbam/aquaLine/src/build/aquaLine/install.log'
