[0.144s] Invoking command in '/home/ajbam/aquaLine/build/aqua2_simulation_interfaces': CMAKE_PREFIX_PATH=${CMAKE_PREFIX_PATH}:/home/ajbam/aquaLine/install/aqua_line:/home/ajbam/aquaLine/install/aquaLine:/opt/ros/foxy /usr/bin/cmake --build /home/ajbam/aquaLine/build/aqua2_simulation_interfaces -- -j32 -l32
[0.167s] [  1%] Built target aqua2_simulation_interfaces__cpp
[0.169s] [ 12%] Built target aqua2_simulation_interfaces__rosidl_generator_c
[0.179s] [ 24%] Built target aqua2_simulation_interfaces__rosidl_typesupport_cpp
[0.180s] [ 35%] Built target aqua2_simulation_interfaces__rosidl_typesupport_c
[0.180s] [ 46%] Built target aqua2_simulation_interfaces__rosidl_typesupport_introspection_c
[0.181s] [ 58%] Built target aqua2_simulation_interfaces__rosidl_typesupport_introspection_cpp
[0.181s] [ 69%] Built target aqua2_simulation_interfaces__rosidl_typesupport_fastrtps_cpp
[0.196s] [ 81%] Built target aqua2_simulation_interfaces__rosidl_typesupport_fastrtps_c
[0.205s] [ 81%] Built target aqua2_simulation_interfaces
[0.215s] [ 82%] Built target aqua2_simulation_interfaces__py
[0.229s] [ 92%] Built target aqua2_simulation_interfaces__python
[0.242s] [100%] Built target aqua2_simulation_interfaces__rosidl_typesupport_fastrtps_c__pyext
[0.242s] [100%] Built target aqua2_simulation_interfaces__rosidl_typesupport_introspection_c__pyext
[0.242s] [100%] Built target aqua2_simulation_interfaces__rosidl_typesupport_c__pyext
[0.310s] Invoked command in '/home/ajbam/aquaLine/build/aqua2_simulation_interfaces' returned '0': CMAKE_PREFIX_PATH=${CMAKE_PREFIX_PATH}:/home/ajbam/aquaLine/install/aqua_line:/home/ajbam/aquaLine/install/aquaLine:/opt/ros/foxy /usr/bin/cmake --build /home/ajbam/aquaLine/build/aqua2_simulation_interfaces -- -j32 -l32
[0.371s] Invoking command in '/home/ajbam/aquaLine/build/aqua2_simulation_interfaces': CMAKE_PREFIX_PATH=${CMAKE_PREFIX_PATH}:/home/ajbam/aquaLine/install/aqua_line:/home/ajbam/aquaLine/install/aquaLine:/opt/ros/foxy /usr/bin/cmake --install /home/ajbam/aquaLine/build/aqua2_simulation_interfaces
[0.375s] -- Install configuration: ""
[0.375s] -- Up-to-date: /home/ajbam/aquaLine/install/aqua2_simulation_interfaces/share/ament_index/resource_index/rosidl_interfaces/aqua2_simulation_interfaces
[0.375s] -- Up-to-date: /home/ajbam/aquaLine/install/aqua2_simulation_interfaces/include/aqua2_simulation_interfaces
[0.375s] -- Up-to-date: /home/ajbam/aquaLine/install/aqua2_simulation_interfaces/include/aqua2_simulation_interfaces/srv
[0.375s] -- Up-to-date: /home/ajbam/aquaLine/install/aqua2_simulation_interfaces/include/aqua2_simulation_interfaces/srv/get_float.h
[0.375s] -- Up-to-date: /home/ajbam/aquaLine/install/aqua2_simulation_interfaces/include/aqua2_simulation_interfaces/srv/set_current.h
[0.376s] -- Up-to-date: /home/ajbam/aquaLine/install/aqua2_simulation_interfaces/include/aqua2_simulation_interfaces/srv/empty_workaround.h
[0.376s] -- Up-to-date: /home/ajbam/aquaLine/install/aqua2_simulation_interfaces/include/aqua2_simulation_interfaces/srv/get_position.h
[0.376s] -- Up-to-date: /home/ajbam/aquaLine/install/aqua2_simulation_interfaces/include/aqua2_simulation_interfaces/srv/set_position.h
[0.376s] -- Up-to-date: /home/ajbam/aquaLine/install/aqua2_simulation_interfaces/include/aqua2_simulation_interfaces/srv/set_float.h
[0.376s] -- Up-to-date: /home/ajbam/aquaLine/install/aqua2_simulation_interfaces/include/aqua2_simulation_interfaces/srv/set_leg_status.h
[0.376s] -- Up-to-date: /home/ajbam/aquaLine/install/aqua2_simulation_interfaces/include/aqua2_simulation_interfaces/srv/detail
[0.376s] -- Up-to-date: /home/ajbam/aquaLine/install/aqua2_simulation_interfaces/include/aqua2_simulation_interfaces/srv/detail/set_float__functions.c
[0.376s] -- Up-to-date: /home/ajbam/aquaLine/install/aqua2_simulation_interfaces/include/aqua2_simulation_interfaces/srv/detail/set_position__type_support.h
[0.376s] -- Up-to-date: /home/ajbam/aquaLine/install/aqua2_simulation_interfaces/include/aqua2_simulation_interfaces/srv/detail/set_current__type_support.h
[0.376s] -- Up-to-date: /home/ajbam/aquaLine/install/aqua2_simulation_interfaces/include/aqua2_simulation_interfaces/srv/detail/empty_workaround__type_support.h
[0.376s] -- Up-to-date: /home/ajbam/aquaLine/install/aqua2_simulation_interfaces/include/aqua2_simulation_interfaces/srv/detail/get_position__functions.h
[0.376s] -- Up-to-date: /home/ajbam/aquaLine/install/aqua2_simulation_interfaces/include/aqua2_simulation_interfaces/srv/detail/set_current__struct.h
[0.376s] -- Up-to-date: /home/ajbam/aquaLine/install/aqua2_simulation_interfaces/include/aqua2_simulation_interfaces/srv/detail/get_float__type_support.h
[0.376s] -- Up-to-date: /home/ajbam/aquaLine/install/aqua2_simulation_interfaces/include/aqua2_simulation_interfaces/srv/detail/set_position__functions.h
[0.377s] -- Up-to-date: /home/ajbam/aquaLine/install/aqua2_simulation_interfaces/include/aqua2_simulation_interfaces/srv/detail/set_position__functions.c
[0.377s] -- Up-to-date: /home/ajbam/aquaLine/install/aqua2_simulation_interfaces/include/aqua2_simulation_interfaces/srv/detail/empty_workaround__functions.c
[0.377s] -- Up-to-date: /home/ajbam/aquaLine/install/aqua2_simulation_interfaces/include/aqua2_simulation_interfaces/srv/detail/set_leg_status__type_support.h
[0.377s] -- Up-to-date: /home/ajbam/aquaLine/install/aqua2_simulation_interfaces/include/aqua2_simulation_interfaces/srv/detail/set_float__type_support.h
[0.377s] -- Up-to-date: /home/ajbam/aquaLine/install/aqua2_simulation_interfaces/include/aqua2_simulation_interfaces/srv/detail/get_float__functions.h
[0.377s] -- Up-to-date: /home/ajbam/aquaLine/install/aqua2_simulation_interfaces/include/aqua2_simulation_interfaces/srv/detail/set_leg_status__struct.h
[0.377s] -- Up-to-date: /home/ajbam/aquaLine/install/aqua2_simulation_interfaces/include/aqua2_simulation_interfaces/srv/detail/set_current__functions.c
[0.377s] -- Up-to-date: /home/ajbam/aquaLine/install/aqua2_simulation_interfaces/include/aqua2_simulation_interfaces/srv/detail/get_position__struct.h
[0.377s] -- Up-to-date: /home/ajbam/aquaLine/install/aqua2_simulation_interfaces/include/aqua2_simulation_interfaces/srv/detail/set_position__struct.h
[0.377s] -- Up-to-date: /home/ajbam/aquaLine/install/aqua2_simulation_interfaces/include/aqua2_simulation_interfaces/srv/detail/empty_workaround__functions.h
[0.377s] -- Up-to-date: /home/ajbam/aquaLine/install/aqua2_simulation_interfaces/include/aqua2_simulation_interfaces/srv/detail/set_current__functions.h
[0.377s] -- Up-to-date: /home/ajbam/aquaLine/install/aqua2_simulation_interfaces/include/aqua2_simulation_interfaces/srv/detail/get_float__functions.c
[0.377s] -- Up-to-date: /home/ajbam/aquaLine/install/aqua2_simulation_interfaces/include/aqua2_simulation_interfaces/srv/detail/set_leg_status__functions.h
[0.377s] -- Up-to-date: /home/ajbam/aquaLine/install/aqua2_simulation_interfaces/include/aqua2_simulation_interfaces/srv/detail/get_position__functions.c
[0.378s] -- Up-to-date: /home/ajbam/aquaLine/install/aqua2_simulation_interfaces/include/aqua2_simulation_interfaces/srv/detail/get_position__type_support.h
[0.378s] -- Up-to-date: /home/ajbam/aquaLine/install/aqua2_simulation_interfaces/include/aqua2_simulation_interfaces/srv/detail/empty_workaround__struct.h
[0.378s] -- Up-to-date: /home/ajbam/aquaLine/install/aqua2_simulation_interfaces/include/aqua2_simulation_interfaces/srv/detail/set_float__functions.h
[0.378s] -- Up-to-date: /home/ajbam/aquaLine/install/aqua2_simulation_interfaces/include/aqua2_simulation_interfaces/srv/detail/set_float__struct.h
[0.378s] -- Up-to-date: /home/ajbam/aquaLine/install/aqua2_simulation_interfaces/include/aqua2_simulation_interfaces/srv/detail/get_float__struct.h
[0.378s] -- Up-to-date: /home/ajbam/aquaLine/install/aqua2_simulation_interfaces/include/aqua2_simulation_interfaces/srv/detail/set_leg_status__functions.c
[0.378s] -- Up-to-date: /home/ajbam/aquaLine/install/aqua2_simulation_interfaces/include/aqua2_simulation_interfaces/msg
[0.378s] -- Up-to-date: /home/ajbam/aquaLine/install/aqua2_simulation_interfaces/include/aqua2_simulation_interfaces/msg/rosidl_generator_c__visibility_control.h
[0.378s] -- Up-to-date: /home/ajbam/aquaLine/install/aqua2_simulation_interfaces/share/aqua2_simulation_interfaces/environment/library_path.sh
[0.378s] -- Up-to-date: /home/ajbam/aquaLine/install/aqua2_simulation_interfaces/share/aqua2_simulation_interfaces/environment/library_path.dsv
[0.378s] -- Up-to-date: /home/ajbam/aquaLine/install/aqua2_simulation_interfaces/lib/libaqua2_simulation_interfaces__rosidl_generator_c.so
[0.378s] -- Up-to-date: /home/ajbam/aquaLine/install/aqua2_simulation_interfaces/include/aqua2_simulation_interfaces
[0.378s] -- Up-to-date: /home/ajbam/aquaLine/install/aqua2_simulation_interfaces/include/aqua2_simulation_interfaces/srv
[0.378s] -- Up-to-date: /home/ajbam/aquaLine/install/aqua2_simulation_interfaces/include/aqua2_simulation_interfaces/srv/detail
[0.378s] -- Up-to-date: /home/ajbam/aquaLine/install/aqua2_simulation_interfaces/include/aqua2_simulation_interfaces/srv/detail/empty_workaround__rosidl_typesupport_fastrtps_c.h
[0.378s] -- Up-to-date: /home/ajbam/aquaLine/install/aqua2_simulation_interfaces/include/aqua2_simulation_interfaces/srv/detail/get_float__rosidl_typesupport_fastrtps_c.h
[0.378s] -- Up-to-date: /home/ajbam/aquaLine/install/aqua2_simulation_interfaces/include/aqua2_simulation_interfaces/srv/detail/set_position__rosidl_typesupport_fastrtps_c.h
[0.379s] -- Up-to-date: /home/ajbam/aquaLine/install/aqua2_simulation_interfaces/include/aqua2_simulation_interfaces/srv/detail/set_current__rosidl_typesupport_fastrtps_c.h
[0.379s] -- Up-to-date: /home/ajbam/aquaLine/install/aqua2_simulation_interfaces/include/aqua2_simulation_interfaces/srv/detail/set_leg_status__rosidl_typesupport_fastrtps_c.h
[0.379s] -- Up-to-date: /home/ajbam/aquaLine/install/aqua2_simulation_interfaces/include/aqua2_simulation_interfaces/srv/detail/get_position__rosidl_typesupport_fastrtps_c.h
[0.379s] -- Up-to-date: /home/ajbam/aquaLine/install/aqua2_simulation_interfaces/include/aqua2_simulation_interfaces/srv/detail/set_float__rosidl_typesupport_fastrtps_c.h
[0.379s] -- Up-to-date: /home/ajbam/aquaLine/install/aqua2_simulation_interfaces/include/aqua2_simulation_interfaces/msg
[0.379s] -- Up-to-date: /home/ajbam/aquaLine/install/aqua2_simulation_interfaces/include/aqua2_simulation_interfaces/msg/rosidl_typesupport_fastrtps_c__visibility_control.h
[0.379s] -- Up-to-date: /home/ajbam/aquaLine/install/aqua2_simulation_interfaces/lib/libaqua2_simulation_interfaces__rosidl_typesupport_fastrtps_c.so
[0.379s] -- Up-to-date: /home/ajbam/aquaLine/install/aqua2_simulation_interfaces/include/aqua2_simulation_interfaces
[0.379s] -- Up-to-date: /home/ajbam/aquaLine/install/aqua2_simulation_interfaces/include/aqua2_simulation_interfaces/srv
[0.379s] -- Up-to-date: /home/ajbam/aquaLine/install/aqua2_simulation_interfaces/include/aqua2_simulation_interfaces/srv/detail
[0.379s] -- Up-to-date: /home/ajbam/aquaLine/install/aqua2_simulation_interfaces/include/aqua2_simulation_interfaces/srv/detail/empty_workaround__rosidl_typesupport_fastrtps_cpp.hpp
[0.379s] -- Up-to-date: /home/ajbam/aquaLine/install/aqua2_simulation_interfaces/include/aqua2_simulation_interfaces/srv/detail/get_position__rosidl_typesupport_fastrtps_cpp.hpp
[0.379s] -- Up-to-date: /home/ajbam/aquaLine/install/aqua2_simulation_interfaces/include/aqua2_simulation_interfaces/srv/detail/set_leg_status__rosidl_typesupport_fastrtps_cpp.hpp
[0.379s] -- Up-to-date: /home/ajbam/aquaLine/install/aqua2_simulation_interfaces/include/aqua2_simulation_interfaces/srv/detail/dds_fastrtps
[0.379s] -- Up-to-date: /home/ajbam/aquaLine/install/aqua2_simulation_interfaces/include/aqua2_simulation_interfaces/srv/detail/set_float__rosidl_typesupport_fastrtps_cpp.hpp
[0.379s] -- Up-to-date: /home/ajbam/aquaLine/install/aqua2_simulation_interfaces/include/aqua2_simulation_interfaces/srv/detail/set_current__rosidl_typesupport_fastrtps_cpp.hpp
[0.379s] -- Up-to-date: /home/ajbam/aquaLine/install/aqua2_simulation_interfaces/include/aqua2_simulation_interfaces/srv/detail/get_float__rosidl_typesupport_fastrtps_cpp.hpp
[0.380s] -- Up-to-date: /home/ajbam/aquaLine/install/aqua2_simulation_interfaces/include/aqua2_simulation_interfaces/srv/detail/set_position__rosidl_typesupport_fastrtps_cpp.hpp
[0.380s] -- Up-to-date: /home/ajbam/aquaLine/install/aqua2_simulation_interfaces/include/aqua2_simulation_interfaces/msg
[0.380s] -- Up-to-date: /home/ajbam/aquaLine/install/aqua2_simulation_interfaces/include/aqua2_simulation_interfaces/msg/rosidl_typesupport_fastrtps_cpp__visibility_control.h
[0.380s] -- Up-to-date: /home/ajbam/aquaLine/install/aqua2_simulation_interfaces/lib/libaqua2_simulation_interfaces__rosidl_typesupport_fastrtps_cpp.so
[0.380s] -- Up-to-date: /home/ajbam/aquaLine/install/aqua2_simulation_interfaces/include/aqua2_simulation_interfaces
[0.380s] -- Up-to-date: /home/ajbam/aquaLine/install/aqua2_simulation_interfaces/include/aqua2_simulation_interfaces/srv
[0.380s] -- Up-to-date: /home/ajbam/aquaLine/install/aqua2_simulation_interfaces/include/aqua2_simulation_interfaces/srv/detail
[0.380s] -- Up-to-date: /home/ajbam/aquaLine/install/aqua2_simulation_interfaces/include/aqua2_simulation_interfaces/srv/detail/set_current__type_support.c
[0.380s] -- Up-to-date: /home/ajbam/aquaLine/install/aqua2_simulation_interfaces/include/aqua2_simulation_interfaces/srv/detail/empty_workaround__type_support.c
[0.380s] -- Up-to-date: /home/ajbam/aquaLine/install/aqua2_simulation_interfaces/include/aqua2_simulation_interfaces/srv/detail/set_current__rosidl_typesupport_introspection_c.h
[0.380s] -- Up-to-date: /home/ajbam/aquaLine/install/aqua2_simulation_interfaces/include/aqua2_simulation_interfaces/srv/detail/get_float__type_support.c
[0.380s] -- Up-to-date: /home/ajbam/aquaLine/install/aqua2_simulation_interfaces/include/aqua2_simulation_interfaces/srv/detail/get_position__type_support.c
[0.380s] -- Up-to-date: /home/ajbam/aquaLine/install/aqua2_simulation_interfaces/include/aqua2_simulation_interfaces/srv/detail/set_leg_status__type_support.c
[0.380s] -- Up-to-date: /home/ajbam/aquaLine/install/aqua2_simulation_interfaces/include/aqua2_simulation_interfaces/srv/detail/set_float__type_support.c
[0.380s] -- Up-to-date: /home/ajbam/aquaLine/install/aqua2_simulation_interfaces/include/aqua2_simulation_interfaces/srv/detail/set_position__type_support.c
[0.380s] -- Up-to-date: /home/ajbam/aquaLine/install/aqua2_simulation_interfaces/include/aqua2_simulation_interfaces/srv/detail/set_float__rosidl_typesupport_introspection_c.h
[0.380s] -- Up-to-date: /home/ajbam/aquaLine/install/aqua2_simulation_interfaces/include/aqua2_simulation_interfaces/srv/detail/get_position__rosidl_typesupport_introspection_c.h
[0.380s] -- Up-to-date: /home/ajbam/aquaLine/install/aqua2_simulation_interfaces/include/aqua2_simulation_interfaces/srv/detail/empty_workaround__rosidl_typesupport_introspection_c.h
[0.381s] -- Up-to-date: /home/ajbam/aquaLine/install/aqua2_simulation_interfaces/include/aqua2_simulation_interfaces/srv/detail/set_leg_status__rosidl_typesupport_introspection_c.h
[0.381s] -- Up-to-date: /home/ajbam/aquaLine/install/aqua2_simulation_interfaces/include/aqua2_simulation_interfaces/srv/detail/set_position__rosidl_typesupport_introspection_c.h
[0.381s] -- Up-to-date: /home/ajbam/aquaLine/install/aqua2_simulation_interfaces/include/aqua2_simulation_interfaces/srv/detail/get_float__rosidl_typesupport_introspection_c.h
[0.381s] -- Up-to-date: /home/ajbam/aquaLine/install/aqua2_simulation_interfaces/include/aqua2_simulation_interfaces/msg
[0.381s] -- Up-to-date: /home/ajbam/aquaLine/install/aqua2_simulation_interfaces/include/aqua2_simulation_interfaces/msg/rosidl_typesupport_introspection_c__visibility_control.h
[0.381s] -- Up-to-date: /home/ajbam/aquaLine/install/aqua2_simulation_interfaces/lib/libaqua2_simulation_interfaces__rosidl_typesupport_introspection_c.so
[0.381s] -- Up-to-date: /home/ajbam/aquaLine/install/aqua2_simulation_interfaces/lib/libaqua2_simulation_interfaces__rosidl_typesupport_c.so
[0.381s] -- Up-to-date: /home/ajbam/aquaLine/install/aqua2_simulation_interfaces/include/aqua2_simulation_interfaces
[0.381s] -- Up-to-date: /home/ajbam/aquaLine/install/aqua2_simulation_interfaces/include/aqua2_simulation_interfaces/srv
[0.381s] -- Up-to-date: /home/ajbam/aquaLine/install/aqua2_simulation_interfaces/include/aqua2_simulation_interfaces/srv/empty_workaround.hpp
[0.381s] -- Up-to-date: /home/ajbam/aquaLine/install/aqua2_simulation_interfaces/include/aqua2_simulation_interfaces/srv/set_leg_status.hpp
[0.381s] -- Up-to-date: /home/ajbam/aquaLine/install/aqua2_simulation_interfaces/include/aqua2_simulation_interfaces/srv/get_position.hpp
[0.381s] -- Up-to-date: /home/ajbam/aquaLine/install/aqua2_simulation_interfaces/include/aqua2_simulation_interfaces/srv/set_float.hpp
[0.381s] -- Up-to-date: /home/ajbam/aquaLine/install/aqua2_simulation_interfaces/include/aqua2_simulation_interfaces/srv/set_current.hpp
[0.381s] -- Up-to-date: /home/ajbam/aquaLine/install/aqua2_simulation_interfaces/include/aqua2_simulation_interfaces/srv/set_position.hpp
[0.381s] -- Up-to-date: /home/ajbam/aquaLine/install/aqua2_simulation_interfaces/include/aqua2_simulation_interfaces/srv/get_float.hpp
[0.381s] -- Up-to-date: /home/ajbam/aquaLine/install/aqua2_simulation_interfaces/include/aqua2_simulation_interfaces/srv/detail
[0.381s] -- Up-to-date: /home/ajbam/aquaLine/install/aqua2_simulation_interfaces/include/aqua2_simulation_interfaces/srv/detail/set_current__builder.hpp
[0.381s] -- Up-to-date: /home/ajbam/aquaLine/install/aqua2_simulation_interfaces/include/aqua2_simulation_interfaces/srv/detail/empty_workaround__struct.hpp
[0.382s] -- Up-to-date: /home/ajbam/aquaLine/install/aqua2_simulation_interfaces/include/aqua2_simulation_interfaces/srv/detail/get_float__type_support.hpp
[0.382s] -- Up-to-date: /home/ajbam/aquaLine/install/aqua2_simulation_interfaces/include/aqua2_simulation_interfaces/srv/detail/set_float__struct.hpp
[0.382s] -- Up-to-date: /home/ajbam/aquaLine/install/aqua2_simulation_interfaces/include/aqua2_simulation_interfaces/srv/detail/set_current__traits.hpp
[0.382s] -- Up-to-date: /home/ajbam/aquaLine/install/aqua2_simulation_interfaces/include/aqua2_simulation_interfaces/srv/detail/set_leg_status__struct.hpp
[0.382s] -- Up-to-date: /home/ajbam/aquaLine/install/aqua2_simulation_interfaces/include/aqua2_simulation_interfaces/srv/detail/set_position__struct.hpp
[0.382s] -- Up-to-date: /home/ajbam/aquaLine/install/aqua2_simulation_interfaces/include/aqua2_simulation_interfaces/srv/detail/get_position__traits.hpp
[0.382s] -- Up-to-date: /home/ajbam/aquaLine/install/aqua2_simulation_interfaces/include/aqua2_simulation_interfaces/srv/detail/set_position__traits.hpp
[0.382s] -- Up-to-date: /home/ajbam/aquaLine/install/aqua2_simulation_interfaces/include/aqua2_simulation_interfaces/srv/detail/get_float__builder.hpp
[0.382s] -- Up-to-date: /home/ajbam/aquaLine/install/aqua2_simulation_interfaces/include/aqua2_simulation_interfaces/srv/detail/get_position__builder.hpp
[0.382s] -- Up-to-date: /home/ajbam/aquaLine/install/aqua2_simulation_interfaces/include/aqua2_simulation_interfaces/srv/detail/set_position__type_support.hpp
[0.382s] -- Up-to-date: /home/ajbam/aquaLine/install/aqua2_simulation_interfaces/include/aqua2_simulation_interfaces/srv/detail/set_leg_status__builder.hpp
[0.382s] -- Up-to-date: /home/ajbam/aquaLine/install/aqua2_simulation_interfaces/include/aqua2_simulation_interfaces/srv/detail/set_current__type_support.hpp
[0.382s] -- Up-to-date: /home/ajbam/aquaLine/install/aqua2_simulation_interfaces/include/aqua2_simulation_interfaces/srv/detail/get_float__traits.hpp
[0.382s] -- Up-to-date: /home/ajbam/aquaLine/install/aqua2_simulation_interfaces/include/aqua2_simulation_interfaces/srv/detail/set_current__struct.hpp
[0.382s] -- Up-to-date: /home/ajbam/aquaLine/install/aqua2_simulation_interfaces/include/aqua2_simulation_interfaces/srv/detail/set_leg_status__type_support.hpp
[0.382s] -- Up-to-date: /home/ajbam/aquaLine/install/aqua2_simulation_interfaces/include/aqua2_simulation_interfaces/srv/detail/set_leg_status__traits.hpp
[0.382s] -- Up-to-date: /home/ajbam/aquaLine/install/aqua2_simulation_interfaces/include/aqua2_simulation_interfaces/srv/detail/set_float__builder.hpp
[0.382s] -- Up-to-date: /home/ajbam/aquaLine/install/aqua2_simulation_interfaces/include/aqua2_simulation_interfaces/srv/detail/get_float__struct.hpp
[0.383s] -- Up-to-date: /home/ajbam/aquaLine/install/aqua2_simulation_interfaces/include/aqua2_simulation_interfaces/srv/detail/empty_workaround__type_support.hpp
[0.383s] -- Up-to-date: /home/ajbam/aquaLine/install/aqua2_simulation_interfaces/include/aqua2_simulation_interfaces/srv/detail/set_position__builder.hpp
[0.383s] -- Up-to-date: /home/ajbam/aquaLine/install/aqua2_simulation_interfaces/include/aqua2_simulation_interfaces/srv/detail/set_float__traits.hpp
[0.383s] -- Up-to-date: /home/ajbam/aquaLine/install/aqua2_simulation_interfaces/include/aqua2_simulation_interfaces/srv/detail/set_float__type_support.hpp
[0.383s] -- Up-to-date: /home/ajbam/aquaLine/install/aqua2_simulation_interfaces/include/aqua2_simulation_interfaces/srv/detail/empty_workaround__builder.hpp
[0.383s] -- Up-to-date: /home/ajbam/aquaLine/install/aqua2_simulation_interfaces/include/aqua2_simulation_interfaces/srv/detail/get_position__struct.hpp
[0.383s] -- Up-to-date: /home/ajbam/aquaLine/install/aqua2_simulation_interfaces/include/aqua2_simulation_interfaces/srv/detail/empty_workaround__traits.hpp
[0.383s] -- Up-to-date: /home/ajbam/aquaLine/install/aqua2_simulation_interfaces/include/aqua2_simulation_interfaces/srv/detail/get_position__type_support.hpp
[0.383s] -- Up-to-date: /home/ajbam/aquaLine/install/aqua2_simulation_interfaces/include/aqua2_simulation_interfaces/msg
[0.383s] -- Up-to-date: /home/ajbam/aquaLine/install/aqua2_simulation_interfaces/include/aqua2_simulation_interfaces/msg/rosidl_generator_cpp__visibility_control.hpp
[0.383s] -- Up-to-date: /home/ajbam/aquaLine/install/aqua2_simulation_interfaces/include/aqua2_simulation_interfaces
[0.383s] -- Up-to-date: /home/ajbam/aquaLine/install/aqua2_simulation_interfaces/include/aqua2_simulation_interfaces/srv
[0.383s] -- Up-to-date: /home/ajbam/aquaLine/install/aqua2_simulation_interfaces/include/aqua2_simulation_interfaces/srv/detail
[0.383s] -- Up-to-date: /home/ajbam/aquaLine/install/aqua2_simulation_interfaces/include/aqua2_simulation_interfaces/srv/detail/get_float__type_support.cpp
[0.383s] -- Up-to-date: /home/ajbam/aquaLine/install/aqua2_simulation_interfaces/include/aqua2_simulation_interfaces/srv/detail/empty_workaround__type_support.cpp
[0.383s] -- Up-to-date: /home/ajbam/aquaLine/install/aqua2_simulation_interfaces/include/aqua2_simulation_interfaces/srv/detail/set_position__type_support.cpp
[0.383s] -- Up-to-date: /home/ajbam/aquaLine/install/aqua2_simulation_interfaces/include/aqua2_simulation_interfaces/srv/detail/set_float__rosidl_typesupport_introspection_cpp.hpp
[0.383s] -- Up-to-date: /home/ajbam/aquaLine/install/aqua2_simulation_interfaces/include/aqua2_simulation_interfaces/srv/detail/empty_workaround__rosidl_typesupport_introspection_cpp.hpp
[0.383s] -- Up-to-date: /home/ajbam/aquaLine/install/aqua2_simulation_interfaces/include/aqua2_simulation_interfaces/srv/detail/set_position__rosidl_typesupport_introspection_cpp.hpp
[0.384s] -- Up-to-date: /home/ajbam/aquaLine/install/aqua2_simulation_interfaces/include/aqua2_simulation_interfaces/srv/detail/get_position__type_support.cpp
[0.384s] -- Up-to-date: /home/ajbam/aquaLine/install/aqua2_simulation_interfaces/include/aqua2_simulation_interfaces/srv/detail/set_leg_status__type_support.cpp
[0.384s] -- Up-to-date: /home/ajbam/aquaLine/install/aqua2_simulation_interfaces/include/aqua2_simulation_interfaces/srv/detail/set_leg_status__rosidl_typesupport_introspection_cpp.hpp
[0.384s] -- Up-to-date: /home/ajbam/aquaLine/install/aqua2_simulation_interfaces/include/aqua2_simulation_interfaces/srv/detail/get_position__rosidl_typesupport_introspection_cpp.hpp
[0.384s] -- Up-to-date: /home/ajbam/aquaLine/install/aqua2_simulation_interfaces/include/aqua2_simulation_interfaces/srv/detail/set_float__type_support.cpp
[0.384s] -- Up-to-date: /home/ajbam/aquaLine/install/aqua2_simulation_interfaces/include/aqua2_simulation_interfaces/srv/detail/get_float__rosidl_typesupport_introspection_cpp.hpp
[0.384s] -- Up-to-date: /home/ajbam/aquaLine/install/aqua2_simulation_interfaces/include/aqua2_simulation_interfaces/srv/detail/set_current__rosidl_typesupport_introspection_cpp.hpp
[0.384s] -- Up-to-date: /home/ajbam/aquaLine/install/aqua2_simulation_interfaces/include/aqua2_simulation_interfaces/srv/detail/set_current__type_support.cpp
[0.384s] -- Up-to-date: /home/ajbam/aquaLine/install/aqua2_simulation_interfaces/lib/libaqua2_simulation_interfaces__rosidl_typesupport_introspection_cpp.so
[0.384s] -- Up-to-date: /home/ajbam/aquaLine/install/aqua2_simulation_interfaces/lib/libaqua2_simulation_interfaces__rosidl_typesupport_cpp.so
[0.384s] -- Up-to-date: /home/ajbam/aquaLine/install/aqua2_simulation_interfaces/share/aqua2_simulation_interfaces/environment/pythonpath.sh
[0.384s] -- Up-to-date: /home/ajbam/aquaLine/install/aqua2_simulation_interfaces/share/aqua2_simulation_interfaces/environment/pythonpath.dsv
[0.384s] -- Up-to-date: /home/ajbam/aquaLine/install/aqua2_simulation_interfaces/lib/python3.8/site-packages/aqua2_simulation_interfaces/__init__.py
[0.395s] -- Up-to-date: /home/ajbam/aquaLine/install/aqua2_simulation_interfaces/lib/python3.8/site-packages/aqua2_simulation_interfaces/srv
[0.395s] -- Up-to-date: /home/ajbam/aquaLine/install/aqua2_simulation_interfaces/lib/python3.8/site-packages/aqua2_simulation_interfaces/srv/_empty_workaround.py
[0.395s] -- Up-to-date: /home/ajbam/aquaLine/install/aqua2_simulation_interfaces/lib/python3.8/site-packages/aqua2_simulation_interfaces/srv/_set_current.py
[0.395s] -- Up-to-date: /home/ajbam/aquaLine/install/aqua2_simulation_interfaces/lib/python3.8/site-packages/aqua2_simulation_interfaces/srv/_set_current_s.c
[0.395s] -- Up-to-date: /home/ajbam/aquaLine/install/aqua2_simulation_interfaces/lib/python3.8/site-packages/aqua2_simulation_interfaces/srv/_set_float.py
[0.395s] -- Up-to-date: /home/ajbam/aquaLine/install/aqua2_simulation_interfaces/lib/python3.8/site-packages/aqua2_simulation_interfaces/srv/_get_position.py
[0.395s] -- Up-to-date: /home/ajbam/aquaLine/install/aqua2_simulation_interfaces/lib/python3.8/site-packages/aqua2_simulation_interfaces/srv/_empty_workaround_s.c
[0.395s] -- Up-to-date: /home/ajbam/aquaLine/install/aqua2_simulation_interfaces/lib/python3.8/site-packages/aqua2_simulation_interfaces/srv/_get_float.py
[0.395s] -- Up-to-date: /home/ajbam/aquaLine/install/aqua2_simulation_interfaces/lib/python3.8/site-packages/aqua2_simulation_interfaces/srv/__init__.py
[0.395s] -- Up-to-date: /home/ajbam/aquaLine/install/aqua2_simulation_interfaces/lib/python3.8/site-packages/aqua2_simulation_interfaces/srv/_get_float_s.c
[0.395s] -- Up-to-date: /home/ajbam/aquaLine/install/aqua2_simulation_interfaces/lib/python3.8/site-packages/aqua2_simulation_interfaces/srv/_set_position.py
[0.395s] -- Up-to-date: /home/ajbam/aquaLine/install/aqua2_simulation_interfaces/lib/python3.8/site-packages/aqua2_simulation_interfaces/srv/_get_position_s.c
[0.395s] -- Up-to-date: /home/ajbam/aquaLine/install/aqua2_simulation_interfaces/lib/python3.8/site-packages/aqua2_simulation_interfaces/srv/_set_float_s.c
[0.396s] -- Up-to-date: /home/ajbam/aquaLine/install/aqua2_simulation_interfaces/lib/python3.8/site-packages/aqua2_simulation_interfaces/srv/_set_leg_status_s.c
[0.396s] -- Up-to-date: /home/ajbam/aquaLine/install/aqua2_simulation_interfaces/lib/python3.8/site-packages/aqua2_simulation_interfaces/srv/_set_leg_status.py
[0.396s] -- Up-to-date: /home/ajbam/aquaLine/install/aqua2_simulation_interfaces/lib/python3.8/site-packages/aqua2_simulation_interfaces/srv/_set_position_s.c
[0.396s] -- Up-to-date: /home/ajbam/aquaLine/install/aqua2_simulation_interfaces/lib/python3.8/site-packages/aqua2_simulation_interfaces/aqua2_simulation_interfaces_s__rosidl_typesupport_fastrtps_c.cpython-38-x86_64-linux-gnu.so
[0.396s] -- Up-to-date: /home/ajbam/aquaLine/install/aqua2_simulation_interfaces/lib/python3.8/site-packages/aqua2_simulation_interfaces/aqua2_simulation_interfaces_s__rosidl_typesupport_introspection_c.cpython-38-x86_64-linux-gnu.so
[0.396s] -- Up-to-date: /home/ajbam/aquaLine/install/aqua2_simulation_interfaces/lib/python3.8/site-packages/aqua2_simulation_interfaces/aqua2_simulation_interfaces_s__rosidl_typesupport_c.cpython-38-x86_64-linux-gnu.so
[0.397s] -- Up-to-date: /home/ajbam/aquaLine/install/aqua2_simulation_interfaces/lib/libaqua2_simulation_interfaces__python.so
[0.397s] -- Up-to-date: /home/ajbam/aquaLine/install/aqua2_simulation_interfaces/share/aqua2_simulation_interfaces/srv/GetFloat.idl
[0.397s] -- Up-to-date: /home/ajbam/aquaLine/install/aqua2_simulation_interfaces/share/aqua2_simulation_interfaces/srv/GetPosition.idl
[0.397s] -- Up-to-date: /home/ajbam/aquaLine/install/aqua2_simulation_interfaces/share/aqua2_simulation_interfaces/srv/SetCurrent.idl
[0.397s] -- Up-to-date: /home/ajbam/aquaLine/install/aqua2_simulation_interfaces/share/aqua2_simulation_interfaces/srv/SetFloat.idl
[0.397s] -- Up-to-date: /home/ajbam/aquaLine/install/aqua2_simulation_interfaces/share/aqua2_simulation_interfaces/srv/SetLegStatus.idl
[0.397s] -- Up-to-date: /home/ajbam/aquaLine/install/aqua2_simulation_interfaces/share/aqua2_simulation_interfaces/srv/SetPosition.idl
[0.397s] -- Up-to-date: /home/ajbam/aquaLine/install/aqua2_simulation_interfaces/share/aqua2_simulation_interfaces/srv/EmptyWorkaround.idl
[0.397s] -- Up-to-date: /home/ajbam/aquaLine/install/aqua2_simulation_interfaces/share/aqua2_simulation_interfaces/srv/GetFloat.srv
[0.397s] -- Up-to-date: /home/ajbam/aquaLine/install/aqua2_simulation_interfaces/share/aqua2_simulation_interfaces/srv/GetFloat_Request.msg
[0.398s] -- Up-to-date: /home/ajbam/aquaLine/install/aqua2_simulation_interfaces/share/aqua2_simulation_interfaces/srv/GetFloat_Response.msg
[0.398s] -- Up-to-date: /home/ajbam/aquaLine/install/aqua2_simulation_interfaces/share/aqua2_simulation_interfaces/srv/GetPosition.srv
[0.398s] -- Up-to-date: /home/ajbam/aquaLine/install/aqua2_simulation_interfaces/share/aqua2_simulation_interfaces/srv/GetPosition_Request.msg
[0.398s] -- Up-to-date: /home/ajbam/aquaLine/install/aqua2_simulation_interfaces/share/aqua2_simulation_interfaces/srv/GetPosition_Response.msg
[0.398s] -- Up-to-date: /home/ajbam/aquaLine/install/aqua2_simulation_interfaces/share/aqua2_simulation_interfaces/srv/SetCurrent.srv
[0.398s] -- Up-to-date: /home/ajbam/aquaLine/install/aqua2_simulation_interfaces/share/aqua2_simulation_interfaces/srv/SetCurrent_Request.msg
[0.398s] -- Up-to-date: /home/ajbam/aquaLine/install/aqua2_simulation_interfaces/share/aqua2_simulation_interfaces/srv/SetCurrent_Response.msg
[0.398s] -- Up-to-date: /home/ajbam/aquaLine/install/aqua2_simulation_interfaces/share/aqua2_simulation_interfaces/srv/SetFloat.srv
[0.398s] -- Up-to-date: /home/ajbam/aquaLine/install/aqua2_simulation_interfaces/share/aqua2_simulation_interfaces/srv/SetFloat_Request.msg
[0.398s] -- Up-to-date: /home/ajbam/aquaLine/install/aqua2_simulation_interfaces/share/aqua2_simulation_interfaces/srv/SetFloat_Response.msg
[0.398s] -- Up-to-date: /home/ajbam/aquaLine/install/aqua2_simulation_interfaces/share/aqua2_simulation_interfaces/srv/SetLegStatus.srv
[0.398s] -- Up-to-date: /home/ajbam/aquaLine/install/aqua2_simulation_interfaces/share/aqua2_simulation_interfaces/srv/SetLegStatus_Request.msg
[0.398s] -- Up-to-date: /home/ajbam/aquaLine/install/aqua2_simulation_interfaces/share/aqua2_simulation_interfaces/srv/SetLegStatus_Response.msg
[0.398s] -- Up-to-date: /home/ajbam/aquaLine/install/aqua2_simulation_interfaces/share/aqua2_simulation_interfaces/srv/SetPosition.srv
[0.399s] -- Up-to-date: /home/ajbam/aquaLine/install/aqua2_simulation_interfaces/share/aqua2_simulation_interfaces/srv/SetPosition_Request.msg
[0.399s] -- Up-to-date: /home/ajbam/aquaLine/install/aqua2_simulation_interfaces/share/aqua2_simulation_interfaces/srv/SetPosition_Response.msg
[0.399s] -- Up-to-date: /home/ajbam/aquaLine/install/aqua2_simulation_interfaces/share/aqua2_simulation_interfaces/srv/EmptyWorkaround.srv
[0.399s] -- Up-to-date: /home/ajbam/aquaLine/install/aqua2_simulation_interfaces/share/aqua2_simulation_interfaces/srv/EmptyWorkaround_Request.msg
[0.399s] -- Up-to-date: /home/ajbam/aquaLine/install/aqua2_simulation_interfaces/share/aqua2_simulation_interfaces/srv/EmptyWorkaround_Response.msg
[0.399s] -- Up-to-date: /home/ajbam/aquaLine/install/aqua2_simulation_interfaces/share/ament_index/resource_index/package_run_dependencies/aqua2_simulation_interfaces
[0.399s] -- Up-to-date: /home/ajbam/aquaLine/install/aqua2_simulation_interfaces/share/ament_index/resource_index/parent_prefix_path/aqua2_simulation_interfaces
[0.399s] -- Up-to-date: /home/ajbam/aquaLine/install/aqua2_simulation_interfaces/share/aqua2_simulation_interfaces/environment/ament_prefix_path.sh
[0.399s] -- Up-to-date: /home/ajbam/aquaLine/install/aqua2_simulation_interfaces/share/aqua2_simulation_interfaces/environment/ament_prefix_path.dsv
[0.399s] -- Up-to-date: /home/ajbam/aquaLine/install/aqua2_simulation_interfaces/share/aqua2_simulation_interfaces/environment/path.sh
[0.399s] -- Up-to-date: /home/ajbam/aquaLine/install/aqua2_simulation_interfaces/share/aqua2_simulation_interfaces/environment/path.dsv
[0.399s] -- Up-to-date: /home/ajbam/aquaLine/install/aqua2_simulation_interfaces/share/aqua2_simulation_interfaces/local_setup.bash
[0.399s] -- Up-to-date: /home/ajbam/aquaLine/install/aqua2_simulation_interfaces/share/aqua2_simulation_interfaces/local_setup.sh
[0.399s] -- Up-to-date: /home/ajbam/aquaLine/install/aqua2_simulation_interfaces/share/aqua2_simulation_interfaces/local_setup.zsh
[0.399s] -- Up-to-date: /home/ajbam/aquaLine/install/aqua2_simulation_interfaces/share/aqua2_simulation_interfaces/local_setup.dsv
[0.399s] -- Installing: /home/ajbam/aquaLine/install/aqua2_simulation_interfaces/share/aqua2_simulation_interfaces/package.dsv
[0.399s] -- Up-to-date: /home/ajbam/aquaLine/install/aqua2_simulation_interfaces/share/ament_index/resource_index/packages/aqua2_simulation_interfaces
[0.400s] -- Up-to-date: /home/ajbam/aquaLine/install/aqua2_simulation_interfaces/share/aqua2_simulation_interfaces/cmake/aqua2_simulation_interfaces__rosidl_generator_cExport.cmake
[0.400s] -- Up-to-date: /home/ajbam/aquaLine/install/aqua2_simulation_interfaces/share/aqua2_simulation_interfaces/cmake/aqua2_simulation_interfaces__rosidl_generator_cExport-noconfig.cmake
[0.400s] -- Up-to-date: /home/ajbam/aquaLine/install/aqua2_simulation_interfaces/share/aqua2_simulation_interfaces/cmake/aqua2_simulation_interfaces__rosidl_typesupport_introspection_cExport.cmake
[0.400s] -- Up-to-date: /home/ajbam/aquaLine/install/aqua2_simulation_interfaces/share/aqua2_simulation_interfaces/cmake/aqua2_simulation_interfaces__rosidl_typesupport_introspection_cExport-noconfig.cmake
[0.400s] -- Up-to-date: /home/ajbam/aquaLine/install/aqua2_simulation_interfaces/share/aqua2_simulation_interfaces/cmake/aqua2_simulation_interfaces__rosidl_typesupport_cExport.cmake
[0.400s] -- Up-to-date: /home/ajbam/aquaLine/install/aqua2_simulation_interfaces/share/aqua2_simulation_interfaces/cmake/aqua2_simulation_interfaces__rosidl_typesupport_cExport-noconfig.cmake
[0.400s] -- Up-to-date: /home/ajbam/aquaLine/install/aqua2_simulation_interfaces/share/aqua2_simulation_interfaces/cmake/aqua2_simulation_interfaces__rosidl_generator_cppExport.cmake
[0.400s] -- Up-to-date: /home/ajbam/aquaLine/install/aqua2_simulation_interfaces/share/aqua2_simulation_interfaces/cmake/aqua2_simulation_interfaces__rosidl_typesupport_introspection_cppExport.cmake
[0.400s] -- Up-to-date: /home/ajbam/aquaLine/install/aqua2_simulation_interfaces/share/aqua2_simulation_interfaces/cmake/aqua2_simulation_interfaces__rosidl_typesupport_introspection_cppExport-noconfig.cmake
[0.400s] -- Up-to-date: /home/ajbam/aquaLine/install/aqua2_simulation_interfaces/share/aqua2_simulation_interfaces/cmake/aqua2_simulation_interfaces__rosidl_typesupport_cppExport.cmake
[0.400s] -- Up-to-date: /home/ajbam/aquaLine/install/aqua2_simulation_interfaces/share/aqua2_simulation_interfaces/cmake/aqua2_simulation_interfaces__rosidl_typesupport_cppExport-noconfig.cmake
[0.400s] -- Up-to-date: /home/ajbam/aquaLine/install/aqua2_simulation_interfaces/share/aqua2_simulation_interfaces/cmake/rosidl_cmake-extras.cmake
[0.400s] -- Up-to-date: /home/ajbam/aquaLine/install/aqua2_simulation_interfaces/share/aqua2_simulation_interfaces/cmake/ament_cmake_export_dependencies-extras.cmake
[0.400s] -- Up-to-date: /home/ajbam/aquaLine/install/aqua2_simulation_interfaces/share/aqua2_simulation_interfaces/cmake/ament_cmake_export_libraries-extras.cmake
[0.400s] -- Up-to-date: /home/ajbam/aquaLine/install/aqua2_simulation_interfaces/share/aqua2_simulation_interfaces/cmake/ament_cmake_export_targets-extras.cmake
[0.400s] -- Up-to-date: /home/ajbam/aquaLine/install/aqua2_simulation_interfaces/share/aqua2_simulation_interfaces/cmake/ament_cmake_export_include_directories-extras.cmake
[0.400s] -- Up-to-date: /home/ajbam/aquaLine/install/aqua2_simulation_interfaces/share/aqua2_simulation_interfaces/cmake/rosidl_cmake_export_typesupport_libraries-extras.cmake
[0.400s] -- Up-to-date: /home/ajbam/aquaLine/install/aqua2_simulation_interfaces/share/aqua2_simulation_interfaces/cmake/rosidl_cmake_export_typesupport_targets-extras.cmake
[0.400s] -- Up-to-date: /home/ajbam/aquaLine/install/aqua2_simulation_interfaces/share/aqua2_simulation_interfaces/cmake/aqua2_simulation_interfacesConfig.cmake
[0.400s] -- Up-to-date: /home/ajbam/aquaLine/install/aqua2_simulation_interfaces/share/aqua2_simulation_interfaces/cmake/aqua2_simulation_interfacesConfig-version.cmake
[0.400s] -- Up-to-date: /home/ajbam/aquaLine/install/aqua2_simulation_interfaces/share/aqua2_simulation_interfaces/package.xml
[0.401s] Invoked command in '/home/ajbam/aquaLine/build/aqua2_simulation_interfaces' returned '0': CMAKE_PREFIX_PATH=${CMAKE_PREFIX_PATH}:/home/ajbam/aquaLine/install/aqua_line:/home/ajbam/aquaLine/install/aquaLine:/opt/ros/foxy /usr/bin/cmake --install /home/ajbam/aquaLine/build/aqua2_simulation_interfaces
