[0.125s] Invoking command in '/home/ajbam/aquaLine/src/build/aqua2_simulation_interfaces': CMAKE_PREFIX_PATH=/opt/ros/foxy /usr/bin/cmake /home/ajbam/aquaLine/src/aqua2_simulation_interfaces -DCMAKE_INSTALL_PREFIX=/home/ajbam/aquaLine/src/install/aqua2_simulation_interfaces
[0.148s] -- The C compiler identification is GNU 9.4.0
[0.170s] -- The CXX compiler identification is GNU 9.4.0
[0.172s] -- Check for working C compiler: /usr/bin/cc
[0.201s] -- Check for working C compiler: /usr/bin/cc -- works
[0.202s] -- Detecting C compiler ABI info
[0.232s] -- Detecting C compiler ABI info - done
[0.237s] -- Detecting C compile features
[0.237s] -- Detecting C compile features - done
[0.238s] -- Check for working CXX compiler: /usr/bin/c++
[0.272s] -- Check for working CXX compiler: /usr/bin/c++ -- works
[0.273s] -- Detecting CXX compiler ABI info
[0.307s] -- Detecting CXX compiler ABI info - done
[0.313s] -- Detecting CXX compile features
[0.313s] -- Detecting CXX compile features - done
[0.314s] -- Found ament_cmake: 0.9.12 (/opt/ros/foxy/share/ament_cmake/cmake)
[0.324s] -- Found PythonInterp: /usr/bin/python3 (found suitable version "3.8.10", minimum required is "3") 
[0.324s] -- Using PYTHON_EXECUTABLE: /usr/bin/python3
[0.403s] -- Found ament_lint_auto: 0.9.8 (/opt/ros/foxy/share/ament_lint_auto/cmake)
[0.434s] -- Found rosidl_default_generators: 1.0.1 (/opt/ros/foxy/share/rosidl_default_generators/cmake)
[0.435s] -- Using all available rosidl_typesupport_c: rosidl_typesupport_fastrtps_c;rosidl_typesupport_introspection_c
[0.438s] -- Found rosidl_adapter: 1.3.1 (/opt/ros/foxy/share/rosidl_adapter/cmake)
[0.478s] -- Found OpenSSL: /usr/lib/x86_64-linux-gnu/libcrypto.so (found version "1.1.1f")  
[0.491s] -- Found FastRTPS: /opt/ros/foxy/include  
[0.526s] -- Using all available rosidl_typesupport_cpp: rosidl_typesupport_fastrtps_cpp;rosidl_typesupport_introspection_cpp
[0.537s] -- Found geometry_msgs: 2.0.5 (/opt/ros/foxy/share/geometry_msgs/cmake)
[0.581s] -- Found PythonInterp: /usr/bin/python3 (found version "3.8.10") 
[0.649s] -- Found ament_cmake_ros: 0.9.2 (/opt/ros/foxy/share/ament_cmake_ros/cmake)
[0.751s] -- Using all available rosidl_typesupport_c: rosidl_typesupport_fastrtps_c;rosidl_typesupport_introspection_c
[0.797s] -- Using all available rosidl_typesupport_cpp: rosidl_typesupport_fastrtps_cpp;rosidl_typesupport_introspection_cpp
[0.809s] -- Found PythonInterp: /usr/bin/python3 (found suitable version "3.8.10", minimum required is "3.5") 
[0.809s] -- Found python_cmake_module: 0.8.1 (/opt/ros/foxy/share/python_cmake_module/cmake)
[0.821s] -- Found PythonLibs: /usr/lib/x86_64-linux-gnu/libpython3.8.so (found suitable version "3.8.10", minimum required is "3.5") 
[0.821s] -- Using PYTHON_EXECUTABLE: /usr/bin/python3
[0.821s] -- Using PYTHON_INCLUDE_DIRS: /usr/include/python3.8
[0.821s] -- Using PYTHON_LIBRARIES: /usr/lib/x86_64-linux-gnu/libpython3.8.so
[0.833s] -- Found PythonExtra: .so  
[0.869s] -- Added test 'copyright' to check source files copyright and LICENSE
[0.869s] -- Added test 'lint_cmake' to check CMake code style
[0.869s] -- Added test 'xmllint' to check XML markup files
[0.872s] -- Configuring done
[0.899s] -- Generating done
[0.900s] -- Build files have been written to: /home/ajbam/aquaLine/src/build/aqua2_simulation_interfaces
