[0.786s] DEBUG:colcon:Command line arguments: ['/usr/bin/colcon', 'build']
[0.786s] DEBUG:colcon:Parsed command line arguments: Namespace(allow_overriding=[], ament_cmake_args=None, base_paths=['.'], build_base='build', catkin_cmake_args=None, catkin_skip_building_tests=False, cmake_args=None, cmake_clean_cache=False, cmake_clean_first=False, cmake_force_configure=False, cmake_target=None, cmake_target_skip_unavailable=False, continue_on_error=False, event_handlers=None, executor='parallel', ignore_user_meta=False, install_base='install', log_base=None, log_level=None, main=<bound method BuildVerb.main of <colcon_core.verb.build.BuildVerb object at 0x7fe2d4753ac0>>, merge_install=False, metas=['./colcon.meta'], packages_above=None, packages_above_and_dependencies=None, packages_above_depth=None, packages_end=None, packages_ignore=None, packages_ignore_regex=None, packages_select=None, packages_select_build_failed=False, packages_select_by_dep=None, packages_select_regex=None, packages_select_test_failures=False, packages_skip=None, packages_skip_build_finished=False, packages_skip_by_dep=None, packages_skip_regex=None, packages_skip_test_passed=False, packages_skip_up_to=None, packages_start=None, packages_up_to=None, packages_up_to_regex=None, parallel_workers=32, paths=None, symlink_install=False, test_result_base=None, verb_extension=<colcon_core.verb.build.BuildVerb object at 0x7fe2d4753ac0>, verb_name='build', verb_parser=<colcon_defaults.argument_parser.defaults.DefaultArgumentsDecorator object at 0x7fe2d47533a0>)
[0.821s] Level 1:colcon.colcon_core.package_discovery:discover_packages(colcon_meta) check parameters
[0.821s] Level 1:colcon.colcon_core.package_discovery:discover_packages(recursive) check parameters
[0.821s] Level 1:colcon.colcon_core.package_discovery:discover_packages(ignore) check parameters
[0.821s] Level 1:colcon.colcon_core.package_discovery:discover_packages(path) check parameters
[0.821s] Level 1:colcon.colcon_core.package_discovery:discover_packages(colcon_meta) discover
[0.821s] Level 1:colcon.colcon_core.package_discovery:discover_packages(recursive) discover
[0.821s] INFO:colcon.colcon_core.package_discovery:Crawling recursively for packages in '/home/ajbam/aquaLine/src'
[0.821s] Level 1:colcon.colcon_core.package_identification:_identify(.) by extensions ['ignore', 'ignore_ament_install']
[0.821s] Level 1:colcon.colcon_core.package_identification:_identify(.) by extension 'ignore'
[0.822s] Level 1:colcon.colcon_core.package_identification:_identify(.) by extension 'ignore_ament_install'
[0.822s] Level 1:colcon.colcon_core.package_identification:_identify(.) by extensions ['colcon_pkg']
[0.822s] Level 1:colcon.colcon_core.package_identification:_identify(.) by extension 'colcon_pkg'
[0.822s] Level 1:colcon.colcon_core.package_identification:_identify(.) by extensions ['colcon_meta']
[0.822s] Level 1:colcon.colcon_core.package_identification:_identify(.) by extension 'colcon_meta'
[0.822s] Level 1:colcon.colcon_core.package_identification:_identify(.) by extensions ['ros']
[0.822s] Level 1:colcon.colcon_core.package_identification:_identify(.) by extension 'ros'
[0.827s] Level 1:colcon.colcon_core.package_identification:_identify(.) by extensions ['cmake', 'python']
[0.827s] Level 1:colcon.colcon_core.package_identification:_identify(.) by extension 'cmake'
[0.827s] Level 1:colcon.colcon_core.package_identification:_identify(.) by extension 'python'
[0.827s] Level 1:colcon.colcon_core.package_identification:_identify(.) by extensions ['python_setup_py']
[0.827s] Level 1:colcon.colcon_core.package_identification:_identify(.) by extension 'python_setup_py'
[0.827s] Level 1:colcon.colcon_core.package_identification:_identify(aqua2_interfaces) by extensions ['ignore', 'ignore_ament_install']
[0.827s] Level 1:colcon.colcon_core.package_identification:_identify(aqua2_interfaces) by extension 'ignore'
[0.827s] Level 1:colcon.colcon_core.package_identification:_identify(aqua2_interfaces) by extension 'ignore_ament_install'
[0.827s] Level 1:colcon.colcon_core.package_identification:_identify(aqua2_interfaces) by extensions ['colcon_pkg']
[0.827s] Level 1:colcon.colcon_core.package_identification:_identify(aqua2_interfaces) by extension 'colcon_pkg'
[0.827s] Level 1:colcon.colcon_core.package_identification:_identify(aqua2_interfaces) by extensions ['colcon_meta']
[0.827s] Level 1:colcon.colcon_core.package_identification:_identify(aqua2_interfaces) by extension 'colcon_meta'
[0.827s] Level 1:colcon.colcon_core.package_identification:_identify(aqua2_interfaces) by extensions ['ros']
[0.827s] Level 1:colcon.colcon_core.package_identification:_identify(aqua2_interfaces) by extension 'ros'
[0.828s] DEBUG:colcon.colcon_core.package_identification:Package 'aqua2_interfaces' with type 'ros.ament_cmake' and name 'aqua2_interfaces'
[0.828s] Level 1:colcon.colcon_core.package_identification:_identify(aqua2_simulation_interfaces) by extensions ['ignore', 'ignore_ament_install']
[0.828s] Level 1:colcon.colcon_core.package_identification:_identify(aqua2_simulation_interfaces) by extension 'ignore'
[0.828s] Level 1:colcon.colcon_core.package_identification:_identify(aqua2_simulation_interfaces) by extension 'ignore_ament_install'
[0.828s] Level 1:colcon.colcon_core.package_identification:_identify(aqua2_simulation_interfaces) by extensions ['colcon_pkg']
[0.828s] Level 1:colcon.colcon_core.package_identification:_identify(aqua2_simulation_interfaces) by extension 'colcon_pkg'
[0.828s] Level 1:colcon.colcon_core.package_identification:_identify(aqua2_simulation_interfaces) by extensions ['colcon_meta']
[0.828s] Level 1:colcon.colcon_core.package_identification:_identify(aqua2_simulation_interfaces) by extension 'colcon_meta'
[0.828s] Level 1:colcon.colcon_core.package_identification:_identify(aqua2_simulation_interfaces) by extensions ['ros']
[0.828s] Level 1:colcon.colcon_core.package_identification:_identify(aqua2_simulation_interfaces) by extension 'ros'
[0.829s] DEBUG:colcon.colcon_core.package_identification:Package 'aqua2_simulation_interfaces' with type 'ros.ament_cmake' and name 'aqua2_simulation_interfaces'
[0.829s] Level 1:colcon.colcon_core.package_identification:_identify(aquaLine) by extensions ['ignore', 'ignore_ament_install']
[0.829s] Level 1:colcon.colcon_core.package_identification:_identify(aquaLine) by extension 'ignore'
[0.829s] Level 1:colcon.colcon_core.package_identification:_identify(aquaLine) by extension 'ignore_ament_install'
[0.829s] Level 1:colcon.colcon_core.package_identification:_identify(aquaLine) by extensions ['colcon_pkg']
[0.829s] Level 1:colcon.colcon_core.package_identification:_identify(aquaLine) by extension 'colcon_pkg'
[0.829s] Level 1:colcon.colcon_core.package_identification:_identify(aquaLine) by extensions ['colcon_meta']
[0.829s] Level 1:colcon.colcon_core.package_identification:_identify(aquaLine) by extension 'colcon_meta'
[0.829s] Level 1:colcon.colcon_core.package_identification:_identify(aquaLine) by extensions ['ros']
[0.829s] Level 1:colcon.colcon_core.package_identification:_identify(aquaLine) by extension 'ros'
[0.829s] DEBUG:colcon.colcon_core.package_identification:Package 'aquaLine' with type 'ros.ament_python' and name 'aquaLine'
[0.829s] Level 1:colcon.colcon_core.package_identification:_identify(build) by extensions ['ignore', 'ignore_ament_install']
[0.829s] Level 1:colcon.colcon_core.package_identification:_identify(build) by extension 'ignore'
[0.829s] Level 1:colcon.colcon_core.package_identification:_identify(build) ignored
[0.829s] Level 1:colcon.colcon_core.package_identification:_identify(install) by extensions ['ignore', 'ignore_ament_install']
[0.829s] Level 1:colcon.colcon_core.package_identification:_identify(install) by extension 'ignore'
[0.829s] Level 1:colcon.colcon_core.package_identification:_identify(install) ignored
[0.829s] Level 1:colcon.colcon_core.package_identification:_identify(log) by extensions ['ignore', 'ignore_ament_install']
[0.829s] Level 1:colcon.colcon_core.package_identification:_identify(log) by extension 'ignore'
[0.829s] Level 1:colcon.colcon_core.package_identification:_identify(log) ignored
[0.829s] Level 1:colcon.colcon_core.package_discovery:discover_packages(recursive) using defaults
[0.829s] Level 1:colcon.colcon_core.package_discovery:discover_packages(ignore) discover
[0.829s] Level 1:colcon.colcon_core.package_discovery:discover_packages(ignore) using defaults
[0.829s] Level 1:colcon.colcon_core.package_discovery:discover_packages(path) discover
[0.829s] Level 1:colcon.colcon_core.package_discovery:discover_packages(path) using defaults
[0.905s] Level 1:colcon.colcon_core.package_discovery:discover_packages(prefix_path) check parameters
[0.905s] Level 1:colcon.colcon_core.package_discovery:discover_packages(prefix_path) discover
[0.931s] DEBUG:colcon.colcon_installed_package_information.package_discovery:Found 1 installed packages in /home/ajbam/aquaLine/install
[0.945s] DEBUG:colcon.colcon_installed_package_information.package_discovery:Found 257 installed packages in /opt/ros/foxy
[0.946s] Level 1:colcon.colcon_core.package_discovery:discover_packages(prefix_path) using defaults
[1.004s] Level 5:colcon.colcon_core.verb:set package 'aqua2_interfaces' build argument 'cmake_args' from command line to 'None'
[1.004s] Level 5:colcon.colcon_core.verb:set package 'aqua2_interfaces' build argument 'cmake_target' from command line to 'None'
[1.004s] Level 5:colcon.colcon_core.verb:set package 'aqua2_interfaces' build argument 'cmake_target_skip_unavailable' from command line to 'False'
[1.004s] Level 5:colcon.colcon_core.verb:set package 'aqua2_interfaces' build argument 'cmake_clean_cache' from command line to 'False'
[1.004s] Level 5:colcon.colcon_core.verb:set package 'aqua2_interfaces' build argument 'cmake_clean_first' from command line to 'False'
[1.004s] Level 5:colcon.colcon_core.verb:set package 'aqua2_interfaces' build argument 'cmake_force_configure' from command line to 'False'
[1.004s] Level 5:colcon.colcon_core.verb:set package 'aqua2_interfaces' build argument 'ament_cmake_args' from command line to 'None'
[1.004s] Level 5:colcon.colcon_core.verb:set package 'aqua2_interfaces' build argument 'catkin_cmake_args' from command line to 'None'
[1.004s] Level 5:colcon.colcon_core.verb:set package 'aqua2_interfaces' build argument 'catkin_skip_building_tests' from command line to 'False'
[1.004s] DEBUG:colcon.colcon_core.verb:Building package 'aqua2_interfaces' with the following arguments: {'ament_cmake_args': None, 'build_base': '/home/ajbam/aquaLine/src/build/aqua2_interfaces', 'catkin_cmake_args': None, 'catkin_skip_building_tests': False, 'cmake_args': None, 'cmake_clean_cache': False, 'cmake_clean_first': False, 'cmake_force_configure': False, 'cmake_target': None, 'cmake_target_skip_unavailable': False, 'install_base': '/home/ajbam/aquaLine/src/install/aqua2_interfaces', 'merge_install': False, 'path': '/home/ajbam/aquaLine/src/aqua2_interfaces', 'symlink_install': False, 'test_result_base': None}
[1.017s] Level 5:colcon.colcon_core.verb:set package 'aqua2_simulation_interfaces' build argument 'cmake_args' from command line to 'None'
[1.017s] Level 5:colcon.colcon_core.verb:set package 'aqua2_simulation_interfaces' build argument 'cmake_target' from command line to 'None'
[1.017s] Level 5:colcon.colcon_core.verb:set package 'aqua2_simulation_interfaces' build argument 'cmake_target_skip_unavailable' from command line to 'False'
[1.017s] Level 5:colcon.colcon_core.verb:set package 'aqua2_simulation_interfaces' build argument 'cmake_clean_cache' from command line to 'False'
[1.017s] Level 5:colcon.colcon_core.verb:set package 'aqua2_simulation_interfaces' build argument 'cmake_clean_first' from command line to 'False'
[1.017s] Level 5:colcon.colcon_core.verb:set package 'aqua2_simulation_interfaces' build argument 'cmake_force_configure' from command line to 'False'
[1.017s] Level 5:colcon.colcon_core.verb:set package 'aqua2_simulation_interfaces' build argument 'ament_cmake_args' from command line to 'None'
[1.017s] Level 5:colcon.colcon_core.verb:set package 'aqua2_simulation_interfaces' build argument 'catkin_cmake_args' from command line to 'None'
[1.017s] Level 5:colcon.colcon_core.verb:set package 'aqua2_simulation_interfaces' build argument 'catkin_skip_building_tests' from command line to 'False'
[1.017s] DEBUG:colcon.colcon_core.verb:Building package 'aqua2_simulation_interfaces' with the following arguments: {'ament_cmake_args': None, 'build_base': '/home/ajbam/aquaLine/src/build/aqua2_simulation_interfaces', 'catkin_cmake_args': None, 'catkin_skip_building_tests': False, 'cmake_args': None, 'cmake_clean_cache': False, 'cmake_clean_first': False, 'cmake_force_configure': False, 'cmake_target': None, 'cmake_target_skip_unavailable': False, 'install_base': '/home/ajbam/aquaLine/src/install/aqua2_simulation_interfaces', 'merge_install': False, 'path': '/home/ajbam/aquaLine/src/aqua2_simulation_interfaces', 'symlink_install': False, 'test_result_base': None}
[1.030s] Level 5:colcon.colcon_core.verb:set package 'aquaLine' build argument 'cmake_args' from command line to 'None'
[1.030s] Level 5:colcon.colcon_core.verb:set package 'aquaLine' build argument 'cmake_target' from command line to 'None'
[1.030s] Level 5:colcon.colcon_core.verb:set package 'aquaLine' build argument 'cmake_target_skip_unavailable' from command line to 'False'
[1.030s] Level 5:colcon.colcon_core.verb:set package 'aquaLine' build argument 'cmake_clean_cache' from command line to 'False'
[1.030s] Level 5:colcon.colcon_core.verb:set package 'aquaLine' build argument 'cmake_clean_first' from command line to 'False'
[1.030s] Level 5:colcon.colcon_core.verb:set package 'aquaLine' build argument 'cmake_force_configure' from command line to 'False'
[1.030s] Level 5:colcon.colcon_core.verb:set package 'aquaLine' build argument 'ament_cmake_args' from command line to 'None'
[1.030s] Level 5:colcon.colcon_core.verb:set package 'aquaLine' build argument 'catkin_cmake_args' from command line to 'None'
[1.030s] Level 5:colcon.colcon_core.verb:set package 'aquaLine' build argument 'catkin_skip_building_tests' from command line to 'False'
[1.030s] DEBUG:colcon.colcon_core.verb:Building package 'aquaLine' with the following arguments: {'ament_cmake_args': None, 'build_base': '/home/ajbam/aquaLine/src/build/aquaLine', 'catkin_cmake_args': None, 'catkin_skip_building_tests': False, 'cmake_args': None, 'cmake_clean_cache': False, 'cmake_clean_first': False, 'cmake_force_configure': False, 'cmake_target': None, 'cmake_target_skip_unavailable': False, 'install_base': '/home/ajbam/aquaLine/src/install/aquaLine', 'merge_install': False, 'path': '/home/ajbam/aquaLine/src/aquaLine', 'symlink_install': False, 'test_result_base': None}
[1.043s] INFO:colcon.colcon_core.executor:Executing jobs using 'parallel' executor
[1.056s] DEBUG:colcon.colcon_parallel_executor.executor.parallel:run_until_complete
[1.056s] INFO:colcon.colcon_ros.task.ament_cmake.build:Building ROS package in '/home/ajbam/aquaLine/src/aqua2_interfaces' with build type 'ament_cmake'
[1.056s] INFO:colcon.colcon_cmake.task.cmake.build:Building CMake package in '/home/ajbam/aquaLine/src/aqua2_interfaces'
[1.070s] INFO:colcon.colcon_core.plugin_system:Skipping extension 'colcon_core.shell.bat': Not used on non-Windows systems
[1.070s] INFO:colcon.colcon_core.shell:Skip shell extension 'powershell' for command environment: Not usable outside of PowerShell
[1.070s] DEBUG:colcon.colcon_core.shell:Skip shell extension 'dsv' for command environment
[1.110s] INFO:colcon.colcon_ros.task.ament_cmake.build:Building ROS package in '/home/ajbam/aquaLine/src/aqua2_simulation_interfaces' with build type 'ament_cmake'
[1.110s] INFO:colcon.colcon_cmake.task.cmake.build:Building CMake package in '/home/ajbam/aquaLine/src/aqua2_simulation_interfaces'
[1.124s] INFO:colcon.colcon_core.shell:Skip shell extension 'powershell' for command environment: Not usable outside of PowerShell
[1.124s] DEBUG:colcon.colcon_core.shell:Skip shell extension 'dsv' for command environment
[1.164s] INFO:colcon.colcon_ros.task.ament_python.build:Building ROS package in '/home/ajbam/aquaLine/src/aquaLine' with build type 'ament_python'
[1.164s] Level 1:colcon.colcon_core.shell:create_environment_hook('aquaLine', 'ament_prefix_path')
[1.178s] INFO:colcon.colcon_core.shell:Creating environment hook '/home/ajbam/aquaLine/src/install/aquaLine/share/aquaLine/hook/ament_prefix_path.ps1'
[1.178s] INFO:colcon.colcon_core.shell:Creating environment descriptor '/home/ajbam/aquaLine/src/install/aquaLine/share/aquaLine/hook/ament_prefix_path.dsv'
[1.178s] INFO:colcon.colcon_core.shell:Creating environment hook '/home/ajbam/aquaLine/src/install/aquaLine/share/aquaLine/hook/ament_prefix_path.sh'
[1.192s] INFO:colcon.colcon_core.shell:Skip shell extension 'powershell' for command environment: Not usable outside of PowerShell
[1.192s] DEBUG:colcon.colcon_core.shell:Skip shell extension 'dsv' for command environment
[1.234s] DEBUG:colcon.colcon_core.event_handler.log_command:Invoking command in '/home/ajbam/aquaLine/src/build/aqua2_interfaces': CMAKE_PREFIX_PATH=/opt/ros/foxy /usr/bin/cmake /home/ajbam/aquaLine/src/aqua2_interfaces -DCMAKE_INSTALL_PREFIX=/home/ajbam/aquaLine/src/install/aqua2_interfaces
[1.236s] DEBUG:colcon.colcon_core.event_handler.log_command:Invoking command in '/home/ajbam/aquaLine/src/build/aqua2_simulation_interfaces': CMAKE_PREFIX_PATH=/opt/ros/foxy /usr/bin/cmake --build /home/ajbam/aquaLine/src/build/aqua2_simulation_interfaces -- -j32 -l32
[1.327s] INFO:colcon.colcon_core.task.python.build:Building Python package in '/home/ajbam/aquaLine/src/aquaLine'
[1.342s] INFO:colcon.colcon_core.shell:Skip shell extension 'powershell' for command environment: Not usable outside of PowerShell
[1.342s] DEBUG:colcon.colcon_core.shell:Skip shell extension 'dsv' for command environment
[1.567s] DEBUG:colcon.colcon_core.event_handler.log_command:Invoking command in '/home/ajbam/aquaLine/src/aquaLine': PYTHONPATH=/home/ajbam/aquaLine/src/build/aquaLine/prefix_override:/home/ajbam/aquaLine/src/install/aquaLine/lib/python3.8/site-packages:${PYTHONPATH} /usr/bin/python3 setup.py egg_info --egg-base ../build/aquaLine build --build-base /home/ajbam/aquaLine/src/build/aquaLine/build install --record /home/ajbam/aquaLine/src/build/aquaLine/install.log --install-scripts $base/lib/aquaLine --single-version-externally-managed
[1.687s] DEBUG:colcon.colcon_core.event_handler.log_command:Invoked command in '/home/ajbam/aquaLine/src/aquaLine' returned '0': PYTHONPATH=/home/ajbam/aquaLine/src/build/aquaLine/prefix_override:/home/ajbam/aquaLine/src/install/aquaLine/lib/python3.8/site-packages:${PYTHONPATH} /usr/bin/python3 setup.py egg_info --egg-base ../build/aquaLine build --build-base /home/ajbam/aquaLine/src/build/aquaLine/build install --record /home/ajbam/aquaLine/src/build/aquaLine/install.log --install-scripts $base/lib/aquaLine --single-version-externally-managed
[1.710s] Level 1:colcon.colcon_core.environment:checking '/home/ajbam/aquaLine/src/install/aquaLine' for CMake module files
[1.710s] Level 1:colcon.colcon_core.environment:checking '/home/ajbam/aquaLine/src/install/aquaLine' for CMake config files
[1.711s] Level 1:colcon.colcon_core.environment:checking '/home/ajbam/aquaLine/src/install/aquaLine/lib'
[1.711s] Level 1:colcon.colcon_core.environment:checking '/home/ajbam/aquaLine/src/install/aquaLine/bin'
[1.711s] Level 1:colcon.colcon_core.environment:checking '/home/ajbam/aquaLine/src/install/aquaLine/lib/pkgconfig/aquaLine.pc'
[1.711s] Level 1:colcon.colcon_core.environment:checking '/home/ajbam/aquaLine/src/install/aquaLine/lib/python3.8/site-packages'
[1.711s] Level 1:colcon.colcon_core.shell:create_environment_hook('aquaLine', 'pythonpath')
[1.726s] INFO:colcon.colcon_core.shell:Creating environment hook '/home/ajbam/aquaLine/src/install/aquaLine/share/aquaLine/hook/pythonpath.ps1'
[1.726s] INFO:colcon.colcon_core.shell:Creating environment descriptor '/home/ajbam/aquaLine/src/install/aquaLine/share/aquaLine/hook/pythonpath.dsv'
[1.726s] INFO:colcon.colcon_core.shell:Creating environment hook '/home/ajbam/aquaLine/src/install/aquaLine/share/aquaLine/hook/pythonpath.sh'
[1.726s] Level 1:colcon.colcon_core.environment:checking '/home/ajbam/aquaLine/src/install/aquaLine/bin'
[1.726s] Level 1:colcon.colcon_core.environment:create_environment_scripts_only(aquaLine)
[1.747s] INFO:colcon.colcon_core.shell:Creating package script '/home/ajbam/aquaLine/src/install/aquaLine/share/aquaLine/package.ps1'
[1.748s] INFO:colcon.colcon_core.shell:Creating package descriptor '/home/ajbam/aquaLine/src/install/aquaLine/share/aquaLine/package.dsv'
[1.749s] INFO:colcon.colcon_core.shell:Creating package script '/home/ajbam/aquaLine/src/install/aquaLine/share/aquaLine/package.sh'
[1.749s] INFO:colcon.colcon_core.shell:Creating package script '/home/ajbam/aquaLine/src/install/aquaLine/share/aquaLine/package.bash'
[1.749s] INFO:colcon.colcon_core.shell:Creating package script '/home/ajbam/aquaLine/src/install/aquaLine/share/aquaLine/package.zsh'
[1.750s] Level 1:colcon.colcon_core.environment:create_file_with_runtime_dependencies(/home/ajbam/aquaLine/src/install/aquaLine/share/colcon-core/packages/aquaLine)
[2.083s] DEBUG:colcon.colcon_core.event_handler.log_command:Invoked command in '/home/ajbam/aquaLine/src/build/aqua2_interfaces' returned '0': CMAKE_PREFIX_PATH=/opt/ros/foxy /usr/bin/cmake /home/ajbam/aquaLine/src/aqua2_interfaces -DCMAKE_INSTALL_PREFIX=/home/ajbam/aquaLine/src/install/aqua2_interfaces
[2.084s] DEBUG:colcon.colcon_core.event_handler.log_command:Invoking command in '/home/ajbam/aquaLine/src/build/aqua2_interfaces': CMAKE_PREFIX_PATH=/opt/ros/foxy /usr/bin/cmake --build /home/ajbam/aquaLine/src/build/aqua2_interfaces -- -j32 -l32
[3.445s] DEBUG:colcon.colcon_core.event_handler.log_command:Invoked command in '/home/ajbam/aquaLine/src/build/aqua2_simulation_interfaces' returned '0': CMAKE_PREFIX_PATH=/opt/ros/foxy /usr/bin/cmake --build /home/ajbam/aquaLine/src/build/aqua2_simulation_interfaces -- -j32 -l32
[3.496s] DEBUG:colcon.colcon_core.event_handler.log_command:Invoking command in '/home/ajbam/aquaLine/src/build/aqua2_simulation_interfaces': CMAKE_PREFIX_PATH=/opt/ros/foxy /usr/bin/cmake --install /home/ajbam/aquaLine/src/build/aqua2_simulation_interfaces
[3.556s] Level 1:colcon.colcon_core.environment:create_environment_scripts_only(aqua2_simulation_interfaces)
[3.560s] DEBUG:colcon.colcon_core.event_handler.log_command:Invoked command in '/home/ajbam/aquaLine/src/build/aqua2_simulation_interfaces' returned '0': CMAKE_PREFIX_PATH=/opt/ros/foxy /usr/bin/cmake --install /home/ajbam/aquaLine/src/build/aqua2_simulation_interfaces
[3.585s] Level 1:colcon.colcon_core.environment:checking '/home/ajbam/aquaLine/src/install/aqua2_simulation_interfaces' for CMake module files
[3.585s] Level 1:colcon.colcon_core.environment:checking '/home/ajbam/aquaLine/src/install/aqua2_simulation_interfaces' for CMake config files
[3.585s] Level 1:colcon.colcon_core.shell:create_environment_hook('aqua2_simulation_interfaces', 'cmake_prefix_path')
[3.613s] INFO:colcon.colcon_core.shell:Creating environment hook '/home/ajbam/aquaLine/src/install/aqua2_simulation_interfaces/share/aqua2_simulation_interfaces/hook/cmake_prefix_path.ps1'
[3.613s] INFO:colcon.colcon_core.shell:Creating environment descriptor '/home/ajbam/aquaLine/src/install/aqua2_simulation_interfaces/share/aqua2_simulation_interfaces/hook/cmake_prefix_path.dsv'
[3.614s] INFO:colcon.colcon_core.shell:Creating environment hook '/home/ajbam/aquaLine/src/install/aqua2_simulation_interfaces/share/aqua2_simulation_interfaces/hook/cmake_prefix_path.sh'
[3.614s] Level 1:colcon.colcon_core.environment:checking '/home/ajbam/aquaLine/src/install/aqua2_simulation_interfaces/lib'
[3.614s] Level 1:colcon.colcon_core.shell:create_environment_hook('aqua2_simulation_interfaces', 'ld_library_path_lib')
[3.644s] INFO:colcon.colcon_core.shell:Creating environment hook '/home/ajbam/aquaLine/src/install/aqua2_simulation_interfaces/share/aqua2_simulation_interfaces/hook/ld_library_path_lib.ps1'
[3.644s] INFO:colcon.colcon_core.shell:Creating environment descriptor '/home/ajbam/aquaLine/src/install/aqua2_simulation_interfaces/share/aqua2_simulation_interfaces/hook/ld_library_path_lib.dsv'
[3.644s] INFO:colcon.colcon_core.shell:Creating environment hook '/home/ajbam/aquaLine/src/install/aqua2_simulation_interfaces/share/aqua2_simulation_interfaces/hook/ld_library_path_lib.sh'
[3.645s] Level 1:colcon.colcon_core.environment:checking '/home/ajbam/aquaLine/src/install/aqua2_simulation_interfaces/bin'
[3.645s] Level 1:colcon.colcon_core.environment:checking '/home/ajbam/aquaLine/src/install/aqua2_simulation_interfaces/lib/pkgconfig/aqua2_simulation_interfaces.pc'
[3.645s] Level 1:colcon.colcon_core.environment:checking '/home/ajbam/aquaLine/src/install/aqua2_simulation_interfaces/lib/python3.8/site-packages'
[3.645s] Level 1:colcon.colcon_core.shell:create_environment_hook('aqua2_simulation_interfaces', 'pythonpath')
[3.676s] INFO:colcon.colcon_core.shell:Creating environment hook '/home/ajbam/aquaLine/src/install/aqua2_simulation_interfaces/share/aqua2_simulation_interfaces/hook/pythonpath.ps1'
[3.677s] INFO:colcon.colcon_core.shell:Creating environment descriptor '/home/ajbam/aquaLine/src/install/aqua2_simulation_interfaces/share/aqua2_simulation_interfaces/hook/pythonpath.dsv'
[3.677s] INFO:colcon.colcon_core.shell:Creating environment hook '/home/ajbam/aquaLine/src/install/aqua2_simulation_interfaces/share/aqua2_simulation_interfaces/hook/pythonpath.sh'
[3.677s] Level 1:colcon.colcon_core.environment:checking '/home/ajbam/aquaLine/src/install/aqua2_simulation_interfaces/bin'
[3.707s] INFO:colcon.colcon_core.shell:Creating package script '/home/ajbam/aquaLine/src/install/aqua2_simulation_interfaces/share/aqua2_simulation_interfaces/package.ps1'
[3.707s] INFO:colcon.colcon_core.shell:Creating package descriptor '/home/ajbam/aquaLine/src/install/aqua2_simulation_interfaces/share/aqua2_simulation_interfaces/package.dsv'
[3.708s] INFO:colcon.colcon_core.shell:Creating package script '/home/ajbam/aquaLine/src/install/aqua2_simulation_interfaces/share/aqua2_simulation_interfaces/package.sh'
[3.708s] INFO:colcon.colcon_core.shell:Creating package script '/home/ajbam/aquaLine/src/install/aqua2_simulation_interfaces/share/aqua2_simulation_interfaces/package.bash'
[3.708s] INFO:colcon.colcon_core.shell:Creating package script '/home/ajbam/aquaLine/src/install/aqua2_simulation_interfaces/share/aqua2_simulation_interfaces/package.zsh'
[3.709s] Level 1:colcon.colcon_core.environment:create_file_with_runtime_dependencies(/home/ajbam/aquaLine/src/install/aqua2_simulation_interfaces/share/colcon-core/packages/aqua2_simulation_interfaces)
[3.873s] Level 1:colcon.colcon_core.environment:create_environment_scripts_only(aqua2_simulation_interfaces)
[3.906s] Level 1:colcon.colcon_core.environment:checking '/home/ajbam/aquaLine/src/install/aqua2_simulation_interfaces' for CMake module files
[3.906s] Level 1:colcon.colcon_core.environment:checking '/home/ajbam/aquaLine/src/install/aqua2_simulation_interfaces' for CMake config files
[3.906s] Level 1:colcon.colcon_core.shell:create_environment_hook('aqua2_simulation_interfaces', 'cmake_prefix_path')
[3.947s] INFO:colcon.colcon_core.shell:Creating environment hook '/home/ajbam/aquaLine/src/install/aqua2_simulation_interfaces/share/aqua2_simulation_interfaces/hook/cmake_prefix_path.ps1'
[3.947s] INFO:colcon.colcon_core.shell:Creating environment descriptor '/home/ajbam/aquaLine/src/install/aqua2_simulation_interfaces/share/aqua2_simulation_interfaces/hook/cmake_prefix_path.dsv'
[3.948s] INFO:colcon.colcon_core.shell:Creating environment hook '/home/ajbam/aquaLine/src/install/aqua2_simulation_interfaces/share/aqua2_simulation_interfaces/hook/cmake_prefix_path.sh'
[3.948s] Level 1:colcon.colcon_core.environment:checking '/home/ajbam/aquaLine/src/install/aqua2_simulation_interfaces/lib'
[3.948s] Level 1:colcon.colcon_core.shell:create_environment_hook('aqua2_simulation_interfaces', 'ld_library_path_lib')
[3.981s] INFO:colcon.colcon_core.shell:Creating environment hook '/home/ajbam/aquaLine/src/install/aqua2_simulation_interfaces/share/aqua2_simulation_interfaces/hook/ld_library_path_lib.ps1'
[3.982s] INFO:colcon.colcon_core.shell:Creating environment descriptor '/home/ajbam/aquaLine/src/install/aqua2_simulation_interfaces/share/aqua2_simulation_interfaces/hook/ld_library_path_lib.dsv'
[3.982s] INFO:colcon.colcon_core.shell:Creating environment hook '/home/ajbam/aquaLine/src/install/aqua2_simulation_interfaces/share/aqua2_simulation_interfaces/hook/ld_library_path_lib.sh'
[3.982s] Level 1:colcon.colcon_core.environment:checking '/home/ajbam/aquaLine/src/install/aqua2_simulation_interfaces/bin'
[3.982s] Level 1:colcon.colcon_core.environment:checking '/home/ajbam/aquaLine/src/install/aqua2_simulation_interfaces/lib/pkgconfig/aqua2_simulation_interfaces.pc'
[3.982s] Level 1:colcon.colcon_core.environment:checking '/home/ajbam/aquaLine/src/install/aqua2_simulation_interfaces/lib/python3.8/site-packages'
[3.982s] Level 1:colcon.colcon_core.shell:create_environment_hook('aqua2_simulation_interfaces', 'pythonpath')
[4.011s] INFO:colcon.colcon_core.shell:Creating environment hook '/home/ajbam/aquaLine/src/install/aqua2_simulation_interfaces/share/aqua2_simulation_interfaces/hook/pythonpath.ps1'
[4.011s] INFO:colcon.colcon_core.shell:Creating environment descriptor '/home/ajbam/aquaLine/src/install/aqua2_simulation_interfaces/share/aqua2_simulation_interfaces/hook/pythonpath.dsv'
[4.012s] INFO:colcon.colcon_core.shell:Creating environment hook '/home/ajbam/aquaLine/src/install/aqua2_simulation_interfaces/share/aqua2_simulation_interfaces/hook/pythonpath.sh'
[4.012s] Level 1:colcon.colcon_core.environment:checking '/home/ajbam/aquaLine/src/install/aqua2_simulation_interfaces/bin'
[4.063s] INFO:colcon.colcon_core.shell:Creating package script '/home/ajbam/aquaLine/src/install/aqua2_simulation_interfaces/share/aqua2_simulation_interfaces/package.ps1'
[4.064s] INFO:colcon.colcon_core.shell:Creating package descriptor '/home/ajbam/aquaLine/src/install/aqua2_simulation_interfaces/share/aqua2_simulation_interfaces/package.dsv'
[4.064s] INFO:colcon.colcon_core.shell:Creating package script '/home/ajbam/aquaLine/src/install/aqua2_simulation_interfaces/share/aqua2_simulation_interfaces/package.sh'
[4.064s] INFO:colcon.colcon_core.shell:Creating package script '/home/ajbam/aquaLine/src/install/aqua2_simulation_interfaces/share/aqua2_simulation_interfaces/package.bash'
[4.065s] INFO:colcon.colcon_core.shell:Creating package script '/home/ajbam/aquaLine/src/install/aqua2_simulation_interfaces/share/aqua2_simulation_interfaces/package.zsh'
[4.065s] Level 1:colcon.colcon_core.environment:create_file_with_runtime_dependencies(/home/ajbam/aquaLine/src/install/aqua2_simulation_interfaces/share/colcon-core/packages/aqua2_simulation_interfaces)
[7.354s] DEBUG:colcon.colcon_core.event_handler.log_command:Invoked command in '/home/ajbam/aquaLine/src/build/aqua2_interfaces' returned '0': CMAKE_PREFIX_PATH=/opt/ros/foxy /usr/bin/cmake --build /home/ajbam/aquaLine/src/build/aqua2_interfaces -- -j32 -l32
[7.499s] DEBUG:colcon.colcon_core.event_handler.log_command:Invoking command in '/home/ajbam/aquaLine/src/build/aqua2_interfaces': CMAKE_PREFIX_PATH=/opt/ros/foxy /usr/bin/cmake --install /home/ajbam/aquaLine/src/build/aqua2_interfaces
[7.542s] Level 1:colcon.colcon_core.environment:create_environment_scripts_only(aqua2_interfaces)
[7.542s] DEBUG:colcon.colcon_core.event_handler.log_command:Invoked command in '/home/ajbam/aquaLine/src/build/aqua2_interfaces' returned '0': CMAKE_PREFIX_PATH=/opt/ros/foxy /usr/bin/cmake --install /home/ajbam/aquaLine/src/build/aqua2_interfaces
[7.556s] Level 1:colcon.colcon_core.environment:checking '/home/ajbam/aquaLine/src/install/aqua2_interfaces' for CMake module files
[7.557s] Level 1:colcon.colcon_core.environment:checking '/home/ajbam/aquaLine/src/install/aqua2_interfaces' for CMake config files
[7.557s] Level 1:colcon.colcon_core.shell:create_environment_hook('aqua2_interfaces', 'cmake_prefix_path')
[7.571s] INFO:colcon.colcon_core.shell:Creating environment hook '/home/ajbam/aquaLine/src/install/aqua2_interfaces/share/aqua2_interfaces/hook/cmake_prefix_path.ps1'
[7.571s] INFO:colcon.colcon_core.shell:Creating environment descriptor '/home/ajbam/aquaLine/src/install/aqua2_interfaces/share/aqua2_interfaces/hook/cmake_prefix_path.dsv'
[7.571s] INFO:colcon.colcon_core.shell:Creating environment hook '/home/ajbam/aquaLine/src/install/aqua2_interfaces/share/aqua2_interfaces/hook/cmake_prefix_path.sh'
[7.571s] Level 1:colcon.colcon_core.environment:checking '/home/ajbam/aquaLine/src/install/aqua2_interfaces/lib'
[7.571s] Level 1:colcon.colcon_core.shell:create_environment_hook('aqua2_interfaces', 'ld_library_path_lib')
[7.585s] INFO:colcon.colcon_core.shell:Creating environment hook '/home/ajbam/aquaLine/src/install/aqua2_interfaces/share/aqua2_interfaces/hook/ld_library_path_lib.ps1'
[7.585s] INFO:colcon.colcon_core.shell:Creating environment descriptor '/home/ajbam/aquaLine/src/install/aqua2_interfaces/share/aqua2_interfaces/hook/ld_library_path_lib.dsv'
[7.585s] INFO:colcon.colcon_core.shell:Creating environment hook '/home/ajbam/aquaLine/src/install/aqua2_interfaces/share/aqua2_interfaces/hook/ld_library_path_lib.sh'
[7.585s] Level 1:colcon.colcon_core.environment:checking '/home/ajbam/aquaLine/src/install/aqua2_interfaces/bin'
[7.585s] Level 1:colcon.colcon_core.environment:checking '/home/ajbam/aquaLine/src/install/aqua2_interfaces/lib/pkgconfig/aqua2_interfaces.pc'
[7.585s] Level 1:colcon.colcon_core.environment:checking '/home/ajbam/aquaLine/src/install/aqua2_interfaces/lib/python3.8/site-packages'
[7.585s] Level 1:colcon.colcon_core.shell:create_environment_hook('aqua2_interfaces', 'pythonpath')
[7.599s] INFO:colcon.colcon_core.shell:Creating environment hook '/home/ajbam/aquaLine/src/install/aqua2_interfaces/share/aqua2_interfaces/hook/pythonpath.ps1'
[7.599s] INFO:colcon.colcon_core.shell:Creating environment descriptor '/home/ajbam/aquaLine/src/install/aqua2_interfaces/share/aqua2_interfaces/hook/pythonpath.dsv'
[7.599s] INFO:colcon.colcon_core.shell:Creating environment hook '/home/ajbam/aquaLine/src/install/aqua2_interfaces/share/aqua2_interfaces/hook/pythonpath.sh'
[7.600s] Level 1:colcon.colcon_core.environment:checking '/home/ajbam/aquaLine/src/install/aqua2_interfaces/bin'
[7.614s] INFO:colcon.colcon_core.shell:Creating package script '/home/ajbam/aquaLine/src/install/aqua2_interfaces/share/aqua2_interfaces/package.ps1'
[7.614s] INFO:colcon.colcon_core.shell:Creating package descriptor '/home/ajbam/aquaLine/src/install/aqua2_interfaces/share/aqua2_interfaces/package.dsv'
[7.614s] INFO:colcon.colcon_core.shell:Creating package script '/home/ajbam/aquaLine/src/install/aqua2_interfaces/share/aqua2_interfaces/package.sh'
[7.614s] INFO:colcon.colcon_core.shell:Creating package script '/home/ajbam/aquaLine/src/install/aqua2_interfaces/share/aqua2_interfaces/package.bash'
[7.614s] INFO:colcon.colcon_core.shell:Creating package script '/home/ajbam/aquaLine/src/install/aqua2_interfaces/share/aqua2_interfaces/package.zsh'
[7.614s] Level 1:colcon.colcon_core.environment:create_file_with_runtime_dependencies(/home/ajbam/aquaLine/src/install/aqua2_interfaces/share/colcon-core/packages/aqua2_interfaces)
[8.118s] Level 1:colcon.colcon_core.environment:create_environment_scripts_only(aqua2_interfaces)
[8.132s] Level 1:colcon.colcon_core.environment:checking '/home/ajbam/aquaLine/src/install/aqua2_interfaces' for CMake module files
[8.132s] Level 1:colcon.colcon_core.environment:checking '/home/ajbam/aquaLine/src/install/aqua2_interfaces' for CMake config files
[8.132s] Level 1:colcon.colcon_core.shell:create_environment_hook('aqua2_interfaces', 'cmake_prefix_path')
[8.145s] INFO:colcon.colcon_core.shell:Creating environment hook '/home/ajbam/aquaLine/src/install/aqua2_interfaces/share/aqua2_interfaces/hook/cmake_prefix_path.ps1'
[8.146s] INFO:colcon.colcon_core.shell:Creating environment descriptor '/home/ajbam/aquaLine/src/install/aqua2_interfaces/share/aqua2_interfaces/hook/cmake_prefix_path.dsv'
[8.146s] INFO:colcon.colcon_core.shell:Creating environment hook '/home/ajbam/aquaLine/src/install/aqua2_interfaces/share/aqua2_interfaces/hook/cmake_prefix_path.sh'
[8.146s] Level 1:colcon.colcon_core.environment:checking '/home/ajbam/aquaLine/src/install/aqua2_interfaces/lib'
[8.146s] Level 1:colcon.colcon_core.shell:create_environment_hook('aqua2_interfaces', 'ld_library_path_lib')
[8.160s] INFO:colcon.colcon_core.shell:Creating environment hook '/home/ajbam/aquaLine/src/install/aqua2_interfaces/share/aqua2_interfaces/hook/ld_library_path_lib.ps1'
[8.160s] INFO:colcon.colcon_core.shell:Creating environment descriptor '/home/ajbam/aquaLine/src/install/aqua2_interfaces/share/aqua2_interfaces/hook/ld_library_path_lib.dsv'
[8.160s] INFO:colcon.colcon_core.shell:Creating environment hook '/home/ajbam/aquaLine/src/install/aqua2_interfaces/share/aqua2_interfaces/hook/ld_library_path_lib.sh'
[8.160s] Level 1:colcon.colcon_core.environment:checking '/home/ajbam/aquaLine/src/install/aqua2_interfaces/bin'
[8.160s] Level 1:colcon.colcon_core.environment:checking '/home/ajbam/aquaLine/src/install/aqua2_interfaces/lib/pkgconfig/aqua2_interfaces.pc'
[8.161s] Level 1:colcon.colcon_core.environment:checking '/home/ajbam/aquaLine/src/install/aqua2_interfaces/lib/python3.8/site-packages'
[8.161s] Level 1:colcon.colcon_core.shell:create_environment_hook('aqua2_interfaces', 'pythonpath')
[8.179s] INFO:colcon.colcon_core.shell:Creating environment hook '/home/ajbam/aquaLine/src/install/aqua2_interfaces/share/aqua2_interfaces/hook/pythonpath.ps1'
[8.179s] INFO:colcon.colcon_core.shell:Creating environment descriptor '/home/ajbam/aquaLine/src/install/aqua2_interfaces/share/aqua2_interfaces/hook/pythonpath.dsv'
[8.180s] INFO:colcon.colcon_core.shell:Creating environment hook '/home/ajbam/aquaLine/src/install/aqua2_interfaces/share/aqua2_interfaces/hook/pythonpath.sh'
[8.180s] Level 1:colcon.colcon_core.environment:checking '/home/ajbam/aquaLine/src/install/aqua2_interfaces/bin'
[8.193s] INFO:colcon.colcon_core.shell:Creating package script '/home/ajbam/aquaLine/src/install/aqua2_interfaces/share/aqua2_interfaces/package.ps1'
[8.193s] INFO:colcon.colcon_core.shell:Creating package descriptor '/home/ajbam/aquaLine/src/install/aqua2_interfaces/share/aqua2_interfaces/package.dsv'
[8.193s] INFO:colcon.colcon_core.shell:Creating package script '/home/ajbam/aquaLine/src/install/aqua2_interfaces/share/aqua2_interfaces/package.sh'
[8.193s] INFO:colcon.colcon_core.shell:Creating package script '/home/ajbam/aquaLine/src/install/aqua2_interfaces/share/aqua2_interfaces/package.bash'
[8.194s] INFO:colcon.colcon_core.shell:Creating package script '/home/ajbam/aquaLine/src/install/aqua2_interfaces/share/aqua2_interfaces/package.zsh'
[8.194s] Level 1:colcon.colcon_core.environment:create_file_with_runtime_dependencies(/home/ajbam/aquaLine/src/install/aqua2_interfaces/share/colcon-core/packages/aqua2_interfaces)
[8.194s] DEBUG:colcon.colcon_parallel_executor.executor.parallel:closing loop
[8.194s] DEBUG:colcon.colcon_parallel_executor.executor.parallel:loop closed
[8.194s] DEBUG:colcon.colcon_parallel_executor.executor.parallel:run_until_complete finished with '0'
[8.194s] DEBUG:colcon.colcon_core.event_reactor:joining thread
[8.210s] INFO:colcon.colcon_core.plugin_system:Skipping extension 'colcon_notification.desktop_notification.terminal_notifier': Not used on non-Darwin systems
[8.210s] INFO:colcon.colcon_core.plugin_system:Skipping extension 'colcon_notification.desktop_notification.win32': Not used on non-Windows systems
[8.210s] INFO:colcon.colcon_notification.desktop_notification:Sending desktop notification using 'notify2'
[8.221s] DEBUG:colcon.colcon_core.event_reactor:joined thread
[8.234s] INFO:colcon.colcon_core.shell:Creating prefix script '/home/ajbam/aquaLine/src/install/local_setup.ps1'
[8.235s] INFO:colcon.colcon_core.shell:Creating prefix util module '/home/ajbam/aquaLine/src/install/_local_setup_util_ps1.py'
[8.235s] INFO:colcon.colcon_core.shell:Creating prefix chain script '/home/ajbam/aquaLine/src/install/setup.ps1'
[8.248s] INFO:colcon.colcon_core.shell:Creating prefix script '/home/ajbam/aquaLine/src/install/local_setup.sh'
[8.249s] INFO:colcon.colcon_core.shell:Creating prefix util module '/home/ajbam/aquaLine/src/install/_local_setup_util_sh.py'
[8.249s] INFO:colcon.colcon_core.shell:Creating prefix chain script '/home/ajbam/aquaLine/src/install/setup.sh'
[8.262s] INFO:colcon.colcon_core.shell:Creating prefix script '/home/ajbam/aquaLine/src/install/local_setup.bash'
[8.262s] INFO:colcon.colcon_core.shell:Creating prefix chain script '/home/ajbam/aquaLine/src/install/setup.bash'
[8.275s] INFO:colcon.colcon_core.shell:Creating prefix script '/home/ajbam/aquaLine/src/install/local_setup.zsh'
[8.276s] INFO:colcon.colcon_core.shell:Creating prefix chain script '/home/ajbam/aquaLine/src/install/setup.zsh'
