[0.771s] DEBUG:colcon:Command line arguments: ['/usr/bin/colcon', 'build']
[0.771s] DEBUG:colcon:Parsed command line arguments: Namespace(allow_overriding=[], ament_cmake_args=None, base_paths=['.'], build_base='build', catkin_cmake_args=None, catkin_skip_building_tests=False, cmake_args=None, cmake_clean_cache=False, cmake_clean_first=False, cmake_force_configure=False, cmake_target=None, cmake_target_skip_unavailable=False, continue_on_error=False, event_handlers=None, executor='parallel', ignore_user_meta=False, install_base='install', log_base=None, log_level=None, main=<bound method BuildVerb.main of <colcon_core.verb.build.BuildVerb object at 0x7f85b4d98fa0>>, merge_install=False, metas=['./colcon.meta'], packages_above=None, packages_above_and_dependencies=None, packages_above_depth=None, packages_end=None, packages_ignore=None, packages_ignore_regex=None, packages_select=None, packages_select_build_failed=False, packages_select_by_dep=None, packages_select_regex=None, packages_select_test_failures=False, packages_skip=None, packages_skip_build_finished=False, packages_skip_by_dep=None, packages_skip_regex=None, packages_skip_test_passed=False, packages_skip_up_to=None, packages_start=None, packages_up_to=None, packages_up_to_regex=None, parallel_workers=32, paths=None, symlink_install=False, test_result_base=None, verb_extension=<colcon_core.verb.build.BuildVerb object at 0x7f85b4d98fa0>, verb_name='build', verb_parser=<colcon_defaults.argument_parser.defaults.DefaultArgumentsDecorator object at 0x7f85b4d98460>)
[0.807s] Level 1:colcon.colcon_core.package_discovery:discover_packages(colcon_meta) check parameters
[0.808s] Level 1:colcon.colcon_core.package_discovery:discover_packages(recursive) check parameters
[0.808s] Level 1:colcon.colcon_core.package_discovery:discover_packages(ignore) check parameters
[0.808s] Level 1:colcon.colcon_core.package_discovery:discover_packages(path) check parameters
[0.808s] Level 1:colcon.colcon_core.package_discovery:discover_packages(colcon_meta) discover
[0.808s] Level 1:colcon.colcon_core.package_discovery:discover_packages(recursive) discover
[0.808s] INFO:colcon.colcon_core.package_discovery:Crawling recursively for packages in '/home/ajbam/aquaLine/src'
[0.808s] Level 1:colcon.colcon_core.package_identification:_identify(.) by extensions ['ignore', 'ignore_ament_install']
[0.808s] Level 1:colcon.colcon_core.package_identification:_identify(.) by extension 'ignore'
[0.808s] Level 1:colcon.colcon_core.package_identification:_identify(.) by extension 'ignore_ament_install'
[0.808s] Level 1:colcon.colcon_core.package_identification:_identify(.) by extensions ['colcon_pkg']
[0.808s] Level 1:colcon.colcon_core.package_identification:_identify(.) by extension 'colcon_pkg'
[0.808s] Level 1:colcon.colcon_core.package_identification:_identify(.) by extensions ['colcon_meta']
[0.808s] Level 1:colcon.colcon_core.package_identification:_identify(.) by extension 'colcon_meta'
[0.808s] Level 1:colcon.colcon_core.package_identification:_identify(.) by extensions ['ros']
[0.808s] Level 1:colcon.colcon_core.package_identification:_identify(.) by extension 'ros'
[0.813s] Level 1:colcon.colcon_core.package_identification:_identify(.) by extensions ['cmake', 'python']
[0.813s] Level 1:colcon.colcon_core.package_identification:_identify(.) by extension 'cmake'
[0.813s] Level 1:colcon.colcon_core.package_identification:_identify(.) by extension 'python'
[0.813s] Level 1:colcon.colcon_core.package_identification:_identify(.) by extensions ['python_setup_py']
[0.813s] Level 1:colcon.colcon_core.package_identification:_identify(.) by extension 'python_setup_py'
[0.813s] Level 1:colcon.colcon_core.package_identification:_identify(aqua2_interfaces) by extensions ['ignore', 'ignore_ament_install']
[0.813s] Level 1:colcon.colcon_core.package_identification:_identify(aqua2_interfaces) by extension 'ignore'
[0.813s] Level 1:colcon.colcon_core.package_identification:_identify(aqua2_interfaces) by extension 'ignore_ament_install'
[0.813s] Level 1:colcon.colcon_core.package_identification:_identify(aqua2_interfaces) by extensions ['colcon_pkg']
[0.813s] Level 1:colcon.colcon_core.package_identification:_identify(aqua2_interfaces) by extension 'colcon_pkg'
[0.813s] Level 1:colcon.colcon_core.package_identification:_identify(aqua2_interfaces) by extensions ['colcon_meta']
[0.813s] Level 1:colcon.colcon_core.package_identification:_identify(aqua2_interfaces) by extension 'colcon_meta'
[0.813s] Level 1:colcon.colcon_core.package_identification:_identify(aqua2_interfaces) by extensions ['ros']
[0.813s] Level 1:colcon.colcon_core.package_identification:_identify(aqua2_interfaces) by extension 'ros'
[0.814s] DEBUG:colcon.colcon_core.package_identification:Package 'aqua2_interfaces' with type 'ros.ament_cmake' and name 'aqua2_interfaces'
[0.814s] Level 1:colcon.colcon_core.package_identification:_identify(aqua2_simulation_interfaces) by extensions ['ignore', 'ignore_ament_install']
[0.814s] Level 1:colcon.colcon_core.package_identification:_identify(aqua2_simulation_interfaces) by extension 'ignore'
[0.814s] Level 1:colcon.colcon_core.package_identification:_identify(aqua2_simulation_interfaces) by extension 'ignore_ament_install'
[0.814s] Level 1:colcon.colcon_core.package_identification:_identify(aqua2_simulation_interfaces) by extensions ['colcon_pkg']
[0.814s] Level 1:colcon.colcon_core.package_identification:_identify(aqua2_simulation_interfaces) by extension 'colcon_pkg'
[0.814s] Level 1:colcon.colcon_core.package_identification:_identify(aqua2_simulation_interfaces) by extensions ['colcon_meta']
[0.814s] Level 1:colcon.colcon_core.package_identification:_identify(aqua2_simulation_interfaces) by extension 'colcon_meta'
[0.814s] Level 1:colcon.colcon_core.package_identification:_identify(aqua2_simulation_interfaces) by extensions ['ros']
[0.814s] Level 1:colcon.colcon_core.package_identification:_identify(aqua2_simulation_interfaces) by extension 'ros'
[0.814s] DEBUG:colcon.colcon_core.package_identification:Package 'aqua2_simulation_interfaces' with type 'ros.ament_cmake' and name 'aqua2_simulation_interfaces'
[0.814s] Level 1:colcon.colcon_core.package_identification:_identify(aquaLine) by extensions ['ignore', 'ignore_ament_install']
[0.814s] Level 1:colcon.colcon_core.package_identification:_identify(aquaLine) by extension 'ignore'
[0.814s] Level 1:colcon.colcon_core.package_identification:_identify(aquaLine) by extension 'ignore_ament_install'
[0.814s] Level 1:colcon.colcon_core.package_identification:_identify(aquaLine) by extensions ['colcon_pkg']
[0.815s] Level 1:colcon.colcon_core.package_identification:_identify(aquaLine) by extension 'colcon_pkg'
[0.815s] Level 1:colcon.colcon_core.package_identification:_identify(aquaLine) by extensions ['colcon_meta']
[0.815s] Level 1:colcon.colcon_core.package_identification:_identify(aquaLine) by extension 'colcon_meta'
[0.815s] Level 1:colcon.colcon_core.package_identification:_identify(aquaLine) by extensions ['ros']
[0.815s] Level 1:colcon.colcon_core.package_identification:_identify(aquaLine) by extension 'ros'
[0.815s] DEBUG:colcon.colcon_core.package_identification:Package 'aquaLine' with type 'ros.ament_python' and name 'aquaLine'
[0.815s] Level 1:colcon.colcon_core.package_identification:_identify(build) by extensions ['ignore', 'ignore_ament_install']
[0.815s] Level 1:colcon.colcon_core.package_identification:_identify(build) by extension 'ignore'
[0.815s] Level 1:colcon.colcon_core.package_identification:_identify(build) ignored
[0.815s] Level 1:colcon.colcon_core.package_identification:_identify(install) by extensions ['ignore', 'ignore_ament_install']
[0.815s] Level 1:colcon.colcon_core.package_identification:_identify(install) by extension 'ignore'
[0.815s] Level 1:colcon.colcon_core.package_identification:_identify(install) ignored
[0.815s] Level 1:colcon.colcon_core.package_identification:_identify(log) by extensions ['ignore', 'ignore_ament_install']
[0.815s] Level 1:colcon.colcon_core.package_identification:_identify(log) by extension 'ignore'
[0.815s] Level 1:colcon.colcon_core.package_identification:_identify(log) ignored
[0.815s] Level 1:colcon.colcon_core.package_discovery:discover_packages(recursive) using defaults
[0.815s] Level 1:colcon.colcon_core.package_discovery:discover_packages(ignore) discover
[0.815s] Level 1:colcon.colcon_core.package_discovery:discover_packages(ignore) using defaults
[0.815s] Level 1:colcon.colcon_core.package_discovery:discover_packages(path) discover
[0.815s] Level 1:colcon.colcon_core.package_discovery:discover_packages(path) using defaults
[0.886s] Level 1:colcon.colcon_core.package_discovery:discover_packages(prefix_path) check parameters
[0.886s] Level 1:colcon.colcon_core.package_discovery:discover_packages(prefix_path) discover
[0.912s] DEBUG:colcon.colcon_installed_package_information.package_discovery:Found 1 installed packages in /home/ajbam/aquaLine/install
[0.925s] DEBUG:colcon.colcon_installed_package_information.package_discovery:Found 256 installed packages in /opt/ros/foxy
[0.926s] Level 1:colcon.colcon_core.package_discovery:discover_packages(prefix_path) using defaults
[0.981s] Level 5:colcon.colcon_core.verb:set package 'aqua2_interfaces' build argument 'cmake_args' from command line to 'None'
[0.981s] Level 5:colcon.colcon_core.verb:set package 'aqua2_interfaces' build argument 'cmake_target' from command line to 'None'
[0.981s] Level 5:colcon.colcon_core.verb:set package 'aqua2_interfaces' build argument 'cmake_target_skip_unavailable' from command line to 'False'
[0.981s] Level 5:colcon.colcon_core.verb:set package 'aqua2_interfaces' build argument 'cmake_clean_cache' from command line to 'False'
[0.981s] Level 5:colcon.colcon_core.verb:set package 'aqua2_interfaces' build argument 'cmake_clean_first' from command line to 'False'
[0.981s] Level 5:colcon.colcon_core.verb:set package 'aqua2_interfaces' build argument 'cmake_force_configure' from command line to 'False'
[0.981s] Level 5:colcon.colcon_core.verb:set package 'aqua2_interfaces' build argument 'ament_cmake_args' from command line to 'None'
[0.981s] Level 5:colcon.colcon_core.verb:set package 'aqua2_interfaces' build argument 'catkin_cmake_args' from command line to 'None'
[0.981s] Level 5:colcon.colcon_core.verb:set package 'aqua2_interfaces' build argument 'catkin_skip_building_tests' from command line to 'False'
[0.981s] DEBUG:colcon.colcon_core.verb:Building package 'aqua2_interfaces' with the following arguments: {'ament_cmake_args': None, 'build_base': '/home/ajbam/aquaLine/src/build/aqua2_interfaces', 'catkin_cmake_args': None, 'catkin_skip_building_tests': False, 'cmake_args': None, 'cmake_clean_cache': False, 'cmake_clean_first': False, 'cmake_force_configure': False, 'cmake_target': None, 'cmake_target_skip_unavailable': False, 'install_base': '/home/ajbam/aquaLine/src/install/aqua2_interfaces', 'merge_install': False, 'path': '/home/ajbam/aquaLine/src/aqua2_interfaces', 'symlink_install': False, 'test_result_base': None}
[0.994s] Level 5:colcon.colcon_core.verb:set package 'aqua2_simulation_interfaces' build argument 'cmake_args' from command line to 'None'
[0.994s] Level 5:colcon.colcon_core.verb:set package 'aqua2_simulation_interfaces' build argument 'cmake_target' from command line to 'None'
[0.994s] Level 5:colcon.colcon_core.verb:set package 'aqua2_simulation_interfaces' build argument 'cmake_target_skip_unavailable' from command line to 'False'
[0.994s] Level 5:colcon.colcon_core.verb:set package 'aqua2_simulation_interfaces' build argument 'cmake_clean_cache' from command line to 'False'
[0.994s] Level 5:colcon.colcon_core.verb:set package 'aqua2_simulation_interfaces' build argument 'cmake_clean_first' from command line to 'False'
[0.994s] Level 5:colcon.colcon_core.verb:set package 'aqua2_simulation_interfaces' build argument 'cmake_force_configure' from command line to 'False'
[0.994s] Level 5:colcon.colcon_core.verb:set package 'aqua2_simulation_interfaces' build argument 'ament_cmake_args' from command line to 'None'
[0.994s] Level 5:colcon.colcon_core.verb:set package 'aqua2_simulation_interfaces' build argument 'catkin_cmake_args' from command line to 'None'
[0.994s] Level 5:colcon.colcon_core.verb:set package 'aqua2_simulation_interfaces' build argument 'catkin_skip_building_tests' from command line to 'False'
[0.994s] DEBUG:colcon.colcon_core.verb:Building package 'aqua2_simulation_interfaces' with the following arguments: {'ament_cmake_args': None, 'build_base': '/home/ajbam/aquaLine/src/build/aqua2_simulation_interfaces', 'catkin_cmake_args': None, 'catkin_skip_building_tests': False, 'cmake_args': None, 'cmake_clean_cache': False, 'cmake_clean_first': False, 'cmake_force_configure': False, 'cmake_target': None, 'cmake_target_skip_unavailable': False, 'install_base': '/home/ajbam/aquaLine/src/install/aqua2_simulation_interfaces', 'merge_install': False, 'path': '/home/ajbam/aquaLine/src/aqua2_simulation_interfaces', 'symlink_install': False, 'test_result_base': None}
[1.007s] Level 5:colcon.colcon_core.verb:set package 'aquaLine' build argument 'cmake_args' from command line to 'None'
[1.007s] Level 5:colcon.colcon_core.verb:set package 'aquaLine' build argument 'cmake_target' from command line to 'None'
[1.007s] Level 5:colcon.colcon_core.verb:set package 'aquaLine' build argument 'cmake_target_skip_unavailable' from command line to 'False'
[1.007s] Level 5:colcon.colcon_core.verb:set package 'aquaLine' build argument 'cmake_clean_cache' from command line to 'False'
[1.007s] Level 5:colcon.colcon_core.verb:set package 'aquaLine' build argument 'cmake_clean_first' from command line to 'False'
[1.007s] Level 5:colcon.colcon_core.verb:set package 'aquaLine' build argument 'cmake_force_configure' from command line to 'False'
[1.007s] Level 5:colcon.colcon_core.verb:set package 'aquaLine' build argument 'ament_cmake_args' from command line to 'None'
[1.007s] Level 5:colcon.colcon_core.verb:set package 'aquaLine' build argument 'catkin_cmake_args' from command line to 'None'
[1.007s] Level 5:colcon.colcon_core.verb:set package 'aquaLine' build argument 'catkin_skip_building_tests' from command line to 'False'
[1.007s] DEBUG:colcon.colcon_core.verb:Building package 'aquaLine' with the following arguments: {'ament_cmake_args': None, 'build_base': '/home/ajbam/aquaLine/src/build/aquaLine', 'catkin_cmake_args': None, 'catkin_skip_building_tests': False, 'cmake_args': None, 'cmake_clean_cache': False, 'cmake_clean_first': False, 'cmake_force_configure': False, 'cmake_target': None, 'cmake_target_skip_unavailable': False, 'install_base': '/home/ajbam/aquaLine/src/install/aquaLine', 'merge_install': False, 'path': '/home/ajbam/aquaLine/src/aquaLine', 'symlink_install': False, 'test_result_base': None}
[1.019s] INFO:colcon.colcon_core.executor:Executing jobs using 'parallel' executor
[1.032s] DEBUG:colcon.colcon_parallel_executor.executor.parallel:run_until_complete
[1.033s] INFO:colcon.colcon_ros.task.ament_cmake.build:Building ROS package in '/home/ajbam/aquaLine/src/aqua2_interfaces' with build type 'ament_cmake'
[1.033s] INFO:colcon.colcon_cmake.task.cmake.build:Building CMake package in '/home/ajbam/aquaLine/src/aqua2_interfaces'
[1.046s] INFO:colcon.colcon_core.plugin_system:Skipping extension 'colcon_core.shell.bat': Not used on non-Windows systems
[1.046s] INFO:colcon.colcon_core.shell:Skip shell extension 'powershell' for command environment: Not usable outside of PowerShell
[1.046s] DEBUG:colcon.colcon_core.shell:Skip shell extension 'dsv' for command environment
[1.086s] INFO:colcon.colcon_ros.task.ament_cmake.build:Building ROS package in '/home/ajbam/aquaLine/src/aqua2_simulation_interfaces' with build type 'ament_cmake'
[1.087s] INFO:colcon.colcon_cmake.task.cmake.build:Building CMake package in '/home/ajbam/aquaLine/src/aqua2_simulation_interfaces'
[1.100s] INFO:colcon.colcon_core.shell:Skip shell extension 'powershell' for command environment: Not usable outside of PowerShell
[1.100s] DEBUG:colcon.colcon_core.shell:Skip shell extension 'dsv' for command environment
[1.140s] INFO:colcon.colcon_ros.task.ament_python.build:Building ROS package in '/home/ajbam/aquaLine/src/aquaLine' with build type 'ament_python'
[1.141s] Level 1:colcon.colcon_core.shell:create_environment_hook('aquaLine', 'ament_prefix_path')
[1.154s] INFO:colcon.colcon_core.shell:Creating environment hook '/home/ajbam/aquaLine/src/install/aquaLine/share/aquaLine/hook/ament_prefix_path.ps1'
[1.154s] INFO:colcon.colcon_core.shell:Creating environment descriptor '/home/ajbam/aquaLine/src/install/aquaLine/share/aquaLine/hook/ament_prefix_path.dsv'
[1.155s] INFO:colcon.colcon_core.shell:Creating environment hook '/home/ajbam/aquaLine/src/install/aquaLine/share/aquaLine/hook/ament_prefix_path.sh'
[1.168s] INFO:colcon.colcon_core.shell:Skip shell extension 'powershell' for command environment: Not usable outside of PowerShell
[1.168s] DEBUG:colcon.colcon_core.shell:Skip shell extension 'dsv' for command environment
[1.211s] DEBUG:colcon.colcon_core.event_handler.log_command:Invoking command in '/home/ajbam/aquaLine/src/build/aqua2_interfaces': CMAKE_PREFIX_PATH=/opt/ros/foxy /usr/bin/cmake /home/ajbam/aquaLine/src/aqua2_interfaces -DCMAKE_INSTALL_PREFIX=/home/ajbam/aquaLine/src/install/aqua2_interfaces
[1.212s] DEBUG:colcon.colcon_core.event_handler.log_command:Invoking command in '/home/ajbam/aquaLine/src/build/aqua2_simulation_interfaces': CMAKE_PREFIX_PATH=/opt/ros/foxy /usr/bin/cmake /home/ajbam/aquaLine/src/aqua2_simulation_interfaces -DCMAKE_INSTALL_PREFIX=/home/ajbam/aquaLine/src/install/aqua2_simulation_interfaces
[1.302s] INFO:colcon.colcon_core.task.python.build:Building Python package in '/home/ajbam/aquaLine/src/aquaLine'
[1.317s] INFO:colcon.colcon_core.shell:Skip shell extension 'powershell' for command environment: Not usable outside of PowerShell
[1.317s] DEBUG:colcon.colcon_core.shell:Skip shell extension 'dsv' for command environment
[1.504s] DEBUG:colcon.colcon_core.event_handler.log_command:Invoked command in '/home/ajbam/aquaLine/src/build/aqua2_interfaces' returned '1': CMAKE_PREFIX_PATH=/opt/ros/foxy /usr/bin/cmake /home/ajbam/aquaLine/src/aqua2_interfaces -DCMAKE_INSTALL_PREFIX=/home/ajbam/aquaLine/src/install/aqua2_interfaces
[1.509s] Level 1:colcon.colcon_core.environment:create_environment_scripts_only(aqua2_interfaces)
[1.527s] Level 1:colcon.colcon_core.environment:checking '/home/ajbam/aquaLine/src/install/aqua2_interfaces' for CMake module files
[1.527s] Level 1:colcon.colcon_core.environment:checking '/home/ajbam/aquaLine/src/install/aqua2_interfaces' for CMake config files
[1.528s] Level 1:colcon.colcon_core.environment:checking '/home/ajbam/aquaLine/src/install/aqua2_interfaces/bin'
[1.528s] Level 1:colcon.colcon_core.environment:checking '/home/ajbam/aquaLine/src/install/aqua2_interfaces/lib/pkgconfig/aqua2_interfaces.pc'
[1.528s] Level 1:colcon.colcon_core.environment:checking '/home/ajbam/aquaLine/src/install/aqua2_interfaces/lib/python3.8/site-packages'
[1.528s] Level 1:colcon.colcon_core.environment:checking '/home/ajbam/aquaLine/src/install/aqua2_interfaces/bin'
[1.542s] INFO:colcon.colcon_core.shell:Creating package script '/home/ajbam/aquaLine/src/install/aqua2_interfaces/share/aqua2_interfaces/package.ps1'
[1.543s] INFO:colcon.colcon_core.shell:Creating package descriptor '/home/ajbam/aquaLine/src/install/aqua2_interfaces/share/aqua2_interfaces/package.dsv'
[1.543s] INFO:colcon.colcon_core.shell:Creating package script '/home/ajbam/aquaLine/src/install/aqua2_interfaces/share/aqua2_interfaces/package.sh'
[1.543s] INFO:colcon.colcon_core.shell:Creating package script '/home/ajbam/aquaLine/src/install/aqua2_interfaces/share/aqua2_interfaces/package.bash'
[1.543s] INFO:colcon.colcon_core.shell:Creating package script '/home/ajbam/aquaLine/src/install/aqua2_interfaces/share/aqua2_interfaces/package.zsh'
[1.544s] Level 1:colcon.colcon_core.environment:create_file_with_runtime_dependencies(/home/ajbam/aquaLine/src/install/aqua2_interfaces/share/colcon-core/packages/aqua2_interfaces)
[2.002s] DEBUG:colcon.colcon_parallel_executor.executor.parallel:closing loop
[2.002s] DEBUG:colcon.colcon_parallel_executor.executor.parallel:loop closed
[2.002s] DEBUG:colcon.colcon_parallel_executor.executor.parallel:run_until_complete finished with '1'
[2.002s] DEBUG:colcon.colcon_core.event_reactor:joining thread
[2.027s] INFO:colcon.colcon_core.plugin_system:Skipping extension 'colcon_notification.desktop_notification.terminal_notifier': Not used on non-Darwin systems
[2.027s] INFO:colcon.colcon_core.plugin_system:Skipping extension 'colcon_notification.desktop_notification.win32': Not used on non-Windows systems
[2.027s] INFO:colcon.colcon_notification.desktop_notification:Sending desktop notification using 'notify2'
[2.040s] DEBUG:colcon.colcon_core.event_reactor:joined thread
[2.055s] INFO:colcon.colcon_core.shell:Creating prefix script '/home/ajbam/aquaLine/src/install/local_setup.ps1'
[2.056s] INFO:colcon.colcon_core.shell:Creating prefix util module '/home/ajbam/aquaLine/src/install/_local_setup_util_ps1.py'
[2.056s] INFO:colcon.colcon_core.shell:Creating prefix chain script '/home/ajbam/aquaLine/src/install/setup.ps1'
[2.070s] INFO:colcon.colcon_core.shell:Creating prefix script '/home/ajbam/aquaLine/src/install/local_setup.sh'
[2.071s] INFO:colcon.colcon_core.shell:Creating prefix util module '/home/ajbam/aquaLine/src/install/_local_setup_util_sh.py'
[2.071s] INFO:colcon.colcon_core.shell:Creating prefix chain script '/home/ajbam/aquaLine/src/install/setup.sh'
[2.085s] INFO:colcon.colcon_core.shell:Creating prefix script '/home/ajbam/aquaLine/src/install/local_setup.bash'
[2.085s] INFO:colcon.colcon_core.shell:Creating prefix chain script '/home/ajbam/aquaLine/src/install/setup.bash'
[2.099s] INFO:colcon.colcon_core.shell:Creating prefix script '/home/ajbam/aquaLine/src/install/local_setup.zsh'
[2.099s] INFO:colcon.colcon_core.shell:Creating prefix chain script '/home/ajbam/aquaLine/src/install/setup.zsh'
