[0.199s] Invoking command in '/home/ajbam/aquaLine/build/aqua2_interfaces': CMAKE_PREFIX_PATH=${CMAKE_PREFIX_PATH}:/home/ajbam/aquaLine/install/aqua_line:/home/ajbam/aquaLine/install/aquaLine:/opt/ros/foxy /usr/bin/cmake --build /home/ajbam/aquaLine/build/aqua2_interfaces -- -j32 -l32
[0.229s] [  0%] Built target aqua2_interfaces__cpp
[0.234s] [ 12%] Built target aqua2_interfaces__rosidl_generator_c
[0.243s] [ 25%] Built target aqua2_interfaces__rosidl_typesupport_introspection_cpp
[0.246s] [ 37%] Built target aqua2_interfaces__rosidl_typesupport_cpp
[0.247s] [ 49%] Built target aqua2_interfaces__rosidl_typesupport_fastrtps_cpp
[0.248s] [ 61%] Built target aqua2_interfaces__rosidl_typesupport_c
[0.250s] [ 74%] Built target aqua2_interfaces__rosidl_typesupport_introspection_c
[0.265s] [ 86%] Built target aqua2_interfaces__rosidl_typesupport_fastrtps_c
[0.275s] [ 86%] Built target aqua2_interfaces
[0.285s] [ 86%] Built target aqua2_interfaces__py
[0.305s] [ 98%] Built target aqua2_interfaces__python
[0.318s] [ 99%] Built target aqua2_interfaces__rosidl_typesupport_introspection_c__pyext
[0.318s] [ 99%] Built target aqua2_interfaces__rosidl_typesupport_c__pyext
[0.318s] [100%] Built target aqua2_interfaces__rosidl_typesupport_fastrtps_c__pyext
[0.365s] Invoked command in '/home/ajbam/aquaLine/build/aqua2_interfaces' returned '0': CMAKE_PREFIX_PATH=${CMAKE_PREFIX_PATH}:/home/ajbam/aquaLine/install/aqua_line:/home/ajbam/aquaLine/install/aquaLine:/opt/ros/foxy /usr/bin/cmake --build /home/ajbam/aquaLine/build/aqua2_interfaces -- -j32 -l32
[0.532s] Invoking command in '/home/ajbam/aquaLine/build/aqua2_interfaces': CMAKE_PREFIX_PATH=${CMAKE_PREFIX_PATH}:/home/ajbam/aquaLine/install/aqua_line:/home/ajbam/aquaLine/install/aquaLine:/opt/ros/foxy /usr/bin/cmake --install /home/ajbam/aquaLine/build/aqua2_interfaces
[0.536s] -- Install configuration: ""
[0.536s] -- Up-to-date: /home/ajbam/aquaLine/install/aqua2_interfaces/share/ament_index/resource_index/rosidl_interfaces/aqua2_interfaces
[0.536s] -- Up-to-date: /home/ajbam/aquaLine/install/aqua2_interfaces/include/aqua2_interfaces
[0.536s] -- Up-to-date: /home/ajbam/aquaLine/install/aqua2_interfaces/include/aqua2_interfaces/srv
[0.537s] -- Up-to-date: /home/ajbam/aquaLine/install/aqua2_interfaces/include/aqua2_interfaces/srv/set_named_float.h
[0.537s] -- Up-to-date: /home/ajbam/aquaLine/install/aqua2_interfaces/include/aqua2_interfaces/srv/get_named_float.h
[0.537s] -- Up-to-date: /home/ajbam/aquaLine/install/aqua2_interfaces/include/aqua2_interfaces/srv/mission_update.h
[0.537s] -- Up-to-date: /home/ajbam/aquaLine/install/aqua2_interfaces/include/aqua2_interfaces/srv/get_autopilot_state.h
[0.537s] -- Up-to-date: /home/ajbam/aquaLine/install/aqua2_interfaces/include/aqua2_interfaces/srv/get_string.h
[0.537s] -- Up-to-date: /home/ajbam/aquaLine/install/aqua2_interfaces/include/aqua2_interfaces/srv/set_leg_params.h
[0.537s] -- Up-to-date: /home/ajbam/aquaLine/install/aqua2_interfaces/include/aqua2_interfaces/srv/get_named_int.h
[0.537s] -- Up-to-date: /home/ajbam/aquaLine/install/aqua2_interfaces/include/aqua2_interfaces/srv/get_bool.h
[0.537s] -- Up-to-date: /home/ajbam/aquaLine/install/aqua2_interfaces/include/aqua2_interfaces/srv/set_autopilot_mode.h
[0.538s] -- Up-to-date: /home/ajbam/aquaLine/install/aqua2_interfaces/include/aqua2_interfaces/srv/get_named_bool.h
[0.538s] -- Up-to-date: /home/ajbam/aquaLine/install/aqua2_interfaces/include/aqua2_interfaces/srv/set_float.h
[0.538s] -- Up-to-date: /home/ajbam/aquaLine/install/aqua2_interfaces/include/aqua2_interfaces/srv/set_bool.h
[0.538s] -- Up-to-date: /home/ajbam/aquaLine/install/aqua2_interfaces/include/aqua2_interfaces/srv/set_int.h
[0.538s] -- Up-to-date: /home/ajbam/aquaLine/install/aqua2_interfaces/include/aqua2_interfaces/srv/set_string.h
[0.538s] -- Up-to-date: /home/ajbam/aquaLine/install/aqua2_interfaces/include/aqua2_interfaces/srv/detail
[0.538s] -- Up-to-date: /home/ajbam/aquaLine/install/aqua2_interfaces/include/aqua2_interfaces/srv/detail/set_leg_params__functions.c
[0.538s] -- Up-to-date: /home/ajbam/aquaLine/install/aqua2_interfaces/include/aqua2_interfaces/srv/detail/get_string__struct.h
[0.539s] -- Up-to-date: /home/ajbam/aquaLine/install/aqua2_interfaces/include/aqua2_interfaces/srv/detail/mission_update__functions.h
[0.539s] -- Up-to-date: /home/ajbam/aquaLine/install/aqua2_interfaces/include/aqua2_interfaces/srv/detail/get_named_int__type_support.h
[0.539s] -- Up-to-date: /home/ajbam/aquaLine/install/aqua2_interfaces/include/aqua2_interfaces/srv/detail/set_string__functions.c
[0.539s] -- Up-to-date: /home/ajbam/aquaLine/install/aqua2_interfaces/include/aqua2_interfaces/srv/detail/get_named_bool__functions.h
[0.539s] -- Up-to-date: /home/ajbam/aquaLine/install/aqua2_interfaces/include/aqua2_interfaces/srv/detail/set_named_float__functions.c
[0.539s] -- Up-to-date: /home/ajbam/aquaLine/install/aqua2_interfaces/include/aqua2_interfaces/srv/detail/get_named_float__struct.h
[0.539s] -- Up-to-date: /home/ajbam/aquaLine/install/aqua2_interfaces/include/aqua2_interfaces/srv/detail/set_float__functions.c
[0.540s] -- Up-to-date: /home/ajbam/aquaLine/install/aqua2_interfaces/include/aqua2_interfaces/srv/detail/get_autopilot_state__struct.h
[0.540s] -- Up-to-date: /home/ajbam/aquaLine/install/aqua2_interfaces/include/aqua2_interfaces/srv/detail/set_int__struct.h
[0.540s] -- Up-to-date: /home/ajbam/aquaLine/install/aqua2_interfaces/include/aqua2_interfaces/srv/detail/set_string__struct.h
[0.540s] -- Up-to-date: /home/ajbam/aquaLine/install/aqua2_interfaces/include/aqua2_interfaces/srv/detail/get_named_float__functions.h
[0.540s] -- Up-to-date: /home/ajbam/aquaLine/install/aqua2_interfaces/include/aqua2_interfaces/srv/detail/get_string__type_support.h
[0.540s] -- Up-to-date: /home/ajbam/aquaLine/install/aqua2_interfaces/include/aqua2_interfaces/srv/detail/set_autopilot_mode__functions.c
[0.540s] -- Up-to-date: /home/ajbam/aquaLine/install/aqua2_interfaces/include/aqua2_interfaces/srv/detail/set_named_float__type_support.h
[0.540s] -- Up-to-date: /home/ajbam/aquaLine/install/aqua2_interfaces/include/aqua2_interfaces/srv/detail/set_leg_params__type_support.h
[0.540s] -- Up-to-date: /home/ajbam/aquaLine/install/aqua2_interfaces/include/aqua2_interfaces/srv/detail/get_bool__struct.h
[0.540s] -- Up-to-date: /home/ajbam/aquaLine/install/aqua2_interfaces/include/aqua2_interfaces/srv/detail/get_autopilot_state__functions.h
[0.540s] -- Up-to-date: /home/ajbam/aquaLine/install/aqua2_interfaces/include/aqua2_interfaces/srv/detail/get_named_float__functions.c
[0.540s] -- Up-to-date: /home/ajbam/aquaLine/install/aqua2_interfaces/include/aqua2_interfaces/srv/detail/get_named_bool__struct.h
[0.540s] -- Up-to-date: /home/ajbam/aquaLine/install/aqua2_interfaces/include/aqua2_interfaces/srv/detail/set_float__type_support.h
[0.540s] -- Up-to-date: /home/ajbam/aquaLine/install/aqua2_interfaces/include/aqua2_interfaces/srv/detail/get_string__functions.c
[0.540s] -- Up-to-date: /home/ajbam/aquaLine/install/aqua2_interfaces/include/aqua2_interfaces/srv/detail/get_bool__type_support.h
[0.540s] -- Up-to-date: /home/ajbam/aquaLine/install/aqua2_interfaces/include/aqua2_interfaces/srv/detail/set_autopilot_mode__functions.h
[0.540s] -- Up-to-date: /home/ajbam/aquaLine/install/aqua2_interfaces/include/aqua2_interfaces/srv/detail/set_autopilot_mode__struct.h
[0.540s] -- Up-to-date: /home/ajbam/aquaLine/install/aqua2_interfaces/include/aqua2_interfaces/srv/detail/mission_update__struct.h
[0.540s] -- Up-to-date: /home/ajbam/aquaLine/install/aqua2_interfaces/include/aqua2_interfaces/srv/detail/set_autopilot_mode__type_support.h
[0.540s] -- Up-to-date: /home/ajbam/aquaLine/install/aqua2_interfaces/include/aqua2_interfaces/srv/detail/set_string__functions.h
[0.540s] -- Up-to-date: /home/ajbam/aquaLine/install/aqua2_interfaces/include/aqua2_interfaces/srv/detail/set_named_float__struct.h
[0.540s] -- Up-to-date: /home/ajbam/aquaLine/install/aqua2_interfaces/include/aqua2_interfaces/srv/detail/get_named_int__functions.c
[0.540s] -- Up-to-date: /home/ajbam/aquaLine/install/aqua2_interfaces/include/aqua2_interfaces/srv/detail/set_string__type_support.h
[0.540s] -- Up-to-date: /home/ajbam/aquaLine/install/aqua2_interfaces/include/aqua2_interfaces/srv/detail/get_named_bool__type_support.h
[0.540s] -- Up-to-date: /home/ajbam/aquaLine/install/aqua2_interfaces/include/aqua2_interfaces/srv/detail/set_bool__functions.c
[0.540s] -- Up-to-date: /home/ajbam/aquaLine/install/aqua2_interfaces/include/aqua2_interfaces/srv/detail/set_leg_params__functions.h
[0.540s] -- Up-to-date: /home/ajbam/aquaLine/install/aqua2_interfaces/include/aqua2_interfaces/srv/detail/get_named_int__functions.h
[0.540s] -- Up-to-date: /home/ajbam/aquaLine/install/aqua2_interfaces/include/aqua2_interfaces/srv/detail/get_bool__functions.c
[0.540s] -- Up-to-date: /home/ajbam/aquaLine/install/aqua2_interfaces/include/aqua2_interfaces/srv/detail/set_bool__type_support.h
[0.540s] -- Up-to-date: /home/ajbam/aquaLine/install/aqua2_interfaces/include/aqua2_interfaces/srv/detail/set_leg_params__struct.h
[0.540s] -- Up-to-date: /home/ajbam/aquaLine/install/aqua2_interfaces/include/aqua2_interfaces/srv/detail/mission_update__functions.c
[0.540s] -- Up-to-date: /home/ajbam/aquaLine/install/aqua2_interfaces/include/aqua2_interfaces/srv/detail/set_bool__functions.h
[0.540s] -- Up-to-date: /home/ajbam/aquaLine/install/aqua2_interfaces/include/aqua2_interfaces/srv/detail/get_bool__functions.h
[0.540s] -- Up-to-date: /home/ajbam/aquaLine/install/aqua2_interfaces/include/aqua2_interfaces/srv/detail/get_string__functions.h
[0.541s] -- Up-to-date: /home/ajbam/aquaLine/install/aqua2_interfaces/include/aqua2_interfaces/srv/detail/get_autopilot_state__type_support.h
[0.541s] -- Up-to-date: /home/ajbam/aquaLine/install/aqua2_interfaces/include/aqua2_interfaces/srv/detail/set_float__functions.h
[0.541s] -- Up-to-date: /home/ajbam/aquaLine/install/aqua2_interfaces/include/aqua2_interfaces/srv/detail/set_named_float__functions.h
[0.541s] -- Up-to-date: /home/ajbam/aquaLine/install/aqua2_interfaces/include/aqua2_interfaces/srv/detail/set_bool__struct.h
[0.541s] -- Up-to-date: /home/ajbam/aquaLine/install/aqua2_interfaces/include/aqua2_interfaces/srv/detail/mission_update__type_support.h
[0.541s] -- Up-to-date: /home/ajbam/aquaLine/install/aqua2_interfaces/include/aqua2_interfaces/srv/detail/set_int__functions.c
[0.541s] -- Up-to-date: /home/ajbam/aquaLine/install/aqua2_interfaces/include/aqua2_interfaces/srv/detail/set_int__type_support.h
[0.541s] -- Up-to-date: /home/ajbam/aquaLine/install/aqua2_interfaces/include/aqua2_interfaces/srv/detail/get_named_float__type_support.h
[0.541s] -- Up-to-date: /home/ajbam/aquaLine/install/aqua2_interfaces/include/aqua2_interfaces/srv/detail/set_int__functions.h
[0.541s] -- Up-to-date: /home/ajbam/aquaLine/install/aqua2_interfaces/include/aqua2_interfaces/srv/detail/get_named_int__struct.h
[0.541s] -- Up-to-date: /home/ajbam/aquaLine/install/aqua2_interfaces/include/aqua2_interfaces/srv/detail/get_autopilot_state__functions.c
[0.541s] -- Up-to-date: /home/ajbam/aquaLine/install/aqua2_interfaces/include/aqua2_interfaces/srv/detail/get_named_bool__functions.c
[0.541s] -- Up-to-date: /home/ajbam/aquaLine/install/aqua2_interfaces/include/aqua2_interfaces/srv/detail/set_float__struct.h
[0.541s] -- Up-to-date: /home/ajbam/aquaLine/install/aqua2_interfaces/include/aqua2_interfaces/msg
[0.541s] -- Up-to-date: /home/ajbam/aquaLine/install/aqua2_interfaces/include/aqua2_interfaces/msg/autopilot_pid_components.h
[0.541s] -- Up-to-date: /home/ajbam/aquaLine/install/aqua2_interfaces/include/aqua2_interfaces/msg/waypoint.h
[0.541s] -- Up-to-date: /home/ajbam/aquaLine/install/aqua2_interfaces/include/aqua2_interfaces/msg/command.h
[0.541s] -- Up-to-date: /home/ajbam/aquaLine/install/aqua2_interfaces/include/aqua2_interfaces/msg/rosidl_generator_c__visibility_control.h
[0.541s] -- Up-to-date: /home/ajbam/aquaLine/install/aqua2_interfaces/include/aqua2_interfaces/msg/autopilot_command.h
[0.541s] -- Up-to-date: /home/ajbam/aquaLine/install/aqua2_interfaces/include/aqua2_interfaces/msg/b_box.h
[0.541s] -- Up-to-date: /home/ajbam/aquaLine/install/aqua2_interfaces/include/aqua2_interfaces/msg/robodevel_state.h
[0.541s] -- Up-to-date: /home/ajbam/aquaLine/install/aqua2_interfaces/include/aqua2_interfaces/msg/periodic_leg_command.h
[0.541s] -- Up-to-date: /home/ajbam/aquaLine/install/aqua2_interfaces/include/aqua2_interfaces/msg/health.h
[0.541s] -- Up-to-date: /home/ajbam/aquaLine/install/aqua2_interfaces/include/aqua2_interfaces/msg/autopilot_output.h
[0.541s] -- Up-to-date: /home/ajbam/aquaLine/install/aqua2_interfaces/include/aqua2_interfaces/msg/status_indicator.h
[0.541s] -- Up-to-date: /home/ajbam/aquaLine/install/aqua2_interfaces/include/aqua2_interfaces/msg/tag_feedback.h
[0.541s] -- Up-to-date: /home/ajbam/aquaLine/install/aqua2_interfaces/include/aqua2_interfaces/msg/autopilot_targets.h
[0.541s] -- Up-to-date: /home/ajbam/aquaLine/install/aqua2_interfaces/include/aqua2_interfaces/msg/leg_state.h
[0.541s] -- Up-to-date: /home/ajbam/aquaLine/install/aqua2_interfaces/include/aqua2_interfaces/msg/detail
[0.541s] -- Up-to-date: /home/ajbam/aquaLine/install/aqua2_interfaces/include/aqua2_interfaces/msg/detail/waypoint__functions.h
[0.541s] -- Up-to-date: /home/ajbam/aquaLine/install/aqua2_interfaces/include/aqua2_interfaces/msg/detail/autopilot_command__functions.h
[0.541s] -- Up-to-date: /home/ajbam/aquaLine/install/aqua2_interfaces/include/aqua2_interfaces/msg/detail/status_indicator__type_support.h
[0.541s] -- Up-to-date: /home/ajbam/aquaLine/install/aqua2_interfaces/include/aqua2_interfaces/msg/detail/autopilot_pid_components__struct.h
[0.541s] -- Up-to-date: /home/ajbam/aquaLine/install/aqua2_interfaces/include/aqua2_interfaces/msg/detail/leg_state__type_support.h
[0.541s] -- Up-to-date: /home/ajbam/aquaLine/install/aqua2_interfaces/include/aqua2_interfaces/msg/detail/autopilot_targets__functions.h
[0.541s] -- Up-to-date: /home/ajbam/aquaLine/install/aqua2_interfaces/include/aqua2_interfaces/msg/detail/autopilot_targets__functions.c
[0.541s] -- Up-to-date: /home/ajbam/aquaLine/install/aqua2_interfaces/include/aqua2_interfaces/msg/detail/periodic_leg_command__functions.c
[0.541s] -- Up-to-date: /home/ajbam/aquaLine/install/aqua2_interfaces/include/aqua2_interfaces/msg/detail/autopilot_targets__struct.h
[0.541s] -- Up-to-date: /home/ajbam/aquaLine/install/aqua2_interfaces/include/aqua2_interfaces/msg/detail/robodevel_state__functions.h
[0.541s] -- Up-to-date: /home/ajbam/aquaLine/install/aqua2_interfaces/include/aqua2_interfaces/msg/detail/b_box__functions.h
[0.541s] -- Up-to-date: /home/ajbam/aquaLine/install/aqua2_interfaces/include/aqua2_interfaces/msg/detail/robodevel_state__functions.c
[0.541s] -- Up-to-date: /home/ajbam/aquaLine/install/aqua2_interfaces/include/aqua2_interfaces/msg/detail/health__struct.h
[0.542s] -- Up-to-date: /home/ajbam/aquaLine/install/aqua2_interfaces/include/aqua2_interfaces/msg/detail/b_box__struct.h
[0.542s] -- Up-to-date: /home/ajbam/aquaLine/install/aqua2_interfaces/include/aqua2_interfaces/msg/detail/tag_feedback__struct.h
[0.542s] -- Up-to-date: /home/ajbam/aquaLine/install/aqua2_interfaces/include/aqua2_interfaces/msg/detail/b_box__type_support.h
[0.542s] -- Up-to-date: /home/ajbam/aquaLine/install/aqua2_interfaces/include/aqua2_interfaces/msg/detail/autopilot_pid_components__functions.h
[0.542s] -- Up-to-date: /home/ajbam/aquaLine/install/aqua2_interfaces/include/aqua2_interfaces/msg/detail/robodevel_state__struct.h
[0.542s] -- Up-to-date: /home/ajbam/aquaLine/install/aqua2_interfaces/include/aqua2_interfaces/msg/detail/health__functions.c
[0.542s] -- Up-to-date: /home/ajbam/aquaLine/install/aqua2_interfaces/include/aqua2_interfaces/msg/detail/status_indicator__functions.h
[0.542s] -- Up-to-date: /home/ajbam/aquaLine/install/aqua2_interfaces/include/aqua2_interfaces/msg/detail/command__struct.h
[0.542s] -- Up-to-date: /home/ajbam/aquaLine/install/aqua2_interfaces/include/aqua2_interfaces/msg/detail/autopilot_pid_components__functions.c
[0.542s] -- Up-to-date: /home/ajbam/aquaLine/install/aqua2_interfaces/include/aqua2_interfaces/msg/detail/health__type_support.h
[0.542s] -- Up-to-date: /home/ajbam/aquaLine/install/aqua2_interfaces/include/aqua2_interfaces/msg/detail/tag_feedback__type_support.h
[0.542s] -- Up-to-date: /home/ajbam/aquaLine/install/aqua2_interfaces/include/aqua2_interfaces/msg/detail/leg_state__functions.h
[0.542s] -- Up-to-date: /home/ajbam/aquaLine/install/aqua2_interfaces/include/aqua2_interfaces/msg/detail/waypoint__type_support.h
[0.542s] -- Up-to-date: /home/ajbam/aquaLine/install/aqua2_interfaces/include/aqua2_interfaces/msg/detail/autopilot_command__struct.h
[0.542s] -- Up-to-date: /home/ajbam/aquaLine/install/aqua2_interfaces/include/aqua2_interfaces/msg/detail/autopilot_output__functions.c
[0.542s] -- Up-to-date: /home/ajbam/aquaLine/install/aqua2_interfaces/include/aqua2_interfaces/msg/detail/waypoint__functions.c
[0.542s] -- Up-to-date: /home/ajbam/aquaLine/install/aqua2_interfaces/include/aqua2_interfaces/msg/detail/periodic_leg_command__functions.h
[0.542s] -- Up-to-date: /home/ajbam/aquaLine/install/aqua2_interfaces/include/aqua2_interfaces/msg/detail/autopilot_output__functions.h
[0.542s] -- Up-to-date: /home/ajbam/aquaLine/install/aqua2_interfaces/include/aqua2_interfaces/msg/detail/leg_state__functions.c
[0.542s] -- Up-to-date: /home/ajbam/aquaLine/install/aqua2_interfaces/include/aqua2_interfaces/msg/detail/autopilot_command__type_support.h
[0.542s] -- Up-to-date: /home/ajbam/aquaLine/install/aqua2_interfaces/include/aqua2_interfaces/msg/detail/tag_feedback__functions.c
[0.542s] -- Up-to-date: /home/ajbam/aquaLine/install/aqua2_interfaces/include/aqua2_interfaces/msg/detail/command__functions.h
[0.542s] -- Up-to-date: /home/ajbam/aquaLine/install/aqua2_interfaces/include/aqua2_interfaces/msg/detail/leg_state__struct.h
[0.542s] -- Up-to-date: /home/ajbam/aquaLine/install/aqua2_interfaces/include/aqua2_interfaces/msg/detail/periodic_leg_command__type_support.h
[0.542s] -- Up-to-date: /home/ajbam/aquaLine/install/aqua2_interfaces/include/aqua2_interfaces/msg/detail/autopilot_output__type_support.h
[0.542s] -- Up-to-date: /home/ajbam/aquaLine/install/aqua2_interfaces/include/aqua2_interfaces/msg/detail/command__functions.c
[0.542s] -- Up-to-date: /home/ajbam/aquaLine/install/aqua2_interfaces/include/aqua2_interfaces/msg/detail/health__functions.h
[0.542s] -- Up-to-date: /home/ajbam/aquaLine/install/aqua2_interfaces/include/aqua2_interfaces/msg/detail/autopilot_output__struct.h
[0.542s] -- Up-to-date: /home/ajbam/aquaLine/install/aqua2_interfaces/include/aqua2_interfaces/msg/detail/periodic_leg_command__struct.h
[0.542s] -- Up-to-date: /home/ajbam/aquaLine/install/aqua2_interfaces/include/aqua2_interfaces/msg/detail/command__type_support.h
[0.542s] -- Up-to-date: /home/ajbam/aquaLine/install/aqua2_interfaces/include/aqua2_interfaces/msg/detail/b_box__functions.c
[0.542s] -- Up-to-date: /home/ajbam/aquaLine/install/aqua2_interfaces/include/aqua2_interfaces/msg/detail/tag_feedback__functions.h
[0.542s] -- Up-to-date: /home/ajbam/aquaLine/install/aqua2_interfaces/include/aqua2_interfaces/msg/detail/status_indicator__functions.c
[0.542s] -- Up-to-date: /home/ajbam/aquaLine/install/aqua2_interfaces/include/aqua2_interfaces/msg/detail/robodevel_state__type_support.h
[0.542s] -- Up-to-date: /home/ajbam/aquaLine/install/aqua2_interfaces/include/aqua2_interfaces/msg/detail/status_indicator__struct.h
[0.542s] -- Up-to-date: /home/ajbam/aquaLine/install/aqua2_interfaces/include/aqua2_interfaces/msg/detail/autopilot_command__functions.c
[0.542s] -- Up-to-date: /home/ajbam/aquaLine/install/aqua2_interfaces/include/aqua2_interfaces/msg/detail/waypoint__struct.h
[0.542s] -- Up-to-date: /home/ajbam/aquaLine/install/aqua2_interfaces/include/aqua2_interfaces/msg/detail/autopilot_targets__type_support.h
[0.543s] -- Up-to-date: /home/ajbam/aquaLine/install/aqua2_interfaces/include/aqua2_interfaces/msg/detail/autopilot_pid_components__type_support.h
[0.543s] -- Up-to-date: /home/ajbam/aquaLine/install/aqua2_interfaces/share/aqua2_interfaces/environment/library_path.sh
[0.543s] -- Up-to-date: /home/ajbam/aquaLine/install/aqua2_interfaces/share/aqua2_interfaces/environment/library_path.dsv
[0.543s] -- Up-to-date: /home/ajbam/aquaLine/install/aqua2_interfaces/lib/libaqua2_interfaces__rosidl_generator_c.so
[0.543s] -- Up-to-date: /home/ajbam/aquaLine/install/aqua2_interfaces/include/aqua2_interfaces
[0.543s] -- Up-to-date: /home/ajbam/aquaLine/install/aqua2_interfaces/include/aqua2_interfaces/srv
[0.543s] -- Up-to-date: /home/ajbam/aquaLine/install/aqua2_interfaces/include/aqua2_interfaces/srv/detail
[0.543s] -- Up-to-date: /home/ajbam/aquaLine/install/aqua2_interfaces/include/aqua2_interfaces/srv/detail/set_named_float__rosidl_typesupport_fastrtps_c.h
[0.543s] -- Up-to-date: /home/ajbam/aquaLine/install/aqua2_interfaces/include/aqua2_interfaces/srv/detail/get_bool__rosidl_typesupport_fastrtps_c.h
[0.543s] -- Up-to-date: /home/ajbam/aquaLine/install/aqua2_interfaces/include/aqua2_interfaces/srv/detail/mission_update__rosidl_typesupport_fastrtps_c.h
[0.543s] -- Up-to-date: /home/ajbam/aquaLine/install/aqua2_interfaces/include/aqua2_interfaces/srv/detail/set_bool__rosidl_typesupport_fastrtps_c.h
[0.543s] -- Up-to-date: /home/ajbam/aquaLine/install/aqua2_interfaces/include/aqua2_interfaces/srv/detail/set_leg_params__rosidl_typesupport_fastrtps_c.h
[0.543s] -- Up-to-date: /home/ajbam/aquaLine/install/aqua2_interfaces/include/aqua2_interfaces/srv/detail/set_string__rosidl_typesupport_fastrtps_c.h
[0.543s] -- Up-to-date: /home/ajbam/aquaLine/install/aqua2_interfaces/include/aqua2_interfaces/srv/detail/get_named_bool__rosidl_typesupport_fastrtps_c.h
[0.543s] -- Up-to-date: /home/ajbam/aquaLine/install/aqua2_interfaces/include/aqua2_interfaces/srv/detail/set_autopilot_mode__rosidl_typesupport_fastrtps_c.h
[0.543s] -- Up-to-date: /home/ajbam/aquaLine/install/aqua2_interfaces/include/aqua2_interfaces/srv/detail/set_int__rosidl_typesupport_fastrtps_c.h
[0.543s] -- Up-to-date: /home/ajbam/aquaLine/install/aqua2_interfaces/include/aqua2_interfaces/srv/detail/get_string__rosidl_typesupport_fastrtps_c.h
[0.543s] -- Up-to-date: /home/ajbam/aquaLine/install/aqua2_interfaces/include/aqua2_interfaces/srv/detail/get_named_float__rosidl_typesupport_fastrtps_c.h
[0.543s] -- Up-to-date: /home/ajbam/aquaLine/install/aqua2_interfaces/include/aqua2_interfaces/srv/detail/get_autopilot_state__rosidl_typesupport_fastrtps_c.h
[0.543s] -- Up-to-date: /home/ajbam/aquaLine/install/aqua2_interfaces/include/aqua2_interfaces/srv/detail/set_float__rosidl_typesupport_fastrtps_c.h
[0.543s] -- Up-to-date: /home/ajbam/aquaLine/install/aqua2_interfaces/include/aqua2_interfaces/srv/detail/get_named_int__rosidl_typesupport_fastrtps_c.h
[0.543s] -- Up-to-date: /home/ajbam/aquaLine/install/aqua2_interfaces/include/aqua2_interfaces/msg
[0.543s] -- Up-to-date: /home/ajbam/aquaLine/install/aqua2_interfaces/include/aqua2_interfaces/msg/rosidl_typesupport_fastrtps_c__visibility_control.h
[0.543s] -- Up-to-date: /home/ajbam/aquaLine/install/aqua2_interfaces/include/aqua2_interfaces/msg/detail
[0.543s] -- Up-to-date: /home/ajbam/aquaLine/install/aqua2_interfaces/include/aqua2_interfaces/msg/detail/status_indicator__rosidl_typesupport_fastrtps_c.h
[0.543s] -- Up-to-date: /home/ajbam/aquaLine/install/aqua2_interfaces/include/aqua2_interfaces/msg/detail/autopilot_pid_components__rosidl_typesupport_fastrtps_c.h
[0.543s] -- Up-to-date: /home/ajbam/aquaLine/install/aqua2_interfaces/include/aqua2_interfaces/msg/detail/b_box__rosidl_typesupport_fastrtps_c.h
[0.543s] -- Up-to-date: /home/ajbam/aquaLine/install/aqua2_interfaces/include/aqua2_interfaces/msg/detail/command__rosidl_typesupport_fastrtps_c.h
[0.543s] -- Up-to-date: /home/ajbam/aquaLine/install/aqua2_interfaces/include/aqua2_interfaces/msg/detail/autopilot_targets__rosidl_typesupport_fastrtps_c.h
[0.543s] -- Up-to-date: /home/ajbam/aquaLine/install/aqua2_interfaces/include/aqua2_interfaces/msg/detail/periodic_leg_command__rosidl_typesupport_fastrtps_c.h
[0.543s] -- Up-to-date: /home/ajbam/aquaLine/install/aqua2_interfaces/include/aqua2_interfaces/msg/detail/autopilot_command__rosidl_typesupport_fastrtps_c.h
[0.543s] -- Up-to-date: /home/ajbam/aquaLine/install/aqua2_interfaces/include/aqua2_interfaces/msg/detail/robodevel_state__rosidl_typesupport_fastrtps_c.h
[0.543s] -- Up-to-date: /home/ajbam/aquaLine/install/aqua2_interfaces/include/aqua2_interfaces/msg/detail/autopilot_output__rosidl_typesupport_fastrtps_c.h
[0.543s] -- Up-to-date: /home/ajbam/aquaLine/install/aqua2_interfaces/include/aqua2_interfaces/msg/detail/leg_state__rosidl_typesupport_fastrtps_c.h
[0.543s] -- Up-to-date: /home/ajbam/aquaLine/install/aqua2_interfaces/include/aqua2_interfaces/msg/detail/waypoint__rosidl_typesupport_fastrtps_c.h
[0.543s] -- Up-to-date: /home/ajbam/aquaLine/install/aqua2_interfaces/include/aqua2_interfaces/msg/detail/health__rosidl_typesupport_fastrtps_c.h
[0.543s] -- Up-to-date: /home/ajbam/aquaLine/install/aqua2_interfaces/include/aqua2_interfaces/msg/detail/tag_feedback__rosidl_typesupport_fastrtps_c.h
[0.543s] -- Up-to-date: /home/ajbam/aquaLine/install/aqua2_interfaces/lib/libaqua2_interfaces__rosidl_typesupport_fastrtps_c.so
[0.544s] -- Up-to-date: /home/ajbam/aquaLine/install/aqua2_interfaces/include/aqua2_interfaces
[0.544s] -- Up-to-date: /home/ajbam/aquaLine/install/aqua2_interfaces/include/aqua2_interfaces/srv
[0.544s] -- Up-to-date: /home/ajbam/aquaLine/install/aqua2_interfaces/include/aqua2_interfaces/srv/detail
[0.544s] -- Up-to-date: /home/ajbam/aquaLine/install/aqua2_interfaces/include/aqua2_interfaces/srv/detail/get_named_bool__rosidl_typesupport_fastrtps_cpp.hpp
[0.544s] -- Up-to-date: /home/ajbam/aquaLine/install/aqua2_interfaces/include/aqua2_interfaces/srv/detail/set_bool__rosidl_typesupport_fastrtps_cpp.hpp
[0.544s] -- Up-to-date: /home/ajbam/aquaLine/install/aqua2_interfaces/include/aqua2_interfaces/srv/detail/dds_fastrtps
[0.544s] -- Up-to-date: /home/ajbam/aquaLine/install/aqua2_interfaces/include/aqua2_interfaces/srv/detail/get_string__rosidl_typesupport_fastrtps_cpp.hpp
[0.544s] -- Up-to-date: /home/ajbam/aquaLine/install/aqua2_interfaces/include/aqua2_interfaces/srv/detail/set_string__rosidl_typesupport_fastrtps_cpp.hpp
[0.544s] -- Up-to-date: /home/ajbam/aquaLine/install/aqua2_interfaces/include/aqua2_interfaces/srv/detail/get_named_float__rosidl_typesupport_fastrtps_cpp.hpp
[0.544s] -- Up-to-date: /home/ajbam/aquaLine/install/aqua2_interfaces/include/aqua2_interfaces/srv/detail/set_autopilot_mode__rosidl_typesupport_fastrtps_cpp.hpp
[0.544s] -- Up-to-date: /home/ajbam/aquaLine/install/aqua2_interfaces/include/aqua2_interfaces/srv/detail/get_named_int__rosidl_typesupport_fastrtps_cpp.hpp
[0.544s] -- Up-to-date: /home/ajbam/aquaLine/install/aqua2_interfaces/include/aqua2_interfaces/srv/detail/set_named_float__rosidl_typesupport_fastrtps_cpp.hpp
[0.544s] -- Up-to-date: /home/ajbam/aquaLine/install/aqua2_interfaces/include/aqua2_interfaces/srv/detail/set_float__rosidl_typesupport_fastrtps_cpp.hpp
[0.544s] -- Up-to-date: /home/ajbam/aquaLine/install/aqua2_interfaces/include/aqua2_interfaces/srv/detail/get_bool__rosidl_typesupport_fastrtps_cpp.hpp
[0.544s] -- Up-to-date: /home/ajbam/aquaLine/install/aqua2_interfaces/include/aqua2_interfaces/srv/detail/set_int__rosidl_typesupport_fastrtps_cpp.hpp
[0.544s] -- Up-to-date: /home/ajbam/aquaLine/install/aqua2_interfaces/include/aqua2_interfaces/srv/detail/mission_update__rosidl_typesupport_fastrtps_cpp.hpp
[0.544s] -- Up-to-date: /home/ajbam/aquaLine/install/aqua2_interfaces/include/aqua2_interfaces/srv/detail/set_leg_params__rosidl_typesupport_fastrtps_cpp.hpp
[0.544s] -- Up-to-date: /home/ajbam/aquaLine/install/aqua2_interfaces/include/aqua2_interfaces/srv/detail/get_autopilot_state__rosidl_typesupport_fastrtps_cpp.hpp
[0.544s] -- Up-to-date: /home/ajbam/aquaLine/install/aqua2_interfaces/include/aqua2_interfaces/msg
[0.544s] -- Up-to-date: /home/ajbam/aquaLine/install/aqua2_interfaces/include/aqua2_interfaces/msg/rosidl_typesupport_fastrtps_cpp__visibility_control.h
[0.544s] -- Up-to-date: /home/ajbam/aquaLine/install/aqua2_interfaces/include/aqua2_interfaces/msg/detail
[0.544s] -- Up-to-date: /home/ajbam/aquaLine/install/aqua2_interfaces/include/aqua2_interfaces/msg/detail/health__rosidl_typesupport_fastrtps_cpp.hpp
[0.544s] -- Up-to-date: /home/ajbam/aquaLine/install/aqua2_interfaces/include/aqua2_interfaces/msg/detail/robodevel_state__rosidl_typesupport_fastrtps_cpp.hpp
[0.544s] -- Up-to-date: /home/ajbam/aquaLine/install/aqua2_interfaces/include/aqua2_interfaces/msg/detail/waypoint__rosidl_typesupport_fastrtps_cpp.hpp
[0.544s] -- Up-to-date: /home/ajbam/aquaLine/install/aqua2_interfaces/include/aqua2_interfaces/msg/detail/autopilot_output__rosidl_typesupport_fastrtps_cpp.hpp
[0.544s] -- Up-to-date: /home/ajbam/aquaLine/install/aqua2_interfaces/include/aqua2_interfaces/msg/detail/autopilot_targets__rosidl_typesupport_fastrtps_cpp.hpp
[0.544s] -- Up-to-date: /home/ajbam/aquaLine/install/aqua2_interfaces/include/aqua2_interfaces/msg/detail/dds_fastrtps
[0.544s] -- Up-to-date: /home/ajbam/aquaLine/install/aqua2_interfaces/include/aqua2_interfaces/msg/detail/autopilot_command__rosidl_typesupport_fastrtps_cpp.hpp
[0.544s] -- Up-to-date: /home/ajbam/aquaLine/install/aqua2_interfaces/include/aqua2_interfaces/msg/detail/leg_state__rosidl_typesupport_fastrtps_cpp.hpp
[0.544s] -- Up-to-date: /home/ajbam/aquaLine/install/aqua2_interfaces/include/aqua2_interfaces/msg/detail/periodic_leg_command__rosidl_typesupport_fastrtps_cpp.hpp
[0.544s] -- Up-to-date: /home/ajbam/aquaLine/install/aqua2_interfaces/include/aqua2_interfaces/msg/detail/autopilot_pid_components__rosidl_typesupport_fastrtps_cpp.hpp
[0.544s] -- Up-to-date: /home/ajbam/aquaLine/install/aqua2_interfaces/include/aqua2_interfaces/msg/detail/status_indicator__rosidl_typesupport_fastrtps_cpp.hpp
[0.544s] -- Up-to-date: /home/ajbam/aquaLine/install/aqua2_interfaces/include/aqua2_interfaces/msg/detail/b_box__rosidl_typesupport_fastrtps_cpp.hpp
[0.544s] -- Up-to-date: /home/ajbam/aquaLine/install/aqua2_interfaces/include/aqua2_interfaces/msg/detail/tag_feedback__rosidl_typesupport_fastrtps_cpp.hpp
[0.544s] -- Up-to-date: /home/ajbam/aquaLine/install/aqua2_interfaces/include/aqua2_interfaces/msg/detail/command__rosidl_typesupport_fastrtps_cpp.hpp
[0.544s] -- Up-to-date: /home/ajbam/aquaLine/install/aqua2_interfaces/lib/libaqua2_interfaces__rosidl_typesupport_fastrtps_cpp.so
[0.544s] -- Up-to-date: /home/ajbam/aquaLine/install/aqua2_interfaces/include/aqua2_interfaces
[0.544s] -- Up-to-date: /home/ajbam/aquaLine/install/aqua2_interfaces/include/aqua2_interfaces/srv
[0.544s] -- Up-to-date: /home/ajbam/aquaLine/install/aqua2_interfaces/include/aqua2_interfaces/srv/detail
[0.544s] -- Up-to-date: /home/ajbam/aquaLine/install/aqua2_interfaces/include/aqua2_interfaces/srv/detail/set_named_float__type_support.c
[0.545s] -- Up-to-date: /home/ajbam/aquaLine/install/aqua2_interfaces/include/aqua2_interfaces/srv/detail/set_string__rosidl_typesupport_introspection_c.h
[0.545s] -- Up-to-date: /home/ajbam/aquaLine/install/aqua2_interfaces/include/aqua2_interfaces/srv/detail/mission_update__type_support.c
[0.545s] -- Up-to-date: /home/ajbam/aquaLine/install/aqua2_interfaces/include/aqua2_interfaces/srv/detail/mission_update__rosidl_typesupport_introspection_c.h
[0.545s] -- Up-to-date: /home/ajbam/aquaLine/install/aqua2_interfaces/include/aqua2_interfaces/srv/detail/set_bool__type_support.c
[0.545s] -- Up-to-date: /home/ajbam/aquaLine/install/aqua2_interfaces/include/aqua2_interfaces/srv/detail/get_named_bool__type_support.c
[0.545s] -- Up-to-date: /home/ajbam/aquaLine/install/aqua2_interfaces/include/aqua2_interfaces/srv/detail/set_bool__rosidl_typesupport_introspection_c.h
[0.545s] -- Up-to-date: /home/ajbam/aquaLine/install/aqua2_interfaces/include/aqua2_interfaces/srv/detail/get_bool__rosidl_typesupport_introspection_c.h
[0.545s] -- Up-to-date: /home/ajbam/aquaLine/install/aqua2_interfaces/include/aqua2_interfaces/srv/detail/set_int__rosidl_typesupport_introspection_c.h
[0.545s] -- Up-to-date: /home/ajbam/aquaLine/install/aqua2_interfaces/include/aqua2_interfaces/srv/detail/get_named_int__rosidl_typesupport_introspection_c.h
[0.545s] -- Up-to-date: /home/ajbam/aquaLine/install/aqua2_interfaces/include/aqua2_interfaces/srv/detail/set_leg_params__type_support.c
[0.545s] -- Up-to-date: /home/ajbam/aquaLine/install/aqua2_interfaces/include/aqua2_interfaces/srv/detail/get_named_int__type_support.c
[0.545s] -- Up-to-date: /home/ajbam/aquaLine/install/aqua2_interfaces/include/aqua2_interfaces/srv/detail/set_autopilot_mode__type_support.c
[0.545s] -- Up-to-date: /home/ajbam/aquaLine/install/aqua2_interfaces/include/aqua2_interfaces/srv/detail/get_string__type_support.c
[0.545s] -- Up-to-date: /home/ajbam/aquaLine/install/aqua2_interfaces/include/aqua2_interfaces/srv/detail/get_autopilot_state__rosidl_typesupport_introspection_c.h
[0.545s] -- Up-to-date: /home/ajbam/aquaLine/install/aqua2_interfaces/include/aqua2_interfaces/srv/detail/get_named_float__type_support.c
[0.545s] -- Up-to-date: /home/ajbam/aquaLine/install/aqua2_interfaces/include/aqua2_interfaces/srv/detail/get_bool__type_support.c
[0.545s] -- Up-to-date: /home/ajbam/aquaLine/install/aqua2_interfaces/include/aqua2_interfaces/srv/detail/get_named_bool__rosidl_typesupport_introspection_c.h
[0.545s] -- Up-to-date: /home/ajbam/aquaLine/install/aqua2_interfaces/include/aqua2_interfaces/srv/detail/set_int__type_support.c
[0.545s] -- Up-to-date: /home/ajbam/aquaLine/install/aqua2_interfaces/include/aqua2_interfaces/srv/detail/set_float__type_support.c
[0.545s] -- Up-to-date: /home/ajbam/aquaLine/install/aqua2_interfaces/include/aqua2_interfaces/srv/detail/get_autopilot_state__type_support.c
[0.545s] -- Up-to-date: /home/ajbam/aquaLine/install/aqua2_interfaces/include/aqua2_interfaces/srv/detail/set_string__type_support.c
[0.545s] -- Up-to-date: /home/ajbam/aquaLine/install/aqua2_interfaces/include/aqua2_interfaces/srv/detail/get_named_float__rosidl_typesupport_introspection_c.h
[0.545s] -- Up-to-date: /home/ajbam/aquaLine/install/aqua2_interfaces/include/aqua2_interfaces/srv/detail/set_named_float__rosidl_typesupport_introspection_c.h
[0.545s] -- Up-to-date: /home/ajbam/aquaLine/install/aqua2_interfaces/include/aqua2_interfaces/srv/detail/set_leg_params__rosidl_typesupport_introspection_c.h
[0.545s] -- Up-to-date: /home/ajbam/aquaLine/install/aqua2_interfaces/include/aqua2_interfaces/srv/detail/set_float__rosidl_typesupport_introspection_c.h
[0.545s] -- Up-to-date: /home/ajbam/aquaLine/install/aqua2_interfaces/include/aqua2_interfaces/srv/detail/set_autopilot_mode__rosidl_typesupport_introspection_c.h
[0.545s] -- Up-to-date: /home/ajbam/aquaLine/install/aqua2_interfaces/include/aqua2_interfaces/srv/detail/get_string__rosidl_typesupport_introspection_c.h
[0.545s] -- Up-to-date: /home/ajbam/aquaLine/install/aqua2_interfaces/include/aqua2_interfaces/msg
[0.545s] -- Up-to-date: /home/ajbam/aquaLine/install/aqua2_interfaces/include/aqua2_interfaces/msg/rosidl_typesupport_introspection_c__visibility_control.h
[0.545s] -- Up-to-date: /home/ajbam/aquaLine/install/aqua2_interfaces/include/aqua2_interfaces/msg/detail
[0.545s] -- Up-to-date: /home/ajbam/aquaLine/install/aqua2_interfaces/include/aqua2_interfaces/msg/detail/waypoint__rosidl_typesupport_introspection_c.h
[0.545s] -- Up-to-date: /home/ajbam/aquaLine/install/aqua2_interfaces/include/aqua2_interfaces/msg/detail/autopilot_targets__rosidl_typesupport_introspection_c.h
[0.545s] -- Up-to-date: /home/ajbam/aquaLine/install/aqua2_interfaces/include/aqua2_interfaces/msg/detail/robodevel_state__type_support.c
[0.545s] -- Up-to-date: /home/ajbam/aquaLine/install/aqua2_interfaces/include/aqua2_interfaces/msg/detail/tag_feedback__type_support.c
[0.546s] -- Up-to-date: /home/ajbam/aquaLine/install/aqua2_interfaces/include/aqua2_interfaces/msg/detail/leg_state__rosidl_typesupport_introspection_c.h
[0.546s] -- Up-to-date: /home/ajbam/aquaLine/install/aqua2_interfaces/include/aqua2_interfaces/msg/detail/status_indicator__rosidl_typesupport_introspection_c.h
[0.546s] -- Up-to-date: /home/ajbam/aquaLine/install/aqua2_interfaces/include/aqua2_interfaces/msg/detail/periodic_leg_command__rosidl_typesupport_introspection_c.h
[0.546s] -- Up-to-date: /home/ajbam/aquaLine/install/aqua2_interfaces/include/aqua2_interfaces/msg/detail/periodic_leg_command__type_support.c
[0.546s] -- Up-to-date: /home/ajbam/aquaLine/install/aqua2_interfaces/include/aqua2_interfaces/msg/detail/status_indicator__type_support.c
[0.546s] -- Up-to-date: /home/ajbam/aquaLine/install/aqua2_interfaces/include/aqua2_interfaces/msg/detail/autopilot_pid_components__type_support.c
[0.546s] -- Up-to-date: /home/ajbam/aquaLine/install/aqua2_interfaces/include/aqua2_interfaces/msg/detail/tag_feedback__rosidl_typesupport_introspection_c.h
[0.546s] -- Up-to-date: /home/ajbam/aquaLine/install/aqua2_interfaces/include/aqua2_interfaces/msg/detail/autopilot_command__rosidl_typesupport_introspection_c.h
[0.546s] -- Up-to-date: /home/ajbam/aquaLine/install/aqua2_interfaces/include/aqua2_interfaces/msg/detail/command__rosidl_typesupport_introspection_c.h
[0.546s] -- Up-to-date: /home/ajbam/aquaLine/install/aqua2_interfaces/include/aqua2_interfaces/msg/detail/command__type_support.c
[0.546s] -- Up-to-date: /home/ajbam/aquaLine/install/aqua2_interfaces/include/aqua2_interfaces/msg/detail/health__type_support.c
[0.546s] -- Up-to-date: /home/ajbam/aquaLine/install/aqua2_interfaces/include/aqua2_interfaces/msg/detail/autopilot_command__type_support.c
[0.546s] -- Up-to-date: /home/ajbam/aquaLine/install/aqua2_interfaces/include/aqua2_interfaces/msg/detail/autopilot_output__type_support.c
[0.546s] -- Up-to-date: /home/ajbam/aquaLine/install/aqua2_interfaces/include/aqua2_interfaces/msg/detail/b_box__type_support.c
[0.546s] -- Up-to-date: /home/ajbam/aquaLine/install/aqua2_interfaces/include/aqua2_interfaces/msg/detail/health__rosidl_typesupport_introspection_c.h
[0.546s] -- Up-to-date: /home/ajbam/aquaLine/install/aqua2_interfaces/include/aqua2_interfaces/msg/detail/leg_state__type_support.c
[0.546s] -- Up-to-date: /home/ajbam/aquaLine/install/aqua2_interfaces/include/aqua2_interfaces/msg/detail/autopilot_targets__type_support.c
[0.546s] -- Up-to-date: /home/ajbam/aquaLine/install/aqua2_interfaces/include/aqua2_interfaces/msg/detail/autopilot_output__rosidl_typesupport_introspection_c.h
[0.546s] -- Up-to-date: /home/ajbam/aquaLine/install/aqua2_interfaces/include/aqua2_interfaces/msg/detail/robodevel_state__rosidl_typesupport_introspection_c.h
[0.546s] -- Up-to-date: /home/ajbam/aquaLine/install/aqua2_interfaces/include/aqua2_interfaces/msg/detail/b_box__rosidl_typesupport_introspection_c.h
[0.546s] -- Up-to-date: /home/ajbam/aquaLine/install/aqua2_interfaces/include/aqua2_interfaces/msg/detail/waypoint__type_support.c
[0.546s] -- Up-to-date: /home/ajbam/aquaLine/install/aqua2_interfaces/include/aqua2_interfaces/msg/detail/autopilot_pid_components__rosidl_typesupport_introspection_c.h
[0.546s] -- Up-to-date: /home/ajbam/aquaLine/install/aqua2_interfaces/lib/libaqua2_interfaces__rosidl_typesupport_introspection_c.so
[0.546s] -- Up-to-date: /home/ajbam/aquaLine/install/aqua2_interfaces/lib/libaqua2_interfaces__rosidl_typesupport_c.so
[0.546s] -- Up-to-date: /home/ajbam/aquaLine/install/aqua2_interfaces/include/aqua2_interfaces
[0.546s] -- Up-to-date: /home/ajbam/aquaLine/install/aqua2_interfaces/include/aqua2_interfaces/srv
[0.546s] -- Up-to-date: /home/ajbam/aquaLine/install/aqua2_interfaces/include/aqua2_interfaces/srv/get_named_bool.hpp
[0.546s] -- Up-to-date: /home/ajbam/aquaLine/install/aqua2_interfaces/include/aqua2_interfaces/srv/get_bool.hpp
[0.546s] -- Up-to-date: /home/ajbam/aquaLine/install/aqua2_interfaces/include/aqua2_interfaces/srv/set_int.hpp
[0.546s] -- Up-to-date: /home/ajbam/aquaLine/install/aqua2_interfaces/include/aqua2_interfaces/srv/set_autopilot_mode.hpp
[0.546s] -- Up-to-date: /home/ajbam/aquaLine/install/aqua2_interfaces/include/aqua2_interfaces/srv/set_float.hpp
[0.546s] -- Up-to-date: /home/ajbam/aquaLine/install/aqua2_interfaces/include/aqua2_interfaces/srv/set_named_float.hpp
[0.547s] -- Up-to-date: /home/ajbam/aquaLine/install/aqua2_interfaces/include/aqua2_interfaces/srv/mission_update.hpp
[0.547s] -- Up-to-date: /home/ajbam/aquaLine/install/aqua2_interfaces/include/aqua2_interfaces/srv/set_bool.hpp
[0.548s] -- Up-to-date: /home/ajbam/aquaLine/install/aqua2_interfaces/include/aqua2_interfaces/srv/get_string.hpp
[0.548s] -- Up-to-date: /home/ajbam/aquaLine/install/aqua2_interfaces/include/aqua2_interfaces/srv/get_autopilot_state.hpp
[0.548s] -- Up-to-date: /home/ajbam/aquaLine/install/aqua2_interfaces/include/aqua2_interfaces/srv/get_named_float.hpp
[0.548s] -- Up-to-date: /home/ajbam/aquaLine/install/aqua2_interfaces/include/aqua2_interfaces/srv/detail
[0.548s] -- Up-to-date: /home/ajbam/aquaLine/install/aqua2_interfaces/include/aqua2_interfaces/srv/detail/set_autopilot_mode__type_support.hpp
[0.548s] -- Up-to-date: /home/ajbam/aquaLine/install/aqua2_interfaces/include/aqua2_interfaces/srv/detail/set_autopilot_mode__struct.hpp
[0.548s] -- Up-to-date: /home/ajbam/aquaLine/install/aqua2_interfaces/include/aqua2_interfaces/srv/detail/get_named_int__builder.hpp
[0.548s] -- Up-to-date: /home/ajbam/aquaLine/install/aqua2_interfaces/include/aqua2_interfaces/srv/detail/set_named_float__struct.hpp
[0.548s] -- Up-to-date: /home/ajbam/aquaLine/install/aqua2_interfaces/include/aqua2_interfaces/srv/detail/set_leg_params__traits.hpp
[0.548s] -- Up-to-date: /home/ajbam/aquaLine/install/aqua2_interfaces/include/aqua2_interfaces/srv/detail/get_bool__traits.hpp
[0.548s] -- Up-to-date: /home/ajbam/aquaLine/install/aqua2_interfaces/include/aqua2_interfaces/srv/detail/mission_update__traits.hpp
[0.548s] -- Up-to-date: /home/ajbam/aquaLine/install/aqua2_interfaces/include/aqua2_interfaces/srv/detail/get_named_int__type_support.hpp
[0.548s] -- Up-to-date: /home/ajbam/aquaLine/install/aqua2_interfaces/include/aqua2_interfaces/srv/detail/get_named_bool__builder.hpp
[0.548s] -- Up-to-date: /home/ajbam/aquaLine/install/aqua2_interfaces/include/aqua2_interfaces/srv/detail/get_named_bool__traits.hpp
[0.548s] -- Up-to-date: /home/ajbam/aquaLine/install/aqua2_interfaces/include/aqua2_interfaces/srv/detail/get_named_bool__type_support.hpp
[0.548s] -- Up-to-date: /home/ajbam/aquaLine/install/aqua2_interfaces/include/aqua2_interfaces/srv/detail/set_string__builder.hpp
[0.548s] -- Up-to-date: /home/ajbam/aquaLine/install/aqua2_interfaces/include/aqua2_interfaces/srv/detail/set_bool__builder.hpp
[0.548s] -- Up-to-date: /home/ajbam/aquaLine/install/aqua2_interfaces/include/aqua2_interfaces/srv/detail/set_float__struct.hpp
[0.548s] -- Up-to-date: /home/ajbam/aquaLine/install/aqua2_interfaces/include/aqua2_interfaces/srv/detail/set_leg_params__type_support.hpp
[0.548s] -- Up-to-date: /home/ajbam/aquaLine/install/aqua2_interfaces/include/aqua2_interfaces/srv/detail/get_autopilot_state__struct.hpp
[0.548s] -- Up-to-date: /home/ajbam/aquaLine/install/aqua2_interfaces/include/aqua2_interfaces/srv/detail/mission_update__type_support.hpp
[0.548s] -- Up-to-date: /home/ajbam/aquaLine/install/aqua2_interfaces/include/aqua2_interfaces/srv/detail/set_int__type_support.hpp
[0.548s] -- Up-to-date: /home/ajbam/aquaLine/install/aqua2_interfaces/include/aqua2_interfaces/srv/detail/get_named_float__struct.hpp
[0.548s] -- Up-to-date: /home/ajbam/aquaLine/install/aqua2_interfaces/include/aqua2_interfaces/srv/detail/set_int__struct.hpp
[0.548s] -- Up-to-date: /home/ajbam/aquaLine/install/aqua2_interfaces/include/aqua2_interfaces/srv/detail/get_named_float__type_support.hpp
[0.548s] -- Up-to-date: /home/ajbam/aquaLine/install/aqua2_interfaces/include/aqua2_interfaces/srv/detail/set_named_float__traits.hpp
[0.548s] -- Up-to-date: /home/ajbam/aquaLine/install/aqua2_interfaces/include/aqua2_interfaces/srv/detail/get_named_int__struct.hpp
[0.548s] -- Up-to-date: /home/ajbam/aquaLine/install/aqua2_interfaces/include/aqua2_interfaces/srv/detail/set_autopilot_mode__builder.hpp
[0.548s] -- Up-to-date: /home/ajbam/aquaLine/install/aqua2_interfaces/include/aqua2_interfaces/srv/detail/get_string__builder.hpp
[0.548s] -- Up-to-date: /home/ajbam/aquaLine/install/aqua2_interfaces/include/aqua2_interfaces/srv/detail/set_bool__traits.hpp
[0.548s] -- Up-to-date: /home/ajbam/aquaLine/install/aqua2_interfaces/include/aqua2_interfaces/srv/detail/set_int__traits.hpp
[0.548s] -- Up-to-date: /home/ajbam/aquaLine/install/aqua2_interfaces/include/aqua2_interfaces/srv/detail/get_string__type_support.hpp
[0.549s] -- Up-to-date: /home/ajbam/aquaLine/install/aqua2_interfaces/include/aqua2_interfaces/srv/detail/get_string__traits.hpp
[0.549s] -- Up-to-date: /home/ajbam/aquaLine/install/aqua2_interfaces/include/aqua2_interfaces/srv/detail/set_string__type_support.hpp
[0.549s] -- Up-to-date: /home/ajbam/aquaLine/install/aqua2_interfaces/include/aqua2_interfaces/srv/detail/set_int__builder.hpp
[0.549s] -- Up-to-date: /home/ajbam/aquaLine/install/aqua2_interfaces/include/aqua2_interfaces/srv/detail/set_string__traits.hpp
[0.549s] -- Up-to-date: /home/ajbam/aquaLine/install/aqua2_interfaces/include/aqua2_interfaces/srv/detail/mission_update__builder.hpp
[0.549s] -- Up-to-date: /home/ajbam/aquaLine/install/aqua2_interfaces/include/aqua2_interfaces/srv/detail/get_named_float__traits.hpp
[0.549s] -- Up-to-date: /home/ajbam/aquaLine/install/aqua2_interfaces/include/aqua2_interfaces/srv/detail/get_autopilot_state__type_support.hpp
[0.549s] -- Up-to-date: /home/ajbam/aquaLine/install/aqua2_interfaces/include/aqua2_interfaces/srv/detail/get_named_float__builder.hpp
[0.549s] -- Up-to-date: /home/ajbam/aquaLine/install/aqua2_interfaces/include/aqua2_interfaces/srv/detail/get_autopilot_state__traits.hpp
[0.549s] -- Up-to-date: /home/ajbam/aquaLine/install/aqua2_interfaces/include/aqua2_interfaces/srv/detail/set_float__builder.hpp
[0.549s] -- Up-to-date: /home/ajbam/aquaLine/install/aqua2_interfaces/include/aqua2_interfaces/srv/detail/set_bool__type_support.hpp
[0.549s] -- Up-to-date: /home/ajbam/aquaLine/install/aqua2_interfaces/include/aqua2_interfaces/srv/detail/get_autopilot_state__builder.hpp
[0.549s] -- Up-to-date: /home/ajbam/aquaLine/install/aqua2_interfaces/include/aqua2_interfaces/srv/detail/get_bool__builder.hpp
[0.549s] -- Up-to-date: /home/ajbam/aquaLine/install/aqua2_interfaces/include/aqua2_interfaces/srv/detail/get_bool__type_support.hpp
[0.549s] -- Up-to-date: /home/ajbam/aquaLine/install/aqua2_interfaces/include/aqua2_interfaces/srv/detail/set_float__traits.hpp
[0.549s] -- Up-to-date: /home/ajbam/aquaLine/install/aqua2_interfaces/include/aqua2_interfaces/srv/detail/set_float__type_support.hpp
[0.549s] -- Up-to-date: /home/ajbam/aquaLine/install/aqua2_interfaces/include/aqua2_interfaces/srv/detail/set_bool__struct.hpp
[0.549s] -- Up-to-date: /home/ajbam/aquaLine/install/aqua2_interfaces/include/aqua2_interfaces/srv/detail/set_leg_params__struct.hpp
[0.549s] -- Up-to-date: /home/ajbam/aquaLine/install/aqua2_interfaces/include/aqua2_interfaces/srv/detail/get_named_bool__struct.hpp
[0.549s] -- Up-to-date: /home/ajbam/aquaLine/install/aqua2_interfaces/include/aqua2_interfaces/srv/detail/set_autopilot_mode__traits.hpp
[0.549s] -- Up-to-date: /home/ajbam/aquaLine/install/aqua2_interfaces/include/aqua2_interfaces/srv/detail/set_named_float__type_support.hpp
[0.549s] -- Up-to-date: /home/ajbam/aquaLine/install/aqua2_interfaces/include/aqua2_interfaces/srv/detail/get_string__struct.hpp
[0.549s] -- Up-to-date: /home/ajbam/aquaLine/install/aqua2_interfaces/include/aqua2_interfaces/srv/detail/set_named_float__builder.hpp
[0.549s] -- Up-to-date: /home/ajbam/aquaLine/install/aqua2_interfaces/include/aqua2_interfaces/srv/detail/set_leg_params__builder.hpp
[0.550s] -- Up-to-date: /home/ajbam/aquaLine/install/aqua2_interfaces/include/aqua2_interfaces/srv/detail/set_string__struct.hpp
[0.550s] -- Up-to-date: /home/ajbam/aquaLine/install/aqua2_interfaces/include/aqua2_interfaces/srv/detail/get_bool__struct.hpp
[0.550s] -- Up-to-date: /home/ajbam/aquaLine/install/aqua2_interfaces/include/aqua2_interfaces/srv/detail/mission_update__struct.hpp
[0.550s] -- Up-to-date: /home/ajbam/aquaLine/install/aqua2_interfaces/include/aqua2_interfaces/srv/detail/get_named_int__traits.hpp
[0.550s] -- Up-to-date: /home/ajbam/aquaLine/install/aqua2_interfaces/include/aqua2_interfaces/srv/set_leg_params.hpp
[0.550s] -- Up-to-date: /home/ajbam/aquaLine/install/aqua2_interfaces/include/aqua2_interfaces/srv/set_string.hpp
[0.550s] -- Up-to-date: /home/ajbam/aquaLine/install/aqua2_interfaces/include/aqua2_interfaces/srv/get_named_int.hpp
[0.550s] -- Up-to-date: /home/ajbam/aquaLine/install/aqua2_interfaces/include/aqua2_interfaces/msg
[0.550s] -- Up-to-date: /home/ajbam/aquaLine/install/aqua2_interfaces/include/aqua2_interfaces/msg/status_indicator.hpp
[0.550s] -- Up-to-date: /home/ajbam/aquaLine/install/aqua2_interfaces/include/aqua2_interfaces/msg/b_box.hpp
[0.550s] -- Up-to-date: /home/ajbam/aquaLine/install/aqua2_interfaces/include/aqua2_interfaces/msg/robodevel_state.hpp
[0.550s] -- Up-to-date: /home/ajbam/aquaLine/install/aqua2_interfaces/include/aqua2_interfaces/msg/leg_state.hpp
[0.550s] -- Up-to-date: /home/ajbam/aquaLine/install/aqua2_interfaces/include/aqua2_interfaces/msg/rosidl_generator_cpp__visibility_control.hpp
[0.550s] -- Up-to-date: /home/ajbam/aquaLine/install/aqua2_interfaces/include/aqua2_interfaces/msg/autopilot_command.hpp
[0.550s] -- Up-to-date: /home/ajbam/aquaLine/install/aqua2_interfaces/include/aqua2_interfaces/msg/waypoint.hpp
[0.550s] -- Up-to-date: /home/ajbam/aquaLine/install/aqua2_interfaces/include/aqua2_interfaces/msg/autopilot_targets.hpp
[0.550s] -- Up-to-date: /home/ajbam/aquaLine/install/aqua2_interfaces/include/aqua2_interfaces/msg/tag_feedback.hpp
[0.550s] -- Up-to-date: /home/ajbam/aquaLine/install/aqua2_interfaces/include/aqua2_interfaces/msg/command.hpp
[0.550s] -- Up-to-date: /home/ajbam/aquaLine/install/aqua2_interfaces/include/aqua2_interfaces/msg/periodic_leg_command.hpp
[0.550s] -- Up-to-date: /home/ajbam/aquaLine/install/aqua2_interfaces/include/aqua2_interfaces/msg/autopilot_pid_components.hpp
[0.550s] -- Up-to-date: /home/ajbam/aquaLine/install/aqua2_interfaces/include/aqua2_interfaces/msg/health.hpp
[0.550s] -- Up-to-date: /home/ajbam/aquaLine/install/aqua2_interfaces/include/aqua2_interfaces/msg/detail
[0.550s] -- Up-to-date: /home/ajbam/aquaLine/install/aqua2_interfaces/include/aqua2_interfaces/msg/detail/leg_state__type_support.hpp
[0.550s] -- Up-to-date: /home/ajbam/aquaLine/install/aqua2_interfaces/include/aqua2_interfaces/msg/detail/autopilot_output__builder.hpp
[0.550s] -- Up-to-date: /home/ajbam/aquaLine/install/aqua2_interfaces/include/aqua2_interfaces/msg/detail/robodevel_state__builder.hpp
[0.550s] -- Up-to-date: /home/ajbam/aquaLine/install/aqua2_interfaces/include/aqua2_interfaces/msg/detail/status_indicator__struct.hpp
[0.550s] -- Up-to-date: /home/ajbam/aquaLine/install/aqua2_interfaces/include/aqua2_interfaces/msg/detail/periodic_leg_command__builder.hpp
[0.550s] -- Up-to-date: /home/ajbam/aquaLine/install/aqua2_interfaces/include/aqua2_interfaces/msg/detail/command__struct.hpp
[0.550s] -- Up-to-date: /home/ajbam/aquaLine/install/aqua2_interfaces/include/aqua2_interfaces/msg/detail/b_box__builder.hpp
[0.550s] -- Up-to-date: /home/ajbam/aquaLine/install/aqua2_interfaces/include/aqua2_interfaces/msg/detail/b_box__traits.hpp
[0.550s] -- Up-to-date: /home/ajbam/aquaLine/install/aqua2_interfaces/include/aqua2_interfaces/msg/detail/status_indicator__type_support.hpp
[0.550s] -- Up-to-date: /home/ajbam/aquaLine/install/aqua2_interfaces/include/aqua2_interfaces/msg/detail/status_indicator__builder.hpp
[0.550s] -- Up-to-date: /home/ajbam/aquaLine/install/aqua2_interfaces/include/aqua2_interfaces/msg/detail/health__builder.hpp
[0.550s] -- Up-to-date: /home/ajbam/aquaLine/install/aqua2_interfaces/include/aqua2_interfaces/msg/detail/tag_feedback__type_support.hpp
[0.550s] -- Up-to-date: /home/ajbam/aquaLine/install/aqua2_interfaces/include/aqua2_interfaces/msg/detail/autopilot_output__struct.hpp
[0.550s] -- Up-to-date: /home/ajbam/aquaLine/install/aqua2_interfaces/include/aqua2_interfaces/msg/detail/leg_state__builder.hpp
[0.550s] -- Up-to-date: /home/ajbam/aquaLine/install/aqua2_interfaces/include/aqua2_interfaces/msg/detail/health__struct.hpp
[0.550s] -- Up-to-date: /home/ajbam/aquaLine/install/aqua2_interfaces/include/aqua2_interfaces/msg/detail/b_box__type_support.hpp
[0.550s] -- Up-to-date: /home/ajbam/aquaLine/install/aqua2_interfaces/include/aqua2_interfaces/msg/detail/waypoint__traits.hpp
[0.550s] -- Up-to-date: /home/ajbam/aquaLine/install/aqua2_interfaces/include/aqua2_interfaces/msg/detail/robodevel_state__traits.hpp
[0.550s] -- Up-to-date: /home/ajbam/aquaLine/install/aqua2_interfaces/include/aqua2_interfaces/msg/detail/status_indicator__traits.hpp
[0.551s] -- Up-to-date: /home/ajbam/aquaLine/install/aqua2_interfaces/include/aqua2_interfaces/msg/detail/periodic_leg_command__traits.hpp
[0.551s] -- Up-to-date: /home/ajbam/aquaLine/install/aqua2_interfaces/include/aqua2_interfaces/msg/detail/command__type_support.hpp
[0.551s] -- Up-to-date: /home/ajbam/aquaLine/install/aqua2_interfaces/include/aqua2_interfaces/msg/detail/autopilot_targets__struct.hpp
[0.551s] -- Up-to-date: /home/ajbam/aquaLine/install/aqua2_interfaces/include/aqua2_interfaces/msg/detail/autopilot_pid_components__type_support.hpp
[0.551s] -- Up-to-date: /home/ajbam/aquaLine/install/aqua2_interfaces/include/aqua2_interfaces/msg/detail/leg_state__struct.hpp
[0.551s] -- Up-to-date: /home/ajbam/aquaLine/install/aqua2_interfaces/include/aqua2_interfaces/msg/detail/robodevel_state__type_support.hpp
[0.551s] -- Up-to-date: /home/ajbam/aquaLine/install/aqua2_interfaces/include/aqua2_interfaces/msg/detail/autopilot_pid_components__struct.hpp
[0.551s] -- Up-to-date: /home/ajbam/aquaLine/install/aqua2_interfaces/include/aqua2_interfaces/msg/detail/autopilot_output__type_support.hpp
[0.551s] -- Up-to-date: /home/ajbam/aquaLine/install/aqua2_interfaces/include/aqua2_interfaces/msg/detail/periodic_leg_command__type_support.hpp
[0.551s] -- Up-to-date: /home/ajbam/aquaLine/install/aqua2_interfaces/include/aqua2_interfaces/msg/detail/autopilot_pid_components__builder.hpp
[0.551s] -- Up-to-date: /home/ajbam/aquaLine/install/aqua2_interfaces/include/aqua2_interfaces/msg/detail/tag_feedback__traits.hpp
[0.551s] -- Up-to-date: /home/ajbam/aquaLine/install/aqua2_interfaces/include/aqua2_interfaces/msg/detail/autopilot_pid_components__traits.hpp
[0.551s] -- Up-to-date: /home/ajbam/aquaLine/install/aqua2_interfaces/include/aqua2_interfaces/msg/detail/health__traits.hpp
[0.551s] -- Up-to-date: /home/ajbam/aquaLine/install/aqua2_interfaces/include/aqua2_interfaces/msg/detail/periodic_leg_command__struct.hpp
[0.551s] -- Up-to-date: /home/ajbam/aquaLine/install/aqua2_interfaces/include/aqua2_interfaces/msg/detail/autopilot_targets__builder.hpp
[0.551s] -- Up-to-date: /home/ajbam/aquaLine/install/aqua2_interfaces/include/aqua2_interfaces/msg/detail/autopilot_command__type_support.hpp
[0.551s] -- Up-to-date: /home/ajbam/aquaLine/install/aqua2_interfaces/include/aqua2_interfaces/msg/detail/command__builder.hpp
[0.551s] -- Up-to-date: /home/ajbam/aquaLine/install/aqua2_interfaces/include/aqua2_interfaces/msg/detail/autopilot_command__traits.hpp
[0.551s] -- Up-to-date: /home/ajbam/aquaLine/install/aqua2_interfaces/include/aqua2_interfaces/msg/detail/tag_feedback__struct.hpp
[0.551s] -- Up-to-date: /home/ajbam/aquaLine/install/aqua2_interfaces/include/aqua2_interfaces/msg/detail/robodevel_state__struct.hpp
[0.551s] -- Up-to-date: /home/ajbam/aquaLine/install/aqua2_interfaces/include/aqua2_interfaces/msg/detail/waypoint__type_support.hpp
[0.551s] -- Up-to-date: /home/ajbam/aquaLine/install/aqua2_interfaces/include/aqua2_interfaces/msg/detail/command__traits.hpp
[0.551s] -- Up-to-date: /home/ajbam/aquaLine/install/aqua2_interfaces/include/aqua2_interfaces/msg/detail/autopilot_targets__type_support.hpp
[0.551s] -- Up-to-date: /home/ajbam/aquaLine/install/aqua2_interfaces/include/aqua2_interfaces/msg/detail/health__type_support.hpp
[0.551s] -- Up-to-date: /home/ajbam/aquaLine/install/aqua2_interfaces/include/aqua2_interfaces/msg/detail/autopilot_command__struct.hpp
[0.551s] -- Up-to-date: /home/ajbam/aquaLine/install/aqua2_interfaces/include/aqua2_interfaces/msg/detail/autopilot_command__builder.hpp
[0.551s] -- Up-to-date: /home/ajbam/aquaLine/install/aqua2_interfaces/include/aqua2_interfaces/msg/detail/waypoint__builder.hpp
[0.551s] -- Up-to-date: /home/ajbam/aquaLine/install/aqua2_interfaces/include/aqua2_interfaces/msg/detail/waypoint__struct.hpp
[0.551s] -- Up-to-date: /home/ajbam/aquaLine/install/aqua2_interfaces/include/aqua2_interfaces/msg/detail/autopilot_targets__traits.hpp
[0.551s] -- Up-to-date: /home/ajbam/aquaLine/install/aqua2_interfaces/include/aqua2_interfaces/msg/detail/leg_state__traits.hpp
[0.551s] -- Up-to-date: /home/ajbam/aquaLine/install/aqua2_interfaces/include/aqua2_interfaces/msg/detail/b_box__struct.hpp
[0.551s] -- Up-to-date: /home/ajbam/aquaLine/install/aqua2_interfaces/include/aqua2_interfaces/msg/detail/autopilot_output__traits.hpp
[0.551s] -- Up-to-date: /home/ajbam/aquaLine/install/aqua2_interfaces/include/aqua2_interfaces/msg/detail/tag_feedback__builder.hpp
[0.551s] -- Up-to-date: /home/ajbam/aquaLine/install/aqua2_interfaces/include/aqua2_interfaces/msg/autopilot_output.hpp
[0.551s] -- Up-to-date: /home/ajbam/aquaLine/install/aqua2_interfaces/include/aqua2_interfaces
[0.551s] -- Up-to-date: /home/ajbam/aquaLine/install/aqua2_interfaces/include/aqua2_interfaces/srv
[0.551s] -- Up-to-date: /home/ajbam/aquaLine/install/aqua2_interfaces/include/aqua2_interfaces/srv/detail
[0.551s] -- Up-to-date: /home/ajbam/aquaLine/install/aqua2_interfaces/include/aqua2_interfaces/srv/detail/get_named_int__type_support.cpp
[0.552s] -- Up-to-date: /home/ajbam/aquaLine/install/aqua2_interfaces/include/aqua2_interfaces/srv/detail/set_int__rosidl_typesupport_introspection_cpp.hpp
[0.552s] -- Up-to-date: /home/ajbam/aquaLine/install/aqua2_interfaces/include/aqua2_interfaces/srv/detail/get_named_int__rosidl_typesupport_introspection_cpp.hpp
[0.552s] -- Up-to-date: /home/ajbam/aquaLine/install/aqua2_interfaces/include/aqua2_interfaces/srv/detail/get_named_bool__type_support.cpp
[0.552s] -- Up-to-date: /home/ajbam/aquaLine/install/aqua2_interfaces/include/aqua2_interfaces/srv/detail/get_bool__rosidl_typesupport_introspection_cpp.hpp
[0.552s] -- Up-to-date: /home/ajbam/aquaLine/install/aqua2_interfaces/include/aqua2_interfaces/srv/detail/mission_update__rosidl_typesupport_introspection_cpp.hpp
[0.552s] -- Up-to-date: /home/ajbam/aquaLine/install/aqua2_interfaces/include/aqua2_interfaces/srv/detail/set_float__rosidl_typesupport_introspection_cpp.hpp
[0.552s] -- Up-to-date: /home/ajbam/aquaLine/install/aqua2_interfaces/include/aqua2_interfaces/srv/detail/get_autopilot_state__rosidl_typesupport_introspection_cpp.hpp
[0.552s] -- Up-to-date: /home/ajbam/aquaLine/install/aqua2_interfaces/include/aqua2_interfaces/srv/detail/set_bool__type_support.cpp
[0.552s] -- Up-to-date: /home/ajbam/aquaLine/install/aqua2_interfaces/include/aqua2_interfaces/srv/detail/get_named_float__rosidl_typesupport_introspection_cpp.hpp
[0.552s] -- Up-to-date: /home/ajbam/aquaLine/install/aqua2_interfaces/include/aqua2_interfaces/srv/detail/set_string__type_support.cpp
[0.552s] -- Up-to-date: /home/ajbam/aquaLine/install/aqua2_interfaces/include/aqua2_interfaces/srv/detail/set_autopilot_mode__type_support.cpp
[0.552s] -- Up-to-date: /home/ajbam/aquaLine/install/aqua2_interfaces/include/aqua2_interfaces/srv/detail/set_leg_params__type_support.cpp
[0.552s] -- Up-to-date: /home/ajbam/aquaLine/install/aqua2_interfaces/include/aqua2_interfaces/srv/detail/get_string__rosidl_typesupport_introspection_cpp.hpp
[0.552s] -- Up-to-date: /home/ajbam/aquaLine/install/aqua2_interfaces/include/aqua2_interfaces/srv/detail/get_bool__type_support.cpp
[0.552s] -- Up-to-date: /home/ajbam/aquaLine/install/aqua2_interfaces/include/aqua2_interfaces/srv/detail/get_autopilot_state__type_support.cpp
[0.552s] -- Up-to-date: /home/ajbam/aquaLine/install/aqua2_interfaces/include/aqua2_interfaces/srv/detail/set_named_float__rosidl_typesupport_introspection_cpp.hpp
[0.552s] -- Up-to-date: /home/ajbam/aquaLine/install/aqua2_interfaces/include/aqua2_interfaces/srv/detail/mission_update__type_support.cpp
[0.552s] -- Up-to-date: /home/ajbam/aquaLine/install/aqua2_interfaces/include/aqua2_interfaces/srv/detail/set_bool__rosidl_typesupport_introspection_cpp.hpp
[0.552s] -- Up-to-date: /home/ajbam/aquaLine/install/aqua2_interfaces/include/aqua2_interfaces/srv/detail/set_float__type_support.cpp
[0.552s] -- Up-to-date: /home/ajbam/aquaLine/install/aqua2_interfaces/include/aqua2_interfaces/srv/detail/set_autopilot_mode__rosidl_typesupport_introspection_cpp.hpp
[0.552s] -- Up-to-date: /home/ajbam/aquaLine/install/aqua2_interfaces/include/aqua2_interfaces/srv/detail/set_named_float__type_support.cpp
[0.552s] -- Up-to-date: /home/ajbam/aquaLine/install/aqua2_interfaces/include/aqua2_interfaces/srv/detail/get_named_bool__rosidl_typesupport_introspection_cpp.hpp
[0.552s] -- Up-to-date: /home/ajbam/aquaLine/install/aqua2_interfaces/include/aqua2_interfaces/srv/detail/get_string__type_support.cpp
[0.552s] -- Up-to-date: /home/ajbam/aquaLine/install/aqua2_interfaces/include/aqua2_interfaces/srv/detail/set_leg_params__rosidl_typesupport_introspection_cpp.hpp
[0.552s] -- Up-to-date: /home/ajbam/aquaLine/install/aqua2_interfaces/include/aqua2_interfaces/srv/detail/set_string__rosidl_typesupport_introspection_cpp.hpp
[0.552s] -- Up-to-date: /home/ajbam/aquaLine/install/aqua2_interfaces/include/aqua2_interfaces/srv/detail/get_named_float__type_support.cpp
[0.552s] -- Up-to-date: /home/ajbam/aquaLine/install/aqua2_interfaces/include/aqua2_interfaces/srv/detail/set_int__type_support.cpp
[0.552s] -- Up-to-date: /home/ajbam/aquaLine/install/aqua2_interfaces/include/aqua2_interfaces/msg
[0.552s] -- Up-to-date: /home/ajbam/aquaLine/install/aqua2_interfaces/include/aqua2_interfaces/msg/detail
[0.552s] -- Up-to-date: /home/ajbam/aquaLine/install/aqua2_interfaces/include/aqua2_interfaces/msg/detail/autopilot_pid_components__rosidl_typesupport_introspection_cpp.hpp
[0.552s] -- Up-to-date: /home/ajbam/aquaLine/install/aqua2_interfaces/include/aqua2_interfaces/msg/detail/robodevel_state__rosidl_typesupport_introspection_cpp.hpp
[0.552s] -- Up-to-date: /home/ajbam/aquaLine/install/aqua2_interfaces/include/aqua2_interfaces/msg/detail/command__rosidl_typesupport_introspection_cpp.hpp
[0.552s] -- Up-to-date: /home/ajbam/aquaLine/install/aqua2_interfaces/include/aqua2_interfaces/msg/detail/command__type_support.cpp
[0.552s] -- Up-to-date: /home/ajbam/aquaLine/install/aqua2_interfaces/include/aqua2_interfaces/msg/detail/b_box__rosidl_typesupport_introspection_cpp.hpp
[0.552s] -- Up-to-date: /home/ajbam/aquaLine/install/aqua2_interfaces/include/aqua2_interfaces/msg/detail/status_indicator__type_support.cpp
[0.552s] -- Up-to-date: /home/ajbam/aquaLine/install/aqua2_interfaces/include/aqua2_interfaces/msg/detail/status_indicator__rosidl_typesupport_introspection_cpp.hpp
[0.552s] -- Up-to-date: /home/ajbam/aquaLine/install/aqua2_interfaces/include/aqua2_interfaces/msg/detail/health__rosidl_typesupport_introspection_cpp.hpp
[0.552s] -- Up-to-date: /home/ajbam/aquaLine/install/aqua2_interfaces/include/aqua2_interfaces/msg/detail/autopilot_output__rosidl_typesupport_introspection_cpp.hpp
[0.552s] -- Up-to-date: /home/ajbam/aquaLine/install/aqua2_interfaces/include/aqua2_interfaces/msg/detail/b_box__type_support.cpp
[0.552s] -- Up-to-date: /home/ajbam/aquaLine/install/aqua2_interfaces/include/aqua2_interfaces/msg/detail/autopilot_targets__type_support.cpp
[0.552s] -- Up-to-date: /home/ajbam/aquaLine/install/aqua2_interfaces/include/aqua2_interfaces/msg/detail/tag_feedback__type_support.cpp
[0.553s] -- Up-to-date: /home/ajbam/aquaLine/install/aqua2_interfaces/include/aqua2_interfaces/msg/detail/autopilot_pid_components__type_support.cpp
[0.553s] -- Up-to-date: /home/ajbam/aquaLine/install/aqua2_interfaces/include/aqua2_interfaces/msg/detail/autopilot_command__rosidl_typesupport_introspection_cpp.hpp
[0.553s] -- Up-to-date: /home/ajbam/aquaLine/install/aqua2_interfaces/include/aqua2_interfaces/msg/detail/leg_state__rosidl_typesupport_introspection_cpp.hpp
[0.553s] -- Up-to-date: /home/ajbam/aquaLine/install/aqua2_interfaces/include/aqua2_interfaces/msg/detail/autopilot_output__type_support.cpp
[0.553s] -- Up-to-date: /home/ajbam/aquaLine/install/aqua2_interfaces/include/aqua2_interfaces/msg/detail/tag_feedback__rosidl_typesupport_introspection_cpp.hpp
[0.553s] -- Up-to-date: /home/ajbam/aquaLine/install/aqua2_interfaces/include/aqua2_interfaces/msg/detail/waypoint__rosidl_typesupport_introspection_cpp.hpp
[0.553s] -- Up-to-date: /home/ajbam/aquaLine/install/aqua2_interfaces/include/aqua2_interfaces/msg/detail/health__type_support.cpp
[0.553s] -- Up-to-date: /home/ajbam/aquaLine/install/aqua2_interfaces/include/aqua2_interfaces/msg/detail/robodevel_state__type_support.cpp
[0.553s] -- Up-to-date: /home/ajbam/aquaLine/install/aqua2_interfaces/include/aqua2_interfaces/msg/detail/autopilot_targets__rosidl_typesupport_introspection_cpp.hpp
[0.553s] -- Up-to-date: /home/ajbam/aquaLine/install/aqua2_interfaces/include/aqua2_interfaces/msg/detail/periodic_leg_command__rosidl_typesupport_introspection_cpp.hpp
[0.553s] -- Up-to-date: /home/ajbam/aquaLine/install/aqua2_interfaces/include/aqua2_interfaces/msg/detail/periodic_leg_command__type_support.cpp
[0.553s] -- Up-to-date: /home/ajbam/aquaLine/install/aqua2_interfaces/include/aqua2_interfaces/msg/detail/leg_state__type_support.cpp
[0.553s] -- Up-to-date: /home/ajbam/aquaLine/install/aqua2_interfaces/include/aqua2_interfaces/msg/detail/waypoint__type_support.cpp
[0.553s] -- Up-to-date: /home/ajbam/aquaLine/install/aqua2_interfaces/include/aqua2_interfaces/msg/detail/autopilot_command__type_support.cpp
[0.553s] -- Up-to-date: /home/ajbam/aquaLine/install/aqua2_interfaces/lib/libaqua2_interfaces__rosidl_typesupport_introspection_cpp.so
[0.553s] -- Up-to-date: /home/ajbam/aquaLine/install/aqua2_interfaces/lib/libaqua2_interfaces__rosidl_typesupport_cpp.so
[0.553s] -- Up-to-date: /home/ajbam/aquaLine/install/aqua2_interfaces/share/aqua2_interfaces/environment/pythonpath.sh
[0.553s] -- Up-to-date: /home/ajbam/aquaLine/install/aqua2_interfaces/share/aqua2_interfaces/environment/pythonpath.dsv
[0.553s] -- Up-to-date: /home/ajbam/aquaLine/install/aqua2_interfaces/lib/python3.8/site-packages/aqua2_interfaces/__init__.py
[0.557s] -- Up-to-date: /home/ajbam/aquaLine/install/aqua2_interfaces/lib/python3.8/site-packages/aqua2_interfaces/msg
[0.557s] -- Up-to-date: /home/ajbam/aquaLine/install/aqua2_interfaces/lib/python3.8/site-packages/aqua2_interfaces/msg/_health.py
[0.557s] -- Up-to-date: /home/ajbam/aquaLine/install/aqua2_interfaces/lib/python3.8/site-packages/aqua2_interfaces/msg/_autopilot_output.py
[0.557s] -- Up-to-date: /home/ajbam/aquaLine/install/aqua2_interfaces/lib/python3.8/site-packages/aqua2_interfaces/msg/_b_box_s.c
[0.557s] -- Up-to-date: /home/ajbam/aquaLine/install/aqua2_interfaces/lib/python3.8/site-packages/aqua2_interfaces/msg/_health_s.c
[0.558s] -- Up-to-date: /home/ajbam/aquaLine/install/aqua2_interfaces/lib/python3.8/site-packages/aqua2_interfaces/msg/_autopilot_targets_s.c
[0.558s] -- Up-to-date: /home/ajbam/aquaLine/install/aqua2_interfaces/lib/python3.8/site-packages/aqua2_interfaces/msg/_command_s.c
[0.558s] -- Up-to-date: /home/ajbam/aquaLine/install/aqua2_interfaces/lib/python3.8/site-packages/aqua2_interfaces/msg/_autopilot_command.py
[0.558s] -- Up-to-date: /home/ajbam/aquaLine/install/aqua2_interfaces/lib/python3.8/site-packages/aqua2_interfaces/msg/_leg_state.py
[0.558s] -- Up-to-date: /home/ajbam/aquaLine/install/aqua2_interfaces/lib/python3.8/site-packages/aqua2_interfaces/msg/_command.py
[0.558s] -- Up-to-date: /home/ajbam/aquaLine/install/aqua2_interfaces/lib/python3.8/site-packages/aqua2_interfaces/msg/_periodic_leg_command_s.c
[0.558s] -- Up-to-date: /home/ajbam/aquaLine/install/aqua2_interfaces/lib/python3.8/site-packages/aqua2_interfaces/msg/_robodevel_state_s.c
[0.558s] -- Up-to-date: /home/ajbam/aquaLine/install/aqua2_interfaces/lib/python3.8/site-packages/aqua2_interfaces/msg/_status_indicator.py
[0.558s] -- Up-to-date: /home/ajbam/aquaLine/install/aqua2_interfaces/lib/python3.8/site-packages/aqua2_interfaces/msg/_tag_feedback.py
[0.558s] -- Up-to-date: /home/ajbam/aquaLine/install/aqua2_interfaces/lib/python3.8/site-packages/aqua2_interfaces/msg/_status_indicator_s.c
[0.558s] -- Up-to-date: /home/ajbam/aquaLine/install/aqua2_interfaces/lib/python3.8/site-packages/aqua2_interfaces/msg/_autopilot_pid_components_s.c
[0.558s] -- Up-to-date: /home/ajbam/aquaLine/install/aqua2_interfaces/lib/python3.8/site-packages/aqua2_interfaces/msg/_autopilot_targets.py
[0.558s] -- Up-to-date: /home/ajbam/aquaLine/install/aqua2_interfaces/lib/python3.8/site-packages/aqua2_interfaces/msg/_autopilot_output_s.c
[0.558s] -- Up-to-date: /home/ajbam/aquaLine/install/aqua2_interfaces/lib/python3.8/site-packages/aqua2_interfaces/msg/_periodic_leg_command.py
[0.558s] -- Up-to-date: /home/ajbam/aquaLine/install/aqua2_interfaces/lib/python3.8/site-packages/aqua2_interfaces/msg/_autopilot_pid_components.py
[0.558s] -- Up-to-date: /home/ajbam/aquaLine/install/aqua2_interfaces/lib/python3.8/site-packages/aqua2_interfaces/msg/_waypoint_s.c
[0.558s] -- Up-to-date: /home/ajbam/aquaLine/install/aqua2_interfaces/lib/python3.8/site-packages/aqua2_interfaces/msg/_robodevel_state.py
[0.558s] -- Up-to-date: /home/ajbam/aquaLine/install/aqua2_interfaces/lib/python3.8/site-packages/aqua2_interfaces/msg/_autopilot_command_s.c
[0.558s] -- Up-to-date: /home/ajbam/aquaLine/install/aqua2_interfaces/lib/python3.8/site-packages/aqua2_interfaces/msg/__init__.py
[0.558s] -- Up-to-date: /home/ajbam/aquaLine/install/aqua2_interfaces/lib/python3.8/site-packages/aqua2_interfaces/msg/_tag_feedback_s.c
[0.558s] -- Up-to-date: /home/ajbam/aquaLine/install/aqua2_interfaces/lib/python3.8/site-packages/aqua2_interfaces/msg/_leg_state_s.c
[0.558s] -- Up-to-date: /home/ajbam/aquaLine/install/aqua2_interfaces/lib/python3.8/site-packages/aqua2_interfaces/msg/_waypoint.py
[0.558s] -- Up-to-date: /home/ajbam/aquaLine/install/aqua2_interfaces/lib/python3.8/site-packages/aqua2_interfaces/msg/_b_box.py
[0.558s] -- Up-to-date: /home/ajbam/aquaLine/install/aqua2_interfaces/lib/python3.8/site-packages/aqua2_interfaces/srv
[0.558s] -- Up-to-date: /home/ajbam/aquaLine/install/aqua2_interfaces/lib/python3.8/site-packages/aqua2_interfaces/srv/_get_autopilot_state.py
[0.558s] -- Up-to-date: /home/ajbam/aquaLine/install/aqua2_interfaces/lib/python3.8/site-packages/aqua2_interfaces/srv/_mission_update.py
[0.558s] -- Up-to-date: /home/ajbam/aquaLine/install/aqua2_interfaces/lib/python3.8/site-packages/aqua2_interfaces/srv/_get_autopilot_state_s.c
[0.558s] -- Up-to-date: /home/ajbam/aquaLine/install/aqua2_interfaces/lib/python3.8/site-packages/aqua2_interfaces/srv/_get_named_int.py
[0.558s] -- Up-to-date: /home/ajbam/aquaLine/install/aqua2_interfaces/lib/python3.8/site-packages/aqua2_interfaces/srv/_set_leg_params_s.c
[0.558s] -- Up-to-date: /home/ajbam/aquaLine/install/aqua2_interfaces/lib/python3.8/site-packages/aqua2_interfaces/srv/_get_named_int_s.c
[0.558s] -- Up-to-date: /home/ajbam/aquaLine/install/aqua2_interfaces/lib/python3.8/site-packages/aqua2_interfaces/srv/_set_string_s.c
[0.558s] -- Up-to-date: /home/ajbam/aquaLine/install/aqua2_interfaces/lib/python3.8/site-packages/aqua2_interfaces/srv/_set_bool_s.c
[0.558s] -- Up-to-date: /home/ajbam/aquaLine/install/aqua2_interfaces/lib/python3.8/site-packages/aqua2_interfaces/srv/_get_named_bool_s.c
[0.558s] -- Up-to-date: /home/ajbam/aquaLine/install/aqua2_interfaces/lib/python3.8/site-packages/aqua2_interfaces/srv/_set_int_s.c
[0.558s] -- Up-to-date: /home/ajbam/aquaLine/install/aqua2_interfaces/lib/python3.8/site-packages/aqua2_interfaces/srv/_set_autopilot_mode_s.c
[0.558s] -- Up-to-date: /home/ajbam/aquaLine/install/aqua2_interfaces/lib/python3.8/site-packages/aqua2_interfaces/srv/_get_named_float_s.c
[0.559s] -- Up-to-date: /home/ajbam/aquaLine/install/aqua2_interfaces/lib/python3.8/site-packages/aqua2_interfaces/srv/_set_float.py
[0.559s] -- Up-to-date: /home/ajbam/aquaLine/install/aqua2_interfaces/lib/python3.8/site-packages/aqua2_interfaces/srv/_set_string.py
[0.559s] -- Up-to-date: /home/ajbam/aquaLine/install/aqua2_interfaces/lib/python3.8/site-packages/aqua2_interfaces/srv/_set_autopilot_mode.py
[0.559s] -- Up-to-date: /home/ajbam/aquaLine/install/aqua2_interfaces/lib/python3.8/site-packages/aqua2_interfaces/srv/_set_leg_params.py
[0.559s] -- Up-to-date: /home/ajbam/aquaLine/install/aqua2_interfaces/lib/python3.8/site-packages/aqua2_interfaces/srv/_get_named_float.py
[0.559s] -- Up-to-date: /home/ajbam/aquaLine/install/aqua2_interfaces/lib/python3.8/site-packages/aqua2_interfaces/srv/_get_bool_s.c
[0.559s] -- Up-to-date: /home/ajbam/aquaLine/install/aqua2_interfaces/lib/python3.8/site-packages/aqua2_interfaces/srv/_get_named_bool.py
[0.559s] -- Up-to-date: /home/ajbam/aquaLine/install/aqua2_interfaces/lib/python3.8/site-packages/aqua2_interfaces/srv/__init__.py
[0.559s] -- Up-to-date: /home/ajbam/aquaLine/install/aqua2_interfaces/lib/python3.8/site-packages/aqua2_interfaces/srv/_get_string_s.c
[0.559s] -- Up-to-date: /home/ajbam/aquaLine/install/aqua2_interfaces/lib/python3.8/site-packages/aqua2_interfaces/srv/_set_float_s.c
[0.559s] -- Up-to-date: /home/ajbam/aquaLine/install/aqua2_interfaces/lib/python3.8/site-packages/aqua2_interfaces/srv/_set_named_float_s.c
[0.559s] -- Up-to-date: /home/ajbam/aquaLine/install/aqua2_interfaces/lib/python3.8/site-packages/aqua2_interfaces/srv/_mission_update_s.c
[0.559s] -- Up-to-date: /home/ajbam/aquaLine/install/aqua2_interfaces/lib/python3.8/site-packages/aqua2_interfaces/srv/_get_bool.py
[0.559s] -- Up-to-date: /home/ajbam/aquaLine/install/aqua2_interfaces/lib/python3.8/site-packages/aqua2_interfaces/srv/_get_string.py
[0.559s] -- Up-to-date: /home/ajbam/aquaLine/install/aqua2_interfaces/lib/python3.8/site-packages/aqua2_interfaces/srv/_set_bool.py
[0.559s] -- Up-to-date: /home/ajbam/aquaLine/install/aqua2_interfaces/lib/python3.8/site-packages/aqua2_interfaces/srv/_set_named_float.py
[0.559s] -- Up-to-date: /home/ajbam/aquaLine/install/aqua2_interfaces/lib/python3.8/site-packages/aqua2_interfaces/srv/_set_int.py
[0.559s] -- Up-to-date: /home/ajbam/aquaLine/install/aqua2_interfaces/lib/python3.8/site-packages/aqua2_interfaces/aqua2_interfaces_s__rosidl_typesupport_fastrtps_c.cpython-38-x86_64-linux-gnu.so
[0.559s] -- Up-to-date: /home/ajbam/aquaLine/install/aqua2_interfaces/lib/python3.8/site-packages/aqua2_interfaces/aqua2_interfaces_s__rosidl_typesupport_introspection_c.cpython-38-x86_64-linux-gnu.so
[0.559s] -- Up-to-date: /home/ajbam/aquaLine/install/aqua2_interfaces/lib/python3.8/site-packages/aqua2_interfaces/aqua2_interfaces_s__rosidl_typesupport_c.cpython-38-x86_64-linux-gnu.so
[0.559s] -- Up-to-date: /home/ajbam/aquaLine/install/aqua2_interfaces/lib/libaqua2_interfaces__python.so
[0.559s] -- Up-to-date: /home/ajbam/aquaLine/install/aqua2_interfaces/share/aqua2_interfaces/msg/StatusIndicator.idl
[0.559s] -- Up-to-date: /home/ajbam/aquaLine/install/aqua2_interfaces/share/aqua2_interfaces/msg/Command.idl
[0.559s] -- Up-to-date: /home/ajbam/aquaLine/install/aqua2_interfaces/share/aqua2_interfaces/msg/Health.idl
[0.559s] -- Up-to-date: /home/ajbam/aquaLine/install/aqua2_interfaces/share/aqua2_interfaces/msg/AutopilotCommand.idl
[0.559s] -- Up-to-date: /home/ajbam/aquaLine/install/aqua2_interfaces/share/aqua2_interfaces/msg/AutopilotTargets.idl
[0.559s] -- Up-to-date: /home/ajbam/aquaLine/install/aqua2_interfaces/share/aqua2_interfaces/msg/AutopilotOutput.idl
[0.559s] -- Up-to-date: /home/ajbam/aquaLine/install/aqua2_interfaces/share/aqua2_interfaces/msg/AutopilotPIDComponents.idl
[0.559s] -- Up-to-date: /home/ajbam/aquaLine/install/aqua2_interfaces/share/aqua2_interfaces/msg/PeriodicLegCommand.idl
[0.559s] -- Up-to-date: /home/ajbam/aquaLine/install/aqua2_interfaces/share/aqua2_interfaces/msg/LegState.idl
[0.559s] -- Up-to-date: /home/ajbam/aquaLine/install/aqua2_interfaces/share/aqua2_interfaces/msg/Waypoint.idl
[0.559s] -- Up-to-date: /home/ajbam/aquaLine/install/aqua2_interfaces/share/aqua2_interfaces/msg/RobodevelState.idl
[0.559s] -- Up-to-date: /home/ajbam/aquaLine/install/aqua2_interfaces/share/aqua2_interfaces/msg/BBox.idl
[0.560s] -- Up-to-date: /home/ajbam/aquaLine/install/aqua2_interfaces/share/aqua2_interfaces/msg/TagFeedback.idl
[0.560s] -- Up-to-date: /home/ajbam/aquaLine/install/aqua2_interfaces/share/aqua2_interfaces/srv/GetAutopilotState.idl
[0.560s] -- Up-to-date: /home/ajbam/aquaLine/install/aqua2_interfaces/share/aqua2_interfaces/srv/GetBool.idl
[0.560s] -- Up-to-date: /home/ajbam/aquaLine/install/aqua2_interfaces/share/aqua2_interfaces/srv/GetNamedBool.idl
[0.560s] -- Up-to-date: /home/ajbam/aquaLine/install/aqua2_interfaces/share/aqua2_interfaces/srv/GetNamedFloat.idl
[0.560s] -- Up-to-date: /home/ajbam/aquaLine/install/aqua2_interfaces/share/aqua2_interfaces/srv/GetNamedInt.idl
[0.560s] -- Up-to-date: /home/ajbam/aquaLine/install/aqua2_interfaces/share/aqua2_interfaces/srv/GetString.idl
[0.560s] -- Up-to-date: /home/ajbam/aquaLine/install/aqua2_interfaces/share/aqua2_interfaces/srv/MissionUpdate.idl
[0.560s] -- Up-to-date: /home/ajbam/aquaLine/install/aqua2_interfaces/share/aqua2_interfaces/srv/SetAutopilotMode.idl
[0.560s] -- Up-to-date: /home/ajbam/aquaLine/install/aqua2_interfaces/share/aqua2_interfaces/srv/SetBool.idl
[0.560s] -- Up-to-date: /home/ajbam/aquaLine/install/aqua2_interfaces/share/aqua2_interfaces/srv/SetFloat.idl
[0.560s] -- Up-to-date: /home/ajbam/aquaLine/install/aqua2_interfaces/share/aqua2_interfaces/srv/SetInt.idl
[0.560s] -- Up-to-date: /home/ajbam/aquaLine/install/aqua2_interfaces/share/aqua2_interfaces/srv/SetLegParams.idl
[0.560s] -- Up-to-date: /home/ajbam/aquaLine/install/aqua2_interfaces/share/aqua2_interfaces/srv/SetNamedFloat.idl
[0.560s] -- Up-to-date: /home/ajbam/aquaLine/install/aqua2_interfaces/share/aqua2_interfaces/srv/SetString.idl
[0.560s] -- Up-to-date: /home/ajbam/aquaLine/install/aqua2_interfaces/share/aqua2_interfaces/msg/StatusIndicator.msg
[0.560s] -- Up-to-date: /home/ajbam/aquaLine/install/aqua2_interfaces/share/aqua2_interfaces/msg/Command.msg
[0.560s] -- Up-to-date: /home/ajbam/aquaLine/install/aqua2_interfaces/share/aqua2_interfaces/msg/Health.msg
[0.560s] -- Up-to-date: /home/ajbam/aquaLine/install/aqua2_interfaces/share/aqua2_interfaces/msg/AutopilotCommand.msg
[0.560s] -- Up-to-date: /home/ajbam/aquaLine/install/aqua2_interfaces/share/aqua2_interfaces/msg/AutopilotTargets.msg
[0.560s] -- Up-to-date: /home/ajbam/aquaLine/install/aqua2_interfaces/share/aqua2_interfaces/msg/AutopilotOutput.msg
[0.560s] -- Up-to-date: /home/ajbam/aquaLine/install/aqua2_interfaces/share/aqua2_interfaces/msg/AutopilotPIDComponents.msg
[0.560s] -- Up-to-date: /home/ajbam/aquaLine/install/aqua2_interfaces/share/aqua2_interfaces/msg/PeriodicLegCommand.msg
[0.560s] -- Up-to-date: /home/ajbam/aquaLine/install/aqua2_interfaces/share/aqua2_interfaces/msg/LegState.msg
[0.560s] -- Up-to-date: /home/ajbam/aquaLine/install/aqua2_interfaces/share/aqua2_interfaces/msg/Waypoint.msg
[0.560s] -- Up-to-date: /home/ajbam/aquaLine/install/aqua2_interfaces/share/aqua2_interfaces/msg/RobodevelState.msg
[0.560s] -- Up-to-date: /home/ajbam/aquaLine/install/aqua2_interfaces/share/aqua2_interfaces/msg/BBox.msg
[0.560s] -- Up-to-date: /home/ajbam/aquaLine/install/aqua2_interfaces/share/aqua2_interfaces/msg/TagFeedback.msg
[0.560s] -- Up-to-date: /home/ajbam/aquaLine/install/aqua2_interfaces/share/aqua2_interfaces/srv/GetAutopilotState.srv
[0.560s] -- Up-to-date: /home/ajbam/aquaLine/install/aqua2_interfaces/share/aqua2_interfaces/srv/GetAutopilotState_Request.msg
[0.560s] -- Up-to-date: /home/ajbam/aquaLine/install/aqua2_interfaces/share/aqua2_interfaces/srv/GetAutopilotState_Response.msg
[0.560s] -- Up-to-date: /home/ajbam/aquaLine/install/aqua2_interfaces/share/aqua2_interfaces/srv/GetBool.srv
[0.560s] -- Up-to-date: /home/ajbam/aquaLine/install/aqua2_interfaces/share/aqua2_interfaces/srv/GetBool_Request.msg
[0.560s] -- Up-to-date: /home/ajbam/aquaLine/install/aqua2_interfaces/share/aqua2_interfaces/srv/GetBool_Response.msg
[0.560s] -- Up-to-date: /home/ajbam/aquaLine/install/aqua2_interfaces/share/aqua2_interfaces/srv/GetNamedBool.srv
[0.561s] -- Up-to-date: /home/ajbam/aquaLine/install/aqua2_interfaces/share/aqua2_interfaces/srv/GetNamedBool_Request.msg
[0.561s] -- Up-to-date: /home/ajbam/aquaLine/install/aqua2_interfaces/share/aqua2_interfaces/srv/GetNamedBool_Response.msg
[0.561s] -- Up-to-date: /home/ajbam/aquaLine/install/aqua2_interfaces/share/aqua2_interfaces/srv/GetNamedFloat.srv
[0.561s] -- Up-to-date: /home/ajbam/aquaLine/install/aqua2_interfaces/share/aqua2_interfaces/srv/GetNamedFloat_Request.msg
[0.561s] -- Up-to-date: /home/ajbam/aquaLine/install/aqua2_interfaces/share/aqua2_interfaces/srv/GetNamedFloat_Response.msg
[0.561s] -- Up-to-date: /home/ajbam/aquaLine/install/aqua2_interfaces/share/aqua2_interfaces/srv/GetNamedInt.srv
[0.561s] -- Up-to-date: /home/ajbam/aquaLine/install/aqua2_interfaces/share/aqua2_interfaces/srv/GetNamedInt_Request.msg
[0.561s] -- Up-to-date: /home/ajbam/aquaLine/install/aqua2_interfaces/share/aqua2_interfaces/srv/GetNamedInt_Response.msg
[0.561s] -- Up-to-date: /home/ajbam/aquaLine/install/aqua2_interfaces/share/aqua2_interfaces/srv/GetString.srv
[0.561s] -- Up-to-date: /home/ajbam/aquaLine/install/aqua2_interfaces/share/aqua2_interfaces/srv/GetString_Request.msg
[0.561s] -- Up-to-date: /home/ajbam/aquaLine/install/aqua2_interfaces/share/aqua2_interfaces/srv/GetString_Response.msg
[0.561s] -- Up-to-date: /home/ajbam/aquaLine/install/aqua2_interfaces/share/aqua2_interfaces/srv/MissionUpdate.srv
[0.561s] -- Up-to-date: /home/ajbam/aquaLine/install/aqua2_interfaces/share/aqua2_interfaces/srv/MissionUpdate_Request.msg
[0.561s] -- Up-to-date: /home/ajbam/aquaLine/install/aqua2_interfaces/share/aqua2_interfaces/srv/MissionUpdate_Response.msg
[0.561s] -- Up-to-date: /home/ajbam/aquaLine/install/aqua2_interfaces/share/aqua2_interfaces/srv/SetAutopilotMode.srv
[0.561s] -- Up-to-date: /home/ajbam/aquaLine/install/aqua2_interfaces/share/aqua2_interfaces/srv/SetAutopilotMode_Request.msg
[0.561s] -- Up-to-date: /home/ajbam/aquaLine/install/aqua2_interfaces/share/aqua2_interfaces/srv/SetAutopilotMode_Response.msg
[0.561s] -- Up-to-date: /home/ajbam/aquaLine/install/aqua2_interfaces/share/aqua2_interfaces/srv/SetBool.srv
[0.561s] -- Up-to-date: /home/ajbam/aquaLine/install/aqua2_interfaces/share/aqua2_interfaces/srv/SetBool_Request.msg
[0.561s] -- Up-to-date: /home/ajbam/aquaLine/install/aqua2_interfaces/share/aqua2_interfaces/srv/SetBool_Response.msg
[0.561s] -- Up-to-date: /home/ajbam/aquaLine/install/aqua2_interfaces/share/aqua2_interfaces/srv/SetFloat.srv
[0.561s] -- Up-to-date: /home/ajbam/aquaLine/install/aqua2_interfaces/share/aqua2_interfaces/srv/SetFloat_Request.msg
[0.561s] -- Up-to-date: /home/ajbam/aquaLine/install/aqua2_interfaces/share/aqua2_interfaces/srv/SetFloat_Response.msg
[0.561s] -- Up-to-date: /home/ajbam/aquaLine/install/aqua2_interfaces/share/aqua2_interfaces/srv/SetInt.srv
[0.561s] -- Up-to-date: /home/ajbam/aquaLine/install/aqua2_interfaces/share/aqua2_interfaces/srv/SetInt_Request.msg
[0.561s] -- Up-to-date: /home/ajbam/aquaLine/install/aqua2_interfaces/share/aqua2_interfaces/srv/SetInt_Response.msg
[0.561s] -- Up-to-date: /home/ajbam/aquaLine/install/aqua2_interfaces/share/aqua2_interfaces/srv/SetLegParams.srv
[0.561s] -- Up-to-date: /home/ajbam/aquaLine/install/aqua2_interfaces/share/aqua2_interfaces/srv/SetLegParams_Request.msg
[0.561s] -- Up-to-date: /home/ajbam/aquaLine/install/aqua2_interfaces/share/aqua2_interfaces/srv/SetLegParams_Response.msg
[0.561s] -- Up-to-date: /home/ajbam/aquaLine/install/aqua2_interfaces/share/aqua2_interfaces/srv/SetNamedFloat.srv
[0.561s] -- Up-to-date: /home/ajbam/aquaLine/install/aqua2_interfaces/share/aqua2_interfaces/srv/SetNamedFloat_Request.msg
[0.561s] -- Up-to-date: /home/ajbam/aquaLine/install/aqua2_interfaces/share/aqua2_interfaces/srv/SetNamedFloat_Response.msg
[0.561s] -- Up-to-date: /home/ajbam/aquaLine/install/aqua2_interfaces/share/aqua2_interfaces/srv/SetString.srv
[0.561s] -- Up-to-date: /home/ajbam/aquaLine/install/aqua2_interfaces/share/aqua2_interfaces/srv/SetString_Request.msg
[0.562s] -- Up-to-date: /home/ajbam/aquaLine/install/aqua2_interfaces/share/aqua2_interfaces/srv/SetString_Response.msg
[0.562s] -- Up-to-date: /home/ajbam/aquaLine/install/aqua2_interfaces/share/ament_index/resource_index/package_run_dependencies/aqua2_interfaces
[0.562s] -- Up-to-date: /home/ajbam/aquaLine/install/aqua2_interfaces/share/ament_index/resource_index/parent_prefix_path/aqua2_interfaces
[0.562s] -- Up-to-date: /home/ajbam/aquaLine/install/aqua2_interfaces/share/aqua2_interfaces/environment/ament_prefix_path.sh
[0.562s] -- Up-to-date: /home/ajbam/aquaLine/install/aqua2_interfaces/share/aqua2_interfaces/environment/ament_prefix_path.dsv
[0.562s] -- Up-to-date: /home/ajbam/aquaLine/install/aqua2_interfaces/share/aqua2_interfaces/environment/path.sh
[0.562s] -- Up-to-date: /home/ajbam/aquaLine/install/aqua2_interfaces/share/aqua2_interfaces/environment/path.dsv
[0.562s] -- Up-to-date: /home/ajbam/aquaLine/install/aqua2_interfaces/share/aqua2_interfaces/local_setup.bash
[0.562s] -- Up-to-date: /home/ajbam/aquaLine/install/aqua2_interfaces/share/aqua2_interfaces/local_setup.sh
[0.562s] -- Up-to-date: /home/ajbam/aquaLine/install/aqua2_interfaces/share/aqua2_interfaces/local_setup.zsh
[0.562s] -- Up-to-date: /home/ajbam/aquaLine/install/aqua2_interfaces/share/aqua2_interfaces/local_setup.dsv
[0.562s] -- Installing: /home/ajbam/aquaLine/install/aqua2_interfaces/share/aqua2_interfaces/package.dsv
[0.562s] -- Up-to-date: /home/ajbam/aquaLine/install/aqua2_interfaces/share/ament_index/resource_index/packages/aqua2_interfaces
[0.562s] -- Up-to-date: /home/ajbam/aquaLine/install/aqua2_interfaces/share/aqua2_interfaces/cmake/aqua2_interfaces__rosidl_generator_cExport.cmake
[0.562s] -- Up-to-date: /home/ajbam/aquaLine/install/aqua2_interfaces/share/aqua2_interfaces/cmake/aqua2_interfaces__rosidl_generator_cExport-noconfig.cmake
[0.562s] -- Up-to-date: /home/ajbam/aquaLine/install/aqua2_interfaces/share/aqua2_interfaces/cmake/aqua2_interfaces__rosidl_typesupport_introspection_cExport.cmake
[0.562s] -- Up-to-date: /home/ajbam/aquaLine/install/aqua2_interfaces/share/aqua2_interfaces/cmake/aqua2_interfaces__rosidl_typesupport_introspection_cExport-noconfig.cmake
[0.562s] -- Up-to-date: /home/ajbam/aquaLine/install/aqua2_interfaces/share/aqua2_interfaces/cmake/aqua2_interfaces__rosidl_typesupport_cExport.cmake
[0.562s] -- Up-to-date: /home/ajbam/aquaLine/install/aqua2_interfaces/share/aqua2_interfaces/cmake/aqua2_interfaces__rosidl_typesupport_cExport-noconfig.cmake
[0.562s] -- Up-to-date: /home/ajbam/aquaLine/install/aqua2_interfaces/share/aqua2_interfaces/cmake/aqua2_interfaces__rosidl_generator_cppExport.cmake
[0.562s] -- Up-to-date: /home/ajbam/aquaLine/install/aqua2_interfaces/share/aqua2_interfaces/cmake/aqua2_interfaces__rosidl_typesupport_introspection_cppExport.cmake
[0.562s] -- Up-to-date: /home/ajbam/aquaLine/install/aqua2_interfaces/share/aqua2_interfaces/cmake/aqua2_interfaces__rosidl_typesupport_introspection_cppExport-noconfig.cmake
[0.562s] -- Up-to-date: /home/ajbam/aquaLine/install/aqua2_interfaces/share/aqua2_interfaces/cmake/aqua2_interfaces__rosidl_typesupport_cppExport.cmake
[0.562s] -- Up-to-date: /home/ajbam/aquaLine/install/aqua2_interfaces/share/aqua2_interfaces/cmake/aqua2_interfaces__rosidl_typesupport_cppExport-noconfig.cmake
[0.562s] -- Up-to-date: /home/ajbam/aquaLine/install/aqua2_interfaces/share/aqua2_interfaces/cmake/rosidl_cmake-extras.cmake
[0.562s] -- Up-to-date: /home/ajbam/aquaLine/install/aqua2_interfaces/share/aqua2_interfaces/cmake/ament_cmake_export_dependencies-extras.cmake
[0.562s] -- Up-to-date: /home/ajbam/aquaLine/install/aqua2_interfaces/share/aqua2_interfaces/cmake/ament_cmake_export_libraries-extras.cmake
[0.562s] -- Up-to-date: /home/ajbam/aquaLine/install/aqua2_interfaces/share/aqua2_interfaces/cmake/ament_cmake_export_targets-extras.cmake
[0.562s] -- Up-to-date: /home/ajbam/aquaLine/install/aqua2_interfaces/share/aqua2_interfaces/cmake/ament_cmake_export_include_directories-extras.cmake
[0.562s] -- Up-to-date: /home/ajbam/aquaLine/install/aqua2_interfaces/share/aqua2_interfaces/cmake/rosidl_cmake_export_typesupport_libraries-extras.cmake
[0.562s] -- Up-to-date: /home/ajbam/aquaLine/install/aqua2_interfaces/share/aqua2_interfaces/cmake/rosidl_cmake_export_typesupport_targets-extras.cmake
[0.562s] -- Up-to-date: /home/ajbam/aquaLine/install/aqua2_interfaces/share/aqua2_interfaces/cmake/aqua2_interfacesConfig.cmake
[0.563s] -- Up-to-date: /home/ajbam/aquaLine/install/aqua2_interfaces/share/aqua2_interfaces/cmake/aqua2_interfacesConfig-version.cmake
[0.563s] -- Up-to-date: /home/ajbam/aquaLine/install/aqua2_interfaces/share/aqua2_interfaces/package.xml
[0.564s] Invoked command in '/home/ajbam/aquaLine/build/aqua2_interfaces' returned '0': CMAKE_PREFIX_PATH=${CMAKE_PREFIX_PATH}:/home/ajbam/aquaLine/install/aqua_line:/home/ajbam/aquaLine/install/aquaLine:/opt/ros/foxy /usr/bin/cmake --install /home/ajbam/aquaLine/build/aqua2_interfaces
